Loading openjdk/17.0.8.1_1
  Loading requirement: glibc/2.35-aocc-3.2.0-wetwhfr
    gcc-runtime/12.1.0-gcc-12.1.0-uotjsm3 glibc/2.35-aocc-3.2.0-dkzxmta
	Command being timed: "java -Xmx64g -jar ./enhsp.jar -o ./domain4.pddl -f ./problems/a42g11XOR-d7-dparsed-dneg3.decl/problem1.pddl -h hadd -s WAStar -ties smaller_g -dap"
	User time (seconds): 359.44
	System time (seconds): 16.83
	Percent of CPU this job got: 99%
	Elapsed (wall clock) time (h:mm:ss or m:ss): 6:16.43
	Average shared text size (kbytes): 0
	Average unshared data size (kbytes): 0
	Average stack size (kbytes): 0
	Average total size (kbytes): 0
	Maximum resident set size (kbytes): 31067628
	Average resident set size (kbytes): 0
	Major (requiring I/O) page faults: 208
	Minor (reclaiming a frame) page faults: 25698137
	Voluntary context switches: 15595
	Involuntary context switches: 16056
	Swaps: 0
	File system inputs: 0
	File system outputs: 1720
	Socket messages sent: 0
	Socket messages received: 0
	Signals delivered: 0
	Page size (bytes): 4096
	Exit status: 0
	Command being timed: "java -Xmx64g -jar ./enhsp.jar -o ./domain4.pddl -f ./problems/a42g11XOR-d7-dparsed-dneg3.decl/problem2.pddl -h hadd -s WAStar -ties smaller_g -dap"
	User time (seconds): 353.59
	System time (seconds): 15.56
	Percent of CPU this job got: 99%
	Elapsed (wall clock) time (h:mm:ss or m:ss): 6:09.31
	Average shared text size (kbytes): 0
	Average unshared data size (kbytes): 0
	Average stack size (kbytes): 0
	Average total size (kbytes): 0
	Maximum resident set size (kbytes): 30464696
	Average resident set size (kbytes): 0
	Major (requiring I/O) page faults: 205
	Minor (reclaiming a frame) page faults: 23597729
	Voluntary context switches: 15365
	Involuntary context switches: 15846
	Swaps: 0
	File system inputs: 0
	File system outputs: 1712
	Socket messages sent: 0
	Socket messages received: 0
	Signals delivered: 0
	Page size (bytes): 4096
	Exit status: 0
	Command being timed: "java -Xmx64g -jar ./enhsp.jar -o ./domain4.pddl -f ./problems/a42g11XOR-d7-dparsed-dneg3.decl/problem3.pddl -h hadd -s WAStar -ties smaller_g -dap"
	User time (seconds): 330.19
	System time (seconds): 16.01
	Percent of CPU this job got: 99%
	Elapsed (wall clock) time (h:mm:ss or m:ss): 5:46.54
	Average shared text size (kbytes): 0
	Average unshared data size (kbytes): 0
	Average stack size (kbytes): 0
	Average total size (kbytes): 0
	Maximum resident set size (kbytes): 30408324
	Average resident set size (kbytes): 0
	Major (requiring I/O) page faults: 193
	Minor (reclaiming a frame) page faults: 24656901
	Voluntary context switches: 14356
	Involuntary context switches: 14837
	Swaps: 0
	File system inputs: 0
	File system outputs: 1584
	Socket messages sent: 0
	Socket messages received: 0
	Signals delivered: 0
	Page size (bytes): 4096
	Exit status: 0
	Command being timed: "java -Xmx64g -jar ./enhsp.jar -o ./domain4.pddl -f ./problems/a42g11XOR-d7-dparsed-dneg3.decl/problem4.pddl -h hadd -s WAStar -ties smaller_g -dap"
	User time (seconds): 401.36
	System time (seconds): 17.34
	Percent of CPU this job got: 99%
	Elapsed (wall clock) time (h:mm:ss or m:ss): 6:58.89
	Average shared text size (kbytes): 0
	Average unshared data size (kbytes): 0
	Average stack size (kbytes): 0
	Average total size (kbytes): 0
	Maximum resident set size (kbytes): 31050072
	Average resident set size (kbytes): 0
	Major (requiring I/O) page faults: 229
	Minor (reclaiming a frame) page faults: 27148933
	Voluntary context switches: 16868
	Involuntary context switches: 17999
	Swaps: 0
	File system inputs: 0
	File system outputs: 1928
	Socket messages sent: 0
	Socket messages received: 0
	Signals delivered: 0
	Page size (bytes): 4096
	Exit status: 0
	Command being timed: "java -Xmx64g -jar ./enhsp.jar -o ./domain4.pddl -f ./problems/a42g11XOR-d7-dparsed-dneg3.decl/problem5.pddl -h hadd -s WAStar -ties smaller_g -dap"
	User time (seconds): 307.65
	System time (seconds): 14.57
	Percent of CPU this job got: 99%
	Elapsed (wall clock) time (h:mm:ss or m:ss): 5:22.36
	Average shared text size (kbytes): 0
	Average unshared data size (kbytes): 0
	Average stack size (kbytes): 0
	Average total size (kbytes): 0
	Maximum resident set size (kbytes): 28475888
	Average resident set size (kbytes): 0
	Major (requiring I/O) page faults: 175
	Minor (reclaiming a frame) page faults: 22416257
	Voluntary context switches: 13852
	Involuntary context switches: 14455
	Swaps: 0
	File system inputs: 0
	File system outputs: 1456
	Socket messages sent: 0
	Socket messages received: 0
	Signals delivered: 0
	Page size (bytes): 4096
	Exit status: 0
	Command being timed: "java -Xmx64g -jar ./enhsp.jar -o ./domain4.pddl -f ./problems/a42g11XOR-d7-dparsed-dneg3.decl/problem6.pddl -h hadd -s WAStar -ties smaller_g -dap"
	User time (seconds): 297.72
	System time (seconds): 14.14
	Percent of CPU this job got: 99%
	Elapsed (wall clock) time (h:mm:ss or m:ss): 5:12.02
	Average shared text size (kbytes): 0
	Average unshared data size (kbytes): 0
	Average stack size (kbytes): 0
	Average total size (kbytes): 0
	Maximum resident set size (kbytes): 28471632
	Average resident set size (kbytes): 0
	Major (requiring I/O) page faults: 173
	Minor (reclaiming a frame) page faults: 21107720
	Voluntary context switches: 13833
	Involuntary context switches: 14120
	Swaps: 0
	File system inputs: 0
	File system outputs: 1440
	Socket messages sent: 0
	Socket messages received: 0
	Signals delivered: 0
	Page size (bytes): 4096
	Exit status: 0
	Command being timed: "java -Xmx64g -jar ./enhsp.jar -o ./domain4.pddl -f ./problems/a42g11XOR-d7-dparsed-dneg3.decl/problem7.pddl -h hadd -s WAStar -ties smaller_g -dap"
	User time (seconds): 299.94
	System time (seconds): 14.84
	Percent of CPU this job got: 99%
	Elapsed (wall clock) time (h:mm:ss or m:ss): 5:14.92
	Average shared text size (kbytes): 0
	Average unshared data size (kbytes): 0
	Average stack size (kbytes): 0
	Average total size (kbytes): 0
	Maximum resident set size (kbytes): 28475496
	Average resident set size (kbytes): 0
	Major (requiring I/O) page faults: 177
	Minor (reclaiming a frame) page faults: 21916196
	Voluntary context switches: 13765
	Involuntary context switches: 14064
	Swaps: 0
	File system inputs: 0
	File system outputs: 1464
	Socket messages sent: 0
	Socket messages received: 0
	Signals delivered: 0
	Page size (bytes): 4096
	Exit status: 0
	Command being timed: "java -Xmx64g -jar ./enhsp.jar -o ./domain4.pddl -f ./problems/a42g11XOR-d7-dparsed-dneg3.decl/problem8.pddl -h hadd -s WAStar -ties smaller_g -dap"
	User time (seconds): 361.16
	System time (seconds): 17.73
	Percent of CPU this job got: 99%
	Elapsed (wall clock) time (h:mm:ss or m:ss): 6:19.05
	Average shared text size (kbytes): 0
	Average unshared data size (kbytes): 0
	Average stack size (kbytes): 0
	Average total size (kbytes): 0
	Maximum resident set size (kbytes): 31050436
	Average resident set size (kbytes): 0
	Major (requiring I/O) page faults: 210
	Minor (reclaiming a frame) page faults: 27814900
	Voluntary context switches: 15452
	Involuntary context switches: 15965
	Swaps: 0
	File system inputs: 0
	File system outputs: 1744
	Socket messages sent: 0
	Socket messages received: 0
	Signals delivered: 0
	Page size (bytes): 4096
	Exit status: 0
	Command being timed: "java -Xmx64g -jar ./enhsp.jar -o ./domain4.pddl -f ./problems/a42g11XOR-d7-dparsed-dneg3.decl/problem9.pddl -h hadd -s WAStar -ties smaller_g -dap"
	User time (seconds): 432.48
	System time (seconds): 15.19
	Percent of CPU this job got: 99%
	Elapsed (wall clock) time (h:mm:ss or m:ss): 7:27.87
	Average shared text size (kbytes): 0
	Average unshared data size (kbytes): 0
	Average stack size (kbytes): 0
	Average total size (kbytes): 0
	Maximum resident set size (kbytes): 28716056
	Average resident set size (kbytes): 0
	Major (requiring I/O) page faults: 235
	Minor (reclaiming a frame) page faults: 23702145
	Voluntary context switches: 17384
	Involuntary context switches: 18382
	Swaps: 0
	File system inputs: 0
	File system outputs: 2048
	Socket messages sent: 0
	Socket messages received: 0
	Signals delivered: 0
	Page size (bytes): 4096
	Exit status: 0
	Command being timed: "java -Xmx64g -jar ./enhsp.jar -o ./domain4.pddl -f ./problems/a42g11XOR-d7-dparsed-dneg3.decl/problem10.pddl -h hadd -s WAStar -ties smaller_g -dap"
	User time (seconds): 428.50
	System time (seconds): 18.96
	Percent of CPU this job got: 99%
	Elapsed (wall clock) time (h:mm:ss or m:ss): 7:27.65
	Average shared text size (kbytes): 0
	Average unshared data size (kbytes): 0
	Average stack size (kbytes): 0
	Average total size (kbytes): 0
	Maximum resident set size (kbytes): 31829108
	Average resident set size (kbytes): 0
	Major (requiring I/O) page faults: 243
	Minor (reclaiming a frame) page faults: 29372790
	Voluntary context switches: 17427
	Involuntary context switches: 18386
	Swaps: 0
	File system inputs: 0
	File system outputs: 2048
	Socket messages sent: 0
	Socket messages received: 0
	Signals delivered: 0
	Page size (bytes): 4096
	Exit status: 0
	Command being timed: "java -Xmx64g -jar ./enhsp.jar -o ./domain4.pddl -f ./problems/a42g11XOR-d7-dparsed-dneg3.decl/problem11.pddl -h hadd -s WAStar -ties smaller_g -dap"
	User time (seconds): 464.38
	System time (seconds): 19.03
	Percent of CPU this job got: 99%
	Elapsed (wall clock) time (h:mm:ss or m:ss): 8:03.66
	Average shared text size (kbytes): 0
	Average unshared data size (kbytes): 0
	Average stack size (kbytes): 0
	Average total size (kbytes): 0
	Maximum resident set size (kbytes): 31828732
	Average resident set size (kbytes): 0
	Major (requiring I/O) page faults: 258
	Minor (reclaiming a frame) page faults: 30481146
	Voluntary context switches: 18429
	Involuntary context switches: 19761
	Swaps: 0
	File system inputs: 0
	File system outputs: 2200
	Socket messages sent: 0
	Socket messages received: 0
	Signals delivered: 0
	Page size (bytes): 4096
	Exit status: 0
	Command being timed: "java -Xmx64g -jar ./enhsp.jar -o ./domain4.pddl -f ./problems/a42g11XOR-d7-dparsed-dneg3.decl/problem12.pddl -h hadd -s WAStar -ties smaller_g -dap"
	User time (seconds): 310.05
	System time (seconds): 15.09
	Percent of CPU this job got: 99%
	Elapsed (wall clock) time (h:mm:ss or m:ss): 5:25.28
	Average shared text size (kbytes): 0
	Average unshared data size (kbytes): 0
	Average stack size (kbytes): 0
	Average total size (kbytes): 0
	Maximum resident set size (kbytes): 28473784
	Average resident set size (kbytes): 0
	Major (requiring I/O) page faults: 181
	Minor (reclaiming a frame) page faults: 22610128
	Voluntary context switches: 13972
	Involuntary context switches: 14341
	Swaps: 0
	File system inputs: 0
	File system outputs: 1512
	Socket messages sent: 0
	Socket messages received: 0
	Signals delivered: 0
	Page size (bytes): 4096
	Exit status: 0
	Command being timed: "java -Xmx64g -jar ./enhsp.jar -o ./domain4.pddl -f ./problems/a42g11XOR-d7-dparsed-dneg3.decl/problem13.pddl -h hadd -s WAStar -ties smaller_g -dap"
	User time (seconds): 297.76
	System time (seconds): 14.61
	Percent of CPU this job got: 99%
	Elapsed (wall clock) time (h:mm:ss or m:ss): 5:12.50
	Average shared text size (kbytes): 0
	Average unshared data size (kbytes): 0
	Average stack size (kbytes): 0
	Average total size (kbytes): 0
	Maximum resident set size (kbytes): 28447824
	Average resident set size (kbytes): 0
	Major (requiring I/O) page faults: 175
	Minor (reclaiming a frame) page faults: 21307241
	Voluntary context switches: 13636
	Involuntary context switches: 13863
	Swaps: 0
	File system inputs: 0
	File system outputs: 1456
	Socket messages sent: 0
	Socket messages received: 0
	Signals delivered: 0
	Page size (bytes): 4096
	Exit status: 0
	Command being timed: "java -Xmx64g -jar ./enhsp.jar -o ./domain4.pddl -f ./problems/a42g11XOR-d7-dparsed-dneg3.decl/problem14.pddl -h hadd -s WAStar -ties smaller_g -dap"
	User time (seconds): 317.93
	System time (seconds): 15.57
	Percent of CPU this job got: 99%
	Elapsed (wall clock) time (h:mm:ss or m:ss): 5:33.66
	Average shared text size (kbytes): 0
	Average unshared data size (kbytes): 0
	Average stack size (kbytes): 0
	Average total size (kbytes): 0
	Maximum resident set size (kbytes): 28477556
	Average resident set size (kbytes): 0
	Major (requiring I/O) page faults: 185
	Minor (reclaiming a frame) page faults: 23594528
	Voluntary context switches: 14090
	Involuntary context switches: 14540
	Swaps: 0
	File system inputs: 0
	File system outputs: 1560
	Socket messages sent: 0
	Socket messages received: 0
	Signals delivered: 0
	Page size (bytes): 4096
	Exit status: 0
	Command being timed: "java -Xmx64g -jar ./enhsp.jar -o ./domain4.pddl -f ./problems/a42g11XOR-d7-dparsed-dneg3.decl/problem15.pddl -h hadd -s WAStar -ties smaller_g -dap"
	User time (seconds): 299.51
	System time (seconds): 14.99
	Percent of CPU this job got: 99%
	Elapsed (wall clock) time (h:mm:ss or m:ss): 5:14.64
	Average shared text size (kbytes): 0
	Average unshared data size (kbytes): 0
	Average stack size (kbytes): 0
	Average total size (kbytes): 0
	Maximum resident set size (kbytes): 28472944
	Average resident set size (kbytes): 0
	Major (requiring I/O) page faults: 175
	Minor (reclaiming a frame) page faults: 21926253
	Voluntary context switches: 13558
	Involuntary context switches: 13710
	Swaps: 0
	File system inputs: 0
	File system outputs: 1456
	Socket messages sent: 0
	Socket messages received: 0
	Signals delivered: 0
	Page size (bytes): 4096
	Exit status: 0
	Command being timed: "java -Xmx64g -jar ./enhsp.jar -o ./domain4.pddl -f ./problems/a42g11XOR-d7-dparsed-dneg3.decl/problem16.pddl -h hadd -s WAStar -ties smaller_g -dap"
	User time (seconds): 332.34
	System time (seconds): 16.28
	Percent of CPU this job got: 99%
	Elapsed (wall clock) time (h:mm:ss or m:ss): 5:48.77
	Average shared text size (kbytes): 0
	Average unshared data size (kbytes): 0
	Average stack size (kbytes): 0
	Average total size (kbytes): 0
	Maximum resident set size (kbytes): 30457852
	Average resident set size (kbytes): 0
	Major (requiring I/O) page faults: 192
	Minor (reclaiming a frame) page faults: 24891917
	Voluntary context switches: 14936
	Involuntary context switches: 15099
	Swaps: 0
	File system inputs: 0
	File system outputs: 1592
	Socket messages sent: 0
	Socket messages received: 0
	Signals delivered: 0
	Page size (bytes): 4096
	Exit status: 0
	Command being timed: "java -Xmx64g -jar ./enhsp.jar -o ./domain4.pddl -f ./problems/a42g11XOR-d7-dparsed-dneg3.decl/problem17.pddl -h hadd -s WAStar -ties smaller_g -dap"
	User time (seconds): 298.15
	System time (seconds): 14.53
	Percent of CPU this job got: 99%
	Elapsed (wall clock) time (h:mm:ss or m:ss): 5:12.82
	Average shared text size (kbytes): 0
	Average unshared data size (kbytes): 0
	Average stack size (kbytes): 0
	Average total size (kbytes): 0
	Maximum resident set size (kbytes): 28454328
	Average resident set size (kbytes): 0
	Major (requiring I/O) page faults: 172
	Minor (reclaiming a frame) page faults: 21729776
	Voluntary context switches: 13575
	Involuntary context switches: 13856
	Swaps: 0
	File system inputs: 0
	File system outputs: 1432
	Socket messages sent: 0
	Socket messages received: 0
	Signals delivered: 0
	Page size (bytes): 4096
	Exit status: 0
	Command being timed: "java -Xmx64g -jar ./enhsp.jar -o ./domain4.pddl -f ./problems/a42g11XOR-d7-dparsed-dneg3.decl/problem18.pddl -h hadd -s WAStar -ties smaller_g -dap"
	User time (seconds): 374.10
	System time (seconds): 17.88
	Percent of CPU this job got: 99%
	Elapsed (wall clock) time (h:mm:ss or m:ss): 6:32.16
	Average shared text size (kbytes): 0
	Average unshared data size (kbytes): 0
	Average stack size (kbytes): 0
	Average total size (kbytes): 0
	Maximum resident set size (kbytes): 31328364
	Average resident set size (kbytes): 0
	Major (requiring I/O) page faults: 212
	Minor (reclaiming a frame) page faults: 28522255
	Voluntary context switches: 15695
	Involuntary context switches: 16429
	Swaps: 0
	File system inputs: 0
	File system outputs: 1760
	Socket messages sent: 0
	Socket messages received: 0
	Signals delivered: 0
	Page size (bytes): 4096
	Exit status: 0
	Command being timed: "java -Xmx64g -jar ./enhsp.jar -o ./domain4.pddl -f ./problems/a42g11XOR-d7-dparsed-dneg3.decl/problem19.pddl -h hadd -s WAStar -ties smaller_g -dap"
	User time (seconds): 330.38
	System time (seconds): 16.31
	Percent of CPU this job got: 99%
	Elapsed (wall clock) time (h:mm:ss or m:ss): 5:46.87
	Average shared text size (kbytes): 0
	Average unshared data size (kbytes): 0
	Average stack size (kbytes): 0
	Average total size (kbytes): 0
	Maximum resident set size (kbytes): 30474544
	Average resident set size (kbytes): 0
	Major (requiring I/O) page faults: 196
	Minor (reclaiming a frame) page faults: 24797308
	Voluntary context switches: 14662
	Involuntary context switches: 15616
	Swaps: 0
	File system inputs: 0
	File system outputs: 1616
	Socket messages sent: 0
	Socket messages received: 0
	Signals delivered: 0
	Page size (bytes): 4096
	Exit status: 0
slurmstepd-hpcfst12: error: *** JOB 40309 ON hpcfst12 CANCELLED AT 2025-05-26T03:58:06 DUE TO TIME LIMIT ***
