Loading openjdk/17.0.8.1_1
  Loading requirement: glibc/2.35-aocc-3.2.0-wetwhfr
    gcc-runtime/12.1.0-gcc-12.1.0-uotjsm3 glibc/2.35-aocc-3.2.0-dkzxmta
	Command being timed: "java -Xmx64g -jar ./enhsp.jar -o ./domain4.pddl -f ./problems/a40g17AND-d7-dparsed-dneg2.decl/problem1.pddl -h hadd -s WAStar -ties smaller_g -dap"
	User time (seconds): 2643.03
	System time (seconds): 558.75
	Percent of CPU this job got: 71%
	Elapsed (wall clock) time (h:mm:ss or m:ss): 1:14:44
	Average shared text size (kbytes): 0
	Average unshared data size (kbytes): 0
	Average stack size (kbytes): 0
	Average total size (kbytes): 0
	Maximum resident set size (kbytes): 66975448
	Average resident set size (kbytes): 0
	Major (requiring I/O) page faults: 3858646
	Minor (reclaiming a frame) page faults: 584488511
	Voluntary context switches: 3980898
	Involuntary context switches: 354158
	Swaps: 0
	File system inputs: 155616728
	File system outputs: 15408
	Socket messages sent: 0
	Socket messages received: 0
	Signals delivered: 0
	Page size (bytes): 4096
	Exit status: 0
	Command being timed: "java -Xmx64g -jar ./enhsp.jar -o ./domain4.pddl -f ./problems/a40g17AND-d7-dparsed-dneg2.decl/problem2.pddl -h hadd -s WAStar -ties smaller_g -dap"
	User time (seconds): 1472.98
	System time (seconds): 151.96
	Percent of CPU this job got: 97%
	Elapsed (wall clock) time (h:mm:ss or m:ss): 27:48.44
	Average shared text size (kbytes): 0
	Average unshared data size (kbytes): 0
	Average stack size (kbytes): 0
	Average total size (kbytes): 0
	Maximum resident set size (kbytes): 66984312
	Average resident set size (kbytes): 0
	Major (requiring I/O) page faults: 108209
	Minor (reclaiming a frame) page faults: 287079241
	Voluntary context switches: 152174
	Involuntary context switches: 65519
	Swaps: 0
	File system inputs: 4248760
	File system outputs: 6096
	Socket messages sent: 0
	Socket messages received: 0
	Signals delivered: 0
	Page size (bytes): 4096
	Exit status: 0
slurmstepd-hpcfst01: error: *** JOB 40316 ON hpcfst01 CANCELLED AT 2025-05-26T09:50:36 DUE TO TIME LIMIT ***
