Loading openjdk/17.0.8.1_1
  Loading requirement: glibc/2.35-aocc-3.2.0-wetwhfr
    gcc-runtime/12.1.0-gcc-12.1.0-uotjsm3 glibc/2.35-aocc-3.2.0-dkzxmta
	Command being timed: "java -Xmx128g -jar ./enhsp.jar -o ./domain.pddl -f ./problem1.pddl -h blcost -ties smaller_g"
	User time (seconds): 233.70
	System time (seconds): 30.83
	Percent of CPU this job got: 99%
	Elapsed (wall clock) time (h:mm:ss or m:ss): 4:25.38
	Average shared text size (kbytes): 0
	Average unshared data size (kbytes): 0
	Average stack size (kbytes): 0
	Average total size (kbytes): 0
	Maximum resident set size (kbytes): 109947176
	Average resident set size (kbytes): 0
	Major (requiring I/O) page faults: 163
	Minor (reclaiming a frame) page faults: 34486585
	Voluntary context switches: 12705
	Involuntary context switches: 13577
	Swaps: 0
	File system inputs: 8192
	File system outputs: 1224
	Socket messages sent: 0
	Socket messages received: 0
	Signals delivered: 0
	Page size (bytes): 4096
	Exit status: 0
	Command being timed: "java -Xmx128g -jar ./enhsp.jar -o ./domain.pddl -f ./problem2.pddl -h blcost -ties smaller_g"
	User time (seconds): 239.41
	System time (seconds): 33.44
	Percent of CPU this job got: 99%
	Elapsed (wall clock) time (h:mm:ss or m:ss): 4:33.03
	Average shared text size (kbytes): 0
	Average unshared data size (kbytes): 0
	Average stack size (kbytes): 0
	Average total size (kbytes): 0
	Maximum resident set size (kbytes): 119373828
	Average resident set size (kbytes): 0
	Major (requiring I/O) page faults: 153
	Minor (reclaiming a frame) page faults: 36874457
	Voluntary context switches: 12648
	Involuntary context switches: 13263
	Swaps: 0
	File system inputs: 0
	File system outputs: 1336
	Socket messages sent: 0
	Socket messages received: 0
	Signals delivered: 0
	Page size (bytes): 4096
	Exit status: 0
slurmstepd-hpcfst04: error: *** JOB 38073 ON hpcfst04 CANCELLED AT 2025-05-16T16:11:08 DUE TO TIME LIMIT ***
