Domain parsed
Problem parsed
Grounding..
Grounding Time: 71544
Aibr Preprocessing
|F|:28123
|X|:466
|A|:2675
|P|:0
|E|:0
Folding back to 1-0 heuristic. Input heuristic is not supported
-------------Time: 16s ; Expanded Nodes: 470 (Avg-Speed 29.0 n/s); Evaluated States: 4712
-------------Time: 26s ; Expanded Nodes: 1117 (Avg-Speed 42.0 n/s); Evaluated States: 12481
-------------Time: 43s ; Expanded Nodes: 1683 (Avg-Speed 39.0 n/s); Evaluated States: 19432
-------------Time: 53s ; Expanded Nodes: 3001 (Avg-Speed 56.0 n/s); Evaluated States: 28845
-------------Time: 63s ; Expanded Nodes: 3705 (Avg-Speed 58.0 n/s); Evaluated States: 32438
-------------Time: 85s ; Expanded Nodes: 5090 (Avg-Speed 59.0 n/s); Evaluated States: 41573
-------------Time: 95s ; Expanded Nodes: 5966 (Avg-Speed 62.0 n/s); Evaluated States: 49910
-------------Time: 105s ; Expanded Nodes: 8043 (Avg-Speed 76.0 n/s); Evaluated States: 62424
-------------Time: 116s ; Expanded Nodes: 8242 (Avg-Speed 71.0 n/s); Evaluated States: 63688
Problem Solved

Found Plan:
0.0: (sync t0 a13 t1)
1.0: (move_automatons a13)
2.0: (change_value a1 t1 t2 integer v0)
3.0: (sync t1 a1 t2)
4.0: (move_automatons a1)
5.0: (sync t2 a8 t3)
6.0: (move_automatons a8)
7.0: (sync t3 a14 t4)
8.0: (move_automatons a14)
9.0: (sync t4 a3 t5)
10.0: (move_automatons a3)
11.0: (sync t5 a13 t6)
12.0: (move_automatons a13)
13.0: (sync t6 a11 t7)
14.0: (move_automatons a11)
15.0: (sync t7 a12 t8)
16.0: (move_automatons a12)
17.0: (sync t8 a11 t9)
18.0: (move_automatons a11)
19.0: (sync t9 a6 t10)
20.0: (move_automatons a6)
21.0: (sync t10 a14 t11)
22.0: (move_automatons a14)
23.0: (sync t11 a12 t12)
24.0: (move_automatons a12)
25.0: (sync t12 a11 t13)
26.0: (move_automatons a11)
27.0: (sync t13 a12 t14)
28.0: (move_automatons a12)
29.0: (sync t14 a11 t15)
30.0: (move_automatons a11)
31.0: (sync t15 a4 t16)
32.0: (move_automatons a4)
33.0: (sync t16 a13 t17)
34.0: (move_automatons a13)
35.0: (sync t17 a9 t18)
36.0: (move_automatons a9)
37.0: (sync t18 a10 t19)
38.0: (move_automatons a10)
39.0: (change_value a14 t19 t20 integer v30)
40.0: (sync t19 a14 t20)
41.0: (move_automatons a14)
42.0: (sync t20 a12 t21)
43.0: (move_automatons a12)

Plan-Length:44
Metric (Search):2.0
Planning Time (msec): 117808
Heuristic Time (msec): 34
Search Time (msec): 117806
Expanded Nodes:8452
States Evaluated:65053
Number of Dead-Ends detected:0
Number of Duplicates detected:17885
Domain parsed
Problem parsed
Grounding..
Grounding Time: 72440
Aibr Preprocessing
|F|:28123
|X|:466
|A|:2675
|P|:0
|E|:0
Folding back to 1-0 heuristic. Input heuristic is not supported
-------------Time: 17s ; Expanded Nodes: 586 (Avg-Speed 34.0 n/s); Evaluated States: 5959
-------------Time: 28s ; Expanded Nodes: 1238 (Avg-Speed 44.0 n/s); Evaluated States: 13908
-------------Time: 45s ; Expanded Nodes: 1922 (Avg-Speed 42.0 n/s); Evaluated States: 22404
-------------Time: 55s ; Expanded Nodes: 3267 (Avg-Speed 59.0 n/s); Evaluated States: 29903
-------------Time: 65s ; Expanded Nodes: 3922 (Avg-Speed 60.0 n/s); Evaluated States: 32760
-------------Time: 90s ; Expanded Nodes: 5778 (Avg-Speed 64.0 n/s); Evaluated States: 46111
-------------Time: 100s ; Expanded Nodes: 6615 (Avg-Speed 66.0 n/s); Evaluated States: 52809
-------------Time: 110s ; Expanded Nodes: 8815 (Avg-Speed 80.0 n/s); Evaluated States: 67185
-------------Time: 123s ; Expanded Nodes: 9168 (Avg-Speed 74.0 n/s); Evaluated States: 70454
Problem Solved

Found Plan:
0.0: (sync t0 a13 t1)
1.0: (move_automatons a13)
2.0: (change_value a1 t1 t2 integer v5)
3.0: (sync t1 a1 t2)
4.0: (move_automatons a1)
5.0: (sync t2 a8 t3)
6.0: (move_automatons a8)
7.0: (sync t3 a14 t4)
8.0: (move_automatons a14)
9.0: (sync t4 a3 t5)
10.0: (move_automatons a3)
11.0: (sync t5 a13 t6)
12.0: (move_automatons a13)
13.0: (sync t6 a11 t7)
14.0: (move_automatons a11)
15.0: (sync t7 a12 t8)
16.0: (move_automatons a12)
17.0: (sync t8 a11 t9)
18.0: (move_automatons a11)
19.0: (sync t9 a6 t10)
20.0: (move_automatons a6)
21.0: (sync t10 a14 t11)
22.0: (move_automatons a14)
23.0: (sync t11 a12 t12)
24.0: (move_automatons a12)
25.0: (sync t12 a11 t13)
26.0: (move_automatons a11)
27.0: (sync t13 a12 t14)
28.0: (move_automatons a12)
29.0: (sync t14 a11 t15)
30.0: (move_automatons a11)
31.0: (sync t15 a4 t16)
32.0: (move_automatons a4)
33.0: (sync t16 a13 t17)
34.0: (move_automatons a13)
35.0: (sync t17 a9 t18)
36.0: (move_automatons a9)
37.0: (sync t18 a10 t19)
38.0: (move_automatons a10)
39.0: (change_value a14 t19 t20 integer v30)
40.0: (sync t19 a14 t20)
41.0: (move_automatons a14)
42.0: (sync t20 a12 t21)
43.0: (move_automatons a12)

Plan-Length:44
Metric (Search):2.0
Planning Time (msec): 125322
Heuristic Time (msec): 29
Search Time (msec): 125320
Expanded Nodes:9632
States Evaluated:73711
Number of Dead-Ends detected:0
Number of Duplicates detected:20055
Domain parsed
Problem parsed
Grounding..
Grounding Time: 58288
Aibr Preprocessing
