/usr/bin/time -v java -Xmx64g -jar ./enhsp.jar -o ./domain4.pddl -f ./problems/a40g17AND-d7/problem1.pddl -h hadd -s WAStar -ties smaller_g
Domain parsed
Problem parsed
Grounding..
Grounding Time: 1480605
UFX:true
|F|:1069407
|X|:14
|A|:6513
|P|:0
|E|:0
Numeric Error for Complex Condition Activated
H1 Setup Time (msec): 27278
h(I):0.0
-------------Time: 40s ; Expanded Nodes: 1 (Avg-Speed 0.0 n/s); Evaluated States: 1
-------------Time: 53s ; Expanded Nodes: 8 (Avg-Speed 0.0 n/s); Evaluated States: 235
-------------Time: 65s ; Expanded Nodes: 16 (Avg-Speed 0.0 n/s); Evaluated States: 475
-------------Time: 76s ; Expanded Nodes: 24 (Avg-Speed 0.0 n/s); Evaluated States: 707
-------------Time: 88s ; Expanded Nodes: 32 (Avg-Speed 0.0 n/s); Evaluated States: 943
-------------Time: 99s ; Expanded Nodes: 40 (Avg-Speed 0.0 n/s); Evaluated States: 1175
-------------Time: 109s ; Expanded Nodes: 46 (Avg-Speed 0.0 n/s); Evaluated States: 1349
-------------Time: 120s ; Expanded Nodes: 52 (Avg-Speed 0.0 n/s); Evaluated States: 1531
Problem Solved

Found Plan:
0.0: (validate_payload t0 a24 t1)
1.0: (sync_actions t0 a24 t1)
2.0: (validate_payload t1 a19 t2)
3.0: (sync_actions t1 a19 t2)
4.0: (validate_payload t2 a21 t3)
5.0: (sync_actions t2 a21 t3)
6.0: (validate_payload t3 a22 t4)
7.0: (sync_actions t3 a22 t4)
8.0: (validate_payload t4 a23 t5)
9.0: (sync_actions t4 a23 t5)
10.0: (validate_payload t5 a25 t6)
11.0: (sync_actions t5 a25 t6)
12.0: (validate_payload t6 a4 t7)
13.0: (sync_actions t6 a4 t7)
14.0: (validate_payload t7 a47 t8)
15.0: (sync_actions t7 a47 t8)
16.0: (validate_payload t8 a16 t9)
17.0: (sync_actions t8 a16 t9)
18.0: (validate_payload t9 a9 t10)
19.0: (sync_actions t9 a9 t10)
20.0: (validate_payload t10 a36 t11)
21.0: (sync_actions t10 a36 t11)
22.0: (validate_payload t11 a8 t12)
23.0: (sync_actions t11 a8 t12)
24.0: (validate_payload t12 a51 t13)
25.0: (sync_actions t12 a51 t13)
26.0: (validate_payload t13 a17 t14)
27.0: (sync_actions t13 a17 t14)
28.0: (validate_payload t14 a40 t15)
29.0: (sync_actions t14 a40 t15)
30.0: (validate_payload t15 a46 t16)
31.0: (sync_actions t15 a46 t16)
32.0: (validate_payload t16 a13 t17)
33.0: (sync_actions t16 a13 t17)
34.0: (validate_payload t17 a43 t18)
35.0: (sync_actions t17 a43 t18)
36.0: (validate_payload t18 a42 t19)
37.0: (sync_actions t18 a42 t19)
38.0: (validate_payload t19 a12 t20)
39.0: (sync_actions t19 a12 t20)
40.0: (validate_payload t20 a39 t21)
41.0: (sync_actions t20 a39 t21)
42.0: (validate_payload t21 a11 t22)
43.0: (sync_actions t21 a11 t22)
44.0: (validate_payload t22 a48 t23)
45.0: (sync_actions t22 a48 t23)
46.0: (validate_payload t23 a29 t24)
47.0: (sync_actions t23 a29 t24)
48.0: (validate_payload t24 a7 t25)
49.0: (sync_actions t24 a7 t25)
50.0: (validate_payload t25 a2 t26)
51.0: (sync_actions t25 a2 t26)
52.0: (validate_payload t26 a35 t27)
53.0: (sync_actions t26 a35 t27)

Plan-Length:54
Metric (Search):0.0
Planning Time (msec): 123362
Heuristic Time (msec): 122590
Search Time (msec): 123347
Expanded Nodes:55
States Evaluated:1590
Number of Dead-Ends detected:1
Number of Duplicates detected:8
/usr/bin/time -v java -Xmx64g -jar ./enhsp.jar -o ./domain4.pddl -f ./problems/a40g17AND-d7/problem2.pddl -h hadd -s WAStar -ties smaller_g
Domain parsed
Problem parsed
Grounding..
Grounding Time: 797257
UFX:true
|F|:720117
|X|:14
|A|:6487
|P|:0
|E|:0
Numeric Error for Complex Condition Activated
H1 Setup Time (msec): 141763
h(I):0.0
-------------Time: 23s ; Expanded Nodes: 1 (Avg-Speed 0.0 n/s); Evaluated States: 1
-------------Time: 34s ; Expanded Nodes: 8 (Avg-Speed 0.0 n/s); Evaluated States: 243
-------------Time: 44s ; Expanded Nodes: 16 (Avg-Speed 0.0 n/s); Evaluated States: 483
-------------Time: 54s ; Expanded Nodes: 25 (Avg-Speed 0.0 n/s); Evaluated States: 717
-------------Time: 65s ; Expanded Nodes: 32 (Avg-Speed 0.0 n/s); Evaluated States: 963
Problem Solved

Found Plan:
0.0: (validate_payload t0 a24 t1)
1.0: (sync_actions t0 a24 t1)
2.0: (validate_payload t1 a19 t2)
3.0: (sync_actions t1 a19 t2)
4.0: (validate_payload t2 a21 t3)
5.0: (sync_actions t2 a21 t3)
6.0: (validate_payload t3 a22 t4)
7.0: (sync_actions t3 a22 t4)
8.0: (validate_payload t4 a23 t5)
9.0: (sync_actions t4 a23 t5)
10.0: (validate_payload t5 a25 t6)
11.0: (sync_actions t5 a25 t6)
12.0: (validate_payload t6 a4 t7)
13.0: (sync_actions t6 a4 t7)
14.0: (validate_payload t7 a47 t8)
15.0: (sync_actions t7 a47 t8)
16.0: (validate_payload t8 a16 t9)
17.0: (sync_actions t8 a16 t9)
18.0: (validate_payload t9 a9 t10)
19.0: (sync_actions t9 a9 t10)
20.0: (validate_payload t10 a36 t11)
21.0: (sync_actions t10 a36 t11)
22.0: (validate_payload t11 a8 t12)
23.0: (sync_actions t11 a8 t12)
24.0: (validate_payload t12 a5 t13)
25.0: (sync_actions t12 a5 t13)
26.0: (validate_payload t13 a6 t14)
27.0: (sync_actions t13 a6 t14)
28.0: (validate_payload t14 a29 t15)
29.0: (sync_actions t14 a29 t15)
30.0: (validate_payload t15 a7 t16)
31.0: (sync_actions t15 a7 t16)
32.0: (validate_payload t16 a2 t17)
33.0: (sync_actions t16 a2 t17)
34.0: (validate_payload t17 a35 t18)
35.0: (sync_actions t17 a35 t18)

Plan-Length:36
Metric (Search):0.0
Planning Time (msec): 70822
Heuristic Time (msec): 70298
Search Time (msec): 70754
Expanded Nodes:37
States Evaluated:1080
Number of Dead-Ends detected:1
Number of Duplicates detected:6
/usr/bin/time -v java -Xmx64g -jar ./enhsp.jar -o ./domain4.pddl -f ./problems/a40g17AND-d7/problem3.pddl -h hadd -s WAStar -ties smaller_g
Domain parsed
Problem parsed
Grounding..
Grounding Time: 803886
UFX:true
|F|:720117
|X|:14
|A|:6487
|P|:0
|E|:0
Numeric Error for Complex Condition Activated
H1 Setup Time (msec): 137717
h(I):0.0
-------------Time: 23s ; Expanded Nodes: 1 (Avg-Speed 0.0 n/s); Evaluated States: 1
-------------Time: 33s ; Expanded Nodes: 8 (Avg-Speed 0.0 n/s); Evaluated States: 235
-------------Time: 45s ; Expanded Nodes: 16 (Avg-Speed 0.0 n/s); Evaluated States: 471
-------------Time: 57s ; Expanded Nodes: 24 (Avg-Speed 0.0 n/s); Evaluated States: 703
-------------Time: 68s ; Expanded Nodes: 32 (Avg-Speed 0.0 n/s); Evaluated States: 951
Problem Solved

Found Plan:
0.0: (validate_payload t0 a24 t1)
1.0: (sync_actions t0 a24 t1)
2.0: (validate_payload t1 a19 t2)
3.0: (sync_actions t1 a19 t2)
4.0: (validate_payload t2 a21 t3)
5.0: (sync_actions t2 a21 t3)
6.0: (validate_payload t3 a22 t4)
7.0: (sync_actions t3 a22 t4)
8.0: (validate_payload t4 a23 t5)
9.0: (sync_actions t4 a23 t5)
10.0: (validate_payload t5 a25 t6)
11.0: (sync_actions t5 a25 t6)
12.0: (validate_payload t6 a4 t7)
13.0: (sync_actions t6 a4 t7)
14.0: (validate_payload t7 a47 t8)
15.0: (sync_actions t7 a47 t8)
16.0: (validate_payload t8 a9 t9)
17.0: (sync_actions t8 a9 t9)
18.0: (validate_payload t9 a16 t10)
19.0: (sync_actions t9 a16 t10)
20.0: (validate_payload t10 a36 t11)
21.0: (sync_actions t10 a36 t11)
22.0: (validate_payload t11 a8 t12)
23.0: (sync_actions t11 a8 t12)
24.0: (validate_payload t12 a5 t13)
25.0: (sync_actions t12 a5 t13)
26.0: (validate_payload t13 a6 t14)
27.0: (sync_actions t13 a6 t14)
28.0: (validate_payload t14 a29 t15)
29.0: (sync_actions t14 a29 t15)
30.0: (validate_payload t15 a7 t16)
31.0: (sync_actions t15 a7 t16)
32.0: (validate_payload t16 a2 t17)
33.0: (sync_actions t16 a2 t17)
34.0: (validate_payload t17 a35 t18)
35.0: (sync_actions t17 a35 t18)

Plan-Length:36
Metric (Search):0.0
Planning Time (msec): 73350
Heuristic Time (msec): 72953
Search Time (msec): 73326
Expanded Nodes:37
States Evaluated:1068
Number of Dead-Ends detected:1
Number of Duplicates detected:4
Loading openjdk/17.0.8.1_1
  Loading requirement: glibc/2.35-aocc-3.2.0-wetwhfr
    gcc-runtime/12.1.0-gcc-12.1.0-uotjsm3 glibc/2.35-aocc-3.2.0-dkzxmta
	Command being timed: "java -Xmx64g -jar ./enhsp.jar -o ./domain4.pddl -f ./problems/a40g17AND-d7/problem1.pddl -h hadd -s WAStar -ties smaller_g -dap"
	User time (seconds): 2328.01
	System time (seconds): 465.66
	Percent of CPU this job got: 80%
	Elapsed (wall clock) time (h:mm:ss or m:ss): 57:32.64
	Average shared text size (kbytes): 0
	Average unshared data size (kbytes): 0
	Average stack size (kbytes): 0
	Average total size (kbytes): 0
	Maximum resident set size (kbytes): 66982984
	Average resident set size (kbytes): 0
	Major (requiring I/O) page faults: 2696245
	Minor (reclaiming a frame) page faults: 549645955
	Voluntary context switches: 2763423
	Involuntary context switches: 239141
	Swaps: 0
	File system inputs: 122748432
	File system outputs: 12056
	Socket messages sent: 0
	Socket messages received: 0
	Signals delivered: 0
	Page size (bytes): 4096
	Exit status: 0
	Command being timed: "java -Xmx64g -jar ./enhsp.jar -o ./domain4.pddl -f ./problems/a40g17AND-d7/problem2.pddl -h hadd -s WAStar -ties smaller_g -dap"
	User time (seconds): 1431.74
	System time (seconds): 136.06
	Percent of CPU this job got: 99%
	Elapsed (wall clock) time (h:mm:ss or m:ss): 26:11.26
	Average shared text size (kbytes): 0
	Average unshared data size (kbytes): 0
	Average stack size (kbytes): 0
	Average total size (kbytes): 0
	Maximum resident set size (kbytes): 66991764
	Average resident set size (kbytes): 0
	Major (requiring I/O) page faults: 14023
	Minor (reclaiming a frame) page faults: 276632341
	Voluntary context switches: 55676
	Involuntary context switches: 54061
	Swaps: 0
	File system inputs: 354968
	File system outputs: 5760
	Socket messages sent: 0
	Socket messages received: 0
	Signals delivered: 0
	Page size (bytes): 4096
	Exit status: 0
	Command being timed: "java -Xmx64g -jar ./enhsp.jar -o ./domain4.pddl -f ./problems/a40g17AND-d7/problem3.pddl -h hadd -s WAStar -ties smaller_g -dap"
	User time (seconds): 1431.16
	System time (seconds): 134.86
	Percent of CPU this job got: 99%
	Elapsed (wall clock) time (h:mm:ss or m:ss): 26:08.80
	Average shared text size (kbytes): 0
	Average unshared data size (kbytes): 0
	Average stack size (kbytes): 0
	Average total size (kbytes): 0
	Maximum resident set size (kbytes): 66991736
	Average resident set size (kbytes): 0
	Major (requiring I/O) page faults: 10355
	Minor (reclaiming a frame) page faults: 278857426
	Voluntary context switches: 52216
	Involuntary context switches: 54271
	Swaps: 0
	File system inputs: 282128
	File system outputs: 5808
	Socket messages sent: 0
	Socket messages received: 0
	Signals delivered: 0
	Page size (bytes): 4096
	Exit status: 0
slurmstepd-hpcfst12: error: *** JOB 40298 ON hpcfst12 CANCELLED AT 2025-05-25T23:35:35 DUE TO TIME LIMIT ***

