Loading openjdk/17.0.8.1_1
  Loading requirement: glibc/2.35-aocc-3.2.0-wetwhfr
    gcc-runtime/12.1.0-gcc-12.1.0-uotjsm3 glibc/2.35-aocc-3.2.0-dkzxmta
	Command being timed: "java -Xmx64g -jar ./enhsp.jar -o ./domain4.pddl -f ./problems/a42g11XOR-d7-dparsed-dneg2.decl/problem1.pddl -h hadd -s WAStar -ties smaller_g -dap"
	User time (seconds): 338.18
	System time (seconds): 17.31
	Percent of CPU this job got: 99%
	Elapsed (wall clock) time (h:mm:ss or m:ss): 5:56.91
	Average shared text size (kbytes): 0
	Average unshared data size (kbytes): 0
	Average stack size (kbytes): 0
	Average total size (kbytes): 0
	Maximum resident set size (kbytes): 30954684
	Average resident set size (kbytes): 0
	Major (requiring I/O) page faults: 213
	Minor (reclaiming a frame) page faults: 25966805
	Voluntary context switches: 15060
	Involuntary context switches: 16281
	Swaps: 0
	File system inputs: 0
	File system outputs: 1616
	Socket messages sent: 0
	Socket messages received: 0
	Signals delivered: 0
	Page size (bytes): 4096
	Exit status: 0
	Command being timed: "java -Xmx64g -jar ./enhsp.jar -o ./domain4.pddl -f ./problems/a42g11XOR-d7-dparsed-dneg2.decl/problem2.pddl -h hadd -s WAStar -ties smaller_g -dap"
	User time (seconds): 319.66
	System time (seconds): 15.75
	Percent of CPU this job got: 99%
	Elapsed (wall clock) time (h:mm:ss or m:ss): 5:35.59
	Average shared text size (kbytes): 0
	Average unshared data size (kbytes): 0
	Average stack size (kbytes): 0
	Average total size (kbytes): 0
	Maximum resident set size (kbytes): 30406008
	Average resident set size (kbytes): 0
	Major (requiring I/O) page faults: 188
	Minor (reclaiming a frame) page faults: 23672598
	Voluntary context switches: 14004
	Involuntary context switches: 15261
	Swaps: 0
	File system inputs: 0
	File system outputs: 1544
	Socket messages sent: 0
	Socket messages received: 0
	Signals delivered: 0
	Page size (bytes): 4096
	Exit status: 0
	Command being timed: "java -Xmx64g -jar ./enhsp.jar -o ./domain4.pddl -f ./problems/a42g11XOR-d7-dparsed-dneg2.decl/problem3.pddl -h hadd -s WAStar -ties smaller_g -dap"
	User time (seconds): 321.65
	System time (seconds): 15.58
	Percent of CPU this job got: 99%
	Elapsed (wall clock) time (h:mm:ss or m:ss): 5:37.38
	Average shared text size (kbytes): 0
	Average unshared data size (kbytes): 0
	Average stack size (kbytes): 0
	Average total size (kbytes): 0
	Maximum resident set size (kbytes): 30401420
	Average resident set size (kbytes): 0
	Major (requiring I/O) page faults: 186
	Minor (reclaiming a frame) page faults: 23871102
	Voluntary context switches: 14157
	Involuntary context switches: 15187
	Swaps: 0
	File system inputs: 0
	File system outputs: 1520
	Socket messages sent: 0
	Socket messages received: 0
	Signals delivered: 0
	Page size (bytes): 4096
	Exit status: 0
	Command being timed: "java -Xmx64g -jar ./enhsp.jar -o ./domain4.pddl -f ./problems/a42g11XOR-d7-dparsed-dneg2.decl/problem4.pddl -h hadd -s WAStar -ties smaller_g -dap"
	User time (seconds): 342.65
	System time (seconds): 16.86
	Percent of CPU this job got: 99%
	Elapsed (wall clock) time (h:mm:ss or m:ss): 5:59.72
	Average shared text size (kbytes): 0
	Average unshared data size (kbytes): 0
	Average stack size (kbytes): 0
	Average total size (kbytes): 0
	Maximum resident set size (kbytes): 31057820
	Average resident set size (kbytes): 0
	Major (requiring I/O) page faults: 200
	Minor (reclaiming a frame) page faults: 25271669
	Voluntary context switches: 15085
	Involuntary context switches: 16325
	Swaps: 0
	File system inputs: 0
	File system outputs: 1648
	Socket messages sent: 0
	Socket messages received: 0
	Signals delivered: 0
	Page size (bytes): 4096
	Exit status: 0
	Command being timed: "java -Xmx64g -jar ./enhsp.jar -o ./domain4.pddl -f ./problems/a42g11XOR-d7-dparsed-dneg2.decl/problem5.pddl -h hadd -s WAStar -ties smaller_g -dap"
	User time (seconds): 282.20
	System time (seconds): 14.12
	Percent of CPU this job got: 99%
	Elapsed (wall clock) time (h:mm:ss or m:ss): 4:56.49
	Average shared text size (kbytes): 0
	Average unshared data size (kbytes): 0
	Average stack size (kbytes): 0
	Average total size (kbytes): 0
	Maximum resident set size (kbytes): 28463980
	Average resident set size (kbytes): 0
	Major (requiring I/O) page faults: 164
	Minor (reclaiming a frame) page faults: 21408526
	Voluntary context switches: 13136
	Involuntary context switches: 14021
	Swaps: 0
	File system inputs: 0
	File system outputs: 1344
	Socket messages sent: 0
	Socket messages received: 0
	Signals delivered: 0
	Page size (bytes): 4096
	Exit status: 0
	Command being timed: "java -Xmx64g -jar ./enhsp.jar -o ./domain4.pddl -f ./problems/a42g11XOR-d7-dparsed-dneg2.decl/problem6.pddl -h hadd -s WAStar -ties smaller_g -dap"
	User time (seconds): 280.68
	System time (seconds): 13.73
	Percent of CPU this job got: 99%
	Elapsed (wall clock) time (h:mm:ss or m:ss): 4:54.57
	Average shared text size (kbytes): 0
	Average unshared data size (kbytes): 0
	Average stack size (kbytes): 0
	Average total size (kbytes): 0
	Maximum resident set size (kbytes): 28487916
	Average resident set size (kbytes): 0
	Major (requiring I/O) page faults: 167
	Minor (reclaiming a frame) page faults: 19798862
	Voluntary context switches: 12961
	Involuntary context switches: 13927
	Swaps: 0
	File system inputs: 0
	File system outputs: 1368
	Socket messages sent: 0
	Socket messages received: 0
	Signals delivered: 0
	Page size (bytes): 4096
	Exit status: 0
	Command being timed: "java -Xmx64g -jar ./enhsp.jar -o ./domain4.pddl -f ./problems/a42g11XOR-d7-dparsed-dneg2.decl/problem7.pddl -h hadd -s WAStar -ties smaller_g -dap"
	User time (seconds): 281.75
	System time (seconds): 14.14
	Percent of CPU this job got: 99%
	Elapsed (wall clock) time (h:mm:ss or m:ss): 4:56.03
	Average shared text size (kbytes): 0
	Average unshared data size (kbytes): 0
	Average stack size (kbytes): 0
	Average total size (kbytes): 0
	Maximum resident set size (kbytes): 28462192
	Average resident set size (kbytes): 0
	Major (requiring I/O) page faults: 168
	Minor (reclaiming a frame) page faults: 20140607
	Voluntary context switches: 13105
	Involuntary context switches: 13985
	Swaps: 0
	File system inputs: 0
	File system outputs: 1384
	Socket messages sent: 0
	Socket messages received: 0
	Signals delivered: 0
	Page size (bytes): 4096
	Exit status: 0
	Command being timed: "java -Xmx64g -jar ./enhsp.jar -o ./domain4.pddl -f ./problems/a42g11XOR-d7-dparsed-dneg2.decl/problem8.pddl -h hadd -s WAStar -ties smaller_g -dap"
	User time (seconds): 341.03
	System time (seconds): 17.17
	Percent of CPU this job got: 99%
	Elapsed (wall clock) time (h:mm:ss or m:ss): 5:58.38
	Average shared text size (kbytes): 0
	Average unshared data size (kbytes): 0
	Average stack size (kbytes): 0
	Average total size (kbytes): 0
	Maximum resident set size (kbytes): 31056100
	Average resident set size (kbytes): 0
	Major (requiring I/O) page faults: 199
	Minor (reclaiming a frame) page faults: 25532981
	Voluntary context switches: 14868
	Involuntary context switches: 16174
	Swaps: 0
	File system inputs: 0
	File system outputs: 1632
	Socket messages sent: 0
	Socket messages received: 0
	Signals delivered: 0
	Page size (bytes): 4096
	Exit status: 0
	Command being timed: "java -Xmx64g -jar ./enhsp.jar -o ./domain4.pddl -f ./problems/a42g11XOR-d7-dparsed-dneg2.decl/problem9.pddl -h hadd -s WAStar -ties smaller_g -dap"
	User time (seconds): 312.60
	System time (seconds): 15.89
	Percent of CPU this job got: 99%
	Elapsed (wall clock) time (h:mm:ss or m:ss): 5:28.64
	Average shared text size (kbytes): 0
	Average unshared data size (kbytes): 0
	Average stack size (kbytes): 0
	Average total size (kbytes): 0
	Maximum resident set size (kbytes): 28476432
	Average resident set size (kbytes): 0
	Major (requiring I/O) page faults: 181
	Minor (reclaiming a frame) page faults: 23703634
	Voluntary context switches: 13940
	Involuntary context switches: 14948
	Swaps: 0
	File system inputs: 0
	File system outputs: 1520
	Socket messages sent: 0
	Socket messages received: 0
	Signals delivered: 0
	Page size (bytes): 4096
	Exit status: 0
	Command being timed: "java -Xmx64g -jar ./enhsp.jar -o ./domain4.pddl -f ./problems/a42g11XOR-d7-dparsed-dneg2.decl/problem10.pddl -h hadd -s WAStar -ties smaller_g -dap"
	User time (seconds): 384.21
	System time (seconds): 18.45
	Percent of CPU this job got: 99%
	Elapsed (wall clock) time (h:mm:ss or m:ss): 6:42.87
	Average shared text size (kbytes): 0
	Average unshared data size (kbytes): 0
	Average stack size (kbytes): 0
	Average total size (kbytes): 0
	Maximum resident set size (kbytes): 31825336
	Average resident set size (kbytes): 0
	Major (requiring I/O) page faults: 220
	Minor (reclaiming a frame) page faults: 28399888
	Voluntary context switches: 15957
	Involuntary context switches: 17542
	Swaps: 0
	File system inputs: 0
	File system outputs: 1824
	Socket messages sent: 0
	Socket messages received: 0
	Signals delivered: 0
	Page size (bytes): 4096
	Exit status: 0
	Command being timed: "java -Xmx64g -jar ./enhsp.jar -o ./domain4.pddl -f ./problems/a42g11XOR-d7-dparsed-dneg2.decl/problem11.pddl -h hadd -s WAStar -ties smaller_g -dap"
	User time (seconds): 368.71
	System time (seconds): 17.90
	Percent of CPU this job got: 99%
	Elapsed (wall clock) time (h:mm:ss or m:ss): 6:26.81
	Average shared text size (kbytes): 0
	Average unshared data size (kbytes): 0
	Average stack size (kbytes): 0
	Average total size (kbytes): 0
	Maximum resident set size (kbytes): 31816076
	Average resident set size (kbytes): 0
	Major (requiring I/O) page faults: 214
	Minor (reclaiming a frame) page faults: 26657675
	Voluntary context switches: 15946
	Involuntary context switches: 17262
	Swaps: 0
	File system inputs: 0
	File system outputs: 1784
	Socket messages sent: 0
	Socket messages received: 0
	Signals delivered: 0
	Page size (bytes): 4096
	Exit status: 0
	Command being timed: "java -Xmx64g -jar ./enhsp.jar -o ./domain4.pddl -f ./problems/a42g11XOR-d7-dparsed-dneg2.decl/problem12.pddl -h hadd -s WAStar -ties smaller_g -dap"
	User time (seconds): 283.06
	System time (seconds): 14.15
	Percent of CPU this job got: 99%
	Elapsed (wall clock) time (h:mm:ss or m:ss): 4:57.37
	Average shared text size (kbytes): 0
	Average unshared data size (kbytes): 0
	Average stack size (kbytes): 0
	Average total size (kbytes): 0
	Maximum resident set size (kbytes): 28477492
	Average resident set size (kbytes): 0
	Major (requiring I/O) page faults: 168
	Minor (reclaiming a frame) page faults: 20289285
	Voluntary context switches: 13108
	Involuntary context switches: 13972
	Swaps: 0
	File system inputs: 0
	File system outputs: 1376
	Socket messages sent: 0
	Socket messages received: 0
	Signals delivered: 0
	Page size (bytes): 4096
	Exit status: 0
	Command being timed: "java -Xmx64g -jar ./enhsp.jar -o ./domain4.pddl -f ./problems/a42g11XOR-d7-dparsed-dneg2.decl/problem13.pddl -h hadd -s WAStar -ties smaller_g -dap"
	User time (seconds): 284.15
	System time (seconds): 14.04
	Percent of CPU this job got: 99%
	Elapsed (wall clock) time (h:mm:ss or m:ss): 4:58.35
	Average shared text size (kbytes): 0
	Average unshared data size (kbytes): 0
	Average stack size (kbytes): 0
	Average total size (kbytes): 0
	Maximum resident set size (kbytes): 28433940
	Average resident set size (kbytes): 0
	Major (requiring I/O) page faults: 167
	Minor (reclaiming a frame) page faults: 20692806
	Voluntary context switches: 13255
	Involuntary context switches: 13968
	Swaps: 0
	File system inputs: 0
	File system outputs: 1368
	Socket messages sent: 0
	Socket messages received: 0
	Signals delivered: 0
	Page size (bytes): 4096
	Exit status: 0
	Command being timed: "java -Xmx64g -jar ./enhsp.jar -o ./domain4.pddl -f ./problems/a42g11XOR-d7-dparsed-dneg2.decl/problem14.pddl -h hadd -s WAStar -ties smaller_g -dap"
	User time (seconds): 281.26
	System time (seconds): 14.01
	Percent of CPU this job got: 99%
	Elapsed (wall clock) time (h:mm:ss or m:ss): 4:55.43
	Average shared text size (kbytes): 0
	Average unshared data size (kbytes): 0
	Average stack size (kbytes): 0
	Average total size (kbytes): 0
	Maximum resident set size (kbytes): 28475796
	Average resident set size (kbytes): 0
	Major (requiring I/O) page faults: 168
	Minor (reclaiming a frame) page faults: 19988357
	Voluntary context switches: 13272
	Involuntary context switches: 13881
	Swaps: 0
	File system inputs: 0
	File system outputs: 1376
	Socket messages sent: 0
	Socket messages received: 0
	Signals delivered: 0
	Page size (bytes): 4096
	Exit status: 0
	Command being timed: "java -Xmx64g -jar ./enhsp.jar -o ./domain4.pddl -f ./problems/a42g11XOR-d7-dparsed-dneg2.decl/problem15.pddl -h hadd -s WAStar -ties smaller_g -dap"
	User time (seconds): 284.25
	System time (seconds): 14.12
	Percent of CPU this job got: 99%
	Elapsed (wall clock) time (h:mm:ss or m:ss): 4:58.52
	Average shared text size (kbytes): 0
	Average unshared data size (kbytes): 0
	Average stack size (kbytes): 0
	Average total size (kbytes): 0
	Maximum resident set size (kbytes): 28476548
	Average resident set size (kbytes): 0
	Major (requiring I/O) page faults: 167
	Minor (reclaiming a frame) page faults: 19919283
	Voluntary context switches: 13321
	Involuntary context switches: 14059
	Swaps: 0
	File system inputs: 0
	File system outputs: 1376
	Socket messages sent: 0
	Socket messages received: 0
	Signals delivered: 0
	Page size (bytes): 4096
	Exit status: 0
	Command being timed: "java -Xmx64g -jar ./enhsp.jar -o ./domain4.pddl -f ./problems/a42g11XOR-d7-dparsed-dneg2.decl/problem16.pddl -h hadd -s WAStar -ties smaller_g -dap"
	User time (seconds): 320.36
	System time (seconds): 16.41
	Percent of CPU this job got: 99%
	Elapsed (wall clock) time (h:mm:ss or m:ss): 5:36.95
	Average shared text size (kbytes): 0
	Average unshared data size (kbytes): 0
	Average stack size (kbytes): 0
	Average total size (kbytes): 0
	Maximum resident set size (kbytes): 30419548
	Average resident set size (kbytes): 0
	Major (requiring I/O) page faults: 189
	Minor (reclaiming a frame) page faults: 23292351
	Voluntary context switches: 14141
	Involuntary context switches: 15376
	Swaps: 0
	File system inputs: 0
	File system outputs: 1544
	Socket messages sent: 0
	Socket messages received: 0
	Signals delivered: 0
	Page size (bytes): 4096
	Exit status: 0
	Command being timed: "java -Xmx64g -jar ./enhsp.jar -o ./domain4.pddl -f ./problems/a42g11XOR-d7-dparsed-dneg2.decl/problem17.pddl -h hadd -s WAStar -ties smaller_g -dap"
	User time (seconds): 281.20
	System time (seconds): 14.43
	Percent of CPU this job got: 99%
	Elapsed (wall clock) time (h:mm:ss or m:ss): 4:55.78
	Average shared text size (kbytes): 0
	Average unshared data size (kbytes): 0
	Average stack size (kbytes): 0
	Average total size (kbytes): 0
	Maximum resident set size (kbytes): 28479912
	Average resident set size (kbytes): 0
	Major (requiring I/O) page faults: 166
	Minor (reclaiming a frame) page faults: 20423017
	Voluntary context switches: 12979
	Involuntary context switches: 13945
	Swaps: 0
	File system inputs: 0
	File system outputs: 1360
	Socket messages sent: 0
	Socket messages received: 0
	Signals delivered: 0
	Page size (bytes): 4096
	Exit status: 0
	Command being timed: "java -Xmx64g -jar ./enhsp.jar -o ./domain4.pddl -f ./problems/a42g11XOR-d7-dparsed-dneg2.decl/problem18.pddl -h hadd -s WAStar -ties smaller_g -dap"
	User time (seconds): 349.04
	System time (seconds): 17.27
	Percent of CPU this job got: 99%
	Elapsed (wall clock) time (h:mm:ss or m:ss): 6:06.51
	Average shared text size (kbytes): 0
	Average unshared data size (kbytes): 0
	Average stack size (kbytes): 0
	Average total size (kbytes): 0
	Maximum resident set size (kbytes): 31329312
	Average resident set size (kbytes): 0
	Major (requiring I/O) page faults: 203
	Minor (reclaiming a frame) page faults: 26313993
	Voluntary context switches: 15045
	Involuntary context switches: 16620
	Swaps: 0
	File system inputs: 0
	File system outputs: 1664
	Socket messages sent: 0
	Socket messages received: 0
	Signals delivered: 0
	Page size (bytes): 4096
	Exit status: 0
	Command being timed: "java -Xmx64g -jar ./enhsp.jar -o ./domain4.pddl -f ./problems/a42g11XOR-d7-dparsed-dneg2.decl/problem19.pddl -h hadd -s WAStar -ties smaller_g -dap"
	User time (seconds): 319.84
	System time (seconds): 15.72
	Percent of CPU this job got: 99%
	Elapsed (wall clock) time (h:mm:ss or m:ss): 5:35.73
	Average shared text size (kbytes): 0
	Average unshared data size (kbytes): 0
	Average stack size (kbytes): 0
	Average total size (kbytes): 0
	Maximum resident set size (kbytes): 30424816
	Average resident set size (kbytes): 0
	Major (requiring I/O) page faults: 186
	Minor (reclaiming a frame) page faults: 23138719
	Voluntary context switches: 14114
	Involuntary context switches: 15219
	Swaps: 0
	File system inputs: 0
	File system outputs: 1528
	Socket messages sent: 0
	Socket messages received: 0
	Signals delivered: 0
	Page size (bytes): 4096
	Exit status: 0
	Command being timed: "java -Xmx64g -jar ./enhsp.jar -o ./domain4.pddl -f ./problems/a42g11XOR-d7-dparsed-dneg2.decl/problem20.pddl -h hadd -s WAStar -ties smaller_g -dap"
	User time (seconds): 281.22
	System time (seconds): 13.75
	Percent of CPU this job got: 99%
	Elapsed (wall clock) time (h:mm:ss or m:ss): 4:55.12
	Average shared text size (kbytes): 0
	Average unshared data size (kbytes): 0
	Average stack size (kbytes): 0
	Average total size (kbytes): 0
	Maximum resident set size (kbytes): 28483276
	Average resident set size (kbytes): 0
	Major (requiring I/O) page faults: 165
	Minor (reclaiming a frame) page faults: 20138982
	Voluntary context switches: 13179
	Involuntary context switches: 13949
	Swaps: 0
	File system inputs: 0
	File system outputs: 1352
	Socket messages sent: 0
	Socket messages received: 0
	Signals delivered: 0
	Page size (bytes): 4096
	Exit status: 0
	Command being timed: "java -Xmx64g -jar ./enhsp.jar -o ./domain4.pddl -f ./problems/a42g11XOR-d7-dparsed-dneg2.decl/problem21.pddl -h hadd -s WAStar -ties smaller_g -dap"
	User time (seconds): 321.25
	System time (seconds): 15.52
	Percent of CPU this job got: 99%
	Elapsed (wall clock) time (h:mm:ss or m:ss): 5:36.93
	Average shared text size (kbytes): 0
	Average unshared data size (kbytes): 0
	Average stack size (kbytes): 0
	Average total size (kbytes): 0
	Maximum resident set size (kbytes): 28476152
	Average resident set size (kbytes): 0
	Major (requiring I/O) page faults: 183
	Minor (reclaiming a frame) page faults: 23753293
	Voluntary context switches: 14292
	Involuntary context switches: 15270
	Swaps: 0
	File system inputs: 0
	File system outputs: 1536
	Socket messages sent: 0
	Socket messages received: 0
	Signals delivered: 0
	Page size (bytes): 4096
	Exit status: 0
slurmstepd-hpcfst12: error: *** JOB 40308 ON hpcfst12 CANCELLED AT 2025-05-26T03:48:35 DUE TO TIME LIMIT ***
