/usr/bin/time -v java -Xmx64g -jar ./enhsp.jar -o ./domain4.pddl -f ./problems/a42g11XOR-d7-dparsed-dneg1.decl/problem1.pddl -h hadd -s WAStar -ties smaller_g
Domain parsed
Problem parsed
Grounding..
Grounding Time: 251211
UFX:true
|F|:406496
|X|:13
|A|:4459
|P|:0
|E|:0
Numeric Error for Complex Condition Activated
H1 Setup Time (msec): 3761
h(I):0.0
-------------Time: 10s ; Expanded Nodes: 2 (Avg-Speed 0.0 n/s); Evaluated States: 49
-------------Time: 20s ; Expanded Nodes: 26 (Avg-Speed 1.0 n/s); Evaluated States: 605
Problem Solved

Found Plan:
0.0: (validate_payload t0 a7 t1)
1.0: (sync_actions t0 a7 t1)
2.0: (validate_payload t1 a4 t2)
3.0: (sync_actions t1 a4 t2)
4.0: (validate_payload t2 a20 t3)
5.0: (sync_actions t2 a20 t3)
6.0: (validate_payload t3 a27 t4)
7.0: (sync_actions t3 a27 t4)
8.0: (validate_payload t4 a3 t5)
9.0: (sync_actions t4 a3 t5)
10.0: (validate_payload t5 a26 t6)
11.0: (sync_actions t5 a26 t6)
12.0: (validate_payload t6 a25 t7)
13.0: (sync_actions t6 a25 t7)
14.0: (validate_payload t7 a2 t8)
15.0: (sync_actions t7 a2 t8)
16.0: (validate_payload t8 a31 t9)
17.0: (sync_actions t8 a31 t9)
18.0: (validate_payload t9 a30 t10)
19.0: (sync_actions t9 a30 t10)
20.0: (validate_payload t10 a33 t11)
21.0: (sync_actions t10 a33 t11)
22.0: (validate_payload t11 a32 t12)
23.0: (sync_actions t11 a32 t12)
24.0: (validate_payload t12 a5 t13)
25.0: (sync_actions t12 a5 t13)
26.0: (validate_payload t13 a6 t14)
27.0: (sync_actions t13 a6 t14)
28.0: (validate_payload t14 a8 t15)
29.0: (sync_actions t14 a8 t15)
30.0: (validate_payload t15 a11 t16)
31.0: (sync_actions t15 a11 t16)
32.0: (validate_payload t16 a21 t17)
33.0: (sync_actions t16 a21 t17)
34.0: (validate_payload t17 a22 t18)
35.0: (sync_actions t17 a22 t18)
36.0: (validate_payload t18 a12 t19)
37.0: (sync_actions t18 a12 t19)
38.0: (validate_payload t19 a23 t20)
39.0: (sync_actions t19 a23 t20)
40.0: (validate_payload t20 a17 t21)
41.0: (sync_actions t20 a17 t21)
42.0: (validate_payload t21 a18 t22)
43.0: (sync_actions t21 a18 t22)

Plan-Length:44
Metric (Search):0.0
Planning Time (msec): 28088
Heuristic Time (msec): 27730
Search Time (msec): 28087
Expanded Nodes:45
States Evaluated:1044
Number of Dead-Ends detected:1
Number of Duplicates detected:4
/usr/bin/time -v java -Xmx64g -jar ./enhsp.jar -o ./domain4.pddl -f ./problems/a42g11XOR-d7-dparsed-dneg1.decl/problem2.pddl -h hadd -s WAStar -ties smaller_g
Domain parsed
Problem parsed
Grounding..
Grounding Time: 241496
UFX:true
|F|:352625
|X|:13
|A|:4450
|P|:0
|E|:0
Numeric Error for Complex Condition Activated
H1 Setup Time (msec): 3200
h(I):0.0
-------------Time: 10s ; Expanded Nodes: 4 (Avg-Speed 0.0 n/s); Evaluated States: 101
-------------Time: 20s ; Expanded Nodes: 30 (Avg-Speed 1.0 n/s); Evaluated States: 711
Problem Solved

Found Plan:
0.0: (validate_payload t0 a7 t1)
1.0: (sync_actions t0 a7 t1)
2.0: (validate_payload t1 a4 t2)
3.0: (sync_actions t1 a4 t2)
4.0: (validate_payload t2 a20 t3)
5.0: (sync_actions t2 a20 t3)
6.0: (validate_payload t3 a19 t4)
7.0: (sync_actions t3 a19 t4)
8.0: (validate_payload t4 a39 t5)
9.0: (sync_actions t4 a39 t5)
10.0: (validate_payload t5 a31 t6)
11.0: (sync_actions t5 a31 t6)
12.0: (validate_payload t6 a30 t7)
13.0: (sync_actions t6 a30 t7)
14.0: (validate_payload t7 a33 t8)
15.0: (sync_actions t7 a33 t8)
16.0: (validate_payload t8 a32 t9)
17.0: (sync_actions t8 a32 t9)
18.0: (validate_payload t9 a5 t10)
19.0: (sync_actions t9 a5 t10)
20.0: (validate_payload t10 a6 t11)
21.0: (sync_actions t10 a6 t11)
22.0: (validate_payload t11 a8 t12)
23.0: (sync_actions t11 a8 t12)
24.0: (validate_payload t12 a11 t13)
25.0: (sync_actions t12 a11 t13)
26.0: (validate_payload t13 a21 t14)
27.0: (sync_actions t13 a21 t14)
28.0: (validate_payload t14 a22 t15)
29.0: (sync_actions t14 a22 t15)
30.0: (validate_payload t15 a12 t16)
31.0: (sync_actions t15 a12 t16)
32.0: (validate_payload t16 a23 t17)
33.0: (sync_actions t16 a23 t17)
34.0: (validate_payload t17 a17 t18)
35.0: (sync_actions t17 a17 t18)
36.0: (validate_payload t18 a18 t19)
37.0: (sync_actions t18 a18 t19)

Plan-Length:38
Metric (Search):0.0
Planning Time (msec): 23842
Heuristic Time (msec): 23523
Search Time (msec): 23839
Expanded Nodes:39
States Evaluated:904
Number of Dead-Ends detected:1
Number of Duplicates detected:6
/usr/bin/time -v java -Xmx64g -jar ./enhsp.jar -o ./domain4.pddl -f ./problems/a42g11XOR-d7-dparsed-dneg1.decl/problem3.pddl -h hadd -s WAStar -ties smaller_g
Domain parsed
Problem parsed
Grounding..
Grounding Time: 239938
UFX:true
|F|:352625
|X|:13
|A|:4450
|P|:0
|E|:0
Numeric Error for Complex Condition Activated
H1 Setup Time (msec): 3156
h(I):0.0
-------------Time: 10s ; Expanded Nodes: 8 (Avg-Speed 0.0 n/s); Evaluated States: 189
-------------Time: 20s ; Expanded Nodes: 30 (Avg-Speed 1.0 n/s); Evaluated States: 709
Problem Solved

Found Plan:
0.0: (validate_payload t0 a7 t1)
1.0: (sync_actions t0 a7 t1)
2.0: (validate_payload t1 a4 t2)
3.0: (sync_actions t1 a4 t2)
4.0: (validate_payload t2 a20 t3)
5.0: (sync_actions t2 a20 t3)
6.0: (validate_payload t3 a19 t4)
7.0: (sync_actions t3 a19 t4)
8.0: (validate_payload t4 a39 t5)
9.0: (sync_actions t4 a39 t5)
10.0: (validate_payload t5 a31 t6)
11.0: (sync_actions t5 a31 t6)
12.0: (validate_payload t6 a30 t7)
13.0: (sync_actions t6 a30 t7)
14.0: (validate_payload t7 a33 t8)
15.0: (sync_actions t7 a33 t8)
16.0: (validate_payload t8 a32 t9)
17.0: (sync_actions t8 a32 t9)
18.0: (validate_payload t9 a5 t10)
19.0: (sync_actions t9 a5 t10)
20.0: (validate_payload t10 a6 t11)
21.0: (sync_actions t10 a6 t11)
22.0: (validate_payload t11 a8 t12)
23.0: (sync_actions t11 a8 t12)
24.0: (validate_payload t12 a11 t13)
25.0: (sync_actions t12 a11 t13)
26.0: (validate_payload t13 a21 t14)
27.0: (sync_actions t13 a21 t14)
28.0: (validate_payload t14 a22 t15)
29.0: (sync_actions t14 a22 t15)
30.0: (validate_payload t15 a12 t16)
31.0: (sync_actions t15 a12 t16)
32.0: (validate_payload t16 a23 t17)
33.0: (sync_actions t16 a23 t17)
34.0: (validate_payload t17 a17 t18)
35.0: (sync_actions t17 a17 t18)
36.0: (validate_payload t18 a18 t19)
37.0: (sync_actions t18 a18 t19)

Plan-Length:38
Metric (Search):0.0
Planning Time (msec): 24082
Heuristic Time (msec): 23737
Search Time (msec): 24079
Expanded Nodes:39
States Evaluated:894
Number of Dead-Ends detected:1
Number of Duplicates detected:8
/usr/bin/time -v java -Xmx64g -jar ./enhsp.jar -o ./domain4.pddl -f ./problems/a42g11XOR-d7-dparsed-dneg1.decl/problem4.pddl -h hadd -s WAStar -ties smaller_g
Domain parsed
Problem parsed
Grounding..
Grounding Time: 254752
UFX:true
|F|:406496
|X|:13
|A|:4459
|P|:0
|E|:0
Numeric Error for Complex Condition Activated
H1 Setup Time (msec): 3832
h(I):0.0
-------------Time: 10s ; Expanded Nodes: 2 (Avg-Speed 0.0 n/s); Evaluated States: 49
-------------Time: 20s ; Expanded Nodes: 26 (Avg-Speed 1.0 n/s); Evaluated States: 605
Problem Solved

Found Plan:
0.0: (validate_payload t0 a7 t1)
1.0: (sync_actions t0 a7 t1)
2.0: (validate_payload t1 a4 t2)
3.0: (sync_actions t1 a4 t2)
4.0: (validate_payload t2 a20 t3)
5.0: (sync_actions t2 a20 t3)
6.0: (validate_payload t3 a27 t4)
7.0: (sync_actions t3 a27 t4)
8.0: (validate_payload t4 a3 t5)
9.0: (sync_actions t4 a3 t5)
10.0: (validate_payload t5 a26 t6)
11.0: (sync_actions t5 a26 t6)
12.0: (validate_payload t6 a25 t7)
13.0: (sync_actions t6 a25 t7)
14.0: (validate_payload t7 a2 t8)
15.0: (sync_actions t7 a2 t8)
16.0: (validate_payload t8 a31 t9)
17.0: (sync_actions t8 a31 t9)
18.0: (validate_payload t9 a30 t10)
19.0: (sync_actions t9 a30 t10)
20.0: (validate_payload t10 a33 t11)
21.0: (sync_actions t10 a33 t11)
22.0: (validate_payload t11 a32 t12)
23.0: (sync_actions t11 a32 t12)
24.0: (validate_payload t12 a5 t13)
25.0: (sync_actions t12 a5 t13)
26.0: (validate_payload t13 a6 t14)
27.0: (sync_actions t13 a6 t14)
28.0: (validate_payload t14 a8 t15)
29.0: (sync_actions t14 a8 t15)
30.0: (validate_payload t15 a11 t16)
31.0: (sync_actions t15 a11 t16)
32.0: (validate_payload t16 a21 t17)
33.0: (sync_actions t16 a21 t17)
34.0: (validate_payload t17 a22 t18)
35.0: (sync_actions t17 a22 t18)
36.0: (validate_payload t18 a12 t19)
37.0: (sync_actions t18 a12 t19)
38.0: (validate_payload t19 a23 t20)
39.0: (sync_actions t19 a23 t20)
40.0: (validate_payload t20 a17 t21)
41.0: (sync_actions t20 a17 t21)
42.0: (validate_payload t21 a18 t22)
43.0: (sync_actions t21 a18 t22)

Plan-Length:44
Metric (Search):0.0
Planning Time (msec): 28378
Heuristic Time (msec): 28002
Search Time (msec): 28376
Expanded Nodes:45
States Evaluated:1044
Number of Dead-Ends detected:1
Number of Duplicates detected:4
/usr/bin/time -v java -Xmx64g -jar ./enhsp.jar -o ./domain4.pddl -f ./problems/a42g11XOR-d7-dparsed-dneg1.decl/problem5.pddl -h hadd -s WAStar -ties smaller_g
Domain parsed
Problem parsed
Grounding..
Grounding Time: 214574
UFX:true
|F|:244882
|X|:12
|A|:4430
|P|:0
|E|:0
Numeric Error for Complex Condition Activated
H1 Setup Time (msec): 2956
h(I):0.0
-------------Time: 10s ; Expanded Nodes: 10 (Avg-Speed 1.0 n/s); Evaluated States: 245
Problem Solved

Found Plan:
0.0: (validate_payload t0 a7 t1)
1.0: (sync_actions t0 a7 t1)
2.0: (validate_payload t1 a13 t2)
3.0: (sync_actions t1 a13 t2)
4.0: (validate_payload t2 a15 t3)
5.0: (sync_actions t2 a15 t3)
6.0: (validate_payload t3 a16 t4)
7.0: (sync_actions t3 a16 t4)
8.0: (validate_payload t4 a14 t5)
9.0: (sync_actions t4 a14 t5)
10.0: (validate_payload t5 a8 t6)
11.0: (sync_actions t5 a8 t6)
12.0: (validate_payload t6 a11 t7)
13.0: (sync_actions t6 a11 t7)
14.0: (validate_payload t7 a21 t8)
15.0: (sync_actions t7 a21 t8)
16.0: (validate_payload t8 a22 t9)
17.0: (sync_actions t8 a22 t9)
18.0: (validate_payload t9 a12 t10)
19.0: (sync_actions t9 a12 t10)
20.0: (validate_payload t10 a23 t11)
21.0: (sync_actions t10 a23 t11)
22.0: (validate_payload t11 a17 t12)
23.0: (sync_actions t11 a17 t12)
24.0: (validate_payload t12 a18 t13)
25.0: (sync_actions t12 a18 t13)

Plan-Length:26
Metric (Search):0.0
Planning Time (msec): 16998
Heuristic Time (msec): 16676
Search Time (msec): 16996
Expanded Nodes:27
States Evaluated:634
Number of Dead-Ends detected:1
Number of Duplicates detected:2
/usr/bin/time -v java -Xmx64g -jar ./enhsp.jar -o ./domain4.pddl -f ./problems/a42g11XOR-d7-dparsed-dneg1.decl/problem6.pddl -h hadd -s WAStar -ties smaller_g
Domain parsed
Problem parsed
Grounding..
Grounding Time: 215163
UFX:true
|F|:244882
|X|:12
|A|:4430
|P|:0
|E|:0
Numeric Error for Complex Condition Activated
H1 Setup Time (msec): 2863
h(I):0.0
-------------Time: 10s ; Expanded Nodes: 10 (Avg-Speed 1.0 n/s); Evaluated States: 235
Problem Solved

Found Plan:
0.0: (validate_payload t0 a7 t1)
1.0: (sync_actions t0 a7 t1)
2.0: (validate_payload t1 a13 t2)
3.0: (sync_actions t1 a13 t2)
4.0: (validate_payload t2 a15 t3)
5.0: (sync_actions t2 a15 t3)
6.0: (validate_payload t3 a16 t4)
7.0: (sync_actions t3 a16 t4)
8.0: (validate_payload t4 a14 t5)
9.0: (sync_actions t4 a14 t5)
10.0: (validate_payload t5 a8 t6)
11.0: (sync_actions t5 a8 t6)
12.0: (validate_payload t6 a11 t7)
13.0: (sync_actions t6 a11 t7)
14.0: (validate_payload t7 a21 t8)
15.0: (sync_actions t7 a21 t8)
16.0: (validate_payload t8 a22 t9)
17.0: (sync_actions t8 a22 t9)
18.0: (validate_payload t9 a12 t10)
19.0: (sync_actions t9 a12 t10)
20.0: (validate_payload t10 a23 t11)
21.0: (sync_actions t10 a23 t11)
22.0: (validate_payload t11 a17 t12)
23.0: (sync_actions t11 a17 t12)
24.0: (validate_payload t12 a18 t13)
25.0: (sync_actions t12 a18 t13)

Plan-Length:26
Metric (Search):0.0
Planning Time (msec): 16832
Heuristic Time (msec): 16545
Search Time (msec): 16830
Expanded Nodes:27
States Evaluated:624
Number of Dead-Ends detected:1
Number of Duplicates detected:4
/usr/bin/time -v java -Xmx64g -jar ./enhsp.jar -o ./domain4.pddl -f ./problems/a42g11XOR-d7-dparsed-dneg1.decl/problem7.pddl -h hadd -s WAStar -ties smaller_g
Domain parsed
Problem parsed
Grounding..
Grounding Time: 214518
UFX:true
|F|:244882
|X|:12
|A|:4430
|P|:0
|E|:0
Numeric Error for Complex Condition Activated
H1 Setup Time (msec): 2844
h(I):0.0
-------------Time: 10s ; Expanded Nodes: 10 (Avg-Speed 1.0 n/s); Evaluated States: 237
Problem Solved

Found Plan:
0.0: (validate_payload t0 a7 t1)
1.0: (sync_actions t0 a7 t1)
2.0: (validate_payload t1 a13 t2)
3.0: (sync_actions t1 a13 t2)
4.0: (validate_payload t2 a15 t3)
5.0: (sync_actions t2 a15 t3)
6.0: (validate_payload t3 a16 t4)
7.0: (sync_actions t3 a16 t4)
8.0: (validate_payload t4 a14 t5)
9.0: (sync_actions t4 a14 t5)
10.0: (validate_payload t5 a8 t6)
11.0: (sync_actions t5 a8 t6)
12.0: (validate_payload t6 a11 t7)
13.0: (sync_actions t6 a11 t7)
14.0: (validate_payload t7 a21 t8)
15.0: (sync_actions t7 a21 t8)
16.0: (validate_payload t8 a22 t9)
17.0: (sync_actions t8 a22 t9)
18.0: (validate_payload t9 a12 t10)
19.0: (sync_actions t9 a12 t10)
20.0: (validate_payload t10 a23 t11)
21.0: (sync_actions t10 a23 t11)
22.0: (validate_payload t11 a17 t12)
23.0: (sync_actions t11 a17 t12)
24.0: (validate_payload t12 a18 t13)
25.0: (sync_actions t12 a18 t13)

Plan-Length:26
Metric (Search):0.0
Planning Time (msec): 16821
Heuristic Time (msec): 16501
Search Time (msec): 16820
Expanded Nodes:27
States Evaluated:624
Number of Dead-Ends detected:1
Number of Duplicates detected:4
/usr/bin/time -v java -Xmx64g -jar ./enhsp.jar -o ./domain4.pddl -f ./problems/a42g11XOR-d7-dparsed-dneg1.decl/problem8.pddl -h hadd -s WAStar -ties smaller_g
Domain parsed
Problem parsed
Grounding..
Grounding Time: 253162
UFX:true
|F|:406496
|X|:13
|A|:4459
|P|:0
|E|:0
Numeric Error for Complex Condition Activated
H1 Setup Time (msec): 3664
h(I):0.0
-------------Time: 10s ; Expanded Nodes: 2 (Avg-Speed 0.0 n/s); Evaluated States: 49
-------------Time: 20s ; Expanded Nodes: 26 (Avg-Speed 1.0 n/s); Evaluated States: 609
Problem Solved

Found Plan:
0.0: (validate_payload t0 a7 t1)
1.0: (sync_actions t0 a7 t1)
2.0: (validate_payload t1 a4 t2)
3.0: (sync_actions t1 a4 t2)
4.0: (validate_payload t2 a20 t3)
5.0: (sync_actions t2 a20 t3)
6.0: (validate_payload t3 a27 t4)
7.0: (sync_actions t3 a27 t4)
8.0: (validate_payload t4 a3 t5)
9.0: (sync_actions t4 a3 t5)
10.0: (validate_payload t5 a26 t6)
11.0: (sync_actions t5 a26 t6)
12.0: (validate_payload t6 a25 t7)
13.0: (sync_actions t6 a25 t7)
14.0: (validate_payload t7 a2 t8)
15.0: (sync_actions t7 a2 t8)
16.0: (validate_payload t8 a31 t9)
17.0: (sync_actions t8 a31 t9)
18.0: (validate_payload t9 a30 t10)
19.0: (sync_actions t9 a30 t10)
20.0: (validate_payload t10 a33 t11)
21.0: (sync_actions t10 a33 t11)
22.0: (validate_payload t11 a32 t12)
23.0: (sync_actions t11 a32 t12)
24.0: (validate_payload t12 a5 t13)
25.0: (sync_actions t12 a5 t13)
26.0: (validate_payload t13 a6 t14)
27.0: (sync_actions t13 a6 t14)
28.0: (validate_payload t14 a8 t15)
29.0: (sync_actions t14 a8 t15)
30.0: (validate_payload t15 a11 t16)
31.0: (sync_actions t15 a11 t16)
32.0: (validate_payload t16 a21 t17)
33.0: (sync_actions t16 a21 t17)
34.0: (validate_payload t17 a22 t18)
35.0: (sync_actions t17 a22 t18)
36.0: (validate_payload t18 a12 t19)
37.0: (sync_actions t18 a12 t19)
38.0: (validate_payload t19 a23 t20)
39.0: (sync_actions t19 a23 t20)
40.0: (validate_payload t20 a17 t21)
41.0: (sync_actions t20 a17 t21)
42.0: (validate_payload t21 a18 t22)
43.0: (sync_actions t21 a18 t22)

Plan-Length:44
Metric (Search):0.0
Planning Time (msec): 28288
Heuristic Time (msec): 27990
Search Time (msec): 28285
Expanded Nodes:45
States Evaluated:1048
Number of Dead-Ends detected:1
Number of Duplicates detected:6
/usr/bin/time -v java -Xmx64g -jar ./enhsp.jar -o ./domain4.pddl -f ./problems/a42g11XOR-d7-dparsed-dneg1.decl/problem9.pddl -h hadd -s WAStar -ties smaller_g
Domain parsed
Problem parsed
Grounding..
Grounding Time: 213298
UFX:true
|F|:244882
|X|:12
|A|:4430
|P|:0
|E|:0
Numeric Error for Complex Condition Activated
H1 Setup Time (msec): 2770
h(I):0.0
-------------Time: 10s ; Expanded Nodes: 10 (Avg-Speed 1.0 n/s); Evaluated States: 245
f(n) = 1.0 (Expanded Nodes: 17, Evaluated States: 396, Time: 12.791) Frontier Size: 379
-------------Time: 20s ; Expanded Nodes: 33 (Avg-Speed 1.0 n/s); Evaluated States: 844
-------------Time: 30s ; Expanded Nodes: 55 (Avg-Speed 1.0 n/s); Evaluated States: 1450
-------------Time: 40s ; Expanded Nodes: 80 (Avg-Speed 2.0 n/s); Evaluated States: 2040
-------------Time: 51s ; Expanded Nodes: 104 (Avg-Speed 2.0 n/s); Evaluated States: 2649
Problem Solved

Found Plan:
0.0: (validate_payload t0 a7 t1)
1.0: (sync_actions t0 a7 t1)
2.0: (change_value a13 t1 t2 integer v0)
3.0: (validate_payload t1 a13 t2)
4.0: (sync_actions t1 a13 t2)
5.0: (validate_payload t2 a15 t3)
6.0: (sync_actions t2 a15 t3)
7.0: (validate_payload t3 a16 t4)
8.0: (sync_actions t3 a16 t4)
9.0: (validate_payload t4 a14 t5)
10.0: (sync_actions t4 a14 t5)
11.0: (validate_payload t5 a8 t6)
12.0: (sync_actions t5 a8 t6)
13.0: (validate_payload t6 a11 t7)
14.0: (sync_actions t6 a11 t7)
15.0: (validate_payload t7 a21 t8)
16.0: (sync_actions t7 a21 t8)
17.0: (validate_payload t8 a22 t9)
18.0: (sync_actions t8 a22 t9)
19.0: (validate_payload t9 a12 t10)
20.0: (sync_actions t9 a12 t10)
21.0: (validate_payload t10 a23 t11)
22.0: (sync_actions t10 a23 t11)
23.0: (validate_payload t11 a17 t12)
24.0: (sync_actions t11 a17 t12)
25.0: (validate_payload t12 a18 t13)
26.0: (sync_actions t12 a18 t13)

Plan-Length:27
Metric (Search):1.0
Planning Time (msec): 60484
Heuristic Time (msec): 59813
Search Time (msec): 60482
Expanded Nodes:130
States Evaluated:3196
Number of Dead-Ends detected:7
Number of Duplicates detected:119
/usr/bin/time -v java -Xmx64g -jar ./enhsp.jar -o ./domain4.pddl -f ./problems/a42g11XOR-d7-dparsed-dneg1.decl/problem10.pddl -h hadd -s WAStar -ties smaller_g
Domain parsed
Problem parsed
Grounding..
Grounding Time: 260013
UFX:true
|F|:442410
|X|:13
|A|:4464
|P|:0
|E|:0
Numeric Error for Complex Condition Activated
H1 Setup Time (msec): 3867
h(I):0.0
-------------Time: 10s ; Expanded Nodes: 3 (Avg-Speed 0.0 n/s); Evaluated States: 53
-------------Time: 20s ; Expanded Nodes: 28 (Avg-Speed 1.0 n/s); Evaluated States: 649
Problem Solved

Found Plan:
0.0: (validate_payload t0 a7 t1)
1.0: (sync_actions t0 a7 t1)
2.0: (validate_payload t1 a4 t2)
3.0: (sync_actions t1 a4 t2)
4.0: (validate_payload t2 a20 t3)
5.0: (sync_actions t2 a20 t3)
6.0: (validate_payload t3 a27 t4)
7.0: (sync_actions t3 a27 t4)
8.0: (validate_payload t4 a1 t5)
9.0: (sync_actions t4 a1 t5)
10.0: (validate_payload t5 a0 t6)
11.0: (sync_actions t5 a0 t6)
12.0: (validate_payload t6 a26 t7)
13.0: (sync_actions t6 a26 t7)
14.0: (validate_payload t7 a25 t8)
15.0: (sync_actions t7 a25 t8)
16.0: (validate_payload t8 a2 t9)
17.0: (sync_actions t8 a2 t9)
18.0: (validate_payload t9 a31 t10)
19.0: (sync_actions t9 a31 t10)
20.0: (validate_payload t10 a30 t11)
21.0: (sync_actions t10 a30 t11)
22.0: (validate_payload t11 a33 t12)
23.0: (sync_actions t11 a33 t12)
24.0: (validate_payload t12 a32 t13)
25.0: (sync_actions t12 a32 t13)
26.0: (validate_payload t13 a5 t14)
27.0: (sync_actions t13 a5 t14)
28.0: (validate_payload t14 a6 t15)
29.0: (sync_actions t14 a6 t15)
30.0: (validate_payload t15 a8 t16)
31.0: (sync_actions t15 a8 t16)
32.0: (validate_payload t16 a11 t17)
33.0: (sync_actions t16 a11 t17)
34.0: (validate_payload t17 a38 t18)
35.0: (sync_actions t17 a38 t18)
36.0: (validate_payload t18 a40 t19)
37.0: (sync_actions t18 a40 t19)
38.0: (validate_payload t19 a41 t20)
39.0: (sync_actions t19 a41 t20)
40.0: (validate_payload t20 a12 t21)
41.0: (sync_actions t20 a12 t21)
42.0: (validate_payload t21 a23 t22)
43.0: (sync_actions t21 a23 t22)
44.0: (validate_payload t22 a17 t23)
45.0: (sync_actions t22 a17 t23)
46.0: (validate_payload t23 a18 t24)
47.0: (sync_actions t23 a18 t24)

Plan-Length:48
Metric (Search):0.0
Planning Time (msec): 28850
Heuristic Time (msec): 28515
Search Time (msec): 28848
Expanded Nodes:49
States Evaluated:1126
Number of Dead-Ends detected:1
Number of Duplicates detected:6
/usr/bin/time -v java -Xmx64g -jar ./enhsp.jar -o ./domain4.pddl -f ./problems/a42g11XOR-d7-dparsed-dneg1.decl/problem11.pddl -h hadd -s WAStar -ties smaller_g
Domain parsed
Problem parsed
Grounding..
Grounding Time: 260328
UFX:true
|F|:442410
|X|:13
|A|:4464
|P|:0
|E|:0
Numeric Error for Complex Condition Activated
H1 Setup Time (msec): 3585
h(I):0.0
-------------Time: 10s ; Expanded Nodes: 2 (Avg-Speed 0.0 n/s); Evaluated States: 49
-------------Time: 20s ; Expanded Nodes: 26 (Avg-Speed 1.0 n/s); Evaluated States: 605
Problem Solved

Found Plan:
0.0: (validate_payload t0 a7 t1)
1.0: (sync_actions t0 a7 t1)
2.0: (validate_payload t1 a4 t2)
3.0: (sync_actions t1 a4 t2)
4.0: (validate_payload t2 a20 t3)
5.0: (sync_actions t2 a20 t3)
6.0: (validate_payload t3 a27 t4)
7.0: (sync_actions t3 a27 t4)
8.0: (validate_payload t4 a29 t5)
9.0: (sync_actions t4 a29 t5)
10.0: (validate_payload t5 a28 t6)
11.0: (sync_actions t5 a28 t6)
12.0: (validate_payload t6 a26 t7)
13.0: (sync_actions t6 a26 t7)
14.0: (validate_payload t7 a24 t8)
15.0: (sync_actions t7 a24 t8)
16.0: (validate_payload t8 a2 t9)
17.0: (sync_actions t8 a2 t9)
18.0: (validate_payload t9 a31 t10)
19.0: (sync_actions t9 a31 t10)
20.0: (validate_payload t10 a30 t11)
21.0: (sync_actions t10 a30 t11)
22.0: (validate_payload t11 a33 t12)
23.0: (sync_actions t11 a33 t12)
24.0: (validate_payload t12 a32 t13)
25.0: (sync_actions t12 a32 t13)
26.0: (validate_payload t13 a5 t14)
27.0: (sync_actions t13 a5 t14)
28.0: (validate_payload t14 a6 t15)
29.0: (sync_actions t14 a6 t15)
30.0: (validate_payload t15 a8 t16)
31.0: (sync_actions t15 a8 t16)
32.0: (validate_payload t16 a11 t17)
33.0: (sync_actions t16 a11 t17)
34.0: (validate_payload t17 a38 t18)
35.0: (sync_actions t17 a38 t18)
36.0: (validate_payload t18 a40 t19)
37.0: (sync_actions t18 a40 t19)
38.0: (validate_payload t19 a41 t20)
39.0: (sync_actions t19 a41 t20)
40.0: (validate_payload t20 a12 t21)
41.0: (sync_actions t20 a12 t21)
42.0: (validate_payload t21 a23 t22)
43.0: (sync_actions t21 a23 t22)
44.0: (validate_payload t22 a17 t23)
45.0: (sync_actions t22 a17 t23)
46.0: (validate_payload t23 a18 t24)
47.0: (sync_actions t23 a18 t24)

Plan-Length:48
Metric (Search):0.0
Planning Time (msec): 29857
Heuristic Time (msec): 29482
Search Time (msec): 29856
Expanded Nodes:49
States Evaluated:1128
Number of Dead-Ends detected:1
Number of Duplicates detected:4
/usr/bin/time -v java -Xmx64g -jar ./enhsp.jar -o ./domain4.pddl -f ./problems/a42g11XOR-d7-dparsed-dneg1.decl/problem12.pddl -h hadd -s WAStar -ties smaller_g
Domain parsed
Problem parsed
Grounding..
Grounding Time: 212979
UFX:true
|F|:244882
|X|:12
|A|:4430
|P|:0
|E|:0
Numeric Error for Complex Condition Activated
H1 Setup Time (msec): 2830
h(I):0.0
-------------Time: 10s ; Expanded Nodes: 10 (Avg-Speed 1.0 n/s); Evaluated States: 245
Problem Solved

Found Plan:
0.0: (validate_payload t0 a7 t1)
1.0: (sync_actions t0 a7 t1)
2.0: (validate_payload t1 a13 t2)
3.0: (sync_actions t1 a13 t2)
4.0: (validate_payload t2 a15 t3)
5.0: (sync_actions t2 a15 t3)
6.0: (validate_payload t3 a16 t4)
7.0: (sync_actions t3 a16 t4)
8.0: (validate_payload t4 a14 t5)
9.0: (sync_actions t4 a14 t5)
10.0: (validate_payload t5 a8 t6)
11.0: (sync_actions t5 a8 t6)
12.0: (validate_payload t6 a11 t7)
13.0: (sync_actions t6 a11 t7)
14.0: (validate_payload t7 a21 t8)
15.0: (sync_actions t7 a21 t8)
16.0: (validate_payload t8 a22 t9)
17.0: (sync_actions t8 a22 t9)
18.0: (validate_payload t9 a12 t10)
19.0: (sync_actions t9 a12 t10)
20.0: (validate_payload t10 a23 t11)
21.0: (sync_actions t10 a23 t11)
22.0: (validate_payload t11 a17 t12)
23.0: (sync_actions t11 a17 t12)
24.0: (validate_payload t12 a18 t13)
25.0: (sync_actions t12 a18 t13)

Plan-Length:26
Metric (Search):0.0
Planning Time (msec): 16621
Heuristic Time (msec): 16310
Search Time (msec): 16618
Expanded Nodes:27
States Evaluated:632
Number of Dead-Ends detected:1
Number of Duplicates detected:4
/usr/bin/time -v java -Xmx64g -jar ./enhsp.jar -o ./domain4.pddl -f ./problems/a42g11XOR-d7-dparsed-dneg1.decl/problem13.pddl -h hadd -s WAStar -ties smaller_g
Domain parsed
Problem parsed
Grounding..
Grounding Time: 213968
UFX:true
|F|:244882
|X|:12
|A|:4430
|P|:0
|E|:0
Numeric Error for Complex Condition Activated
H1 Setup Time (msec): 2714
h(I):0.0
-------------Time: 10s ; Expanded Nodes: 10 (Avg-Speed 1.0 n/s); Evaluated States: 243
Problem Solved

Found Plan:
0.0: (validate_payload t0 a7 t1)
1.0: (sync_actions t0 a7 t1)
2.0: (validate_payload t1 a13 t2)
3.0: (sync_actions t1 a13 t2)
4.0: (validate_payload t2 a15 t3)
5.0: (sync_actions t2 a15 t3)
6.0: (validate_payload t3 a16 t4)
7.0: (sync_actions t3 a16 t4)
8.0: (validate_payload t4 a14 t5)
9.0: (sync_actions t4 a14 t5)
10.0: (validate_payload t5 a8 t6)
11.0: (sync_actions t5 a8 t6)
12.0: (validate_payload t6 a11 t7)
13.0: (sync_actions t6 a11 t7)
14.0: (validate_payload t7 a21 t8)
15.0: (sync_actions t7 a21 t8)
16.0: (validate_payload t8 a22 t9)
17.0: (sync_actions t8 a22 t9)
18.0: (validate_payload t9 a12 t10)
19.0: (sync_actions t9 a12 t10)
20.0: (validate_payload t10 a23 t11)
21.0: (sync_actions t10 a23 t11)
22.0: (validate_payload t11 a17 t12)
23.0: (sync_actions t11 a17 t12)
24.0: (validate_payload t12 a18 t13)
25.0: (sync_actions t12 a18 t13)

Plan-Length:26
Metric (Search):0.0
Planning Time (msec): 16790
Heuristic Time (msec): 16474
Search Time (msec): 16787
Expanded Nodes:27
States Evaluated:624
Number of Dead-Ends detected:1
Number of Duplicates detected:4
/usr/bin/time -v java -Xmx64g -jar ./enhsp.jar -o ./domain4.pddl -f ./problems/a42g11XOR-d7-dparsed-dneg1.decl/problem14.pddl -h hadd -s WAStar -ties smaller_g
Domain parsed
Problem parsed
Grounding..
Grounding Time: 213532
UFX:true
|F|:244882
|X|:12
|A|:4430
|P|:0
|E|:0
Numeric Error for Complex Condition Activated
H1 Setup Time (msec): 2869
h(I):0.0
-------------Time: 10s ; Expanded Nodes: 10 (Avg-Speed 1.0 n/s); Evaluated States: 245
Problem Solved

Found Plan:
0.0: (validate_payload t0 a7 t1)
1.0: (sync_actions t0 a7 t1)
2.0: (validate_payload t1 a13 t2)
3.0: (sync_actions t1 a13 t2)
4.0: (validate_payload t2 a15 t3)
5.0: (sync_actions t2 a15 t3)
6.0: (validate_payload t3 a16 t4)
7.0: (sync_actions t3 a16 t4)
8.0: (validate_payload t4 a14 t5)
9.0: (sync_actions t4 a14 t5)
10.0: (validate_payload t5 a8 t6)
11.0: (sync_actions t5 a8 t6)
12.0: (validate_payload t6 a11 t7)
13.0: (sync_actions t6 a11 t7)
14.0: (validate_payload t7 a21 t8)
15.0: (sync_actions t7 a21 t8)
16.0: (validate_payload t8 a22 t9)
17.0: (sync_actions t8 a22 t9)
18.0: (validate_payload t9 a12 t10)
19.0: (sync_actions t9 a12 t10)
20.0: (validate_payload t10 a23 t11)
21.0: (sync_actions t10 a23 t11)
22.0: (validate_payload t11 a17 t12)
23.0: (sync_actions t11 a17 t12)
24.0: (validate_payload t12 a18 t13)
25.0: (sync_actions t12 a18 t13)

Plan-Length:26
Metric (Search):0.0
Planning Time (msec): 16676
Heuristic Time (msec): 16387
Search Time (msec): 16673
Expanded Nodes:27
States Evaluated:626
Number of Dead-Ends detected:1
Number of Duplicates detected:2
/usr/bin/time -v java -Xmx64g -jar ./enhsp.jar -o ./domain4.pddl -f ./problems/a42g11XOR-d7-dparsed-dneg1.decl/problem15.pddl -h hadd -s WAStar -ties smaller_g
Domain parsed
Problem parsed
Grounding..
Grounding Time: 213134
UFX:true
|F|:244882
|X|:12
|A|:4430
|P|:0
|E|:0
Numeric Error for Complex Condition Activated
H1 Setup Time (msec): 2821
h(I):0.0
-------------Time: 10s ; Expanded Nodes: 12 (Avg-Speed 1.0 n/s); Evaluated States: 291
Problem Solved

Found Plan:
0.0: (validate_payload t0 a7 t1)
1.0: (sync_actions t0 a7 t1)
2.0: (validate_payload t1 a13 t2)
3.0: (sync_actions t1 a13 t2)
4.0: (validate_payload t2 a15 t3)
5.0: (sync_actions t2 a15 t3)
6.0: (validate_payload t3 a16 t4)
7.0: (sync_actions t3 a16 t4)
8.0: (validate_payload t4 a14 t5)
9.0: (sync_actions t4 a14 t5)
10.0: (validate_payload t5 a8 t6)
11.0: (sync_actions t5 a8 t6)
12.0: (validate_payload t6 a11 t7)
13.0: (sync_actions t6 a11 t7)
14.0: (validate_payload t7 a21 t8)
15.0: (sync_actions t7 a21 t8)
16.0: (validate_payload t8 a22 t9)
17.0: (sync_actions t8 a22 t9)
18.0: (validate_payload t9 a12 t10)
19.0: (sync_actions t9 a12 t10)
20.0: (validate_payload t10 a23 t11)
21.0: (sync_actions t10 a23 t11)
22.0: (validate_payload t11 a17 t12)
23.0: (sync_actions t11 a17 t12)
24.0: (validate_payload t12 a18 t13)
25.0: (sync_actions t12 a18 t13)

Plan-Length:26
Metric (Search):0.0
Planning Time (msec): 16171
Heuristic Time (msec): 15864
Search Time (msec): 16169
Expanded Nodes:27
States Evaluated:632
Number of Dead-Ends detected:1
Number of Duplicates detected:4
/usr/bin/time -v java -Xmx64g -jar ./enhsp.jar -o ./domain4.pddl -f ./problems/a42g11XOR-d7-dparsed-dneg1.decl/problem16.pddl -h hadd -s WAStar -ties smaller_g
Domain parsed
Problem parsed
Grounding..
Grounding Time: 239574
UFX:true
|F|:352625
|X|:13
|A|:4450
|P|:0
|E|:0
Numeric Error for Complex Condition Activated
H1 Setup Time (msec): 3335
h(I):0.0
-------------Time: 11s ; Expanded Nodes: 7 (Avg-Speed 0.0 n/s); Evaluated States: 149
-------------Time: 21s ; Expanded Nodes: 32 (Avg-Speed 1.0 n/s); Evaluated States: 765
Problem Solved

Found Plan:
0.0: (validate_payload t0 a7 t1)
1.0: (sync_actions t0 a7 t1)
2.0: (validate_payload t1 a4 t2)
3.0: (sync_actions t1 a4 t2)
4.0: (validate_payload t2 a20 t3)
5.0: (sync_actions t2 a20 t3)
6.0: (validate_payload t3 a19 t4)
7.0: (sync_actions t3 a19 t4)
8.0: (validate_payload t4 a39 t5)
9.0: (sync_actions t4 a39 t5)
10.0: (validate_payload t5 a31 t6)
11.0: (sync_actions t5 a31 t6)
12.0: (validate_payload t6 a30 t7)
13.0: (sync_actions t6 a30 t7)
14.0: (validate_payload t7 a33 t8)
15.0: (sync_actions t7 a33 t8)
16.0: (validate_payload t8 a32 t9)
17.0: (sync_actions t8 a32 t9)
18.0: (validate_payload t9 a5 t10)
19.0: (sync_actions t9 a5 t10)
20.0: (validate_payload t10 a6 t11)
21.0: (sync_actions t10 a6 t11)
22.0: (validate_payload t11 a8 t12)
23.0: (sync_actions t11 a8 t12)
24.0: (validate_payload t12 a11 t13)
25.0: (sync_actions t12 a11 t13)
26.0: (validate_payload t13 a21 t14)
27.0: (sync_actions t13 a21 t14)
28.0: (validate_payload t14 a22 t15)
29.0: (sync_actions t14 a22 t15)
30.0: (validate_payload t15 a12 t16)
31.0: (sync_actions t15 a12 t16)
32.0: (validate_payload t16 a23 t17)
33.0: (sync_actions t16 a23 t17)
34.0: (validate_payload t17 a17 t18)
35.0: (sync_actions t17 a17 t18)
36.0: (validate_payload t18 a18 t19)
37.0: (sync_actions t18 a18 t19)

Plan-Length:38
Metric (Search):0.0
Planning Time (msec): 24100
Heuristic Time (msec): 23786
Search Time (msec): 24098
Expanded Nodes:39
States Evaluated:908
Number of Dead-Ends detected:1
Number of Duplicates detected:8
/usr/bin/time -v java -Xmx64g -jar ./enhsp.jar -o ./domain4.pddl -f ./problems/a42g11XOR-d7-dparsed-dneg1.decl/problem17.pddl -h hadd -s WAStar -ties smaller_g
Domain parsed
Problem parsed
Grounding..
Grounding Time: 212498
UFX:true
|F|:244882
|X|:12
|A|:4430
|P|:0
|E|:0
Numeric Error for Complex Condition Activated
H1 Setup Time (msec): 2837
h(I):0.0
-------------Time: 10s ; Expanded Nodes: 10 (Avg-Speed 1.0 n/s); Evaluated States: 245
Problem Solved

Found Plan:
0.0: (validate_payload t0 a7 t1)
1.0: (sync_actions t0 a7 t1)
2.0: (validate_payload t1 a13 t2)
3.0: (sync_actions t1 a13 t2)
4.0: (validate_payload t2 a15 t3)
5.0: (sync_actions t2 a15 t3)
6.0: (validate_payload t3 a16 t4)
7.0: (sync_actions t3 a16 t4)
8.0: (validate_payload t4 a14 t5)
9.0: (sync_actions t4 a14 t5)
10.0: (validate_payload t5 a8 t6)
11.0: (sync_actions t5 a8 t6)
12.0: (validate_payload t6 a11 t7)
13.0: (sync_actions t6 a11 t7)
14.0: (validate_payload t7 a21 t8)
15.0: (sync_actions t7 a21 t8)
16.0: (validate_payload t8 a22 t9)
17.0: (sync_actions t8 a22 t9)
18.0: (validate_payload t9 a12 t10)
19.0: (sync_actions t9 a12 t10)
20.0: (validate_payload t10 a23 t11)
21.0: (sync_actions t10 a23 t11)
22.0: (validate_payload t11 a17 t12)
23.0: (sync_actions t11 a17 t12)
24.0: (validate_payload t12 a18 t13)
25.0: (sync_actions t12 a18 t13)

Plan-Length:26
Metric (Search):0.0
Planning Time (msec): 16359
Heuristic Time (msec): 16050
Search Time (msec): 16355
Expanded Nodes:27
States Evaluated:618
Number of Dead-Ends detected:1
Number of Duplicates detected:2
/usr/bin/time -v java -Xmx64g -jar ./enhsp.jar -o ./domain4.pddl -f ./problems/a42g11XOR-d7-dparsed-dneg1.decl/problem18.pddl -h hadd -s WAStar -ties smaller_g
Domain parsed
Problem parsed
Grounding..
Grounding Time: 256192
UFX:true
|F|:424453
|X|:13
|A|:4462
|P|:0
|E|:0
Numeric Error for Complex Condition Activated
H1 Setup Time (msec): 3968
h(I):0.0
-------------Time: 10s ; Expanded Nodes: 4 (Avg-Speed 0.0 n/s); Evaluated States: 101
-------------Time: 20s ; Expanded Nodes: 26 (Avg-Speed 1.0 n/s); Evaluated States: 609
Problem Solved

Found Plan:
0.0: (validate_payload t0 a7 t1)
1.0: (sync_actions t0 a7 t1)
2.0: (validate_payload t1 a4 t2)
3.0: (sync_actions t1 a4 t2)
4.0: (validate_payload t2 a20 t3)
5.0: (sync_actions t2 a20 t3)
6.0: (validate_payload t3 a27 t4)
7.0: (sync_actions t3 a27 t4)
8.0: (validate_payload t4 a1 t5)
9.0: (sync_actions t4 a1 t5)
10.0: (validate_payload t5 a0 t6)
11.0: (sync_actions t5 a0 t6)
12.0: (validate_payload t6 a26 t7)
13.0: (sync_actions t6 a26 t7)
14.0: (validate_payload t7 a25 t8)
15.0: (sync_actions t7 a25 t8)
16.0: (validate_payload t8 a2 t9)
17.0: (sync_actions t8 a2 t9)
18.0: (validate_payload t9 a31 t10)
19.0: (sync_actions t9 a31 t10)
20.0: (validate_payload t10 a30 t11)
21.0: (sync_actions t10 a30 t11)
22.0: (validate_payload t11 a33 t12)
23.0: (sync_actions t11 a33 t12)
24.0: (validate_payload t12 a32 t13)
25.0: (sync_actions t12 a32 t13)
26.0: (validate_payload t13 a5 t14)
27.0: (sync_actions t13 a5 t14)
28.0: (validate_payload t14 a6 t15)
29.0: (sync_actions t14 a6 t15)
30.0: (validate_payload t15 a8 t16)
31.0: (sync_actions t15 a8 t16)
32.0: (validate_payload t16 a11 t17)
33.0: (sync_actions t16 a11 t17)
34.0: (validate_payload t17 a21 t18)
35.0: (sync_actions t17 a21 t18)
36.0: (validate_payload t18 a22 t19)
37.0: (sync_actions t18 a22 t19)
38.0: (validate_payload t19 a12 t20)
39.0: (sync_actions t19 a12 t20)
40.0: (validate_payload t20 a23 t21)
41.0: (sync_actions t20 a23 t21)
42.0: (validate_payload t21 a17 t22)
43.0: (sync_actions t21 a17 t22)
44.0: (validate_payload t22 a18 t23)
45.0: (sync_actions t22 a18 t23)

Plan-Length:46
Metric (Search):0.0
Planning Time (msec): 29561
Heuristic Time (msec): 29242
Search Time (msec): 29558
Expanded Nodes:47
States Evaluated:1094
Number of Dead-Ends detected:1
Number of Duplicates detected:6
/usr/bin/time -v java -Xmx64g -jar ./enhsp.jar -o ./domain4.pddl -f ./problems/a42g11XOR-d7-dparsed-dneg1.decl/problem19.pddl -h hadd -s WAStar -ties smaller_g
Domain parsed
Problem parsed
Grounding..
Grounding Time: 240283
UFX:true
|F|:352625
|X|:13
|A|:4450
|P|:0
|E|:0
Numeric Error for Complex Condition Activated
H1 Setup Time (msec): 3381
h(I):0.0
-------------Time: 10s ; Expanded Nodes: 4 (Avg-Speed 0.0 n/s); Evaluated States: 99
-------------Time: 20s ; Expanded Nodes: 30 (Avg-Speed 1.0 n/s); Evaluated States: 701
Problem Solved

Found Plan:
0.0: (validate_payload t0 a7 t1)
1.0: (sync_actions t0 a7 t1)
2.0: (validate_payload t1 a4 t2)
3.0: (sync_actions t1 a4 t2)
4.0: (validate_payload t2 a20 t3)
5.0: (sync_actions t2 a20 t3)
6.0: (validate_payload t3 a19 t4)
7.0: (sync_actions t3 a19 t4)
8.0: (validate_payload t4 a39 t5)
9.0: (sync_actions t4 a39 t5)
10.0: (validate_payload t5 a31 t6)
11.0: (sync_actions t5 a31 t6)
12.0: (validate_payload t6 a30 t7)
13.0: (sync_actions t6 a30 t7)
14.0: (validate_payload t7 a33 t8)
15.0: (sync_actions t7 a33 t8)
16.0: (validate_payload t8 a32 t9)
17.0: (sync_actions t8 a32 t9)
18.0: (validate_payload t9 a5 t10)
19.0: (sync_actions t9 a5 t10)
20.0: (validate_payload t10 a6 t11)
21.0: (sync_actions t10 a6 t11)
22.0: (validate_payload t11 a8 t12)
23.0: (sync_actions t11 a8 t12)
24.0: (validate_payload t12 a11 t13)
25.0: (sync_actions t12 a11 t13)
26.0: (validate_payload t13 a21 t14)
27.0: (sync_actions t13 a21 t14)
28.0: (validate_payload t14 a22 t15)
29.0: (sync_actions t14 a22 t15)
30.0: (validate_payload t15 a12 t16)
31.0: (sync_actions t15 a12 t16)
32.0: (validate_payload t16 a23 t17)
33.0: (sync_actions t16 a23 t17)
34.0: (validate_payload t17 a17 t18)
35.0: (sync_actions t17 a17 t18)
36.0: (validate_payload t18 a18 t19)
37.0: (sync_actions t18 a18 t19)

Plan-Length:38
Metric (Search):0.0
Planning Time (msec): 23946
Heuristic Time (msec): 23556
Search Time (msec): 23944
Expanded Nodes:39
States Evaluated:894
Number of Dead-Ends detected:1
Number of Duplicates detected:2
/usr/bin/time -v java -Xmx64g -jar ./enhsp.jar -o ./domain4.pddl -f ./problems/a42g11XOR-d7-dparsed-dneg1.decl/problem20.pddl -h hadd -s WAStar -ties smaller_g
Domain parsed
Problem parsed
Grounding..
Grounding Time: 211695
UFX:true
|F|:244882
|X|:12
|A|:4430
|P|:0
|E|:0
Numeric Error for Complex Condition Activated
H1 Setup Time (msec): 2748
h(I):0.0
-------------Time: 10s ; Expanded Nodes: 10 (Avg-Speed 1.0 n/s); Evaluated States: 245
Problem Solved

Found Plan:
0.0: (validate_payload t0 a7 t1)
1.0: (sync_actions t0 a7 t1)
2.0: (validate_payload t1 a13 t2)
3.0: (sync_actions t1 a13 t2)
4.0: (validate_payload t2 a15 t3)
5.0: (sync_actions t2 a15 t3)
6.0: (validate_payload t3 a16 t4)
7.0: (sync_actions t3 a16 t4)
8.0: (validate_payload t4 a14 t5)
9.0: (sync_actions t4 a14 t5)
10.0: (validate_payload t5 a8 t6)
11.0: (sync_actions t5 a8 t6)
12.0: (validate_payload t6 a11 t7)
13.0: (sync_actions t6 a11 t7)
14.0: (validate_payload t7 a21 t8)
15.0: (sync_actions t7 a21 t8)
16.0: (validate_payload t8 a22 t9)
17.0: (sync_actions t8 a22 t9)
18.0: (validate_payload t9 a12 t10)
19.0: (sync_actions t9 a12 t10)
20.0: (validate_payload t10 a23 t11)
21.0: (sync_actions t10 a23 t11)
22.0: (validate_payload t11 a17 t12)
23.0: (sync_actions t11 a17 t12)
24.0: (validate_payload t12 a18 t13)
25.0: (sync_actions t12 a18 t13)

Plan-Length:26
Metric (Search):0.0
Planning Time (msec): 16743
Heuristic Time (msec): 16452
Search Time (msec): 16741
Expanded Nodes:27
States Evaluated:632
Number of Dead-Ends detected:1
Number of Duplicates detected:4
/usr/bin/time -v java -Xmx64g -jar ./enhsp.jar -o ./domain4.pddl -f ./problems/a42g11XOR-d7-dparsed-dneg1.decl/problem21.pddl -h hadd -s WAStar -ties smaller_g
Domain parsed
Problem parsed
Grounding..
Grounding Time: 211931
UFX:true
|F|:244882
|X|:12
|A|:4430
|P|:0
|E|:0
Numeric Error for Complex Condition Activated
H1 Setup Time (msec): 2828
h(I):0.0
-------------Time: 10s ; Expanded Nodes: 11 (Avg-Speed 1.0 n/s); Evaluated States: 245
f(n) = 1.0 (Expanded Nodes: 17, Evaluated States: 392, Time: 12.482) Frontier Size: 375
-------------Time: 20s ; Expanded Nodes: 33 (Avg-Speed 1.0 n/s); Evaluated States: 892
-------------Time: 30s ; Expanded Nodes: 61 (Avg-Speed 2.0 n/s); Evaluated States: 1517
-------------Time: 41s ; Expanded Nodes: 89 (Avg-Speed 2.0 n/s); Evaluated States: 2147
-------------Time: 51s ; Expanded Nodes: 116 (Avg-Speed 2.0 n/s); Evaluated States: 2776
Problem Solved

Found Plan:
0.0: (validate_payload t0 a7 t1)
1.0: (sync_actions t0 a7 t1)
2.0: (change_value a13 t1 t2 integer v5)
3.0: (validate_payload t1 a13 t2)
4.0: (sync_actions t1 a13 t2)
5.0: (validate_payload t2 a15 t3)
6.0: (sync_actions t2 a15 t3)
7.0: (validate_payload t3 a16 t4)
8.0: (sync_actions t3 a16 t4)
9.0: (validate_payload t4 a14 t5)
10.0: (sync_actions t4 a14 t5)
11.0: (validate_payload t5 a8 t6)
12.0: (sync_actions t5 a8 t6)
13.0: (validate_payload t6 a11 t7)
14.0: (sync_actions t6 a11 t7)
15.0: (validate_payload t7 a21 t8)
16.0: (sync_actions t7 a21 t8)
17.0: (validate_payload t8 a22 t9)
18.0: (sync_actions t8 a22 t9)
19.0: (validate_payload t9 a12 t10)
20.0: (sync_actions t9 a12 t10)
21.0: (validate_payload t10 a23 t11)
22.0: (sync_actions t10 a23 t11)
23.0: (validate_payload t11 a17 t12)
24.0: (sync_actions t11 a17 t12)
25.0: (validate_payload t12 a18 t13)
26.0: (sync_actions t12 a18 t13)

Plan-Length:27
Metric (Search):1.0
Planning Time (msec): 55544
Heuristic Time (msec): 54859
Search Time (msec): 55542
Expanded Nodes:129
States Evaluated:3061
Number of Dead-Ends detected:6
Number of Duplicates detected:126
/usr/bin/time -v java -Xmx64g -jar ./enhsp.jar -o ./domain4.pddl -f ./problems/a42g11XOR-d7-dparsed-dneg1.decl/problem22.pddl -h hadd -s WAStar -ties smaller_g
Domain parsed
Problem parsed
Grounding..
Grounding Time: 212517
UFX:true
|F|:244882
|X|:12
|A|:4430
|P|:0
|E|:0
Numeric Error for Complex Condition Activated
H1 Setup Time (msec): 2846
h(I):0.0
-------------Time: 10s ; Expanded Nodes: 11 (Avg-Speed 1.0 n/s); Evaluated States: 239
Problem Solved

Found Plan:
0.0: (validate_payload t0 a7 t1)
1.0: (sync_actions t0 a7 t1)
2.0: (validate_payload t1 a13 t2)
3.0: (sync_actions t1 a13 t2)
4.0: (validate_payload t2 a15 t3)
5.0: (sync_actions t2 a15 t3)
6.0: (validate_payload t3 a16 t4)
7.0: (sync_actions t3 a16 t4)
8.0: (validate_payload t4 a14 t5)
9.0: (sync_actions t4 a14 t5)
10.0: (validate_payload t5 a8 t6)
11.0: (sync_actions t5 a8 t6)
12.0: (validate_payload t6 a11 t7)
13.0: (sync_actions t6 a11 t7)
14.0: (validate_payload t7 a21 t8)
15.0: (sync_actions t7 a21 t8)
16.0: (validate_payload t8 a22 t9)
17.0: (sync_actions t8 a22 t9)
18.0: (validate_payload t9 a12 t10)
19.0: (sync_actions t9 a12 t10)
20.0: (validate_payload t10 a23 t11)
21.0: (sync_actions t10 a23 t11)
22.0: (validate_payload t11 a17 t12)
23.0: (sync_actions t11 a17 t12)
24.0: (validate_payload t12 a18 t13)
25.0: (sync_actions t12 a18 t13)

Plan-Length:26
Metric (Search):0.0
Planning Time (msec): 16549
Heuristic Time (msec): 16221
Search Time (msec): 16547
Expanded Nodes:27
States Evaluated:626
Number of Dead-Ends detected:1
Number of Duplicates detected:2
Loading openjdk/17.0.8.1_1
  Loading requirement: glibc/2.35-aocc-3.2.0-wetwhfr
    gcc-runtime/12.1.0-gcc-12.1.0-uotjsm3 glibc/2.35-aocc-3.2.0-dkzxmta
	Command being timed: "java -Xmx64g -jar ./enhsp.jar -o ./domain4.pddl -f ./problems/a42g11XOR-d7-dparsed-dneg1.decl/problem1.pddl -h hadd -s WAStar -ties smaller_g -dap"
	User time (seconds): 339.00
	System time (seconds): 16.19
	Percent of CPU this job got: 99%
	Elapsed (wall clock) time (h:mm:ss or m:ss): 5:55.37
	Average shared text size (kbytes): 0
	Average unshared data size (kbytes): 0
	Average stack size (kbytes): 0
	Average total size (kbytes): 0
	Maximum resident set size (kbytes): 31058556
	Average resident set size (kbytes): 0
	Major (requiring I/O) page faults: 196
	Minor (reclaiming a frame) page faults: 25816006
	Voluntary context switches: 15037
	Involuntary context switches: 15641
	Swaps: 0
	File system inputs: 0
	File system outputs: 1608
	Socket messages sent: 0
	Socket messages received: 0
	Signals delivered: 0
	Page size (bytes): 4096
	Exit status: 0
	Command being timed: "java -Xmx64g -jar ./enhsp.jar -o ./domain4.pddl -f ./problems/a42g11XOR-d7-dparsed-dneg1.decl/problem2.pddl -h hadd -s WAStar -ties smaller_g -dap"
	User time (seconds): 321.31
	System time (seconds): 15.79
	Percent of CPU this job got: 99%
	Elapsed (wall clock) time (h:mm:ss or m:ss): 5:37.26
	Average shared text size (kbytes): 0
	Average unshared data size (kbytes): 0
	Average stack size (kbytes): 0
	Average total size (kbytes): 0
	Maximum resident set size (kbytes): 30404612
	Average resident set size (kbytes): 0
	Major (requiring I/O) page faults: 188
	Minor (reclaiming a frame) page faults: 24213355
	Voluntary context switches: 14203
	Involuntary context switches: 15055
	Swaps: 0
	File system inputs: 0
	File system outputs: 1528
	Socket messages sent: 0
	Socket messages received: 0
	Signals delivered: 0
	Page size (bytes): 4096
	Exit status: 0
	Command being timed: "java -Xmx64g -jar ./enhsp.jar -o ./domain4.pddl -f ./problems/a42g11XOR-d7-dparsed-dneg1.decl/problem3.pddl -h hadd -s WAStar -ties smaller_g -dap"
	User time (seconds): 319.25
	System time (seconds): 15.96
	Percent of CPU this job got: 99%
	Elapsed (wall clock) time (h:mm:ss or m:ss): 5:35.37
	Average shared text size (kbytes): 0
	Average unshared data size (kbytes): 0
	Average stack size (kbytes): 0
	Average total size (kbytes): 0
	Maximum resident set size (kbytes): 30421868
	Average resident set size (kbytes): 0
	Major (requiring I/O) page faults: 187
	Minor (reclaiming a frame) page faults: 23427357
	Voluntary context switches: 14124
	Involuntary context switches: 14866
	Swaps: 0
	File system inputs: 0
	File system outputs: 1512
	Socket messages sent: 0
	Socket messages received: 0
	Signals delivered: 0
	Page size (bytes): 4096
	Exit status: 0
	Command being timed: "java -Xmx64g -jar ./enhsp.jar -o ./domain4.pddl -f ./problems/a42g11XOR-d7-dparsed-dneg1.decl/problem4.pddl -h hadd -s WAStar -ties smaller_g -dap"
	User time (seconds): 341.68
	System time (seconds): 17.47
	Percent of CPU this job got: 99%
	Elapsed (wall clock) time (h:mm:ss or m:ss): 5:59.32
	Average shared text size (kbytes): 0
	Average unshared data size (kbytes): 0
	Average stack size (kbytes): 0
	Average total size (kbytes): 0
	Maximum resident set size (kbytes): 31052784
	Average resident set size (kbytes): 0
	Major (requiring I/O) page faults: 200
	Minor (reclaiming a frame) page faults: 25779429
	Voluntary context switches: 14980
	Involuntary context switches: 16259
	Swaps: 0
	File system inputs: 0
	File system outputs: 1624
	Socket messages sent: 0
	Socket messages received: 0
	Signals delivered: 0
	Page size (bytes): 4096
	Exit status: 0
	Command being timed: "java -Xmx64g -jar ./enhsp.jar -o ./domain4.pddl -f ./problems/a42g11XOR-d7-dparsed-dneg1.decl/problem5.pddl -h hadd -s WAStar -ties smaller_g -dap"
	User time (seconds): 281.27
	System time (seconds): 14.68
	Percent of CPU this job got: 99%
	Elapsed (wall clock) time (h:mm:ss or m:ss): 4:56.10
	Average shared text size (kbytes): 0
	Average unshared data size (kbytes): 0
	Average stack size (kbytes): 0
	Average total size (kbytes): 0
	Maximum resident set size (kbytes): 28477148
	Average resident set size (kbytes): 0
	Major (requiring I/O) page faults: 167
	Minor (reclaiming a frame) page faults: 20943384
	Voluntary context switches: 13178
	Involuntary context switches: 13881
	Swaps: 0
	File system inputs: 0
	File system outputs: 1376
	Socket messages sent: 0
	Socket messages received: 0
	Signals delivered: 0
	Page size (bytes): 4096
	Exit status: 0
	Command being timed: "java -Xmx64g -jar ./enhsp.jar -o ./domain4.pddl -f ./problems/a42g11XOR-d7-dparsed-dneg1.decl/problem6.pddl -h hadd -s WAStar -ties smaller_g -dap"
	User time (seconds): 281.28
	System time (seconds): 14.11
	Percent of CPU this job got: 99%
	Elapsed (wall clock) time (h:mm:ss or m:ss): 4:55.54
	Average shared text size (kbytes): 0
	Average unshared data size (kbytes): 0
	Average stack size (kbytes): 0
	Average total size (kbytes): 0
	Maximum resident set size (kbytes): 28475776
	Average resident set size (kbytes): 0
	Major (requiring I/O) page faults: 167
	Minor (reclaiming a frame) page faults: 19847499
	Voluntary context switches: 13118
	Involuntary context switches: 13741
	Swaps: 0
	File system inputs: 0
	File system outputs: 1376
	Socket messages sent: 0
	Socket messages received: 0
	Signals delivered: 0
	Page size (bytes): 4096
	Exit status: 0
	Command being timed: "java -Xmx64g -jar ./enhsp.jar -o ./domain4.pddl -f ./problems/a42g11XOR-d7-dparsed-dneg1.decl/problem7.pddl -h hadd -s WAStar -ties smaller_g -dap"
	User time (seconds): 280.66
	System time (seconds): 13.94
	Percent of CPU this job got: 99%
	Elapsed (wall clock) time (h:mm:ss or m:ss): 4:54.73
	Average shared text size (kbytes): 0
	Average unshared data size (kbytes): 0
	Average stack size (kbytes): 0
	Average total size (kbytes): 0
	Maximum resident set size (kbytes): 28474048
	Average resident set size (kbytes): 0
	Major (requiring I/O) page faults: 165
	Minor (reclaiming a frame) page faults: 19866596
	Voluntary context switches: 13309
	Involuntary context switches: 13618
	Swaps: 0
	File system inputs: 0
	File system outputs: 1344
	Socket messages sent: 0
	Socket messages received: 0
	Signals delivered: 0
	Page size (bytes): 4096
	Exit status: 0
	Command being timed: "java -Xmx64g -jar ./enhsp.jar -o ./domain4.pddl -f ./problems/a42g11XOR-d7-dparsed-dneg1.decl/problem8.pddl -h hadd -s WAStar -ties smaller_g -dap"
	User time (seconds): 340.13
	System time (seconds): 16.84
	Percent of CPU this job got: 99%
	Elapsed (wall clock) time (h:mm:ss or m:ss): 5:57.14
	Average shared text size (kbytes): 0
	Average unshared data size (kbytes): 0
	Average stack size (kbytes): 0
	Average total size (kbytes): 0
	Maximum resident set size (kbytes): 31055608
	Average resident set size (kbytes): 0
	Major (requiring I/O) page faults: 200
	Minor (reclaiming a frame) page faults: 25595121
	Voluntary context switches: 14900
	Involuntary context switches: 15350
	Swaps: 0
	File system inputs: 0
	File system outputs: 1616
	Socket messages sent: 0
	Socket messages received: 0
	Signals delivered: 0
	Page size (bytes): 4096
	Exit status: 0
	Command being timed: "java -Xmx64g -jar ./enhsp.jar -o ./domain4.pddl -f ./problems/a42g11XOR-d7-dparsed-dneg1.decl/problem9.pddl -h hadd -s WAStar -ties smaller_g -dap"
	User time (seconds): 324.62
	System time (seconds): 14.86
	Percent of CPU this job got: 99%
	Elapsed (wall clock) time (h:mm:ss or m:ss): 5:39.64
	Average shared text size (kbytes): 0
	Average unshared data size (kbytes): 0
	Average stack size (kbytes): 0
	Average total size (kbytes): 0
	Maximum resident set size (kbytes): 28476444
	Average resident set size (kbytes): 0
	Major (requiring I/O) page faults: 187
	Minor (reclaiming a frame) page faults: 24223849
	Voluntary context switches: 14231
	Involuntary context switches: 14403
	Swaps: 0
	File system inputs: 0
	File system outputs: 1528
	Socket messages sent: 0
	Socket messages received: 0
	Signals delivered: 0
	Page size (bytes): 4096
	Exit status: 0
	Command being timed: "java -Xmx64g -jar ./enhsp.jar -o ./domain4.pddl -f ./problems/a42g11XOR-d7-dparsed-dneg1.decl/problem10.pddl -h hadd -s WAStar -ties smaller_g -dap"
	User time (seconds): 347.41
	System time (seconds): 16.93
	Percent of CPU this job got: 99%
	Elapsed (wall clock) time (h:mm:ss or m:ss): 6:04.50
	Average shared text size (kbytes): 0
	Average unshared data size (kbytes): 0
	Average stack size (kbytes): 0
	Average total size (kbytes): 0
	Maximum resident set size (kbytes): 31815160
	Average resident set size (kbytes): 0
	Major (requiring I/O) page faults: 199
	Minor (reclaiming a frame) page faults: 25587416
	Voluntary context switches: 15089
	Involuntary context switches: 15456
	Swaps: 0
	File system inputs: 0
	File system outputs: 1632
	Socket messages sent: 0
	Socket messages received: 0
	Signals delivered: 0
	Page size (bytes): 4096
	Exit status: 0
	Command being timed: "java -Xmx64g -jar ./enhsp.jar -o ./domain4.pddl -f ./problems/a42g11XOR-d7-dparsed-dneg1.decl/problem11.pddl -h hadd -s WAStar -ties smaller_g -dap"
	User time (seconds): 348.17
	System time (seconds): 17.10
	Percent of CPU this job got: 99%
	Elapsed (wall clock) time (h:mm:ss or m:ss): 6:05.45
	Average shared text size (kbytes): 0
	Average unshared data size (kbytes): 0
	Average stack size (kbytes): 0
	Average total size (kbytes): 0
	Maximum resident set size (kbytes): 31817400
	Average resident set size (kbytes): 0
	Major (requiring I/O) page faults: 202
	Minor (reclaiming a frame) page faults: 25557702
	Voluntary context switches: 14996
	Involuntary context switches: 15715
	Swaps: 0
	File system inputs: 0
	File system outputs: 1664
	Socket messages sent: 0
	Socket messages received: 0
	Signals delivered: 0
	Page size (bytes): 4096
	Exit status: 0
	Command being timed: "java -Xmx64g -jar ./enhsp.jar -o ./domain4.pddl -f ./problems/a42g11XOR-d7-dparsed-dneg1.decl/problem12.pddl -h hadd -s WAStar -ties smaller_g -dap"
	User time (seconds): 278.83
	System time (seconds): 14.50
	Percent of CPU this job got: 99%
	Elapsed (wall clock) time (h:mm:ss or m:ss): 4:53.48
	Average shared text size (kbytes): 0
	Average unshared data size (kbytes): 0
	Average stack size (kbytes): 0
	Average total size (kbytes): 0
	Maximum resident set size (kbytes): 28425592
	Average resident set size (kbytes): 0
	Major (requiring I/O) page faults: 165
	Minor (reclaiming a frame) page faults: 20643920
	Voluntary context switches: 13191
	Involuntary context switches: 13501
	Swaps: 0
	File system inputs: 0
	File system outputs: 1352
	Socket messages sent: 0
	Socket messages received: 0
	Signals delivered: 0
	Page size (bytes): 4096
	Exit status: 0
	Command being timed: "java -Xmx64g -jar ./enhsp.jar -o ./domain4.pddl -f ./problems/a42g11XOR-d7-dparsed-dneg1.decl/problem13.pddl -h hadd -s WAStar -ties smaller_g -dap"
	User time (seconds): 279.38
	System time (seconds): 14.42
	Percent of CPU this job got: 99%
	Elapsed (wall clock) time (h:mm:ss or m:ss): 4:53.93
	Average shared text size (kbytes): 0
	Average unshared data size (kbytes): 0
	Average stack size (kbytes): 0
	Average total size (kbytes): 0
	Maximum resident set size (kbytes): 28423176
	Average resident set size (kbytes): 0
	Major (requiring I/O) page faults: 165
	Minor (reclaiming a frame) page faults: 20034779
	Voluntary context switches: 12961
	Involuntary context switches: 13436
	Swaps: 0
	File system inputs: 0
	File system outputs: 1360
	Socket messages sent: 0
	Socket messages received: 0
	Signals delivered: 0
	Page size (bytes): 4096
	Exit status: 0
	Command being timed: "java -Xmx64g -jar ./enhsp.jar -o ./domain4.pddl -f ./problems/a42g11XOR-d7-dparsed-dneg1.decl/problem14.pddl -h hadd -s WAStar -ties smaller_g -dap"
	User time (seconds): 278.58
	System time (seconds): 14.58
	Percent of CPU this job got: 99%
	Elapsed (wall clock) time (h:mm:ss or m:ss): 4:53.31
	Average shared text size (kbytes): 0
	Average unshared data size (kbytes): 0
	Average stack size (kbytes): 0
	Average total size (kbytes): 0
	Maximum resident set size (kbytes): 28476552
	Average resident set size (kbytes): 0
	Major (requiring I/O) page faults: 165
	Minor (reclaiming a frame) page faults: 20299213
	Voluntary context switches: 13159
	Involuntary context switches: 14255
	Swaps: 0
	File system inputs: 0
	File system outputs: 1336
	Socket messages sent: 0
	Socket messages received: 0
	Signals delivered: 0
	Page size (bytes): 4096
	Exit status: 0
	Command being timed: "java -Xmx64g -jar ./enhsp.jar -o ./domain4.pddl -f ./problems/a42g11XOR-d7-dparsed-dneg1.decl/problem15.pddl -h hadd -s WAStar -ties smaller_g -dap"
	User time (seconds): 278.48
	System time (seconds): 13.67
	Percent of CPU this job got: 99%
	Elapsed (wall clock) time (h:mm:ss or m:ss): 4:52.29
	Average shared text size (kbytes): 0
	Average unshared data size (kbytes): 0
	Average stack size (kbytes): 0
	Average total size (kbytes): 0
	Maximum resident set size (kbytes): 28482176
	Average resident set size (kbytes): 0
	Major (requiring I/O) page faults: 165
	Minor (reclaiming a frame) page faults: 20051081
	Voluntary context switches: 13189
	Involuntary context switches: 13870
	Swaps: 0
	File system inputs: 0
	File system outputs: 1344
	Socket messages sent: 0
	Socket messages received: 0
	Signals delivered: 0
	Page size (bytes): 4096
	Exit status: 0
	Command being timed: "java -Xmx64g -jar ./enhsp.jar -o ./domain4.pddl -f ./problems/a42g11XOR-d7-dparsed-dneg1.decl/problem16.pddl -h hadd -s WAStar -ties smaller_g -dap"
	User time (seconds): 318.34
	System time (seconds): 15.52
	Percent of CPU this job got: 99%
	Elapsed (wall clock) time (h:mm:ss or m:ss): 5:34.02
	Average shared text size (kbytes): 0
	Average unshared data size (kbytes): 0
	Average stack size (kbytes): 0
	Average total size (kbytes): 0
	Maximum resident set size (kbytes): 30416924
	Average resident set size (kbytes): 0
	Major (requiring I/O) page faults: 185
	Minor (reclaiming a frame) page faults: 23166321
	Voluntary context switches: 13989
	Involuntary context switches: 14759
	Swaps: 0
	File system inputs: 0
	File system outputs: 1504
	Socket messages sent: 0
	Socket messages received: 0
	Signals delivered: 0
	Page size (bytes): 4096
	Exit status: 0
	Command being timed: "java -Xmx64g -jar ./enhsp.jar -o ./domain4.pddl -f ./problems/a42g11XOR-d7-dparsed-dneg1.decl/problem17.pddl -h hadd -s WAStar -ties smaller_g -dap"
	User time (seconds): 278.02
	System time (seconds): 13.61
	Percent of CPU this job got: 99%
	Elapsed (wall clock) time (h:mm:ss or m:ss): 4:51.76
	Average shared text size (kbytes): 0
	Average unshared data size (kbytes): 0
	Average stack size (kbytes): 0
	Average total size (kbytes): 0
	Maximum resident set size (kbytes): 28474272
	Average resident set size (kbytes): 0
	Major (requiring I/O) page faults: 165
	Minor (reclaiming a frame) page faults: 19919104
	Voluntary context switches: 13130
	Involuntary context switches: 13287
	Swaps: 0
	File system inputs: 0
	File system outputs: 1352
	Socket messages sent: 0
	Socket messages received: 0
	Signals delivered: 0
	Page size (bytes): 4096
	Exit status: 0
	Command being timed: "java -Xmx64g -jar ./enhsp.jar -o ./domain4.pddl -f ./problems/a42g11XOR-d7-dparsed-dneg1.decl/problem18.pddl -h hadd -s WAStar -ties smaller_g -dap"
	User time (seconds): 347.16
	System time (seconds): 16.82
	Percent of CPU this job got: 99%
	Elapsed (wall clock) time (h:mm:ss or m:ss): 6:04.16
	Average shared text size (kbytes): 0
	Average unshared data size (kbytes): 0
	Average stack size (kbytes): 0
	Average total size (kbytes): 0
	Maximum resident set size (kbytes): 31324156
	Average resident set size (kbytes): 0
	Major (requiring I/O) page faults: 203
	Minor (reclaiming a frame) page faults: 26101347
	Voluntary context switches: 14902
	Involuntary context switches: 15945
	Swaps: 0
	File system inputs: 0
	File system outputs: 1672
	Socket messages sent: 0
	Socket messages received: 0
	Signals delivered: 0
	Page size (bytes): 4096
	Exit status: 0
	Command being timed: "java -Xmx64g -jar ./enhsp.jar -o ./domain4.pddl -f ./problems/a42g11XOR-d7-dparsed-dneg1.decl/problem19.pddl -h hadd -s WAStar -ties smaller_g -dap"
	User time (seconds): 318.36
	System time (seconds): 16.57
	Percent of CPU this job got: 99%
	Elapsed (wall clock) time (h:mm:ss or m:ss): 5:35.16
	Average shared text size (kbytes): 0
	Average unshared data size (kbytes): 0
	Average stack size (kbytes): 0
	Average total size (kbytes): 0
	Maximum resident set size (kbytes): 30388044
	Average resident set size (kbytes): 0
	Major (requiring I/O) page faults: 187
	Minor (reclaiming a frame) page faults: 23849113
	Voluntary context switches: 14022
	Involuntary context switches: 15644
	Swaps: 0
	File system inputs: 0
	File system outputs: 1528
	Socket messages sent: 0
	Socket messages received: 0
	Signals delivered: 0
	Page size (bytes): 4096
	Exit status: 0
	Command being timed: "java -Xmx64g -jar ./enhsp.jar -o ./domain4.pddl -f ./problems/a42g11XOR-d7-dparsed-dneg1.decl/problem20.pddl -h hadd -s WAStar -ties smaller_g -dap"
	User time (seconds): 277.36
	System time (seconds): 13.94
	Percent of CPU this job got: 99%
	Elapsed (wall clock) time (h:mm:ss or m:ss): 4:51.47
	Average shared text size (kbytes): 0
	Average unshared data size (kbytes): 0
	Average stack size (kbytes): 0
	Average total size (kbytes): 0
	Maximum resident set size (kbytes): 28473792
	Average resident set size (kbytes): 0
	Major (requiring I/O) page faults: 160
	Minor (reclaiming a frame) page faults: 20069759
	Voluntary context switches: 13162
	Involuntary context switches: 13704
	Swaps: 0
	File system inputs: 0
	File system outputs: 1320
	Socket messages sent: 0
	Socket messages received: 0
	Signals delivered: 0
	Page size (bytes): 4096
	Exit status: 0
	Command being timed: "java -Xmx64g -jar ./enhsp.jar -o ./domain4.pddl -f ./problems/a42g11XOR-d7-dparsed-dneg1.decl/problem21.pddl -h hadd -s WAStar -ties smaller_g -dap"
	User time (seconds): 317.42
	System time (seconds): 15.40
	Percent of CPU this job got: 99%
	Elapsed (wall clock) time (h:mm:ss or m:ss): 5:33.10
	Average shared text size (kbytes): 0
	Average unshared data size (kbytes): 0
	Average stack size (kbytes): 0
	Average total size (kbytes): 0
	Maximum resident set size (kbytes): 28474620
	Average resident set size (kbytes): 0
	Major (requiring I/O) page faults: 183
	Minor (reclaiming a frame) page faults: 23512321
	Voluntary context switches: 14271
	Involuntary context switches: 15201
	Swaps: 0
	File system inputs: 0
	File system outputs: 1488
	Socket messages sent: 0
	Socket messages received: 0
	Signals delivered: 0
	Page size (bytes): 4096
	Exit status: 0
	Command being timed: "java -Xmx64g -jar ./enhsp.jar -o ./domain4.pddl -f ./problems/a42g11XOR-d7-dparsed-dneg1.decl/problem22.pddl -h hadd -s WAStar -ties smaller_g -dap"
	User time (seconds): 277.80
	System time (seconds): 14.06
	Percent of CPU this job got: 99%
	Elapsed (wall clock) time (h:mm:ss or m:ss): 4:52.02
	Average shared text size (kbytes): 0
	Average unshared data size (kbytes): 0
	Average stack size (kbytes): 0
	Average total size (kbytes): 0
	Maximum resident set size (kbytes): 28472184
	Average resident set size (kbytes): 0
	Major (requiring I/O) page faults: 164
	Minor (reclaiming a frame) page faults: 19965742
	Voluntary context switches: 13214
	Involuntary context switches: 13728
	Swaps: 0
	File system inputs: 0
	File system outputs: 1336
	Socket messages sent: 0
	Socket messages received: 0
	Signals delivered: 0
	Page size (bytes): 4096
	Exit status: 0
slurmstepd-hpcfst01: error: *** JOB 40307 ON hpcfst01 CANCELLED AT 2025-05-26T03:35:36 DUE TO TIME LIMIT ***
