Loading openjdk/17.0.8.1_1
  Loading requirement: glibc/2.35-aocc-3.2.0-wetwhfr
    gcc-runtime/12.1.0-gcc-12.1.0-uotjsm3 glibc/2.35-aocc-3.2.0-dkzxmta
	Command being timed: "java -Xmx64g -jar ./enhsp.jar -o ./domain4.pddl -f ./problems/a42g11XOR-d7/problem1.pddl -h hadd -s WAStar -ties smaller_g -dap"
	User time (seconds): 337.94
	System time (seconds): 16.28
	Percent of CPU this job got: 99%
	Elapsed (wall clock) time (h:mm:ss or m:ss): 5:55.55
	Average shared text size (kbytes): 0
	Average unshared data size (kbytes): 0
	Average stack size (kbytes): 0
	Average total size (kbytes): 0
	Maximum resident set size (kbytes): 30708772
	Average resident set size (kbytes): 0
	Major (requiring I/O) page faults: 218
	Minor (reclaiming a frame) page faults: 25185890
	Voluntary context switches: 15099
	Involuntary context switches: 16289
	Swaps: 0
	File system inputs: 16384
	File system outputs: 1608
	Socket messages sent: 0
	Socket messages received: 0
	Signals delivered: 0
	Page size (bytes): 4096
	Exit status: 0
	Command being timed: "java -Xmx64g -jar ./enhsp.jar -o ./domain4.pddl -f ./problems/a42g11XOR-d7/problem2.pddl -h hadd -s WAStar -ties smaller_g -dap"
	User time (seconds): 318.32
	System time (seconds): 15.87
	Percent of CPU this job got: 99%
	Elapsed (wall clock) time (h:mm:ss or m:ss): 5:35.36
	Average shared text size (kbytes): 0
	Average unshared data size (kbytes): 0
	Average stack size (kbytes): 0
	Average total size (kbytes): 0
	Maximum resident set size (kbytes): 29853192
	Average resident set size (kbytes): 0
	Major (requiring I/O) page faults: 231
	Minor (reclaiming a frame) page faults: 24876049
	Voluntary context switches: 14233
	Involuntary context switches: 16289
	Swaps: 0
	File system inputs: 0
	File system outputs: 1528
	Socket messages sent: 0
	Socket messages received: 0
	Signals delivered: 0
	Page size (bytes): 4096
	Exit status: 0
	Command being timed: "java -Xmx64g -jar ./enhsp.jar -o ./domain4.pddl -f ./problems/a42g11XOR-d7/problem3.pddl -h hadd -s WAStar -ties smaller_g -dap"
	User time (seconds): 315.71
	System time (seconds): 15.56
	Percent of CPU this job got: 99%
	Elapsed (wall clock) time (h:mm:ss or m:ss): 5:31.53
	Average shared text size (kbytes): 0
	Average unshared data size (kbytes): 0
	Average stack size (kbytes): 0
	Average total size (kbytes): 0
	Maximum resident set size (kbytes): 29849544
	Average resident set size (kbytes): 0
	Major (requiring I/O) page faults: 201
	Minor (reclaiming a frame) page faults: 24460901
	Voluntary context switches: 14148
	Involuntary context switches: 15618
	Swaps: 0
	File system inputs: 0
	File system outputs: 1584
	Socket messages sent: 0
	Socket messages received: 0
	Signals delivered: 0
	Page size (bytes): 4096
	Exit status: 0
	Command being timed: "java -Xmx64g -jar ./enhsp.jar -o ./domain4.pddl -f ./problems/a42g11XOR-d7/problem4.pddl -h hadd -s WAStar -ties smaller_g -dap"
	User time (seconds): 331.23
	System time (seconds): 16.37
	Percent of CPU this job got: 99%
	Elapsed (wall clock) time (h:mm:ss or m:ss): 5:47.77
	Average shared text size (kbytes): 0
	Average unshared data size (kbytes): 0
	Average stack size (kbytes): 0
	Average total size (kbytes): 0
	Maximum resident set size (kbytes): 30725992
	Average resident set size (kbytes): 0
	Major (requiring I/O) page faults: 195
	Minor (reclaiming a frame) page faults: 25127038
	Voluntary context switches: 14636
	Involuntary context switches: 15795
	Swaps: 0
	File system inputs: 0
	File system outputs: 1608
	Socket messages sent: 0
	Socket messages received: 0
	Signals delivered: 0
	Page size (bytes): 4096
	Exit status: 0
	Command being timed: "java -Xmx64g -jar ./enhsp.jar -o ./domain4.pddl -f ./problems/a42g11XOR-d7/problem5.pddl -h hadd -s WAStar -ties smaller_g -dap"
	User time (seconds): 272.27
	System time (seconds): 13.23
	Percent of CPU this job got: 99%
	Elapsed (wall clock) time (h:mm:ss or m:ss): 4:45.64
	Average shared text size (kbytes): 0
	Average unshared data size (kbytes): 0
	Average stack size (kbytes): 0
	Average total size (kbytes): 0
	Maximum resident set size (kbytes): 28138744
	Average resident set size (kbytes): 0
	Major (requiring I/O) page faults: 157
	Minor (reclaiming a frame) page faults: 19559542
	Voluntary context switches: 12871
	Involuntary context switches: 13380
	Swaps: 0
	File system inputs: 0
	File system outputs: 1288
	Socket messages sent: 0
	Socket messages received: 0
	Signals delivered: 0
	Page size (bytes): 4096
	Exit status: 0
	Command being timed: "java -Xmx64g -jar ./enhsp.jar -o ./domain4.pddl -f ./problems/a42g11XOR-d7/problem6.pddl -h hadd -s WAStar -ties smaller_g -dap"
	User time (seconds): 272.53
	System time (seconds): 13.76
	Percent of CPU this job got: 99%
	Elapsed (wall clock) time (h:mm:ss or m:ss): 4:46.43
	Average shared text size (kbytes): 0
	Average unshared data size (kbytes): 0
	Average stack size (kbytes): 0
	Average total size (kbytes): 0
	Maximum resident set size (kbytes): 28140504
	Average resident set size (kbytes): 0
	Major (requiring I/O) page faults: 162
	Minor (reclaiming a frame) page faults: 19520165
	Voluntary context switches: 12849
	Involuntary context switches: 13187
	Swaps: 0
	File system inputs: 0
	File system outputs: 1328
	Socket messages sent: 0
	Socket messages received: 0
	Signals delivered: 0
	Page size (bytes): 4096
	Exit status: 0
	Command being timed: "java -Xmx64g -jar ./enhsp.jar -o ./domain4.pddl -f ./problems/a42g11XOR-d7/problem7.pddl -h hadd -s WAStar -ties smaller_g -dap"
	User time (seconds): 272.38
	System time (seconds): 13.22
	Percent of CPU this job got: 99%
	Elapsed (wall clock) time (h:mm:ss or m:ss): 4:45.74
	Average shared text size (kbytes): 0
	Average unshared data size (kbytes): 0
	Average stack size (kbytes): 0
	Average total size (kbytes): 0
	Maximum resident set size (kbytes): 28125956
	Average resident set size (kbytes): 0
	Major (requiring I/O) page faults: 162
	Minor (reclaiming a frame) page faults: 19474124
	Voluntary context switches: 12916
	Involuntary context switches: 13134
	Swaps: 0
	File system inputs: 0
	File system outputs: 1336
	Socket messages sent: 0
	Socket messages received: 0
	Signals delivered: 0
	Page size (bytes): 4096
	Exit status: 0
	Command being timed: "java -Xmx64g -jar ./enhsp.jar -o ./domain4.pddl -f ./problems/a42g11XOR-d7/problem8.pddl -h hadd -s WAStar -ties smaller_g -dap"
	User time (seconds): 337.61
	System time (seconds): 16.15
	Percent of CPU this job got: 99%
	Elapsed (wall clock) time (h:mm:ss or m:ss): 5:53.95
	Average shared text size (kbytes): 0
	Average unshared data size (kbytes): 0
	Average stack size (kbytes): 0
	Average total size (kbytes): 0
	Maximum resident set size (kbytes): 30722656
	Average resident set size (kbytes): 0
	Major (requiring I/O) page faults: 199
	Minor (reclaiming a frame) page faults: 25186197
	Voluntary context switches: 14797
	Involuntary context switches: 15389
	Swaps: 0
	File system inputs: 0
	File system outputs: 1632
	Socket messages sent: 0
	Socket messages received: 0
	Signals delivered: 0
	Page size (bytes): 4096
	Exit status: 0
	Command being timed: "java -Xmx64g -jar ./enhsp.jar -o ./domain4.pddl -f ./problems/a42g11XOR-d7/problem9.pddl -h hadd -s WAStar -ties smaller_g -dap"
	User time (seconds): 272.69
	System time (seconds): 13.16
	Percent of CPU this job got: 99%
	Elapsed (wall clock) time (h:mm:ss or m:ss): 4:45.98
	Average shared text size (kbytes): 0
	Average unshared data size (kbytes): 0
	Average stack size (kbytes): 0
	Average total size (kbytes): 0
	Maximum resident set size (kbytes): 28113564
	Average resident set size (kbytes): 0
	Major (requiring I/O) page faults: 162
	Minor (reclaiming a frame) page faults: 18433837
	Voluntary context switches: 13029
	Involuntary context switches: 13213
	Swaps: 0
	File system inputs: 0
	File system outputs: 1336
	Socket messages sent: 0
	Socket messages received: 0
	Signals delivered: 0
	Page size (bytes): 4096
	Exit status: 0
	Command being timed: "java -Xmx64g -jar ./enhsp.jar -o ./domain4.pddl -f ./problems/a42g11XOR-d7/problem10.pddl -h hadd -s WAStar -ties smaller_g -dap"
	User time (seconds): 344.42
	System time (seconds): 16.41
	Percent of CPU this job got: 99%
	Elapsed (wall clock) time (h:mm:ss or m:ss): 6:01.14
	Average shared text size (kbytes): 0
	Average unshared data size (kbytes): 0
	Average stack size (kbytes): 0
	Average total size (kbytes): 0
	Maximum resident set size (kbytes): 31299932
	Average resident set size (kbytes): 0
	Major (requiring I/O) page faults: 199
	Minor (reclaiming a frame) page faults: 25201607
	Voluntary context switches: 15228
	Involuntary context switches: 15596
	Swaps: 0
	File system inputs: 0
	File system outputs: 1608
	Socket messages sent: 0
	Socket messages received: 0
	Signals delivered: 0
	Page size (bytes): 4096
	Exit status: 0
	Command being timed: "java -Xmx64g -jar ./enhsp.jar -o ./domain4.pddl -f ./problems/a42g11XOR-d7/problem11.pddl -h hadd -s WAStar -ties smaller_g -dap"
	User time (seconds): 345.60
	System time (seconds): 16.21
	Percent of CPU this job got: 99%
	Elapsed (wall clock) time (h:mm:ss or m:ss): 6:02.01
	Average shared text size (kbytes): 0
	Average unshared data size (kbytes): 0
	Average stack size (kbytes): 0
	Average total size (kbytes): 0
	Maximum resident set size (kbytes): 31302288
	Average resident set size (kbytes): 0
	Major (requiring I/O) page faults: 201
	Minor (reclaiming a frame) page faults: 25576527
	Voluntary context switches: 15023
	Involuntary context switches: 15561
	Swaps: 0
	File system inputs: 8192
	File system outputs: 1648
	Socket messages sent: 0
	Socket messages received: 0
	Signals delivered: 0
	Page size (bytes): 4096
	Exit status: 0
	Command being timed: "java -Xmx64g -jar ./enhsp.jar -o ./domain4.pddl -f ./problems/a42g11XOR-d7/problem12.pddl -h hadd -s WAStar -ties smaller_g -dap"
	User time (seconds): 277.83
	System time (seconds): 14.05
	Percent of CPU this job got: 99%
	Elapsed (wall clock) time (h:mm:ss or m:ss): 4:52.02
	Average shared text size (kbytes): 0
	Average unshared data size (kbytes): 0
	Average stack size (kbytes): 0
	Average total size (kbytes): 0
	Maximum resident set size (kbytes): 28139284
	Average resident set size (kbytes): 0
	Major (requiring I/O) page faults: 165
	Minor (reclaiming a frame) page faults: 20231574
	Voluntary context switches: 13133
	Involuntary context switches: 13521
	Swaps: 0
	File system inputs: 0
	File system outputs: 1360
	Socket messages sent: 0
	Socket messages received: 0
	Signals delivered: 0
	Page size (bytes): 4096
	Exit status: 0
	Command being timed: "java -Xmx64g -jar ./enhsp.jar -o ./domain4.pddl -f ./problems/a42g11XOR-d7/problem13.pddl -h hadd -s WAStar -ties smaller_g -dap"
	User time (seconds): 276.39
	System time (seconds): 13.60
	Percent of CPU this job got: 99%
	Elapsed (wall clock) time (h:mm:ss or m:ss): 4:50.13
	Average shared text size (kbytes): 0
	Average unshared data size (kbytes): 0
	Average stack size (kbytes): 0
	Average total size (kbytes): 0
	Maximum resident set size (kbytes): 28147012
	Average resident set size (kbytes): 0
	Major (requiring I/O) page faults: 165
	Minor (reclaiming a frame) page faults: 19624222
	Voluntary context switches: 13010
	Involuntary context switches: 13659
	Swaps: 0
	File system inputs: 0
	File system outputs: 1344
	Socket messages sent: 0
	Socket messages received: 0
	Signals delivered: 0
	Page size (bytes): 4096
	Exit status: 0
	Command being timed: "java -Xmx64g -jar ./enhsp.jar -o ./domain4.pddl -f ./problems/a42g11XOR-d7/problem14.pddl -h hadd -s WAStar -ties smaller_g -dap"
	User time (seconds): 275.72
	System time (seconds): 13.33
	Percent of CPU this job got: 99%
	Elapsed (wall clock) time (h:mm:ss or m:ss): 4:49.20
	Average shared text size (kbytes): 0
	Average unshared data size (kbytes): 0
	Average stack size (kbytes): 0
	Average total size (kbytes): 0
	Maximum resident set size (kbytes): 28140132
	Average resident set size (kbytes): 0
	Major (requiring I/O) page faults: 161
	Minor (reclaiming a frame) page faults: 19512158
	Voluntary context switches: 13013
	Involuntary context switches: 13637
	Swaps: 0
	File system inputs: 0
	File system outputs: 1304
	Socket messages sent: 0
	Socket messages received: 0
	Signals delivered: 0
	Page size (bytes): 4096
	Exit status: 0
	Command being timed: "java -Xmx64g -jar ./enhsp.jar -o ./domain4.pddl -f ./problems/a42g11XOR-d7/problem15.pddl -h hadd -s WAStar -ties smaller_g -dap"
	User time (seconds): 274.44
	System time (seconds): 13.53
	Percent of CPU this job got: 99%
	Elapsed (wall clock) time (h:mm:ss or m:ss): 4:48.13
	Average shared text size (kbytes): 0
	Average unshared data size (kbytes): 0
	Average stack size (kbytes): 0
	Average total size (kbytes): 0
	Maximum resident set size (kbytes): 28126664
	Average resident set size (kbytes): 0
	Major (requiring I/O) page faults: 161
	Minor (reclaiming a frame) page faults: 19681034
	Voluntary context switches: 12848
	Involuntary context switches: 13163
	Swaps: 0
	File system inputs: 0
	File system outputs: 1304
	Socket messages sent: 0
	Socket messages received: 0
	Signals delivered: 0
	Page size (bytes): 4096
	Exit status: 0
	Command being timed: "java -Xmx64g -jar ./enhsp.jar -o ./domain4.pddl -f ./problems/a42g11XOR-d7/problem16.pddl -h hadd -s WAStar -ties smaller_g -dap"
	User time (seconds): 314.36
	System time (seconds): 16.15
	Percent of CPU this job got: 99%
	Elapsed (wall clock) time (h:mm:ss or m:ss): 5:30.67
	Average shared text size (kbytes): 0
	Average unshared data size (kbytes): 0
	Average stack size (kbytes): 0
	Average total size (kbytes): 0
	Maximum resident set size (kbytes): 29858188
	Average resident set size (kbytes): 0
	Major (requiring I/O) page faults: 182
	Minor (reclaiming a frame) page faults: 24681605
	Voluntary context switches: 13943
	Involuntary context switches: 14513
	Swaps: 0
	File system inputs: 0
	File system outputs: 1496
	Socket messages sent: 0
	Socket messages received: 0
	Signals delivered: 0
	Page size (bytes): 4096
	Exit status: 0
	Command being timed: "java -Xmx64g -jar ./enhsp.jar -o ./domain4.pddl -f ./problems/a42g11XOR-d7/problem17.pddl -h hadd -s WAStar -ties smaller_g -dap"
	User time (seconds): 273.31
	System time (seconds): 13.17
	Percent of CPU this job got: 99%
	Elapsed (wall clock) time (h:mm:ss or m:ss): 4:46.62
	Average shared text size (kbytes): 0
	Average unshared data size (kbytes): 0
	Average stack size (kbytes): 0
	Average total size (kbytes): 0
	Maximum resident set size (kbytes): 27969708
	Average resident set size (kbytes): 0
	Major (requiring I/O) page faults: 161
	Minor (reclaiming a frame) page faults: 19385407
	Voluntary context switches: 13005
	Involuntary context switches: 13214
	Swaps: 0
	File system inputs: 0
	File system outputs: 1320
	Socket messages sent: 0
	Socket messages received: 0
	Signals delivered: 0
	Page size (bytes): 4096
	Exit status: 0
	Command being timed: "java -Xmx64g -jar ./enhsp.jar -o ./domain4.pddl -f ./problems/a42g11XOR-d7/problem18.pddl -h hadd -s WAStar -ties smaller_g -dap"
	User time (seconds): 346.99
	System time (seconds): 16.99
	Percent of CPU this job got: 99%
	Elapsed (wall clock) time (h:mm:ss or m:ss): 6:04.15
	Average shared text size (kbytes): 0
	Average unshared data size (kbytes): 0
	Average stack size (kbytes): 0
	Average total size (kbytes): 0
	Maximum resident set size (kbytes): 30981052
	Average resident set size (kbytes): 0
	Major (requiring I/O) page faults: 202
	Minor (reclaiming a frame) page faults: 25923502
	Voluntary context switches: 15004
	Involuntary context switches: 15470
	Swaps: 0
	File system inputs: 0
	File system outputs: 1664
	Socket messages sent: 0
	Socket messages received: 0
	Signals delivered: 0
	Page size (bytes): 4096
	Exit status: 0
	Command being timed: "java -Xmx64g -jar ./enhsp.jar -o ./domain4.pddl -f ./problems/a42g11XOR-d7/problem19.pddl -h hadd -s WAStar -ties smaller_g -dap"
	User time (seconds): 311.54
	System time (seconds): 15.63
	Percent of CPU this job got: 99%
	Elapsed (wall clock) time (h:mm:ss or m:ss): 5:27.31
	Average shared text size (kbytes): 0
	Average unshared data size (kbytes): 0
	Average stack size (kbytes): 0
	Average total size (kbytes): 0
	Maximum resident set size (kbytes): 29899896
	Average resident set size (kbytes): 0
	Major (requiring I/O) page faults: 185
	Minor (reclaiming a frame) page faults: 23199781
	Voluntary context switches: 13882
	Involuntary context switches: 14263
	Swaps: 0
	File system inputs: 0
	File system outputs: 1512
	Socket messages sent: 0
	Socket messages received: 0
	Signals delivered: 0
	Page size (bytes): 4096
	Exit status: 0
	Command being timed: "java -Xmx64g -jar ./enhsp.jar -o ./domain4.pddl -f ./problems/a42g11XOR-d7/problem20.pddl -h hadd -s WAStar -ties smaller_g -dap"
	User time (seconds): 274.18
	System time (seconds): 13.33
	Percent of CPU this job got: 99%
	Elapsed (wall clock) time (h:mm:ss or m:ss): 4:47.70
	Average shared text size (kbytes): 0
	Average unshared data size (kbytes): 0
	Average stack size (kbytes): 0
	Average total size (kbytes): 0
	Maximum resident set size (kbytes): 28138372
	Average resident set size (kbytes): 0
	Major (requiring I/O) page faults: 162
	Minor (reclaiming a frame) page faults: 19520717
	Voluntary context switches: 12936
	Involuntary context switches: 13116
	Swaps: 0
	File system inputs: 0
	File system outputs: 1344
	Socket messages sent: 0
	Socket messages received: 0
	Signals delivered: 0
	Page size (bytes): 4096
	Exit status: 0
	Command being timed: "java -Xmx64g -jar ./enhsp.jar -o ./domain4.pddl -f ./problems/a42g11XOR-d7/problem21.pddl -h hadd -s WAStar -ties smaller_g -dap"
	User time (seconds): 273.26
	System time (seconds): 14.71
	Percent of CPU this job got: 99%
	Elapsed (wall clock) time (h:mm:ss or m:ss): 4:48.11
	Average shared text size (kbytes): 0
	Average unshared data size (kbytes): 0
	Average stack size (kbytes): 0
	Average total size (kbytes): 0
	Maximum resident set size (kbytes): 28128748
	Average resident set size (kbytes): 0
	Major (requiring I/O) page faults: 163
	Minor (reclaiming a frame) page faults: 20863640
	Voluntary context switches: 12994
	Involuntary context switches: 13564
	Swaps: 0
	File system inputs: 0
	File system outputs: 1336
	Socket messages sent: 0
	Socket messages received: 0
	Signals delivered: 0
	Page size (bytes): 4096
	Exit status: 0
	Command being timed: "java -Xmx64g -jar ./enhsp.jar -o ./domain4.pddl -f ./problems/a42g11XOR-d7/problem22.pddl -h hadd -s WAStar -ties smaller_g -dap"
	User time (seconds): 272.69
	System time (seconds): 13.25
	Percent of CPU this job got: 99%
	Elapsed (wall clock) time (h:mm:ss or m:ss): 4:46.10
	Average shared text size (kbytes): 0
	Average unshared data size (kbytes): 0
	Average stack size (kbytes): 0
	Average total size (kbytes): 0
	Maximum resident set size (kbytes): 28148072
	Average resident set size (kbytes): 0
	Major (requiring I/O) page faults: 157
	Minor (reclaiming a frame) page faults: 19515700
	Voluntary context switches: 12959
	Involuntary context switches: 13575
	Swaps: 0
	File system inputs: 0
	File system outputs: 1288
	Socket messages sent: 0
	Socket messages received: 0
	Signals delivered: 0
	Page size (bytes): 4096
	Exit status: 0
slurmstepd-hpcfst12: error: *** JOB 40300 ON hpcfst12 CANCELLED AT 2025-05-25T23:48:35 DUE TO TIME LIMIT ***
