/usr/bin/time -v java -Xmx64g -jar ./enhsp.jar -o ./domain4.pddl -f ./problems/a42g11XOR-d7/problem1.pddl -h hadd -s WAStar -ties smaller_g
Domain parsed
Problem parsed
Grounding..
Grounding Time: 253306
UFX:true
|F|:400537
|X|:14
|A|:4427
|P|:0
|E|:0
Numeric Error for Complex Condition Activated
H1 Setup Time (msec): 3761
h(I):0.0
-------------Time: 10s ; Expanded Nodes: 4 (Avg-Speed 0.0 n/s); Evaluated States: 99
-------------Time: 20s ; Expanded Nodes: 28 (Avg-Speed 1.0 n/s); Evaluated States: 653
Problem Solved

Found Plan:
0.0: (validate_payload t0 a7 t1)
1.0: (sync_actions t0 a7 t1)
2.0: (validate_payload t1 a4 t2)
3.0: (sync_actions t1 a4 t2)
4.0: (validate_payload t2 a20 t3)
5.0: (sync_actions t2 a20 t3)
6.0: (validate_payload t3 a27 t4)
7.0: (sync_actions t3 a27 t4)
8.0: (validate_payload t4 a3 t5)
9.0: (sync_actions t4 a3 t5)
10.0: (validate_payload t5 a26 t6)
11.0: (sync_actions t5 a26 t6)
12.0: (validate_payload t6 a25 t7)
13.0: (sync_actions t6 a25 t7)
14.0: (validate_payload t7 a2 t8)
15.0: (sync_actions t7 a2 t8)
16.0: (validate_payload t8 a31 t9)
17.0: (sync_actions t8 a31 t9)
18.0: (validate_payload t9 a30 t10)
19.0: (sync_actions t9 a30 t10)
20.0: (validate_payload t10 a33 t11)
21.0: (sync_actions t10 a33 t11)
22.0: (validate_payload t11 a32 t12)
23.0: (sync_actions t11 a32 t12)
24.0: (validate_payload t12 a5 t13)
25.0: (sync_actions t12 a5 t13)
26.0: (validate_payload t13 a6 t14)
27.0: (sync_actions t13 a6 t14)
28.0: (validate_payload t14 a8 t15)
29.0: (sync_actions t14 a8 t15)
30.0: (validate_payload t15 a11 t16)
31.0: (sync_actions t15 a11 t16)
32.0: (validate_payload t16 a21 t17)
33.0: (sync_actions t16 a21 t17)
34.0: (validate_payload t17 a22 t18)
35.0: (sync_actions t17 a22 t18)
36.0: (validate_payload t18 a12 t19)
37.0: (sync_actions t18 a12 t19)
38.0: (validate_payload t19 a23 t20)
39.0: (sync_actions t19 a23 t20)
40.0: (validate_payload t20 a17 t21)
41.0: (sync_actions t20 a17 t21)
42.0: (validate_payload t21 a18 t22)
43.0: (sync_actions t21 a18 t22)

Plan-Length:44
Metric (Search):0.0
Planning Time (msec): 27572
Heuristic Time (msec): 27157
Search Time (msec): 27570
Expanded Nodes:45
States Evaluated:1044
Number of Dead-Ends detected:1
Number of Duplicates detected:4
/usr/bin/time -v java -Xmx64g -jar ./enhsp.jar -o ./domain4.pddl -f ./problems/a42g11XOR-d7/problem2.pddl -h hadd -s WAStar -ties smaller_g
Domain parsed
Problem parsed
Grounding..
Grounding Time: 239351
UFX:true
|F|:347467
|X|:14
|A|:4418
|P|:0
|E|:0
Numeric Error for Complex Condition Activated
H1 Setup Time (msec): 3388
h(I):0.0
-------------Time: 10s ; Expanded Nodes: 8 (Avg-Speed 0.0 n/s); Evaluated States: 195
-------------Time: 21s ; Expanded Nodes: 32 (Avg-Speed 1.0 n/s); Evaluated States: 761
Problem Solved

Found Plan:
0.0: (validate_payload t0 a7 t1)
1.0: (sync_actions t0 a7 t1)
2.0: (validate_payload t1 a4 t2)
3.0: (sync_actions t1 a4 t2)
4.0: (validate_payload t2 a20 t3)
5.0: (sync_actions t2 a20 t3)
6.0: (validate_payload t3 a19 t4)
7.0: (sync_actions t3 a19 t4)
8.0: (validate_payload t4 a39 t5)
9.0: (sync_actions t4 a39 t5)
10.0: (validate_payload t5 a31 t6)
11.0: (sync_actions t5 a31 t6)
12.0: (validate_payload t6 a30 t7)
13.0: (sync_actions t6 a30 t7)
14.0: (validate_payload t7 a33 t8)
15.0: (sync_actions t7 a33 t8)
16.0: (validate_payload t8 a32 t9)
17.0: (sync_actions t8 a32 t9)
18.0: (validate_payload t9 a5 t10)
19.0: (sync_actions t9 a5 t10)
20.0: (validate_payload t10 a6 t11)
21.0: (sync_actions t10 a6 t11)
22.0: (validate_payload t11 a8 t12)
23.0: (sync_actions t11 a8 t12)
24.0: (validate_payload t12 a11 t13)
25.0: (sync_actions t12 a11 t13)
26.0: (validate_payload t13 a21 t14)
27.0: (sync_actions t13 a21 t14)
28.0: (validate_payload t14 a22 t15)
29.0: (sync_actions t14 a22 t15)
30.0: (validate_payload t15 a12 t16)
31.0: (sync_actions t15 a12 t16)
32.0: (validate_payload t16 a23 t17)
33.0: (sync_actions t16 a23 t17)
34.0: (validate_payload t17 a17 t18)
35.0: (sync_actions t17 a17 t18)
36.0: (validate_payload t18 a18 t19)
37.0: (sync_actions t18 a18 t19)

Plan-Length:38
Metric (Search):0.0
Planning Time (msec): 23796
Heuristic Time (msec): 23437
Search Time (msec): 23793
Expanded Nodes:39
States Evaluated:904
Number of Dead-Ends detected:1
Number of Duplicates detected:6
/usr/bin/time -v java -Xmx64g -jar ./enhsp.jar -o ./domain4.pddl -f ./problems/a42g11XOR-d7/problem3.pddl -h hadd -s WAStar -ties smaller_g
Domain parsed
Problem parsed
Grounding..
Grounding Time: 237106
UFX:true
|F|:347467
|X|:14
|A|:4418
|P|:0
|E|:0
Numeric Error for Complex Condition Activated
H1 Setup Time (msec): 3056
h(I):0.0
-------------Time: 10s ; Expanded Nodes: 8 (Avg-Speed 0.0 n/s); Evaluated States: 189
-------------Time: 20s ; Expanded Nodes: 32 (Avg-Speed 1.0 n/s); Evaluated States: 755
Problem Solved

Found Plan:
0.0: (validate_payload t0 a7 t1)
1.0: (sync_actions t0 a7 t1)
2.0: (validate_payload t1 a4 t2)
3.0: (sync_actions t1 a4 t2)
4.0: (validate_payload t2 a20 t3)
5.0: (sync_actions t2 a20 t3)
6.0: (validate_payload t3 a19 t4)
7.0: (sync_actions t3 a19 t4)
8.0: (validate_payload t4 a39 t5)
9.0: (sync_actions t4 a39 t5)
10.0: (validate_payload t5 a31 t6)
11.0: (sync_actions t5 a31 t6)
12.0: (validate_payload t6 a30 t7)
13.0: (sync_actions t6 a30 t7)
14.0: (validate_payload t7 a33 t8)
15.0: (sync_actions t7 a33 t8)
16.0: (validate_payload t8 a32 t9)
17.0: (sync_actions t8 a32 t9)
18.0: (validate_payload t9 a5 t10)
19.0: (sync_actions t9 a5 t10)
20.0: (validate_payload t10 a6 t11)
21.0: (sync_actions t10 a6 t11)
22.0: (validate_payload t11 a8 t12)
23.0: (sync_actions t11 a8 t12)
24.0: (validate_payload t12 a11 t13)
25.0: (sync_actions t12 a11 t13)
26.0: (validate_payload t13 a21 t14)
27.0: (sync_actions t13 a21 t14)
28.0: (validate_payload t14 a22 t15)
29.0: (sync_actions t14 a22 t15)
30.0: (validate_payload t15 a12 t16)
31.0: (sync_actions t15 a12 t16)
32.0: (validate_payload t16 a23 t17)
33.0: (sync_actions t16 a23 t17)
34.0: (validate_payload t17 a17 t18)
35.0: (sync_actions t17 a17 t18)
36.0: (validate_payload t18 a18 t19)
37.0: (sync_actions t18 a18 t19)

Plan-Length:38
Metric (Search):0.0
Planning Time (msec): 23407
Heuristic Time (msec): 23063
Search Time (msec): 23403
Expanded Nodes:39
States Evaluated:894
Number of Dead-Ends detected:1
Number of Duplicates detected:8
/usr/bin/time -v java -Xmx64g -jar ./enhsp.jar -o ./domain4.pddl -f ./problems/a42g11XOR-d7/problem4.pddl -h hadd -s WAStar -ties smaller_g
Domain parsed
Problem parsed
Grounding..
Grounding Time: 248600
UFX:true
|F|:400537
|X|:14
|A|:4427
|P|:0
|E|:0
Numeric Error for Complex Condition Activated
H1 Setup Time (msec): 3573
h(I):0.0
-------------Time: 10s ; Expanded Nodes: 4 (Avg-Speed 0.0 n/s); Evaluated States: 99
-------------Time: 20s ; Expanded Nodes: 29 (Avg-Speed 1.0 n/s); Evaluated States: 657
Problem Solved

Found Plan:
0.0: (validate_payload t0 a7 t1)
1.0: (sync_actions t0 a7 t1)
2.0: (validate_payload t1 a4 t2)
3.0: (sync_actions t1 a4 t2)
4.0: (validate_payload t2 a20 t3)
5.0: (sync_actions t2 a20 t3)
6.0: (validate_payload t3 a27 t4)
7.0: (sync_actions t3 a27 t4)
8.0: (validate_payload t4 a3 t5)
9.0: (sync_actions t4 a3 t5)
10.0: (validate_payload t5 a26 t6)
11.0: (sync_actions t5 a26 t6)
12.0: (validate_payload t6 a25 t7)
13.0: (sync_actions t6 a25 t7)
14.0: (validate_payload t7 a2 t8)
15.0: (sync_actions t7 a2 t8)
16.0: (validate_payload t8 a31 t9)
17.0: (sync_actions t8 a31 t9)
18.0: (validate_payload t9 a30 t10)
19.0: (sync_actions t9 a30 t10)
20.0: (validate_payload t10 a33 t11)
21.0: (sync_actions t10 a33 t11)
22.0: (validate_payload t11 a32 t12)
23.0: (sync_actions t11 a32 t12)
24.0: (validate_payload t12 a5 t13)
25.0: (sync_actions t12 a5 t13)
26.0: (validate_payload t13 a6 t14)
27.0: (sync_actions t13 a6 t14)
28.0: (validate_payload t14 a8 t15)
29.0: (sync_actions t14 a8 t15)
30.0: (validate_payload t15 a11 t16)
31.0: (sync_actions t15 a11 t16)
32.0: (validate_payload t16 a21 t17)
33.0: (sync_actions t16 a21 t17)
34.0: (validate_payload t17 a22 t18)
35.0: (sync_actions t17 a22 t18)
36.0: (validate_payload t18 a12 t19)
37.0: (sync_actions t18 a12 t19)
38.0: (validate_payload t19 a23 t20)
39.0: (sync_actions t19 a23 t20)
40.0: (validate_payload t20 a17 t21)
41.0: (sync_actions t20 a17 t21)
42.0: (validate_payload t21 a18 t22)
43.0: (sync_actions t21 a18 t22)

Plan-Length:44
Metric (Search):0.0
Planning Time (msec): 26982
Heuristic Time (msec): 26626
Search Time (msec): 26979
Expanded Nodes:45
States Evaluated:1044
Number of Dead-Ends detected:1
Number of Duplicates detected:4
/usr/bin/time -v java -Xmx64g -jar ./enhsp.jar -o ./domain4.pddl -f ./problems/a42g11XOR-d7/problem5.pddl -h hadd -s WAStar -ties smaller_g
Domain parsed
Problem parsed
Grounding..
Grounding Time: 209565
UFX:true
|F|:241326
|X|:13
|A|:4398
|P|:0
|E|:0
Numeric Error for Complex Condition Activated
H1 Setup Time (msec): 3584
h(I):0.0
-------------Time: 10s ; Expanded Nodes: 12 (Avg-Speed 1.0 n/s); Evaluated States: 293
Problem Solved

Found Plan:
0.0: (validate_payload t0 a7 t1)
1.0: (sync_actions t0 a7 t1)
2.0: (validate_payload t1 a13 t2)
3.0: (sync_actions t1 a13 t2)
4.0: (validate_payload t2 a15 t3)
5.0: (sync_actions t2 a15 t3)
6.0: (validate_payload t3 a16 t4)
7.0: (sync_actions t3 a16 t4)
8.0: (validate_payload t4 a14 t5)
9.0: (sync_actions t4 a14 t5)
10.0: (validate_payload t5 a8 t6)
11.0: (sync_actions t5 a8 t6)
12.0: (validate_payload t6 a11 t7)
13.0: (sync_actions t6 a11 t7)
14.0: (validate_payload t7 a21 t8)
15.0: (sync_actions t7 a21 t8)
16.0: (validate_payload t8 a22 t9)
17.0: (sync_actions t8 a22 t9)
18.0: (validate_payload t9 a12 t10)
19.0: (sync_actions t9 a12 t10)
20.0: (validate_payload t10 a23 t11)
21.0: (sync_actions t10 a23 t11)
22.0: (validate_payload t11 a17 t12)
23.0: (sync_actions t11 a17 t12)
24.0: (validate_payload t12 a18 t13)
25.0: (sync_actions t12 a18 t13)

Plan-Length:26
Metric (Search):0.0
Planning Time (msec): 15424
Heuristic Time (msec): 15126
Search Time (msec): 15421
Expanded Nodes:27
States Evaluated:634
Number of Dead-Ends detected:1
Number of Duplicates detected:2
/usr/bin/time -v java -Xmx64g -jar ./enhsp.jar -o ./domain4.pddl -f ./problems/a42g11XOR-d7/problem6.pddl -h hadd -s WAStar -ties smaller_g
Domain parsed
Problem parsed
Grounding..
Grounding Time: 209808
UFX:true
|F|:241326
|X|:13
|A|:4398
|P|:0
|E|:0
Numeric Error for Complex Condition Activated
H1 Setup Time (msec): 3701
h(I):0.0
-------------Time: 10s ; Expanded Nodes: 12 (Avg-Speed 1.0 n/s); Evaluated States: 283
Problem Solved

Found Plan:
0.0: (validate_payload t0 a7 t1)
1.0: (sync_actions t0 a7 t1)
2.0: (validate_payload t1 a13 t2)
3.0: (sync_actions t1 a13 t2)
4.0: (validate_payload t2 a15 t3)
5.0: (sync_actions t2 a15 t3)
6.0: (validate_payload t3 a16 t4)
7.0: (sync_actions t3 a16 t4)
8.0: (validate_payload t4 a14 t5)
9.0: (sync_actions t4 a14 t5)
10.0: (validate_payload t5 a8 t6)
11.0: (sync_actions t5 a8 t6)
12.0: (validate_payload t6 a11 t7)
13.0: (sync_actions t6 a11 t7)
14.0: (validate_payload t7 a21 t8)
15.0: (sync_actions t7 a21 t8)
16.0: (validate_payload t8 a22 t9)
17.0: (sync_actions t8 a22 t9)
18.0: (validate_payload t9 a12 t10)
19.0: (sync_actions t9 a12 t10)
20.0: (validate_payload t10 a23 t11)
21.0: (sync_actions t10 a23 t11)
22.0: (validate_payload t11 a17 t12)
23.0: (sync_actions t11 a17 t12)
24.0: (validate_payload t12 a18 t13)
25.0: (sync_actions t12 a18 t13)

Plan-Length:26
Metric (Search):0.0
Planning Time (msec): 15863
Heuristic Time (msec): 15592
Search Time (msec): 15860
Expanded Nodes:27
States Evaluated:624
Number of Dead-Ends detected:1
Number of Duplicates detected:4
/usr/bin/time -v java -Xmx64g -jar ./enhsp.jar -o ./domain4.pddl -f ./problems/a42g11XOR-d7/problem7.pddl -h hadd -s WAStar -ties smaller_g
Domain parsed
Problem parsed
Grounding..
Grounding Time: 209872
UFX:true
|F|:241326
|X|:13
|A|:4398
|P|:0
|E|:0
Numeric Error for Complex Condition Activated
H1 Setup Time (msec): 3458
h(I):0.0
-------------Time: 10s ; Expanded Nodes: 12 (Avg-Speed 1.0 n/s); Evaluated States: 285
Problem Solved

Found Plan:
0.0: (validate_payload t0 a7 t1)
1.0: (sync_actions t0 a7 t1)
2.0: (validate_payload t1 a13 t2)
3.0: (sync_actions t1 a13 t2)
4.0: (validate_payload t2 a15 t3)
5.0: (sync_actions t2 a15 t3)
6.0: (validate_payload t3 a16 t4)
7.0: (sync_actions t3 a16 t4)
8.0: (validate_payload t4 a14 t5)
9.0: (sync_actions t4 a14 t5)
10.0: (validate_payload t5 a8 t6)
11.0: (sync_actions t5 a8 t6)
12.0: (validate_payload t6 a11 t7)
13.0: (sync_actions t6 a11 t7)
14.0: (validate_payload t7 a21 t8)
15.0: (sync_actions t7 a21 t8)
16.0: (validate_payload t8 a22 t9)
17.0: (sync_actions t8 a22 t9)
18.0: (validate_payload t9 a12 t10)
19.0: (sync_actions t9 a12 t10)
20.0: (validate_payload t10 a23 t11)
21.0: (sync_actions t10 a23 t11)
22.0: (validate_payload t11 a17 t12)
23.0: (sync_actions t11 a17 t12)
24.0: (validate_payload t12 a18 t13)
25.0: (sync_actions t12 a18 t13)

Plan-Length:26
Metric (Search):0.0
Planning Time (msec): 15818
Heuristic Time (msec): 15492
Search Time (msec): 15815
Expanded Nodes:27
States Evaluated:624
Number of Dead-Ends detected:1
Number of Duplicates detected:4
/usr/bin/time -v java -Xmx64g -jar ./enhsp.jar -o ./domain4.pddl -f ./problems/a42g11XOR-d7/problem8.pddl -h hadd -s WAStar -ties smaller_g
Domain parsed
Problem parsed
Grounding..
Grounding Time: 249712
UFX:true
|F|:400537
|X|:14
|A|:4427
|P|:0
|E|:0
Numeric Error for Complex Condition Activated
H1 Setup Time (msec): 3611
h(I):0.0
-------------Time: 10s ; Expanded Nodes: 4 (Avg-Speed 0.0 n/s); Evaluated States: 101
-------------Time: 21s ; Expanded Nodes: 26 (Avg-Speed 1.0 n/s); Evaluated States: 609
Problem Solved

Found Plan:
0.0: (validate_payload t0 a7 t1)
1.0: (sync_actions t0 a7 t1)
2.0: (validate_payload t1 a4 t2)
3.0: (sync_actions t1 a4 t2)
4.0: (validate_payload t2 a20 t3)
5.0: (sync_actions t2 a20 t3)
6.0: (validate_payload t3 a27 t4)
7.0: (sync_actions t3 a27 t4)
8.0: (validate_payload t4 a3 t5)
9.0: (sync_actions t4 a3 t5)
10.0: (validate_payload t5 a26 t6)
11.0: (sync_actions t5 a26 t6)
12.0: (validate_payload t6 a25 t7)
13.0: (sync_actions t6 a25 t7)
14.0: (validate_payload t7 a2 t8)
15.0: (sync_actions t7 a2 t8)
16.0: (validate_payload t8 a31 t9)
17.0: (sync_actions t8 a31 t9)
18.0: (validate_payload t9 a30 t10)
19.0: (sync_actions t9 a30 t10)
20.0: (validate_payload t10 a33 t11)
21.0: (sync_actions t10 a33 t11)
22.0: (validate_payload t11 a32 t12)
23.0: (sync_actions t11 a32 t12)
24.0: (validate_payload t12 a5 t13)
25.0: (sync_actions t12 a5 t13)
26.0: (validate_payload t13 a6 t14)
27.0: (sync_actions t13 a6 t14)
28.0: (validate_payload t14 a8 t15)
29.0: (sync_actions t14 a8 t15)
30.0: (validate_payload t15 a11 t16)
31.0: (sync_actions t15 a11 t16)
32.0: (validate_payload t16 a21 t17)
33.0: (sync_actions t16 a21 t17)
34.0: (validate_payload t17 a22 t18)
35.0: (sync_actions t17 a22 t18)
36.0: (validate_payload t18 a12 t19)
37.0: (sync_actions t18 a12 t19)
38.0: (validate_payload t19 a23 t20)
39.0: (sync_actions t19 a23 t20)
40.0: (validate_payload t20 a17 t21)
41.0: (sync_actions t20 a17 t21)
42.0: (validate_payload t21 a18 t22)
43.0: (sync_actions t21 a18 t22)

Plan-Length:44
Metric (Search):0.0
Planning Time (msec): 30651
Heuristic Time (msec): 30335
Search Time (msec): 30648
Expanded Nodes:45
States Evaluated:1048
Number of Dead-Ends detected:1
Number of Duplicates detected:6
/usr/bin/time -v java -Xmx64g -jar ./enhsp.jar -o ./domain4.pddl -f ./problems/a42g11XOR-d7/problem9.pddl -h hadd -s WAStar -ties smaller_g
Domain parsed
Problem parsed
Grounding..
Grounding Time: 209433
UFX:true
|F|:241326
|X|:13
|A|:4398
|P|:0
|E|:0
Numeric Error for Complex Condition Activated
H1 Setup Time (msec): 3277
h(I):0.0
-------------Time: 10s ; Expanded Nodes: 10 (Avg-Speed 1.0 n/s); Evaluated States: 245
Problem Solved

Found Plan:
0.0: (validate_payload t0 a7 t1)
1.0: (sync_actions t0 a7 t1)
2.0: (validate_payload t1 a13 t2)
3.0: (sync_actions t1 a13 t2)
4.0: (validate_payload t2 a15 t3)
5.0: (sync_actions t2 a15 t3)
6.0: (validate_payload t3 a16 t4)
7.0: (sync_actions t3 a16 t4)
8.0: (validate_payload t4 a14 t5)
9.0: (sync_actions t4 a14 t5)
10.0: (validate_payload t5 a8 t6)
11.0: (sync_actions t5 a8 t6)
12.0: (validate_payload t6 a11 t7)
13.0: (sync_actions t6 a11 t7)
14.0: (validate_payload t7 a21 t8)
15.0: (sync_actions t7 a21 t8)
16.0: (validate_payload t8 a22 t9)
17.0: (sync_actions t8 a22 t9)
18.0: (validate_payload t9 a12 t10)
19.0: (sync_actions t9 a12 t10)
20.0: (validate_payload t10 a23 t11)
21.0: (sync_actions t10 a23 t11)
22.0: (validate_payload t11 a17 t12)
23.0: (sync_actions t11 a17 t12)
24.0: (validate_payload t12 a18 t13)
25.0: (sync_actions t12 a18 t13)

Plan-Length:26
Metric (Search):0.0
Planning Time (msec): 16616
Heuristic Time (msec): 16295
Search Time (msec): 16614
Expanded Nodes:27
States Evaluated:634
Number of Dead-Ends detected:1
Number of Duplicates detected:2
/usr/bin/time -v java -Xmx64g -jar ./enhsp.jar -o ./domain4.pddl -f ./problems/a42g11XOR-d7/problem10.pddl -h hadd -s WAStar -ties smaller_g
Domain parsed
Problem parsed
Grounding..
Grounding Time: 256849
UFX:true
|F|:435917
|X|:14
|A|:4432
|P|:0
|E|:0
Numeric Error for Complex Condition Activated
H1 Setup Time (msec): 3783
h(I):0.0
-------------Time: 10s ; Expanded Nodes: 2 (Avg-Speed 0.0 n/s); Evaluated States: 48
-------------Time: 20s ; Expanded Nodes: 26 (Avg-Speed 1.0 n/s); Evaluated States: 603
Problem Solved

Found Plan:
0.0: (validate_payload t0 a7 t1)
1.0: (sync_actions t0 a7 t1)
2.0: (validate_payload t1 a4 t2)
3.0: (sync_actions t1 a4 t2)
4.0: (validate_payload t2 a20 t3)
5.0: (sync_actions t2 a20 t3)
6.0: (validate_payload t3 a27 t4)
7.0: (sync_actions t3 a27 t4)
8.0: (validate_payload t4 a1 t5)
9.0: (sync_actions t4 a1 t5)
10.0: (validate_payload t5 a0 t6)
11.0: (sync_actions t5 a0 t6)
12.0: (validate_payload t6 a26 t7)
13.0: (sync_actions t6 a26 t7)
14.0: (validate_payload t7 a25 t8)
15.0: (sync_actions t7 a25 t8)
16.0: (validate_payload t8 a2 t9)
17.0: (sync_actions t8 a2 t9)
18.0: (validate_payload t9 a31 t10)
19.0: (sync_actions t9 a31 t10)
20.0: (validate_payload t10 a30 t11)
21.0: (sync_actions t10 a30 t11)
22.0: (validate_payload t11 a33 t12)
23.0: (sync_actions t11 a33 t12)
24.0: (validate_payload t12 a32 t13)
25.0: (sync_actions t12 a32 t13)
26.0: (validate_payload t13 a5 t14)
27.0: (sync_actions t13 a5 t14)
28.0: (validate_payload t14 a6 t15)
29.0: (sync_actions t14 a6 t15)
30.0: (validate_payload t15 a8 t16)
31.0: (sync_actions t15 a8 t16)
32.0: (validate_payload t16 a11 t17)
33.0: (sync_actions t16 a11 t17)
34.0: (validate_payload t17 a38 t18)
35.0: (sync_actions t17 a38 t18)
36.0: (validate_payload t18 a40 t19)
37.0: (sync_actions t18 a40 t19)
38.0: (validate_payload t19 a41 t20)
39.0: (sync_actions t19 a41 t20)
40.0: (validate_payload t20 a12 t21)
41.0: (sync_actions t20 a12 t21)
42.0: (validate_payload t21 a23 t22)
43.0: (sync_actions t21 a23 t22)
44.0: (validate_payload t22 a17 t23)
45.0: (sync_actions t22 a17 t23)
46.0: (validate_payload t23 a18 t24)
47.0: (sync_actions t23 a18 t24)

Plan-Length:48
Metric (Search):0.0
Planning Time (msec): 29322
Heuristic Time (msec): 28942
Search Time (msec): 29319
Expanded Nodes:49
States Evaluated:1126
Number of Dead-Ends detected:1
Number of Duplicates detected:6
/usr/bin/time -v java -Xmx64g -jar ./enhsp.jar -o ./domain4.pddl -f ./problems/a42g11XOR-d7/problem11.pddl -h hadd -s WAStar -ties smaller_g
Domain parsed
Problem parsed
Grounding..
Grounding Time: 256901
UFX:true
|F|:435917
|X|:14
|A|:4432
|P|:0
|E|:0
Numeric Error for Complex Condition Activated
H1 Setup Time (msec): 3450
h(I):0.0
-------------Time: 10s ; Expanded Nodes: 2 (Avg-Speed 0.0 n/s); Evaluated States: 49
-------------Time: 20s ; Expanded Nodes: 26 (Avg-Speed 1.0 n/s); Evaluated States: 605
Problem Solved

Found Plan:
0.0: (validate_payload t0 a7 t1)
1.0: (sync_actions t0 a7 t1)
2.0: (validate_payload t1 a4 t2)
3.0: (sync_actions t1 a4 t2)
4.0: (validate_payload t2 a20 t3)
5.0: (sync_actions t2 a20 t3)
6.0: (validate_payload t3 a27 t4)
7.0: (sync_actions t3 a27 t4)
8.0: (validate_payload t4 a29 t5)
9.0: (sync_actions t4 a29 t5)
10.0: (validate_payload t5 a28 t6)
11.0: (sync_actions t5 a28 t6)
12.0: (validate_payload t6 a26 t7)
13.0: (sync_actions t6 a26 t7)
14.0: (validate_payload t7 a24 t8)
15.0: (sync_actions t7 a24 t8)
16.0: (validate_payload t8 a2 t9)
17.0: (sync_actions t8 a2 t9)
18.0: (validate_payload t9 a31 t10)
19.0: (sync_actions t9 a31 t10)
20.0: (validate_payload t10 a30 t11)
21.0: (sync_actions t10 a30 t11)
22.0: (validate_payload t11 a33 t12)
23.0: (sync_actions t11 a33 t12)
24.0: (validate_payload t12 a32 t13)
25.0: (sync_actions t12 a32 t13)
26.0: (validate_payload t13 a5 t14)
27.0: (sync_actions t13 a5 t14)
28.0: (validate_payload t14 a6 t15)
29.0: (sync_actions t14 a6 t15)
30.0: (validate_payload t15 a8 t16)
31.0: (sync_actions t15 a8 t16)
32.0: (validate_payload t16 a11 t17)
33.0: (sync_actions t16 a11 t17)
34.0: (validate_payload t17 a38 t18)
35.0: (sync_actions t17 a38 t18)
36.0: (validate_payload t18 a40 t19)
37.0: (sync_actions t18 a40 t19)
38.0: (validate_payload t19 a41 t20)
39.0: (sync_actions t19 a41 t20)
40.0: (validate_payload t20 a12 t21)
41.0: (sync_actions t20 a12 t21)
42.0: (validate_payload t21 a23 t22)
43.0: (sync_actions t21 a23 t22)
44.0: (validate_payload t22 a17 t23)
45.0: (sync_actions t22 a17 t23)
46.0: (validate_payload t23 a18 t24)
47.0: (sync_actions t23 a18 t24)

Plan-Length:48
Metric (Search):0.0
Planning Time (msec): 29970
Heuristic Time (msec): 29596
Search Time (msec): 29968
Expanded Nodes:49
States Evaluated:1128
Number of Dead-Ends detected:1
Number of Duplicates detected:4
/usr/bin/time -v java -Xmx64g -jar ./enhsp.jar -o ./domain4.pddl -f ./problems/a42g11XOR-d7/problem12.pddl -h hadd -s WAStar -ties smaller_g
Domain parsed
Problem parsed
Grounding..
Grounding Time: 213687
UFX:true
|F|:241326
|X|:13
|A|:4398
|P|:0
|E|:0
Numeric Error for Complex Condition Activated
H1 Setup Time (msec): 3672
h(I):0.0
-------------Time: 10s ; Expanded Nodes: 12 (Avg-Speed 1.0 n/s); Evaluated States: 293
Problem Solved

Found Plan:
0.0: (validate_payload t0 a7 t1)
1.0: (sync_actions t0 a7 t1)
2.0: (validate_payload t1 a13 t2)
3.0: (sync_actions t1 a13 t2)
4.0: (validate_payload t2 a15 t3)
5.0: (sync_actions t2 a15 t3)
6.0: (validate_payload t3 a16 t4)
7.0: (sync_actions t3 a16 t4)
8.0: (validate_payload t4 a14 t5)
9.0: (sync_actions t4 a14 t5)
10.0: (validate_payload t5 a8 t6)
11.0: (sync_actions t5 a8 t6)
12.0: (validate_payload t6 a11 t7)
13.0: (sync_actions t6 a11 t7)
14.0: (validate_payload t7 a21 t8)
15.0: (sync_actions t7 a21 t8)
16.0: (validate_payload t8 a22 t9)
17.0: (sync_actions t8 a22 t9)
18.0: (validate_payload t9 a12 t10)
19.0: (sync_actions t9 a12 t10)
20.0: (validate_payload t10 a23 t11)
21.0: (sync_actions t10 a23 t11)
22.0: (validate_payload t11 a17 t12)
23.0: (sync_actions t11 a17 t12)
24.0: (validate_payload t12 a18 t13)
25.0: (sync_actions t12 a18 t13)

Plan-Length:26
Metric (Search):0.0
Planning Time (msec): 16177
Heuristic Time (msec): 15896
Search Time (msec): 16175
Expanded Nodes:27
States Evaluated:632
Number of Dead-Ends detected:1
Number of Duplicates detected:4
/usr/bin/time -v java -Xmx64g -jar ./enhsp.jar -o ./domain4.pddl -f ./problems/a42g11XOR-d7/problem13.pddl -h hadd -s WAStar -ties smaller_g
Domain parsed
Problem parsed
Grounding..
Grounding Time: 212086
UFX:true
|F|:241326
|X|:13
|A|:4398
|P|:0
|E|:0
Numeric Error for Complex Condition Activated
H1 Setup Time (msec): 3914
h(I):0.0
-------------Time: 10s ; Expanded Nodes: 10 (Avg-Speed 1.0 n/s); Evaluated States: 243
Problem Solved

Found Plan:
0.0: (validate_payload t0 a7 t1)
1.0: (sync_actions t0 a7 t1)
2.0: (validate_payload t1 a13 t2)
3.0: (sync_actions t1 a13 t2)
4.0: (validate_payload t2 a15 t3)
5.0: (sync_actions t2 a15 t3)
6.0: (validate_payload t3 a16 t4)
7.0: (sync_actions t3 a16 t4)
8.0: (validate_payload t4 a14 t5)
9.0: (sync_actions t4 a14 t5)
10.0: (validate_payload t5 a8 t6)
11.0: (sync_actions t5 a8 t6)
12.0: (validate_payload t6 a11 t7)
13.0: (sync_actions t6 a11 t7)
14.0: (validate_payload t7 a21 t8)
15.0: (sync_actions t7 a21 t8)
16.0: (validate_payload t8 a22 t9)
17.0: (sync_actions t8 a22 t9)
18.0: (validate_payload t9 a12 t10)
19.0: (sync_actions t9 a12 t10)
20.0: (validate_payload t10 a23 t11)
21.0: (sync_actions t10 a23 t11)
22.0: (validate_payload t11 a17 t12)
23.0: (sync_actions t11 a17 t12)
24.0: (validate_payload t12 a18 t13)
25.0: (sync_actions t12 a18 t13)

Plan-Length:26
Metric (Search):0.0
Planning Time (msec): 16375
Heuristic Time (msec): 16086
Search Time (msec): 16372
Expanded Nodes:27
States Evaluated:624
Number of Dead-Ends detected:1
Number of Duplicates detected:4
/usr/bin/time -v java -Xmx64g -jar ./enhsp.jar -o ./domain4.pddl -f ./problems/a42g11XOR-d7/problem14.pddl -h hadd -s WAStar -ties smaller_g
Domain parsed
Problem parsed
Grounding..
Grounding Time: 211642
UFX:true
|F|:241326
|X|:13
|A|:4398
|P|:0
|E|:0
Numeric Error for Complex Condition Activated
H1 Setup Time (msec): 3690
h(I):0.0
-------------Time: 10s ; Expanded Nodes: 11 (Avg-Speed 1.0 n/s); Evaluated States: 247
Problem Solved

Found Plan:
0.0: (validate_payload t0 a7 t1)
1.0: (sync_actions t0 a7 t1)
2.0: (validate_payload t1 a13 t2)
3.0: (sync_actions t1 a13 t2)
4.0: (validate_payload t2 a15 t3)
5.0: (sync_actions t2 a15 t3)
6.0: (validate_payload t3 a16 t4)
7.0: (sync_actions t3 a16 t4)
8.0: (validate_payload t4 a14 t5)
9.0: (sync_actions t4 a14 t5)
10.0: (validate_payload t5 a8 t6)
11.0: (sync_actions t5 a8 t6)
12.0: (validate_payload t6 a11 t7)
13.0: (sync_actions t6 a11 t7)
14.0: (validate_payload t7 a21 t8)
15.0: (sync_actions t7 a21 t8)
16.0: (validate_payload t8 a22 t9)
17.0: (sync_actions t8 a22 t9)
18.0: (validate_payload t9 a12 t10)
19.0: (sync_actions t9 a12 t10)
20.0: (validate_payload t10 a23 t11)
21.0: (sync_actions t10 a23 t11)
22.0: (validate_payload t11 a17 t12)
23.0: (sync_actions t11 a17 t12)
24.0: (validate_payload t12 a18 t13)
25.0: (sync_actions t12 a18 t13)

Plan-Length:26
Metric (Search):0.0
Planning Time (msec): 16059
Heuristic Time (msec): 15743
Search Time (msec): 16057
Expanded Nodes:27
States Evaluated:626
Number of Dead-Ends detected:1
Number of Duplicates detected:2
/usr/bin/time -v java -Xmx64g -jar ./enhsp.jar -o ./domain4.pddl -f ./problems/a42g11XOR-d7/problem15.pddl -h hadd -s WAStar -ties smaller_g
Domain parsed
Problem parsed
Grounding..
Grounding Time: 210639
UFX:true
|F|:241326
|X|:13
|A|:4398
|P|:0
|E|:0
Numeric Error for Complex Condition Activated
H1 Setup Time (msec): 3758
h(I):0.0
-------------Time: 10s ; Expanded Nodes: 12 (Avg-Speed 1.0 n/s); Evaluated States: 291
Problem Solved

Found Plan:
0.0: (validate_payload t0 a7 t1)
1.0: (sync_actions t0 a7 t1)
2.0: (validate_payload t1 a13 t2)
3.0: (sync_actions t1 a13 t2)
4.0: (validate_payload t2 a15 t3)
5.0: (sync_actions t2 a15 t3)
6.0: (validate_payload t3 a16 t4)
7.0: (sync_actions t3 a16 t4)
8.0: (validate_payload t4 a14 t5)
9.0: (sync_actions t4 a14 t5)
10.0: (validate_payload t5 a8 t6)
11.0: (sync_actions t5 a8 t6)
12.0: (validate_payload t6 a11 t7)
13.0: (sync_actions t6 a11 t7)
14.0: (validate_payload t7 a21 t8)
15.0: (sync_actions t7 a21 t8)
16.0: (validate_payload t8 a22 t9)
17.0: (sync_actions t8 a22 t9)
18.0: (validate_payload t9 a12 t10)
19.0: (sync_actions t9 a12 t10)
20.0: (validate_payload t10 a23 t11)
21.0: (sync_actions t10 a23 t11)
22.0: (validate_payload t11 a17 t12)
23.0: (sync_actions t11 a17 t12)
24.0: (validate_payload t12 a18 t13)
25.0: (sync_actions t12 a18 t13)

Plan-Length:26
Metric (Search):0.0
Planning Time (msec): 15938
Heuristic Time (msec): 15662
Search Time (msec): 15936
Expanded Nodes:27
States Evaluated:632
Number of Dead-Ends detected:1
Number of Duplicates detected:4
/usr/bin/time -v java -Xmx64g -jar ./enhsp.jar -o ./domain4.pddl -f ./problems/a42g11XOR-d7/problem16.pddl -h hadd -s WAStar -ties smaller_g
Domain parsed
Problem parsed
Grounding..
Grounding Time: 234827
UFX:true
|F|:347467
|X|:14
|A|:4418
|P|:0
|E|:0
Numeric Error for Complex Condition Activated
H1 Setup Time (msec): 3087
h(I):0.0
-------------Time: 10s ; Expanded Nodes: 8 (Avg-Speed 0.0 n/s); Evaluated States: 193
-------------Time: 21s ; Expanded Nodes: 32 (Avg-Speed 1.0 n/s); Evaluated States: 765
Problem Solved

Found Plan:
0.0: (validate_payload t0 a7 t1)
1.0: (sync_actions t0 a7 t1)
2.0: (validate_payload t1 a4 t2)
3.0: (sync_actions t1 a4 t2)
4.0: (validate_payload t2 a20 t3)
5.0: (sync_actions t2 a20 t3)
6.0: (validate_payload t3 a19 t4)
7.0: (sync_actions t3 a19 t4)
8.0: (validate_payload t4 a39 t5)
9.0: (sync_actions t4 a39 t5)
10.0: (validate_payload t5 a31 t6)
11.0: (sync_actions t5 a31 t6)
12.0: (validate_payload t6 a30 t7)
13.0: (sync_actions t6 a30 t7)
14.0: (validate_payload t7 a33 t8)
15.0: (sync_actions t7 a33 t8)
16.0: (validate_payload t8 a32 t9)
17.0: (sync_actions t8 a32 t9)
18.0: (validate_payload t9 a5 t10)
19.0: (sync_actions t9 a5 t10)
20.0: (validate_payload t10 a6 t11)
21.0: (sync_actions t10 a6 t11)
22.0: (validate_payload t11 a8 t12)
23.0: (sync_actions t11 a8 t12)
24.0: (validate_payload t12 a11 t13)
25.0: (sync_actions t12 a11 t13)
26.0: (validate_payload t13 a21 t14)
27.0: (sync_actions t13 a21 t14)
28.0: (validate_payload t14 a22 t15)
29.0: (sync_actions t14 a22 t15)
30.0: (validate_payload t15 a12 t16)
31.0: (sync_actions t15 a12 t16)
32.0: (validate_payload t16 a23 t17)
33.0: (sync_actions t16 a23 t17)
34.0: (validate_payload t17 a17 t18)
35.0: (sync_actions t17 a17 t18)
36.0: (validate_payload t18 a18 t19)
37.0: (sync_actions t18 a18 t19)

Plan-Length:38
Metric (Search):0.0
Planning Time (msec): 23982
Heuristic Time (msec): 23651
Search Time (msec): 23979
Expanded Nodes:39
States Evaluated:908
Number of Dead-Ends detected:1
Number of Duplicates detected:8
/usr/bin/time -v java -Xmx64g -jar ./enhsp.jar -o ./domain4.pddl -f ./problems/a42g11XOR-d7/problem17.pddl -h hadd -s WAStar -ties smaller_g
Domain parsed
Problem parsed
Grounding..
Grounding Time: 208020
UFX:true
|F|:241326
|X|:13
|A|:4398
|P|:0
|E|:0
Numeric Error for Complex Condition Activated
H1 Setup Time (msec): 2718
h(I):0.0
-------------Time: 10s ; Expanded Nodes: 10 (Avg-Speed 1.0 n/s); Evaluated States: 245
Problem Solved

Found Plan:
0.0: (validate_payload t0 a7 t1)
1.0: (sync_actions t0 a7 t1)
2.0: (validate_payload t1 a13 t2)
3.0: (sync_actions t1 a13 t2)
4.0: (validate_payload t2 a15 t3)
5.0: (sync_actions t2 a15 t3)
6.0: (validate_payload t3 a16 t4)
7.0: (sync_actions t3 a16 t4)
8.0: (validate_payload t4 a14 t5)
9.0: (sync_actions t4 a14 t5)
10.0: (validate_payload t5 a8 t6)
11.0: (sync_actions t5 a8 t6)
12.0: (validate_payload t6 a11 t7)
13.0: (sync_actions t6 a11 t7)
14.0: (validate_payload t7 a21 t8)
15.0: (sync_actions t7 a21 t8)
16.0: (validate_payload t8 a22 t9)
17.0: (sync_actions t8 a22 t9)
18.0: (validate_payload t9 a12 t10)
19.0: (sync_actions t9 a12 t10)
20.0: (validate_payload t10 a23 t11)
21.0: (sync_actions t10 a23 t11)
22.0: (validate_payload t11 a17 t12)
23.0: (sync_actions t11 a17 t12)
24.0: (validate_payload t12 a18 t13)
25.0: (sync_actions t12 a18 t13)

Plan-Length:26
Metric (Search):0.0
Planning Time (msec): 16326
Heuristic Time (msec): 16017
Search Time (msec): 16324
Expanded Nodes:27
States Evaluated:618
Number of Dead-Ends detected:1
Number of Duplicates detected:2
/usr/bin/time -v java -Xmx64g -jar ./enhsp.jar -o ./domain4.pddl -f ./problems/a42g11XOR-d7/problem18.pddl -h hadd -s WAStar -ties smaller_g
Domain parsed
Problem parsed
Grounding..
Grounding Time: 252490
UFX:true
|F|:418227
|X|:14
|A|:4430
|P|:0
|E|:0
Numeric Error for Complex Condition Activated
H1 Setup Time (msec): 3735
h(I):0.0
-------------Time: 10s ; Expanded Nodes: 4 (Avg-Speed 0.0 n/s); Evaluated States: 101
-------------Time: 21s ; Expanded Nodes: 24 (Avg-Speed 1.0 n/s); Evaluated States: 563
-------------Time: 31s ; Expanded Nodes: 43 (Avg-Speed 1.0 n/s); Evaluated States: 1003
Problem Solved

Found Plan:
0.0: (validate_payload t0 a7 t1)
1.0: (sync_actions t0 a7 t1)
2.0: (validate_payload t1 a4 t2)
3.0: (sync_actions t1 a4 t2)
4.0: (validate_payload t2 a20 t3)
5.0: (sync_actions t2 a20 t3)
6.0: (validate_payload t3 a27 t4)
7.0: (sync_actions t3 a27 t4)
8.0: (validate_payload t4 a1 t5)
9.0: (sync_actions t4 a1 t5)
10.0: (validate_payload t5 a0 t6)
11.0: (sync_actions t5 a0 t6)
12.0: (validate_payload t6 a26 t7)
13.0: (sync_actions t6 a26 t7)
14.0: (validate_payload t7 a25 t8)
15.0: (sync_actions t7 a25 t8)
16.0: (validate_payload t8 a2 t9)
17.0: (sync_actions t8 a2 t9)
18.0: (validate_payload t9 a31 t10)
19.0: (sync_actions t9 a31 t10)
20.0: (validate_payload t10 a30 t11)
21.0: (sync_actions t10 a30 t11)
22.0: (validate_payload t11 a33 t12)
23.0: (sync_actions t11 a33 t12)
24.0: (validate_payload t12 a32 t13)
25.0: (sync_actions t12 a32 t13)
26.0: (validate_payload t13 a5 t14)
27.0: (sync_actions t13 a5 t14)
28.0: (validate_payload t14 a6 t15)
29.0: (sync_actions t14 a6 t15)
30.0: (validate_payload t15 a8 t16)
31.0: (sync_actions t15 a8 t16)
32.0: (validate_payload t16 a11 t17)
33.0: (sync_actions t16 a11 t17)
34.0: (validate_payload t17 a21 t18)
35.0: (sync_actions t17 a21 t18)
36.0: (validate_payload t18 a22 t19)
37.0: (sync_actions t18 a22 t19)
38.0: (validate_payload t19 a12 t20)
39.0: (sync_actions t19 a12 t20)
40.0: (validate_payload t20 a23 t21)
41.0: (sync_actions t20 a23 t21)
42.0: (validate_payload t21 a17 t22)
43.0: (sync_actions t21 a17 t22)
44.0: (validate_payload t22 a18 t23)
45.0: (sync_actions t22 a18 t23)

Plan-Length:46
Metric (Search):0.0
Planning Time (msec): 33500
Heuristic Time (msec): 33178
Search Time (msec): 33497
Expanded Nodes:47
States Evaluated:1094
Number of Dead-Ends detected:1
Number of Duplicates detected:6
/usr/bin/time -v java -Xmx64g -jar ./enhsp.jar -o ./domain4.pddl -f ./problems/a42g11XOR-d7/problem19.pddl -h hadd -s WAStar -ties smaller_g
Domain parsed
Problem parsed
Grounding..
Grounding Time: 234951
UFX:true
|F|:347467
|X|:14
|A|:4418
|P|:0
|E|:0
Numeric Error for Complex Condition Activated
H1 Setup Time (msec): 3336
h(I):0.0
-------------Time: 10s ; Expanded Nodes: 8 (Avg-Speed 0.0 n/s); Evaluated States: 191
-------------Time: 20s ; Expanded Nodes: 34 (Avg-Speed 1.0 n/s); Evaluated States: 801
Problem Solved

Found Plan:
0.0: (validate_payload t0 a7 t1)
1.0: (sync_actions t0 a7 t1)
2.0: (validate_payload t1 a4 t2)
3.0: (sync_actions t1 a4 t2)
4.0: (validate_payload t2 a20 t3)
5.0: (sync_actions t2 a20 t3)
6.0: (validate_payload t3 a19 t4)
7.0: (sync_actions t3 a19 t4)
8.0: (validate_payload t4 a39 t5)
9.0: (sync_actions t4 a39 t5)
10.0: (validate_payload t5 a31 t6)
11.0: (sync_actions t5 a31 t6)
12.0: (validate_payload t6 a30 t7)
13.0: (sync_actions t6 a30 t7)
14.0: (validate_payload t7 a33 t8)
15.0: (sync_actions t7 a33 t8)
16.0: (validate_payload t8 a32 t9)
17.0: (sync_actions t8 a32 t9)
18.0: (validate_payload t9 a5 t10)
19.0: (sync_actions t9 a5 t10)
20.0: (validate_payload t10 a6 t11)
21.0: (sync_actions t10 a6 t11)
22.0: (validate_payload t11 a8 t12)
23.0: (sync_actions t11 a8 t12)
24.0: (validate_payload t12 a11 t13)
25.0: (sync_actions t12 a11 t13)
26.0: (validate_payload t13 a21 t14)
27.0: (sync_actions t13 a21 t14)
28.0: (validate_payload t14 a22 t15)
29.0: (sync_actions t14 a22 t15)
30.0: (validate_payload t15 a12 t16)
31.0: (sync_actions t15 a12 t16)
32.0: (validate_payload t16 a23 t17)
33.0: (sync_actions t16 a23 t17)
34.0: (validate_payload t17 a17 t18)
35.0: (sync_actions t17 a17 t18)
36.0: (validate_payload t18 a18 t19)
37.0: (sync_actions t18 a18 t19)

Plan-Length:38
Metric (Search):0.0
Planning Time (msec): 22526
Heuristic Time (msec): 22158
Search Time (msec): 22523
Expanded Nodes:39
States Evaluated:894
Number of Dead-Ends detected:1
Number of Duplicates detected:2
/usr/bin/time -v java -Xmx64g -jar ./enhsp.jar -o ./domain4.pddl -f ./problems/a42g11XOR-d7/problem20.pddl -h hadd -s WAStar -ties smaller_g
Domain parsed
Problem parsed
Grounding..
Grounding Time: 210563
UFX:true
|F|:241326
|X|:13
|A|:4398
|P|:0
|E|:0
Numeric Error for Complex Condition Activated
H1 Setup Time (msec): 3732
h(I):0.0
-------------Time: 10s ; Expanded Nodes: 12 (Avg-Speed 1.0 n/s); Evaluated States: 293
Problem Solved

Found Plan:
0.0: (validate_payload t0 a7 t1)
1.0: (sync_actions t0 a7 t1)
2.0: (validate_payload t1 a13 t2)
3.0: (sync_actions t1 a13 t2)
4.0: (validate_payload t2 a15 t3)
5.0: (sync_actions t2 a15 t3)
6.0: (validate_payload t3 a16 t4)
7.0: (sync_actions t3 a16 t4)
8.0: (validate_payload t4 a14 t5)
9.0: (sync_actions t4 a14 t5)
10.0: (validate_payload t5 a8 t6)
11.0: (sync_actions t5 a8 t6)
12.0: (validate_payload t6 a11 t7)
13.0: (sync_actions t6 a11 t7)
14.0: (validate_payload t7 a21 t8)
15.0: (sync_actions t7 a21 t8)
16.0: (validate_payload t8 a22 t9)
17.0: (sync_actions t8 a22 t9)
18.0: (validate_payload t9 a12 t10)
19.0: (sync_actions t9 a12 t10)
20.0: (validate_payload t10 a23 t11)
21.0: (sync_actions t10 a23 t11)
22.0: (validate_payload t11 a17 t12)
23.0: (sync_actions t11 a17 t12)
24.0: (validate_payload t12 a18 t13)
25.0: (sync_actions t12 a18 t13)

Plan-Length:26
Metric (Search):0.0
Planning Time (msec): 15975
Heuristic Time (msec): 15664
Search Time (msec): 15972
Expanded Nodes:27
States Evaluated:632
Number of Dead-Ends detected:1
Number of Duplicates detected:4
/usr/bin/time -v java -Xmx64g -jar ./enhsp.jar -o ./domain4.pddl -f ./problems/a42g11XOR-d7/problem21.pddl -h hadd -s WAStar -ties smaller_g
Domain parsed
Problem parsed
Grounding..
Grounding Time: 210932
UFX:true
|F|:241326
|X|:13
|A|:4398
|P|:0
|E|:0
Numeric Error for Complex Condition Activated
H1 Setup Time (msec): 3658
h(I):0.0
-------------Time: 10s ; Expanded Nodes: 12 (Avg-Speed 1.0 n/s); Evaluated States: 291
Problem Solved

Found Plan:
0.0: (validate_payload t0 a7 t1)
1.0: (sync_actions t0 a7 t1)
2.0: (validate_payload t1 a13 t2)
3.0: (sync_actions t1 a13 t2)
4.0: (validate_payload t2 a15 t3)
5.0: (sync_actions t2 a15 t3)
6.0: (validate_payload t3 a16 t4)
7.0: (sync_actions t3 a16 t4)
8.0: (validate_payload t4 a14 t5)
9.0: (sync_actions t4 a14 t5)
10.0: (validate_payload t5 a8 t6)
11.0: (sync_actions t5 a8 t6)
12.0: (validate_payload t6 a11 t7)
13.0: (sync_actions t6 a11 t7)
14.0: (validate_payload t7 a21 t8)
15.0: (sync_actions t7 a21 t8)
16.0: (validate_payload t8 a22 t9)
17.0: (sync_actions t8 a22 t9)
18.0: (validate_payload t9 a12 t10)
19.0: (sync_actions t9 a12 t10)
20.0: (validate_payload t10 a23 t11)
21.0: (sync_actions t10 a23 t11)
22.0: (validate_payload t11 a17 t12)
23.0: (sync_actions t11 a17 t12)
24.0: (validate_payload t12 a18 t13)
25.0: (sync_actions t12 a18 t13)

Plan-Length:26
Metric (Search):0.0
Planning Time (msec): 15352
Heuristic Time (msec): 15085
Search Time (msec): 15350
Expanded Nodes:27
States Evaluated:630
Number of Dead-Ends detected:1
Number of Duplicates detected:6
/usr/bin/time -v java -Xmx64g -jar ./enhsp.jar -o ./domain4.pddl -f ./problems/a42g11XOR-d7/problem22.pddl -h hadd -s WAStar -ties smaller_g
Domain parsed
Problem parsed
Grounding..
Grounding Time: 209895
UFX:true
|F|:241326
|X|:13
|A|:4398
|P|:0
|E|:0
Numeric Error for Complex Condition Activated
H1 Setup Time (msec): 3597
h(I):0.0
-------------Time: 10s ; Expanded Nodes: 12 (Avg-Speed 1.0 n/s); Evaluated States: 285
Problem Solved

Found Plan:
0.0: (validate_payload t0 a7 t1)
1.0: (sync_actions t0 a7 t1)
2.0: (validate_payload t1 a13 t2)
3.0: (sync_actions t1 a13 t2)
4.0: (validate_payload t2 a15 t3)
5.0: (sync_actions t2 a15 t3)
6.0: (validate_payload t3 a16 t4)
7.0: (sync_actions t3 a16 t4)
8.0: (validate_payload t4 a14 t5)
9.0: (sync_actions t4 a14 t5)
10.0: (validate_payload t5 a8 t6)
11.0: (sync_actions t5 a8 t6)
12.0: (validate_payload t6 a11 t7)
13.0: (sync_actions t6 a11 t7)
14.0: (validate_payload t7 a21 t8)
15.0: (sync_actions t7 a21 t8)
16.0: (validate_payload t8 a22 t9)
17.0: (sync_actions t8 a22 t9)
18.0: (validate_payload t9 a12 t10)
19.0: (sync_actions t9 a12 t10)
20.0: (validate_payload t10 a23 t11)
21.0: (sync_actions t10 a23 t11)
22.0: (validate_payload t11 a17 t12)
23.0: (sync_actions t11 a17 t12)
24.0: (validate_payload t12 a18 t13)
25.0: (sync_actions t12 a18 t13)

Plan-Length:26
Metric (Search):0.0
Planning Time (msec): 15882
Heuristic Time (msec): 15583
Search Time (msec): 15879
Expanded Nodes:27
States Evaluated:626
Number of Dead-Ends detected:1
Number of Duplicates detected:2
Loading openjdk/17.0.8.1_1
  Loading requirement: glibc/2.35-aocc-3.2.0-wetwhfr
    gcc-runtime/12.1.0-gcc-12.1.0-uotjsm3 glibc/2.35-aocc-3.2.0-dkzxmta
	Command being timed: "java -Xmx64g -jar ./enhsp.jar -o ./domain4.pddl -f ./problems/a42g11XOR-d7/problem1.pddl -h hadd -s WAStar -ties smaller_g -dap"
	User time (seconds): 337.94
	System time (seconds): 16.28
	Percent of CPU this job got: 99%
	Elapsed (wall clock) time (h:mm:ss or m:ss): 5:55.55
	Average shared text size (kbytes): 0
	Average unshared data size (kbytes): 0
	Average stack size (kbytes): 0
	Average total size (kbytes): 0
	Maximum resident set size (kbytes): 30708772
	Average resident set size (kbytes): 0
	Major (requiring I/O) page faults: 218
	Minor (reclaiming a frame) page faults: 25185890
	Voluntary context switches: 15099
	Involuntary context switches: 16289
	Swaps: 0
	File system inputs: 16384
	File system outputs: 1608
	Socket messages sent: 0
	Socket messages received: 0
	Signals delivered: 0
	Page size (bytes): 4096
	Exit status: 0
	Command being timed: "java -Xmx64g -jar ./enhsp.jar -o ./domain4.pddl -f ./problems/a42g11XOR-d7/problem2.pddl -h hadd -s WAStar -ties smaller_g -dap"
	User time (seconds): 318.32
	System time (seconds): 15.87
	Percent of CPU this job got: 99%
	Elapsed (wall clock) time (h:mm:ss or m:ss): 5:35.36
	Average shared text size (kbytes): 0
	Average unshared data size (kbytes): 0
	Average stack size (kbytes): 0
	Average total size (kbytes): 0
	Maximum resident set size (kbytes): 29853192
	Average resident set size (kbytes): 0
	Major (requiring I/O) page faults: 231
	Minor (reclaiming a frame) page faults: 24876049
	Voluntary context switches: 14233
	Involuntary context switches: 16289
	Swaps: 0
	File system inputs: 0
	File system outputs: 1528
	Socket messages sent: 0
	Socket messages received: 0
	Signals delivered: 0
	Page size (bytes): 4096
	Exit status: 0
	Command being timed: "java -Xmx64g -jar ./enhsp.jar -o ./domain4.pddl -f ./problems/a42g11XOR-d7/problem3.pddl -h hadd -s WAStar -ties smaller_g -dap"
	User time (seconds): 315.71
	System time (seconds): 15.56
	Percent of CPU this job got: 99%
	Elapsed (wall clock) time (h:mm:ss or m:ss): 5:31.53
	Average shared text size (kbytes): 0
	Average unshared data size (kbytes): 0
	Average stack size (kbytes): 0
	Average total size (kbytes): 0
	Maximum resident set size (kbytes): 29849544
	Average resident set size (kbytes): 0
	Major (requiring I/O) page faults: 201
	Minor (reclaiming a frame) page faults: 24460901
	Voluntary context switches: 14148
	Involuntary context switches: 15618
	Swaps: 0
	File system inputs: 0
	File system outputs: 1584
	Socket messages sent: 0
	Socket messages received: 0
	Signals delivered: 0
	Page size (bytes): 4096
	Exit status: 0
	Command being timed: "java -Xmx64g -jar ./enhsp.jar -o ./domain4.pddl -f ./problems/a42g11XOR-d7/problem4.pddl -h hadd -s WAStar -ties smaller_g -dap"
	User time (seconds): 331.23
	System time (seconds): 16.37
	Percent of CPU this job got: 99%
	Elapsed (wall clock) time (h:mm:ss or m:ss): 5:47.77
	Average shared text size (kbytes): 0
	Average unshared data size (kbytes): 0
	Average stack size (kbytes): 0
	Average total size (kbytes): 0
	Maximum resident set size (kbytes): 30725992
	Average resident set size (kbytes): 0
	Major (requiring I/O) page faults: 195
	Minor (reclaiming a frame) page faults: 25127038
	Voluntary context switches: 14636
	Involuntary context switches: 15795
	Swaps: 0
	File system inputs: 0
	File system outputs: 1608
	Socket messages sent: 0
	Socket messages received: 0
	Signals delivered: 0
	Page size (bytes): 4096
	Exit status: 0
	Command being timed: "java -Xmx64g -jar ./enhsp.jar -o ./domain4.pddl -f ./problems/a42g11XOR-d7/problem5.pddl -h hadd -s WAStar -ties smaller_g -dap"
	User time (seconds): 272.27
	System time (seconds): 13.23
	Percent of CPU this job got: 99%
	Elapsed (wall clock) time (h:mm:ss or m:ss): 4:45.64
	Average shared text size (kbytes): 0
	Average unshared data size (kbytes): 0
	Average stack size (kbytes): 0
	Average total size (kbytes): 0
	Maximum resident set size (kbytes): 28138744
	Average resident set size (kbytes): 0
	Major (requiring I/O) page faults: 157
	Minor (reclaiming a frame) page faults: 19559542
	Voluntary context switches: 12871
	Involuntary context switches: 13380
	Swaps: 0
	File system inputs: 0
	File system outputs: 1288
	Socket messages sent: 0
	Socket messages received: 0
	Signals delivered: 0
	Page size (bytes): 4096
	Exit status: 0
	Command being timed: "java -Xmx64g -jar ./enhsp.jar -o ./domain4.pddl -f ./problems/a42g11XOR-d7/problem6.pddl -h hadd -s WAStar -ties smaller_g -dap"
	User time (seconds): 272.53
	System time (seconds): 13.76
	Percent of CPU this job got: 99%
	Elapsed (wall clock) time (h:mm:ss or m:ss): 4:46.43
	Average shared text size (kbytes): 0
	Average unshared data size (kbytes): 0
	Average stack size (kbytes): 0
	Average total size (kbytes): 0
	Maximum resident set size (kbytes): 28140504
	Average resident set size (kbytes): 0
	Major (requiring I/O) page faults: 162
	Minor (reclaiming a frame) page faults: 19520165
	Voluntary context switches: 12849
	Involuntary context switches: 13187
	Swaps: 0
	File system inputs: 0
	File system outputs: 1328
	Socket messages sent: 0
	Socket messages received: 0
	Signals delivered: 0
	Page size (bytes): 4096
	Exit status: 0
	Command being timed: "java -Xmx64g -jar ./enhsp.jar -o ./domain4.pddl -f ./problems/a42g11XOR-d7/problem7.pddl -h hadd -s WAStar -ties smaller_g -dap"
	User time (seconds): 272.38
	System time (seconds): 13.22
	Percent of CPU this job got: 99%
	Elapsed (wall clock) time (h:mm:ss or m:ss): 4:45.74
	Average shared text size (kbytes): 0
	Average unshared data size (kbytes): 0
	Average stack size (kbytes): 0
	Average total size (kbytes): 0
	Maximum resident set size (kbytes): 28125956
	Average resident set size (kbytes): 0
	Major (requiring I/O) page faults: 162
	Minor (reclaiming a frame) page faults: 19474124
	Voluntary context switches: 12916
	Involuntary context switches: 13134
	Swaps: 0
	File system inputs: 0
	File system outputs: 1336
	Socket messages sent: 0
	Socket messages received: 0
	Signals delivered: 0
	Page size (bytes): 4096
	Exit status: 0
	Command being timed: "java -Xmx64g -jar ./enhsp.jar -o ./domain4.pddl -f ./problems/a42g11XOR-d7/problem8.pddl -h hadd -s WAStar -ties smaller_g -dap"
	User time (seconds): 337.61
	System time (seconds): 16.15
	Percent of CPU this job got: 99%
	Elapsed (wall clock) time (h:mm:ss or m:ss): 5:53.95
	Average shared text size (kbytes): 0
	Average unshared data size (kbytes): 0
	Average stack size (kbytes): 0
	Average total size (kbytes): 0
	Maximum resident set size (kbytes): 30722656
	Average resident set size (kbytes): 0
	Major (requiring I/O) page faults: 199
	Minor (reclaiming a frame) page faults: 25186197
	Voluntary context switches: 14797
	Involuntary context switches: 15389
	Swaps: 0
	File system inputs: 0
	File system outputs: 1632
	Socket messages sent: 0
	Socket messages received: 0
	Signals delivered: 0
	Page size (bytes): 4096
	Exit status: 0
	Command being timed: "java -Xmx64g -jar ./enhsp.jar -o ./domain4.pddl -f ./problems/a42g11XOR-d7/problem9.pddl -h hadd -s WAStar -ties smaller_g -dap"
	User time (seconds): 272.69
	System time (seconds): 13.16
	Percent of CPU this job got: 99%
	Elapsed (wall clock) time (h:mm:ss or m:ss): 4:45.98
	Average shared text size (kbytes): 0
	Average unshared data size (kbytes): 0
	Average stack size (kbytes): 0
	Average total size (kbytes): 0
	Maximum resident set size (kbytes): 28113564
	Average resident set size (kbytes): 0
	Major (requiring I/O) page faults: 162
	Minor (reclaiming a frame) page faults: 18433837
	Voluntary context switches: 13029
	Involuntary context switches: 13213
	Swaps: 0
	File system inputs: 0
	File system outputs: 1336
	Socket messages sent: 0
	Socket messages received: 0
	Signals delivered: 0
	Page size (bytes): 4096
	Exit status: 0
	Command being timed: "java -Xmx64g -jar ./enhsp.jar -o ./domain4.pddl -f ./problems/a42g11XOR-d7/problem10.pddl -h hadd -s WAStar -ties smaller_g -dap"
	User time (seconds): 344.42
	System time (seconds): 16.41
	Percent of CPU this job got: 99%
	Elapsed (wall clock) time (h:mm:ss or m:ss): 6:01.14
	Average shared text size (kbytes): 0
	Average unshared data size (kbytes): 0
	Average stack size (kbytes): 0
	Average total size (kbytes): 0
	Maximum resident set size (kbytes): 31299932
	Average resident set size (kbytes): 0
	Major (requiring I/O) page faults: 199
	Minor (reclaiming a frame) page faults: 25201607
	Voluntary context switches: 15228
	Involuntary context switches: 15596
	Swaps: 0
	File system inputs: 0
	File system outputs: 1608
	Socket messages sent: 0
	Socket messages received: 0
	Signals delivered: 0
	Page size (bytes): 4096
	Exit status: 0
	Command being timed: "java -Xmx64g -jar ./enhsp.jar -o ./domain4.pddl -f ./problems/a42g11XOR-d7/problem11.pddl -h hadd -s WAStar -ties smaller_g -dap"
	User time (seconds): 345.60
	System time (seconds): 16.21
	Percent of CPU this job got: 99%
	Elapsed (wall clock) time (h:mm:ss or m:ss): 6:02.01
	Average shared text size (kbytes): 0
	Average unshared data size (kbytes): 0
	Average stack size (kbytes): 0
	Average total size (kbytes): 0
	Maximum resident set size (kbytes): 31302288
	Average resident set size (kbytes): 0
	Major (requiring I/O) page faults: 201
	Minor (reclaiming a frame) page faults: 25576527
	Voluntary context switches: 15023
	Involuntary context switches: 15561
	Swaps: 0
	File system inputs: 8192
	File system outputs: 1648
	Socket messages sent: 0
	Socket messages received: 0
	Signals delivered: 0
	Page size (bytes): 4096
	Exit status: 0
	Command being timed: "java -Xmx64g -jar ./enhsp.jar -o ./domain4.pddl -f ./problems/a42g11XOR-d7/problem12.pddl -h hadd -s WAStar -ties smaller_g -dap"
	User time (seconds): 277.83
	System time (seconds): 14.05
	Percent of CPU this job got: 99%
	Elapsed (wall clock) time (h:mm:ss or m:ss): 4:52.02
	Average shared text size (kbytes): 0
	Average unshared data size (kbytes): 0
	Average stack size (kbytes): 0
	Average total size (kbytes): 0
	Maximum resident set size (kbytes): 28139284
	Average resident set size (kbytes): 0
	Major (requiring I/O) page faults: 165
	Minor (reclaiming a frame) page faults: 20231574
	Voluntary context switches: 13133
	Involuntary context switches: 13521
	Swaps: 0
	File system inputs: 0
	File system outputs: 1360
	Socket messages sent: 0
	Socket messages received: 0
	Signals delivered: 0
	Page size (bytes): 4096
	Exit status: 0
	Command being timed: "java -Xmx64g -jar ./enhsp.jar -o ./domain4.pddl -f ./problems/a42g11XOR-d7/problem13.pddl -h hadd -s WAStar -ties smaller_g -dap"
	User time (seconds): 276.39
	System time (seconds): 13.60
	Percent of CPU this job got: 99%
	Elapsed (wall clock) time (h:mm:ss or m:ss): 4:50.13
	Average shared text size (kbytes): 0
	Average unshared data size (kbytes): 0
	Average stack size (kbytes): 0
	Average total size (kbytes): 0
	Maximum resident set size (kbytes): 28147012
	Average resident set size (kbytes): 0
	Major (requiring I/O) page faults: 165
	Minor (reclaiming a frame) page faults: 19624222
	Voluntary context switches: 13010
	Involuntary context switches: 13659
	Swaps: 0
	File system inputs: 0
	File system outputs: 1344
	Socket messages sent: 0
	Socket messages received: 0
	Signals delivered: 0
	Page size (bytes): 4096
	Exit status: 0
	Command being timed: "java -Xmx64g -jar ./enhsp.jar -o ./domain4.pddl -f ./problems/a42g11XOR-d7/problem14.pddl -h hadd -s WAStar -ties smaller_g -dap"
	User time (seconds): 275.72
	System time (seconds): 13.33
	Percent of CPU this job got: 99%
	Elapsed (wall clock) time (h:mm:ss or m:ss): 4:49.20
	Average shared text size (kbytes): 0
	Average unshared data size (kbytes): 0
	Average stack size (kbytes): 0
	Average total size (kbytes): 0
	Maximum resident set size (kbytes): 28140132
	Average resident set size (kbytes): 0
	Major (requiring I/O) page faults: 161
	Minor (reclaiming a frame) page faults: 19512158
	Voluntary context switches: 13013
	Involuntary context switches: 13637
	Swaps: 0
	File system inputs: 0
	File system outputs: 1304
	Socket messages sent: 0
	Socket messages received: 0
	Signals delivered: 0
	Page size (bytes): 4096
	Exit status: 0
	Command being timed: "java -Xmx64g -jar ./enhsp.jar -o ./domain4.pddl -f ./problems/a42g11XOR-d7/problem15.pddl -h hadd -s WAStar -ties smaller_g -dap"
	User time (seconds): 274.44
	System time (seconds): 13.53
	Percent of CPU this job got: 99%
	Elapsed (wall clock) time (h:mm:ss or m:ss): 4:48.13
	Average shared text size (kbytes): 0
	Average unshared data size (kbytes): 0
	Average stack size (kbytes): 0
	Average total size (kbytes): 0
	Maximum resident set size (kbytes): 28126664
	Average resident set size (kbytes): 0
	Major (requiring I/O) page faults: 161
	Minor (reclaiming a frame) page faults: 19681034
	Voluntary context switches: 12848
	Involuntary context switches: 13163
	Swaps: 0
	File system inputs: 0
	File system outputs: 1304
	Socket messages sent: 0
	Socket messages received: 0
	Signals delivered: 0
	Page size (bytes): 4096
	Exit status: 0
	Command being timed: "java -Xmx64g -jar ./enhsp.jar -o ./domain4.pddl -f ./problems/a42g11XOR-d7/problem16.pddl -h hadd -s WAStar -ties smaller_g -dap"
	User time (seconds): 314.36
	System time (seconds): 16.15
	Percent of CPU this job got: 99%
	Elapsed (wall clock) time (h:mm:ss or m:ss): 5:30.67
	Average shared text size (kbytes): 0
	Average unshared data size (kbytes): 0
	Average stack size (kbytes): 0
	Average total size (kbytes): 0
	Maximum resident set size (kbytes): 29858188
	Average resident set size (kbytes): 0
	Major (requiring I/O) page faults: 182
	Minor (reclaiming a frame) page faults: 24681605
	Voluntary context switches: 13943
	Involuntary context switches: 14513
	Swaps: 0
	File system inputs: 0
	File system outputs: 1496
	Socket messages sent: 0
	Socket messages received: 0
	Signals delivered: 0
	Page size (bytes): 4096
	Exit status: 0
	Command being timed: "java -Xmx64g -jar ./enhsp.jar -o ./domain4.pddl -f ./problems/a42g11XOR-d7/problem17.pddl -h hadd -s WAStar -ties smaller_g -dap"
	User time (seconds): 273.31
	System time (seconds): 13.17
	Percent of CPU this job got: 99%
	Elapsed (wall clock) time (h:mm:ss or m:ss): 4:46.62
	Average shared text size (kbytes): 0
	Average unshared data size (kbytes): 0
	Average stack size (kbytes): 0
	Average total size (kbytes): 0
	Maximum resident set size (kbytes): 27969708
	Average resident set size (kbytes): 0
	Major (requiring I/O) page faults: 161
	Minor (reclaiming a frame) page faults: 19385407
	Voluntary context switches: 13005
	Involuntary context switches: 13214
	Swaps: 0
	File system inputs: 0
	File system outputs: 1320
	Socket messages sent: 0
	Socket messages received: 0
	Signals delivered: 0
	Page size (bytes): 4096
	Exit status: 0
	Command being timed: "java -Xmx64g -jar ./enhsp.jar -o ./domain4.pddl -f ./problems/a42g11XOR-d7/problem18.pddl -h hadd -s WAStar -ties smaller_g -dap"
	User time (seconds): 346.99
	System time (seconds): 16.99
	Percent of CPU this job got: 99%
	Elapsed (wall clock) time (h:mm:ss or m:ss): 6:04.15
	Average shared text size (kbytes): 0
	Average unshared data size (kbytes): 0
	Average stack size (kbytes): 0
	Average total size (kbytes): 0
	Maximum resident set size (kbytes): 30981052
	Average resident set size (kbytes): 0
	Major (requiring I/O) page faults: 202
	Minor (reclaiming a frame) page faults: 25923502
	Voluntary context switches: 15004
	Involuntary context switches: 15470
	Swaps: 0
	File system inputs: 0
	File system outputs: 1664
	Socket messages sent: 0
	Socket messages received: 0
	Signals delivered: 0
	Page size (bytes): 4096
	Exit status: 0
	Command being timed: "java -Xmx64g -jar ./enhsp.jar -o ./domain4.pddl -f ./problems/a42g11XOR-d7/problem19.pddl -h hadd -s WAStar -ties smaller_g -dap"
	User time (seconds): 311.54
	System time (seconds): 15.63
	Percent of CPU this job got: 99%
	Elapsed (wall clock) time (h:mm:ss or m:ss): 5:27.31
	Average shared text size (kbytes): 0
	Average unshared data size (kbytes): 0
	Average stack size (kbytes): 0
	Average total size (kbytes): 0
	Maximum resident set size (kbytes): 29899896
	Average resident set size (kbytes): 0
	Major (requiring I/O) page faults: 185
	Minor (reclaiming a frame) page faults: 23199781
	Voluntary context switches: 13882
	Involuntary context switches: 14263
	Swaps: 0
	File system inputs: 0
	File system outputs: 1512
	Socket messages sent: 0
	Socket messages received: 0
	Signals delivered: 0
	Page size (bytes): 4096
	Exit status: 0
	Command being timed: "java -Xmx64g -jar ./enhsp.jar -o ./domain4.pddl -f ./problems/a42g11XOR-d7/problem20.pddl -h hadd -s WAStar -ties smaller_g -dap"
	User time (seconds): 274.18
	System time (seconds): 13.33
	Percent of CPU this job got: 99%
	Elapsed (wall clock) time (h:mm:ss or m:ss): 4:47.70
	Average shared text size (kbytes): 0
	Average unshared data size (kbytes): 0
	Average stack size (kbytes): 0
	Average total size (kbytes): 0
	Maximum resident set size (kbytes): 28138372
	Average resident set size (kbytes): 0
	Major (requiring I/O) page faults: 162
	Minor (reclaiming a frame) page faults: 19520717
	Voluntary context switches: 12936
	Involuntary context switches: 13116
	Swaps: 0
	File system inputs: 0
	File system outputs: 1344
	Socket messages sent: 0
	Socket messages received: 0
	Signals delivered: 0
	Page size (bytes): 4096
	Exit status: 0
	Command being timed: "java -Xmx64g -jar ./enhsp.jar -o ./domain4.pddl -f ./problems/a42g11XOR-d7/problem21.pddl -h hadd -s WAStar -ties smaller_g -dap"
	User time (seconds): 273.26
	System time (seconds): 14.71
	Percent of CPU this job got: 99%
	Elapsed (wall clock) time (h:mm:ss or m:ss): 4:48.11
	Average shared text size (kbytes): 0
	Average unshared data size (kbytes): 0
	Average stack size (kbytes): 0
	Average total size (kbytes): 0
	Maximum resident set size (kbytes): 28128748
	Average resident set size (kbytes): 0
	Major (requiring I/O) page faults: 163
	Minor (reclaiming a frame) page faults: 20863640
	Voluntary context switches: 12994
	Involuntary context switches: 13564
	Swaps: 0
	File system inputs: 0
	File system outputs: 1336
	Socket messages sent: 0
	Socket messages received: 0
	Signals delivered: 0
	Page size (bytes): 4096
	Exit status: 0
	Command being timed: "java -Xmx64g -jar ./enhsp.jar -o ./domain4.pddl -f ./problems/a42g11XOR-d7/problem22.pddl -h hadd -s WAStar -ties smaller_g -dap"
	User time (seconds): 272.69
	System time (seconds): 13.25
	Percent of CPU this job got: 99%
	Elapsed (wall clock) time (h:mm:ss or m:ss): 4:46.10
	Average shared text size (kbytes): 0
	Average unshared data size (kbytes): 0
	Average stack size (kbytes): 0
	Average total size (kbytes): 0
	Maximum resident set size (kbytes): 28148072
	Average resident set size (kbytes): 0
	Major (requiring I/O) page faults: 157
	Minor (reclaiming a frame) page faults: 19515700
	Voluntary context switches: 12959
	Involuntary context switches: 13575
	Swaps: 0
	File system inputs: 0
	File system outputs: 1288
	Socket messages sent: 0
	Socket messages received: 0
	Signals delivered: 0
	Page size (bytes): 4096
	Exit status: 0
slurmstepd-hpcfst12: error: *** JOB 40300 ON hpcfst12 CANCELLED AT 2025-05-25T23:48:35 DUE TO TIME LIMIT ***

