Loading openjdk/17.0.8.1_1
  Loading requirement: glibc/2.35-aocc-3.2.0-wetwhfr
    gcc-runtime/12.1.0-gcc-12.1.0-uotjsm3 glibc/2.35-aocc-3.2.0-dkzxmta
	Command being timed: "timeout 600 java -Xmx64g -jar ./enhsp3.jar -o ./domain_with_failure.pddl -f ./problems/a20g6-add-5-d7/problem1.pddl -h blcost -s WAStar"
	User time (seconds): 170.38
	System time (seconds): 20.54
	Percent of CPU this job got: 99%
	Elapsed (wall clock) time (h:mm:ss or m:ss): 3:11.03
	Average shared text size (kbytes): 0
	Average unshared data size (kbytes): 0
	Average stack size (kbytes): 0
	Average total size (kbytes): 0
	Maximum resident set size (kbytes): 58468000
	Average resident set size (kbytes): 0
	Major (requiring I/O) page faults: 116
	Minor (reclaiming a frame) page faults: 25070895
	Voluntary context switches: 9600
	Involuntary context switches: 10343
	Swaps: 0
	File system inputs: 0
	File system outputs: 968
	Socket messages sent: 0
	Socket messages received: 0
	Signals delivered: 0
	Page size (bytes): 4096
	Exit status: 0
	Command being timed: "timeout 600 java -Xmx64g -jar ./enhsp3.jar -o ./domain_with_failure.pddl -f ./problems/a20g6-add-5-d7/problem2.pddl -h blcost -s WAStar"
	User time (seconds): 132.91
	System time (seconds): 17.68
	Percent of CPU this job got: 99%
	Elapsed (wall clock) time (h:mm:ss or m:ss): 2:30.81
	Average shared text size (kbytes): 0
	Average unshared data size (kbytes): 0
	Average stack size (kbytes): 0
	Average total size (kbytes): 0
	Maximum resident set size (kbytes): 53328216
	Average resident set size (kbytes): 0
	Major (requiring I/O) page faults: 95
	Minor (reclaiming a frame) page faults: 20446045
	Voluntary context switches: 8693
	Involuntary context switches: 8991
	Swaps: 0
	File system inputs: 8192
	File system outputs: 768
	Socket messages sent: 0
	Socket messages received: 0
	Signals delivered: 0
	Page size (bytes): 4096
	Exit status: 0
	Command being timed: "timeout 600 java -Xmx64g -jar ./enhsp3.jar -o ./domain_with_failure.pddl -f ./problems/a20g6-add-5-d7/problem3.pddl -h blcost -s WAStar"
	User time (seconds): 105.43
	System time (seconds): 15.16
	Percent of CPU this job got: 99%
	Elapsed (wall clock) time (h:mm:ss or m:ss): 2:00.66
	Average shared text size (kbytes): 0
	Average unshared data size (kbytes): 0
	Average stack size (kbytes): 0
	Average total size (kbytes): 0
	Maximum resident set size (kbytes): 48526300
	Average resident set size (kbytes): 0
	Major (requiring I/O) page faults: 76
	Minor (reclaiming a frame) page faults: 16424102
	Voluntary context switches: 7869
	Involuntary context switches: 7986
	Swaps: 0
	File system inputs: 0
	File system outputs: 632
	Socket messages sent: 0
	Socket messages received: 0
	Signals delivered: 0
	Page size (bytes): 4096
	Exit status: 0
Command exited with non-zero status 124
	Command being timed: "timeout 600 java -Xmx64g -jar ./enhsp3.jar -o ./domain_with_failure.pddl -f ./problems/a20g6-add-5-d7/problem4.pddl -h blcost -s WAStar"
	User time (seconds): 529.46
	System time (seconds): 69.87
	Percent of CPU this job got: 99%
	Elapsed (wall clock) time (h:mm:ss or m:ss): 10:05.27
	Average shared text size (kbytes): 0
	Average unshared data size (kbytes): 0
	Average stack size (kbytes): 0
	Average total size (kbytes): 0
	Maximum resident set size (kbytes): 66991708
	Average resident set size (kbytes): 0
	Major (requiring I/O) page faults: 18935
	Minor (reclaiming a frame) page faults: 127172483
	Voluntary context switches: 38609
	Involuntary context switches: 24450
	Swaps: 0
	File system inputs: 1092040
	File system outputs: 2936
	Socket messages sent: 0
	Socket messages received: 0
	Signals delivered: 0
	Page size (bytes): 4096
	Exit status: 124
	Command being timed: "timeout 600 java -Xmx64g -jar ./enhsp3.jar -o ./domain_with_failure.pddl -f ./problems/a20g6-add-5-d7/problem5.pddl -h blcost -s WAStar"
	User time (seconds): 86.07
	System time (seconds): 11.47
	Percent of CPU this job got: 99%
	Elapsed (wall clock) time (h:mm:ss or m:ss): 1:37.60
	Average shared text size (kbytes): 0
	Average unshared data size (kbytes): 0
	Average stack size (kbytes): 0
	Average total size (kbytes): 0
	Maximum resident set size (kbytes): 33693344
	Average resident set size (kbytes): 0
	Major (requiring I/O) page faults: 65
	Minor (reclaiming a frame) page faults: 12763859
	Voluntary context switches: 7514
	Involuntary context switches: 7350
	Swaps: 0
	File system inputs: 0
	File system outputs: 552
	Socket messages sent: 0
	Socket messages received: 0
	Signals delivered: 0
	Page size (bytes): 4096
	Exit status: 0
	Command being timed: "timeout 600 java -Xmx64g -jar ./enhsp3.jar -o ./domain_with_failure.pddl -f ./problems/a20g6-add-5-d7/problem6.pddl -h blcost -s WAStar"
	User time (seconds): 124.43
	System time (seconds): 15.24
	Percent of CPU this job got: 99%
	Elapsed (wall clock) time (h:mm:ss or m:ss): 2:19.76
	Average shared text size (kbytes): 0
	Average unshared data size (kbytes): 0
	Average stack size (kbytes): 0
	Average total size (kbytes): 0
	Maximum resident set size (kbytes): 45848292
	Average resident set size (kbytes): 0
	Major (requiring I/O) page faults: 89
	Minor (reclaiming a frame) page faults: 17604838
	Voluntary context switches: 8388
	Involuntary context switches: 8683
	Swaps: 0
	File system inputs: 0
	File system outputs: 752
	Socket messages sent: 0
	Socket messages received: 0
	Signals delivered: 0
	Page size (bytes): 4096
	Exit status: 0
	Command being timed: "timeout 600 java -Xmx64g -jar ./enhsp3.jar -o ./domain_with_failure.pddl -f ./problems/a20g6-add-5-d7/problem7.pddl -h blcost -s WAStar"
	User time (seconds): 135.46
	System time (seconds): 17.32
	Percent of CPU this job got: 99%
	Elapsed (wall clock) time (h:mm:ss or m:ss): 2:32.86
	Average shared text size (kbytes): 0
	Average unshared data size (kbytes): 0
	Average stack size (kbytes): 0
	Average total size (kbytes): 0
	Maximum resident set size (kbytes): 48954240
	Average resident set size (kbytes): 0
	Major (requiring I/O) page faults: 95
	Minor (reclaiming a frame) page faults: 21345093
	Voluntary context switches: 8797
	Involuntary context switches: 9130
	Swaps: 0
	File system inputs: 0
	File system outputs: 800
	Socket messages sent: 0
	Socket messages received: 0
	Signals delivered: 0
	Page size (bytes): 4096
	Exit status: 0
Command exited with non-zero status 124
	Command being timed: "timeout 600 java -Xmx64g -jar ./enhsp3.jar -o ./domain_with_failure.pddl -f ./problems/a20g6-add-5-d7/problem8.pddl -h blcost -s WAStar"
	User time (seconds): 523.26
	System time (seconds): 71.65
	Percent of CPU this job got: 98%
	Elapsed (wall clock) time (h:mm:ss or m:ss): 10:03.68
	Average shared text size (kbytes): 0
	Average unshared data size (kbytes): 0
	Average stack size (kbytes): 0
	Average total size (kbytes): 0
	Maximum resident set size (kbytes): 66991692
	Average resident set size (kbytes): 0
	Major (requiring I/O) page faults: 36553
	Minor (reclaiming a frame) page faults: 120066713
	Voluntary context switches: 56234
	Involuntary context switches: 26723
	Swaps: 0
	File system inputs: 1459456
	File system outputs: 2872
	Socket messages sent: 0
	Socket messages received: 0
	Signals delivered: 0
	Page size (bytes): 4096
	Exit status: 124
Command exited with non-zero status 124
	Command being timed: "timeout 600 java -Xmx64g -jar ./enhsp3.jar -o ./domain_with_failure.pddl -f ./problems/a20g6-add-5-d7/problem9.pddl -h blcost -s WAStar"
	User time (seconds): 222.48
	System time (seconds): 104.78
	Percent of CPU this job got: 54%
	Elapsed (wall clock) time (h:mm:ss or m:ss): 10:05.65
	Average shared text size (kbytes): 0
	Average unshared data size (kbytes): 0
	Average stack size (kbytes): 0
	Average total size (kbytes): 0
	Maximum resident set size (kbytes): 66991976
	Average resident set size (kbytes): 0
	Major (requiring I/O) page faults: 1004713
	Minor (reclaiming a frame) page faults: 62450121
	Voluntary context switches: 1016367
	Involuntary context switches: 58762
	Swaps: 0
	File system inputs: 59653672
	File system outputs: 2416
	Socket messages sent: 0
	Socket messages received: 0
	Signals delivered: 0
	Page size (bytes): 4096
	Exit status: 124
	Command being timed: "timeout 600 java -Xmx64g -jar ./enhsp3.jar -o ./domain_with_failure.pddl -f ./problems/a20g6-add-5-d7/problem10.pddl -h blcost -s WAStar"
	User time (seconds): 202.03
	System time (seconds): 26.06
	Percent of CPU this job got: 99%
	Elapsed (wall clock) time (h:mm:ss or m:ss): 3:48.22
	Average shared text size (kbytes): 0
	Average unshared data size (kbytes): 0
	Average stack size (kbytes): 0
	Average total size (kbytes): 0
	Maximum resident set size (kbytes): 65375316
	Average resident set size (kbytes): 0
	Major (requiring I/O) page faults: 139
	Minor (reclaiming a frame) page faults: 35264650
	Voluntary context switches: 10489
	Involuntary context switches: 11551
	Swaps: 0
	File system inputs: 0
	File system outputs: 1304
	Socket messages sent: 0
	Socket messages received: 0
	Signals delivered: 0
	Page size (bytes): 4096
	Exit status: 0
	Command being timed: "timeout 600 java -Xmx64g -jar ./enhsp3.jar -o ./domain_with_failure.pddl -f ./problems/a20g6-add-5-d7/problem11.pddl -h blcost -s WAStar"
	User time (seconds): 165.94
	System time (seconds): 18.42
	Percent of CPU this job got: 99%
	Elapsed (wall clock) time (h:mm:ss or m:ss): 3:04.46
	Average shared text size (kbytes): 0
	Average unshared data size (kbytes): 0
	Average stack size (kbytes): 0
	Average total size (kbytes): 0
	Maximum resident set size (kbytes): 56487124
	Average resident set size (kbytes): 0
	Major (requiring I/O) page faults: 116
	Minor (reclaiming a frame) page faults: 21358849
	Voluntary context switches: 9577
	Involuntary context switches: 10305
	Swaps: 0
	File system inputs: 0
	File system outputs: 1088
	Socket messages sent: 0
	Socket messages received: 0
	Signals delivered: 0
	Page size (bytes): 4096
	Exit status: 0
Command exited with non-zero status 124
	Command being timed: "timeout 600 java -Xmx64g -jar ./enhsp3.jar -o ./domain_with_failure.pddl -f ./problems/a20g6-add-5-d7/problem12.pddl -h blcost -s WAStar"
	User time (seconds): 514.56
	System time (seconds): 72.07
	Percent of CPU this job got: 97%
	Elapsed (wall clock) time (h:mm:ss or m:ss): 10:04.68
	Average shared text size (kbytes): 0
	Average unshared data size (kbytes): 0
	Average stack size (kbytes): 0
	Average total size (kbytes): 0
	Maximum resident set size (kbytes): 66992072
	Average resident set size (kbytes): 0
	Major (requiring I/O) page faults: 77013
	Minor (reclaiming a frame) page faults: 116190037
	Voluntary context switches: 96288
	Involuntary context switches: 30276
	Swaps: 0
	File system inputs: 2521824
	File system outputs: 2984
	Socket messages sent: 0
	Socket messages received: 0
	Signals delivered: 0
	Page size (bytes): 4096
	Exit status: 124
Command exited with non-zero status 124
	Command being timed: "timeout 600 java -Xmx64g -jar ./enhsp3.jar -o ./domain_with_failure.pddl -f ./problems/a20g6-add-5-d7/problem13.pddl -h blcost -s WAStar"
	User time (seconds): 526.14
	System time (seconds): 72.00
	Percent of CPU this job got: 98%
	Elapsed (wall clock) time (h:mm:ss or m:ss): 10:05.89
	Average shared text size (kbytes): 0
	Average unshared data size (kbytes): 0
	Average stack size (kbytes): 0
	Average total size (kbytes): 0
	Maximum resident set size (kbytes): 66992256
	Average resident set size (kbytes): 0
	Major (requiring I/O) page faults: 29051
	Minor (reclaiming a frame) page faults: 120231961
	Voluntary context switches: 48458
	Involuntary context switches: 25111
	Swaps: 0
	File system inputs: 1590888
	File system outputs: 2920
	Socket messages sent: 0
	Socket messages received: 0
	Signals delivered: 0
	Page size (bytes): 4096
	Exit status: 124
	Command being timed: "timeout 600 java -Xmx64g -jar ./enhsp3.jar -o ./domain_with_failure.pddl -f ./problems/a20g6-add-5-d7/problem14.pddl -h blcost -s WAStar"
	User time (seconds): 437.64
	System time (seconds): 70.56
	Percent of CPU this job got: 92%
	Elapsed (wall clock) time (h:mm:ss or m:ss): 9:08.58
	Average shared text size (kbytes): 0
	Average unshared data size (kbytes): 0
	Average stack size (kbytes): 0
	Average total size (kbytes): 0
	Maximum resident set size (kbytes): 66991896
	Average resident set size (kbytes): 0
	Major (requiring I/O) page faults: 120810
	Minor (reclaiming a frame) page faults: 103165714
	Voluntary context switches: 138298
	Involuntary context switches: 31335
	Swaps: 0
	File system inputs: 6832936
	File system outputs: 2552
	Socket messages sent: 0
	Socket messages received: 0
	Signals delivered: 0
	Page size (bytes): 4096
	Exit status: 0
	Command being timed: "timeout 600 java -Xmx64g -jar ./enhsp3.jar -o ./domain_with_failure.pddl -f ./problems/a20g6-add-5-d7/problem15.pddl -h blcost -s WAStar"
	User time (seconds): 175.12
	System time (seconds): 22.15
	Percent of CPU this job got: 99%
	Elapsed (wall clock) time (h:mm:ss or m:ss): 3:17.39
	Average shared text size (kbytes): 0
	Average unshared data size (kbytes): 0
	Average stack size (kbytes): 0
	Average total size (kbytes): 0
	Maximum resident set size (kbytes): 65998572
	Average resident set size (kbytes): 0
	Major (requiring I/O) page faults: 119
	Minor (reclaiming a frame) page faults: 27035008
	Voluntary context switches: 9785
	Involuntary context switches: 10703
	Swaps: 0
	File system inputs: 0
	File system outputs: 1000
	Socket messages sent: 0
	Socket messages received: 0
	Signals delivered: 0
	Page size (bytes): 4096
	Exit status: 0
	Command being timed: "timeout 600 java -Xmx64g -jar ./enhsp3.jar -o ./domain_with_failure.pddl -f ./problems/a20g6-add-5-d7/problem16.pddl -h blcost -s WAStar"
	User time (seconds): 189.40
	System time (seconds): 21.69
	Percent of CPU this job got: 99%
	Elapsed (wall clock) time (h:mm:ss or m:ss): 3:31.22
	Average shared text size (kbytes): 0
	Average unshared data size (kbytes): 0
	Average stack size (kbytes): 0
	Average total size (kbytes): 0
	Maximum resident set size (kbytes): 63502692
	Average resident set size (kbytes): 0
	Major (requiring I/O) page faults: 128
	Minor (reclaiming a frame) page faults: 26587180
	Voluntary context switches: 10191
	Involuntary context switches: 11004
	Swaps: 0
	File system inputs: 0
	File system outputs: 1080
	Socket messages sent: 0
	Socket messages received: 0
	Signals delivered: 0
	Page size (bytes): 4096
	Exit status: 0
	Command being timed: "timeout 600 java -Xmx64g -jar ./enhsp3.jar -o ./domain_with_failure.pddl -f ./problems/a20g6-add-5-d7/problem17.pddl -h blcost -s WAStar"
	User time (seconds): 191.74
	System time (seconds): 22.87
	Percent of CPU this job got: 99%
	Elapsed (wall clock) time (h:mm:ss or m:ss): 3:34.74
	Average shared text size (kbytes): 0
	Average unshared data size (kbytes): 0
	Average stack size (kbytes): 0
	Average total size (kbytes): 0
	Maximum resident set size (kbytes): 63016300
	Average resident set size (kbytes): 0
	Major (requiring I/O) page faults: 131
	Minor (reclaiming a frame) page faults: 29149333
	Voluntary context switches: 10293
	Involuntary context switches: 11254
	Swaps: 0
	File system inputs: 0
	File system outputs: 1104
	Socket messages sent: 0
	Socket messages received: 0
	Signals delivered: 0
	Page size (bytes): 4096
	Exit status: 0
	Command being timed: "timeout 600 java -Xmx64g -jar ./enhsp3.jar -o ./domain_with_failure.pddl -f ./problems/a20g6-add-5-d7/problem18.pddl -h blcost -s WAStar"
	User time (seconds): 365.37
	System time (seconds): 56.33
	Percent of CPU this job got: 98%
	Elapsed (wall clock) time (h:mm:ss or m:ss): 7:08.21
	Average shared text size (kbytes): 0
	Average unshared data size (kbytes): 0
	Average stack size (kbytes): 0
	Average total size (kbytes): 0
	Maximum resident set size (kbytes): 66992196
	Average resident set size (kbytes): 0
	Major (requiring I/O) page faults: 25078
	Minor (reclaiming a frame) page faults: 82534928
	Voluntary context switches: 40154
	Involuntary context switches: 19257
	Swaps: 0
	File system inputs: 1337488
	File system outputs: 2104
	Socket messages sent: 0
	Socket messages received: 0
	Signals delivered: 0
	Page size (bytes): 4096
	Exit status: 0
	Command being timed: "timeout 600 java -Xmx64g -jar ./enhsp3.jar -o ./domain_with_failure.pddl -f ./problems/a20g6-add-5-d7/problem19.pddl -h blcost -s WAStar"
	User time (seconds): 143.55
	System time (seconds): 18.57
	Percent of CPU this job got: 99%
	Elapsed (wall clock) time (h:mm:ss or m:ss): 2:42.23
	Average shared text size (kbytes): 0
	Average unshared data size (kbytes): 0
	Average stack size (kbytes): 0
	Average total size (kbytes): 0
	Maximum resident set size (kbytes): 57518092
	Average resident set size (kbytes): 0
	Major (requiring I/O) page faults: 101
	Minor (reclaiming a frame) page faults: 21391842
	Voluntary context switches: 9179
	Involuntary context switches: 9822
	Swaps: 0
	File system inputs: 0
	File system outputs: 848
	Socket messages sent: 0
	Socket messages received: 0
	Signals delivered: 0
	Page size (bytes): 4096
	Exit status: 0
Command exited with non-zero status 124
	Command being timed: "timeout 600 java -Xmx64g -jar ./enhsp3.jar -o ./domain_with_failure.pddl -f ./problems/a20g6-add-5-d7/problem20.pddl -h blcost -s WAStar"
	User time (seconds): 230.11
	System time (seconds): 104.97
	Percent of CPU this job got: 55%
	Elapsed (wall clock) time (h:mm:ss or m:ss): 10:06.86
	Average shared text size (kbytes): 0
	Average unshared data size (kbytes): 0
	Average stack size (kbytes): 0
	Average total size (kbytes): 0
	Maximum resident set size (kbytes): 66991808
	Average resident set size (kbytes): 0
	Major (requiring I/O) page faults: 972559
	Minor (reclaiming a frame) page faults: 68300455
	Voluntary context switches: 984054
	Involuntary context switches: 57913
	Swaps: 0
	File system inputs: 57235856
	File system outputs: 2440
	Socket messages sent: 0
	Socket messages received: 0
	Signals delivered: 0
	Page size (bytes): 4096
	Exit status: 124
	Command being timed: "timeout 600 java -Xmx64g -jar ./enhsp3.jar -o ./domain_with_failure.pddl -f ./problems/a20g6-add-5-d7/problem21.pddl -h blcost -s WAStar"
	User time (seconds): 40.26
	System time (seconds): 4.33
	Percent of CPU this job got: 99%
	Elapsed (wall clock) time (h:mm:ss or m:ss): 0:44.64
	Average shared text size (kbytes): 0
	Average unshared data size (kbytes): 0
	Average stack size (kbytes): 0
	Average total size (kbytes): 0
	Maximum resident set size (kbytes): 12189592
	Average resident set size (kbytes): 0
	Major (requiring I/O) page faults: 32
	Minor (reclaiming a frame) page faults: 4667667
	Voluntary context switches: 6053
	Involuntary context switches: 5538
	Swaps: 0
	File system inputs: 0
	File system outputs: 304
	Socket messages sent: 0
	Socket messages received: 0
	Signals delivered: 0
	Page size (bytes): 4096
	Exit status: 0
	Command being timed: "timeout 600 java -Xmx64g -jar ./enhsp3.jar -o ./domain_with_failure.pddl -f ./problems/a20g6-add-5-d7/problem22.pddl -h blcost -s WAStar"
	User time (seconds): 324.07
	System time (seconds): 50.26
	Percent of CPU this job got: 96%
	Elapsed (wall clock) time (h:mm:ss or m:ss): 6:28.61
	Average shared text size (kbytes): 0
	Average unshared data size (kbytes): 0
	Average stack size (kbytes): 0
	Average total size (kbytes): 0
	Maximum resident set size (kbytes): 66991944
	Average resident set size (kbytes): 0
	Major (requiring I/O) page faults: 56839
	Minor (reclaiming a frame) page faults: 64677496
	Voluntary context switches: 70874
	Involuntary context switches: 19114
	Swaps: 0
	File system inputs: 2879888
	File system outputs: 2072
	Socket messages sent: 0
	Socket messages received: 0
	Signals delivered: 0
	Page size (bytes): 4096
	Exit status: 0
	Command being timed: "timeout 600 java -Xmx64g -jar ./enhsp3.jar -o ./domain_with_failure.pddl -f ./problems/a20g6-add-5-d7/problem23.pddl -h blcost -s WAStar"
	User time (seconds): 198.50
	System time (seconds): 22.75
	Percent of CPU this job got: 99%
	Elapsed (wall clock) time (h:mm:ss or m:ss): 3:41.38
	Average shared text size (kbytes): 0
	Average unshared data size (kbytes): 0
	Average stack size (kbytes): 0
	Average total size (kbytes): 0
	Maximum resident set size (kbytes): 66587888
	Average resident set size (kbytes): 0
	Major (requiring I/O) page faults: 133
	Minor (reclaiming a frame) page faults: 27601845
	Voluntary context switches: 10616
	Involuntary context switches: 11471
	Swaps: 0
	File system inputs: 0
	File system outputs: 1248
	Socket messages sent: 0
	Socket messages received: 0
	Signals delivered: 0
	Page size (bytes): 4096
	Exit status: 0
	Command being timed: "timeout 600 java -Xmx64g -jar ./enhsp3.jar -o ./domain_with_failure.pddl -f ./problems/a20g6-add-5-d7/problem24.pddl -h blcost -s WAStar"
	User time (seconds): 113.96
	System time (seconds): 13.85
	Percent of CPU this job got: 99%
	Elapsed (wall clock) time (h:mm:ss or m:ss): 2:07.90
	Average shared text size (kbytes): 0
	Average unshared data size (kbytes): 0
	Average stack size (kbytes): 0
	Average total size (kbytes): 0
	Maximum resident set size (kbytes): 38428932
	Average resident set size (kbytes): 0
	Major (requiring I/O) page faults: 80
	Minor (reclaiming a frame) page faults: 16677445
	Voluntary context switches: 7959
	Involuntary context switches: 8378
	Swaps: 0
	File system inputs: 0
	File system outputs: 744
	Socket messages sent: 0
	Socket messages received: 0
	Signals delivered: 0
	Page size (bytes): 4096
	Exit status: 0
	Command being timed: "timeout 600 java -Xmx64g -jar ./enhsp3.jar -o ./domain_with_failure.pddl -f ./problems/a20g6-add-5-d7/problem25.pddl -h blcost -s WAStar"
	User time (seconds): 34.77
	System time (seconds): 4.81
	Percent of CPU this job got: 99%
	Elapsed (wall clock) time (h:mm:ss or m:ss): 0:39.62
	Average shared text size (kbytes): 0
	Average unshared data size (kbytes): 0
	Average stack size (kbytes): 0
	Average total size (kbytes): 0
	Maximum resident set size (kbytes): 13782588
	Average resident set size (kbytes): 0
	Major (requiring I/O) page faults: 29
	Minor (reclaiming a frame) page faults: 4904932
	Voluntary context switches: 5831
	Involuntary context switches: 5464
	Swaps: 0
	File system inputs: 0
	File system outputs: 248
	Socket messages sent: 0
	Socket messages received: 0
	Signals delivered: 0
	Page size (bytes): 4096
	Exit status: 0
	Command being timed: "timeout 600 java -Xmx64g -jar ./enhsp3.jar -o ./domain_with_failure.pddl -f ./problems/a20g6-add-5-d7/problem26.pddl -h blcost -s WAStar"
	User time (seconds): 31.17
	System time (seconds): 3.04
	Percent of CPU this job got: 99%
	Elapsed (wall clock) time (h:mm:ss or m:ss): 0:34.24
	Average shared text size (kbytes): 0
	Average unshared data size (kbytes): 0
	Average stack size (kbytes): 0
	Average total size (kbytes): 0
	Maximum resident set size (kbytes): 8285300
	Average resident set size (kbytes): 0
	Major (requiring I/O) page faults: 29
	Minor (reclaiming a frame) page faults: 3411856
	Voluntary context switches: 5698
	Involuntary context switches: 5325
	Swaps: 0
	File system inputs: 0
	File system outputs: 248
	Socket messages sent: 0
	Socket messages received: 0
	Signals delivered: 0
	Page size (bytes): 4096
	Exit status: 0
	Command being timed: "timeout 600 java -Xmx64g -jar ./enhsp3.jar -o ./domain_with_failure.pddl -f ./problems/a20g6-add-5-d7/problem27.pddl -h blcost -s WAStar"
	User time (seconds): 241.30
	System time (seconds): 27.45
	Percent of CPU this job got: 99%
	Elapsed (wall clock) time (h:mm:ss or m:ss): 4:28.90
	Average shared text size (kbytes): 0
	Average unshared data size (kbytes): 0
	Average stack size (kbytes): 0
	Average total size (kbytes): 0
	Maximum resident set size (kbytes): 66980712
	Average resident set size (kbytes): 0
	Major (requiring I/O) page faults: 160
	Minor (reclaiming a frame) page faults: 38646809
	Voluntary context switches: 11850
	Involuntary context switches: 13022
	Swaps: 0
	File system inputs: 0
	File system outputs: 1352
	Socket messages sent: 0
	Socket messages received: 0
	Signals delivered: 0
	Page size (bytes): 4096
	Exit status: 0
Command exited with non-zero status 124
	Command being timed: "timeout 600 java -Xmx64g -jar ./enhsp3.jar -o ./domain_with_failure.pddl -f ./problems/a20g6-add-5-d7/problem28.pddl -h blcost -s WAStar"
	User time (seconds): 218.56
	System time (seconds): 101.28
	Percent of CPU this job got: 53%
	Elapsed (wall clock) time (h:mm:ss or m:ss): 10:03.22
	Average shared text size (kbytes): 0
	Average unshared data size (kbytes): 0
	Average stack size (kbytes): 0
	Average total size (kbytes): 0
	Maximum resident set size (kbytes): 66991832
	Average resident set size (kbytes): 0
	Major (requiring I/O) page faults: 1009633
	Minor (reclaiming a frame) page faults: 55762915
	Voluntary context switches: 1021863
	Involuntary context switches: 59787
	Swaps: 0
	File system inputs: 59503832
	File system outputs: 2392
	Socket messages sent: 0
	Socket messages received: 0
	Signals delivered: 0
	Page size (bytes): 4096
	Exit status: 124
Command exited with non-zero status 124
	Command being timed: "timeout 600 java -Xmx64g -jar ./enhsp3.jar -o ./domain_with_failure.pddl -f ./problems/a20g6-add-5-d7/problem29.pddl -h blcost -s WAStar"
	User time (seconds): 193.77
	System time (seconds): 107.78
	Percent of CPU this job got: 49%
	Elapsed (wall clock) time (h:mm:ss or m:ss): 10:03.26
	Average shared text size (kbytes): 0
	Average unshared data size (kbytes): 0
	Average stack size (kbytes): 0
	Average total size (kbytes): 0
	Maximum resident set size (kbytes): 66991880
	Average resident set size (kbytes): 0
	Major (requiring I/O) page faults: 1079983
	Minor (reclaiming a frame) page faults: 58276168
	Voluntary context switches: 1090180
	Involuntary context switches: 62236
	Swaps: 0
	File system inputs: 64311688
	File system outputs: 3272
	Socket messages sent: 0
	Socket messages received: 0
	Signals delivered: 0
	Page size (bytes): 4096
	Exit status: 124
Command exited with non-zero status 124
	Command being timed: "timeout 600 java -Xmx64g -jar ./enhsp3.jar -o ./domain_with_failure.pddl -f ./problems/a20g6-add-5-d7/problem30.pddl -h blcost -s WAStar"
	User time (seconds): 526.61
	System time (seconds): 71.92
	Percent of CPU this job got: 98%
	Elapsed (wall clock) time (h:mm:ss or m:ss): 10:05.98
	Average shared text size (kbytes): 0
	Average unshared data size (kbytes): 0
	Average stack size (kbytes): 0
	Average total size (kbytes): 0
	Maximum resident set size (kbytes): 66991492
	Average resident set size (kbytes): 0
	Major (requiring I/O) page faults: 32387
	Minor (reclaiming a frame) page faults: 120866242
	Voluntary context switches: 52265
	Involuntary context switches: 26174
	Swaps: 0
	File system inputs: 1258352
	File system outputs: 3128
	Socket messages sent: 0
	Socket messages received: 0
	Signals delivered: 0
	Page size (bytes): 4096
	Exit status: 124
	Command being timed: "timeout 600 java -Xmx64g -jar ./enhsp3.jar -o ./domain_with_failure.pddl -f ./problems/a20g6-add-5-d7/problem31.pddl -h blcost -s WAStar"
	User time (seconds): 325.76
	System time (seconds): 57.69
	Percent of CPU this job got: 88%
	Elapsed (wall clock) time (h:mm:ss or m:ss): 7:11.50
	Average shared text size (kbytes): 0
	Average unshared data size (kbytes): 0
	Average stack size (kbytes): 0
	Average total size (kbytes): 0
	Maximum resident set size (kbytes): 66991560
	Average resident set size (kbytes): 0
	Major (requiring I/O) page faults: 162354
	Minor (reclaiming a frame) page faults: 67437254
	Voluntary context switches: 176876
	Involuntary context switches: 28818
	Swaps: 0
	File system inputs: 7132808
	File system outputs: 2216
	Socket messages sent: 0
	Socket messages received: 0
	Signals delivered: 0
	Page size (bytes): 4096
	Exit status: 0
	Command being timed: "timeout 600 java -Xmx64g -jar ./enhsp3.jar -o ./domain_with_failure.pddl -f ./problems/a20g6-add-5-d7/problem32.pddl -h blcost -s WAStar"
	User time (seconds): 24.07
	System time (seconds): 2.79
	Percent of CPU this job got: 99%
	Elapsed (wall clock) time (h:mm:ss or m:ss): 0:26.90
	Average shared text size (kbytes): 0
	Average unshared data size (kbytes): 0
	Average stack size (kbytes): 0
	Average total size (kbytes): 0
	Maximum resident set size (kbytes): 7529068
	Average resident set size (kbytes): 0
	Major (requiring I/O) page faults: 23
	Minor (reclaiming a frame) page faults: 2856603
	Voluntary context switches: 5317
	Involuntary context switches: 4706
	Swaps: 0
	File system inputs: 0
	File system outputs: 224
	Socket messages sent: 0
	Socket messages received: 0
	Signals delivered: 0
	Page size (bytes): 4096
	Exit status: 0
	Command being timed: "timeout 600 java -Xmx64g -jar ./enhsp3.jar -o ./domain_with_failure.pddl -f ./problems/a20g6-add-5-d7/problem33.pddl -h blcost -s WAStar"
	User time (seconds): 209.69
	System time (seconds): 25.34
	Percent of CPU this job got: 99%
	Elapsed (wall clock) time (h:mm:ss or m:ss): 3:55.16
	Average shared text size (kbytes): 0
	Average unshared data size (kbytes): 0
	Average stack size (kbytes): 0
	Average total size (kbytes): 0
	Maximum resident set size (kbytes): 65548672
	Average resident set size (kbytes): 0
	Major (requiring I/O) page faults: 142
	Minor (reclaiming a frame) page faults: 34961407
	Voluntary context switches: 10821
	Involuntary context switches: 12167
	Swaps: 0
	File system inputs: 0
	File system outputs: 1208
	Socket messages sent: 0
	Socket messages received: 0
	Signals delivered: 0
	Page size (bytes): 4096
	Exit status: 0
Command exited with non-zero status 124
	Command being timed: "timeout 600 java -Xmx64g -jar ./enhsp3.jar -o ./domain_with_failure.pddl -f ./problems/a20g6-add-5-d7/problem34.pddl -h blcost -s WAStar"
	User time (seconds): 504.64
	System time (seconds): 75.30
	Percent of CPU this job got: 96%
	Elapsed (wall clock) time (h:mm:ss or m:ss): 10:03.43
	Average shared text size (kbytes): 0
	Average unshared data size (kbytes): 0
	Average stack size (kbytes): 0
	Average total size (kbytes): 0
	Maximum resident set size (kbytes): 66991980
	Average resident set size (kbytes): 0
	Major (requiring I/O) page faults: 97859
	Minor (reclaiming a frame) page faults: 123298064
	Voluntary context switches: 116977
	Involuntary context switches: 31325
	Swaps: 0
	File system inputs: 3955992
	File system outputs: 2872
	Socket messages sent: 0
	Socket messages received: 0
	Signals delivered: 0
	Page size (bytes): 4096
	Exit status: 124
Command exited with non-zero status 124
	Command being timed: "timeout 600 java -Xmx64g -jar ./enhsp3.jar -o ./domain_with_failure.pddl -f ./problems/a20g6-add-5-d7/problem35.pddl -h blcost -s WAStar"
	User time (seconds): 239.51
	System time (seconds): 95.75
	Percent of CPU this job got: 55%
	Elapsed (wall clock) time (h:mm:ss or m:ss): 10:03.14
	Average shared text size (kbytes): 0
	Average unshared data size (kbytes): 0
	Average stack size (kbytes): 0
	Average total size (kbytes): 0
	Maximum resident set size (kbytes): 66991676
	Average resident set size (kbytes): 0
	Major (requiring I/O) page faults: 939561
	Minor (reclaiming a frame) page faults: 55782429
	Voluntary context switches: 952495
	Involuntary context switches: 56680
	Swaps: 0
	File system inputs: 55048560
	File system outputs: 2432
	Socket messages sent: 0
	Socket messages received: 0
	Signals delivered: 0
	Page size (bytes): 4096
	Exit status: 124
Command exited with non-zero status 124
	Command being timed: "timeout 600 java -Xmx64g -jar ./enhsp3.jar -o ./domain_with_failure.pddl -f ./problems/a20g6-add-5-d7/problem36.pddl -h blcost -s WAStar"
	User time (seconds): 219.55
	System time (seconds): 101.19
	Percent of CPU this job got: 53%
	Elapsed (wall clock) time (h:mm:ss or m:ss): 10:03.47
	Average shared text size (kbytes): 0
	Average unshared data size (kbytes): 0
	Average stack size (kbytes): 0
	Average total size (kbytes): 0
	Maximum resident set size (kbytes): 66991696
	Average resident set size (kbytes): 0
	Major (requiring I/O) page faults: 1024616
	Minor (reclaiming a frame) page faults: 52339832
	Voluntary context switches: 1036862
	Involuntary context switches: 59784
	Swaps: 0
	File system inputs: 60514384
	File system outputs: 2488
	Socket messages sent: 0
	Socket messages received: 0
	Signals delivered: 0
	Page size (bytes): 4096
	Exit status: 124
	Command being timed: "timeout 600 java -Xmx64g -jar ./enhsp3.jar -o ./domain_with_failure.pddl -f ./problems/a20g6-add-5-d7/problem37.pddl -h blcost -s WAStar"
	User time (seconds): 168.49
	System time (seconds): 20.66
	Percent of CPU this job got: 99%
	Elapsed (wall clock) time (h:mm:ss or m:ss): 3:09.27
	Average shared text size (kbytes): 0
	Average unshared data size (kbytes): 0
	Average stack size (kbytes): 0
	Average total size (kbytes): 0
	Maximum resident set size (kbytes): 64719560
	Average resident set size (kbytes): 0
	Major (requiring I/O) page faults: 116
	Minor (reclaiming a frame) page faults: 23305430
	Voluntary context switches: 9748
	Involuntary context switches: 10751
	Swaps: 0
	File system inputs: 0
	File system outputs: 1096
	Socket messages sent: 0
	Socket messages received: 0
	Signals delivered: 0
	Page size (bytes): 4096
	Exit status: 0
	Command being timed: "timeout 600 java -Xmx64g -jar ./enhsp3.jar -o ./domain_with_failure.pddl -f ./problems/a20g6-add-5-d7/problem38.pddl -h blcost -s WAStar"
	User time (seconds): 150.34
	System time (seconds): 16.80
	Percent of CPU this job got: 99%
	Elapsed (wall clock) time (h:mm:ss or m:ss): 2:47.25
	Average shared text size (kbytes): 0
	Average unshared data size (kbytes): 0
	Average stack size (kbytes): 0
	Average total size (kbytes): 0
	Maximum resident set size (kbytes): 46292228
	Average resident set size (kbytes): 0
	Major (requiring I/O) page faults: 107
	Minor (reclaiming a frame) page faults: 20628557
	Voluntary context switches: 9082
	Involuntary context switches: 9944
	Swaps: 0
	File system inputs: 0
	File system outputs: 1000
	Socket messages sent: 0
	Socket messages received: 0
	Signals delivered: 0
	Page size (bytes): 4096
	Exit status: 0
	Command being timed: "timeout 600 java -Xmx64g -jar ./enhsp3.jar -o ./domain_with_failure.pddl -f ./problems/a20g6-add-5-d7/problem39.pddl -h blcost -s WAStar"
	User time (seconds): 48.18
	System time (seconds): 4.69
	Percent of CPU this job got: 99%
	Elapsed (wall clock) time (h:mm:ss or m:ss): 0:52.92
	Average shared text size (kbytes): 0
	Average unshared data size (kbytes): 0
	Average stack size (kbytes): 0
	Average total size (kbytes): 0
	Maximum resident set size (kbytes): 12998860
	Average resident set size (kbytes): 0
	Major (requiring I/O) page faults: 38
	Minor (reclaiming a frame) page faults: 5232545
	Voluntary context switches: 6331
	Involuntary context switches: 6083
	Swaps: 0
	File system inputs: 0
	File system outputs: 360
	Socket messages sent: 0
	Socket messages received: 0
	Signals delivered: 0
	Page size (bytes): 4096
	Exit status: 0
	Command being timed: "timeout 600 java -Xmx64g -jar ./enhsp3.jar -o ./domain_with_failure.pddl -f ./problems/a20g6-add-5-d7/problem40.pddl -h blcost -s WAStar"
	User time (seconds): 89.47
	System time (seconds): 11.11
	Percent of CPU this job got: 99%
	Elapsed (wall clock) time (h:mm:ss or m:ss): 1:40.65
	Average shared text size (kbytes): 0
	Average unshared data size (kbytes): 0
	Average stack size (kbytes): 0
	Average total size (kbytes): 0
	Maximum resident set size (kbytes): 33253972
	Average resident set size (kbytes): 0
	Major (requiring I/O) page faults: 68
	Minor (reclaiming a frame) page faults: 12823276
	Voluntary context switches: 7331
	Involuntary context switches: 7528
	Swaps: 0
	File system inputs: 0
	File system outputs: 640
	Socket messages sent: 0
	Socket messages received: 0
	Signals delivered: 0
	Page size (bytes): 4096
	Exit status: 0
Command exited with non-zero status 124
	Command being timed: "timeout 600 java -Xmx64g -jar ./enhsp3.jar -o ./domain_with_failure.pddl -f ./problems/a20g6-add-5-d7/problem41.pddl -h blcost -s WAStar"
	User time (seconds): 249.89
	System time (seconds): 105.31
	Percent of CPU this job got: 55%
	Elapsed (wall clock) time (h:mm:ss or m:ss): 10:42.19
	Average shared text size (kbytes): 0
	Average unshared data size (kbytes): 0
	Average stack size (kbytes): 0
	Average total size (kbytes): 0
	Maximum resident set size (kbytes): 66992188
	Average resident set size (kbytes): 0
	Major (requiring I/O) page faults: 1023713
	Minor (reclaiming a frame) page faults: 64128563
	Voluntary context switches: 1036790
	Involuntary context switches: 60136
	Swaps: 0
	File system inputs: 60154512
	File system outputs: 2560
	Socket messages sent: 0
	Socket messages received: 0
	Signals delivered: 0
	Page size (bytes): 4096
	Exit status: 124
	Command being timed: "timeout 600 java -Xmx64g -jar ./enhsp3.jar -o ./domain_with_failure.pddl -f ./problems/a20g6-add-5-d7/problem42.pddl -h blcost -s WAStar"
	User time (seconds): 55.08
	System time (seconds): 7.55
	Percent of CPU this job got: 99%
	Elapsed (wall clock) time (h:mm:ss or m:ss): 1:02.68
	Average shared text size (kbytes): 0
	Average unshared data size (kbytes): 0
	Average stack size (kbytes): 0
	Average total size (kbytes): 0
	Maximum resident set size (kbytes): 22211232
	Average resident set size (kbytes): 0
	Major (requiring I/O) page faults: 44
	Minor (reclaiming a frame) page faults: 7821204
	Voluntary context switches: 6265
	Involuntary context switches: 6166
	Swaps: 0
	File system inputs: 0
	File system outputs: 416
	Socket messages sent: 0
	Socket messages received: 0
	Signals delivered: 0
	Page size (bytes): 4096
	Exit status: 0
	Command being timed: "timeout 600 java -Xmx64g -jar ./enhsp3.jar -o ./domain_with_failure.pddl -f ./problems/a20g6-add-5-d7/problem43.pddl -h blcost -s WAStar"
	User time (seconds): 18.70
	System time (seconds): 2.06
	Percent of CPU this job got: 99%
	Elapsed (wall clock) time (h:mm:ss or m:ss): 0:20.78
	Average shared text size (kbytes): 0
	Average unshared data size (kbytes): 0
	Average stack size (kbytes): 0
	Average total size (kbytes): 0
	Maximum resident set size (kbytes): 5423196
	Average resident set size (kbytes): 0
	Major (requiring I/O) page faults: 20
	Minor (reclaiming a frame) page faults: 1945167
	Voluntary context switches: 5178
	Involuntary context switches: 4672
	Swaps: 0
	File system inputs: 0
	File system outputs: 192
	Socket messages sent: 0
	Socket messages received: 0
	Signals delivered: 0
	Page size (bytes): 4096
	Exit status: 0
Command exited with non-zero status 124
	Command being timed: "timeout 600 java -Xmx64g -jar ./enhsp3.jar -o ./domain_with_failure.pddl -f ./problems/a20g6-add-5-d7/problem44.pddl -h blcost -s WAStar"
	User time (seconds): 545.62
	System time (seconds): 61.19
	Percent of CPU this job got: 99%
	Elapsed (wall clock) time (h:mm:ss or m:ss): 10:07.10
	Average shared text size (kbytes): 0
	Average unshared data size (kbytes): 0
	Average stack size (kbytes): 0
	Average total size (kbytes): 0
	Maximum resident set size (kbytes): 66521816
	Average resident set size (kbytes): 0
	Major (requiring I/O) page faults: 344
	Minor (reclaiming a frame) page faults: 123289110
	Voluntary context switches: 20307
	Involuntary context switches: 23510
	Swaps: 0
	File system inputs: 0
	File system outputs: 3160
	Socket messages sent: 0
	Socket messages received: 0
	Signals delivered: 0
	Page size (bytes): 4096
	Exit status: 124
Command exited with non-zero status 124
	Command being timed: "timeout 600 java -Xmx64g -jar ./enhsp3.jar -o ./domain_with_failure.pddl -f ./problems/a20g6-add-5-d7/problem45.pddl -h blcost -s WAStar"
	User time (seconds): 568.11
	System time (seconds): 64.00
	Percent of CPU this job got: 99%
	Elapsed (wall clock) time (h:mm:ss or m:ss): 10:32.56
	Average shared text size (kbytes): 0
	Average unshared data size (kbytes): 0
	Average stack size (kbytes): 0
	Average total size (kbytes): 0
	Maximum resident set size (kbytes): 66935676
	Average resident set size (kbytes): 0
	Major (requiring I/O) page faults: 354
	Minor (reclaiming a frame) page faults: 130557563
	Voluntary context switches: 20534
	Involuntary context switches: 23945
	Swaps: 0
	File system inputs: 0
	File system outputs: 3256
	Socket messages sent: 0
	Socket messages received: 0
	Signals delivered: 0
	Page size (bytes): 4096
	Exit status: 124
Command exited with non-zero status 124
	Command being timed: "timeout 600 java -Xmx64g -jar ./enhsp3.jar -o ./domain_with_failure.pddl -f ./problems/a20g6-add-5-d7/problem46.pddl -h blcost -s WAStar"
	User time (seconds): 616.49
	System time (seconds): 64.63
	Percent of CPU this job got: 99%
	Elapsed (wall clock) time (h:mm:ss or m:ss): 11:21.61
	Average shared text size (kbytes): 0
	Average unshared data size (kbytes): 0
	Average stack size (kbytes): 0
	Average total size (kbytes): 0
	Maximum resident set size (kbytes): 66525476
	Average resident set size (kbytes): 0
	Major (requiring I/O) page faults: 382
	Minor (reclaiming a frame) page faults: 131909957
	Voluntary context switches: 20623
	Involuntary context switches: 24407
	Swaps: 0
	File system inputs: 0
	File system outputs: 3512
	Socket messages sent: 0
	Socket messages received: 0
	Signals delivered: 0
	Page size (bytes): 4096
	Exit status: 124
Command exited with non-zero status 124
	Command being timed: "timeout 600 java -Xmx64g -jar ./enhsp3.jar -o ./domain_with_failure.pddl -f ./problems/a20g6-add-5-d7/problem47.pddl -h blcost -s WAStar"
	User time (seconds): 514.45
	System time (seconds): 73.68
	Percent of CPU this job got: 97%
	Elapsed (wall clock) time (h:mm:ss or m:ss): 10:03.53
	Average shared text size (kbytes): 0
	Average unshared data size (kbytes): 0
	Average stack size (kbytes): 0
	Average total size (kbytes): 0
	Maximum resident set size (kbytes): 66992032
	Average resident set size (kbytes): 0
	Major (requiring I/O) page faults: 49797
	Minor (reclaiming a frame) page faults: 117535537
	Voluntary context switches: 68561
	Involuntary context switches: 30246
	Swaps: 0
	File system inputs: 2769168
	File system outputs: 3128
	Socket messages sent: 0
	Socket messages received: 0
	Signals delivered: 0
	Page size (bytes): 4096
	Exit status: 124
Command exited with non-zero status 124
	Command being timed: "timeout 600 java -Xmx64g -jar ./enhsp3.jar -o ./domain_with_failure.pddl -f ./problems/a20g6-add-5-d7/problem48.pddl -h blcost -s WAStar"
	User time (seconds): 213.19
	System time (seconds): 103.03
	Percent of CPU this job got: 52%
	Elapsed (wall clock) time (h:mm:ss or m:ss): 10:03.27
	Average shared text size (kbytes): 0
	Average unshared data size (kbytes): 0
	Average stack size (kbytes): 0
	Average total size (kbytes): 0
	Maximum resident set size (kbytes): 66991872
	Average resident set size (kbytes): 0
	Major (requiring I/O) page faults: 1051796
	Minor (reclaiming a frame) page faults: 51701717
	Voluntary context switches: 1062787
	Involuntary context switches: 58285
	Swaps: 0
	File system inputs: 62240720
	File system outputs: 2512
	Socket messages sent: 0
	Socket messages received: 0
	Signals delivered: 0
	Page size (bytes): 4096
	Exit status: 124
Command exited with non-zero status 124
	Command being timed: "timeout 600 java -Xmx64g -jar ./enhsp3.jar -o ./domain_with_failure.pddl -f ./problems/a20g6-add-5-d7/problem49.pddl -h blcost -s WAStar"
	User time (seconds): 245.03
	System time (seconds): 98.31
	Percent of CPU this job got: 56%
	Elapsed (wall clock) time (h:mm:ss or m:ss): 10:04.02
	Average shared text size (kbytes): 0
	Average unshared data size (kbytes): 0
	Average stack size (kbytes): 0
	Average total size (kbytes): 0
	Maximum resident set size (kbytes): 66991896
	Average resident set size (kbytes): 0
	Major (requiring I/O) page faults: 959467
	Minor (reclaiming a frame) page faults: 57459021
	Voluntary context switches: 971588
	Involuntary context switches: 57680
	Swaps: 0
	File system inputs: 55984088
	File system outputs: 2568
	Socket messages sent: 0
	Socket messages received: 0
	Signals delivered: 0
	Page size (bytes): 4096
	Exit status: 124
	Command being timed: "timeout 600 java -Xmx64g -jar ./enhsp3.jar -o ./domain_with_failure.pddl -f ./problems/a20g6-add-5-d7/problem50.pddl -h blcost -s WAStar"
	User time (seconds): 33.62
	System time (seconds): 4.52
	Percent of CPU this job got: 99%
	Elapsed (wall clock) time (h:mm:ss or m:ss): 0:38.18
	Average shared text size (kbytes): 0
	Average unshared data size (kbytes): 0
	Average stack size (kbytes): 0
	Average total size (kbytes): 0
	Maximum resident set size (kbytes): 13090376
	Average resident set size (kbytes): 0
	Major (requiring I/O) page faults: 32
	Minor (reclaiming a frame) page faults: 4689002
	Voluntary context switches: 5657
	Involuntary context switches: 5330
	Swaps: 0
	File system inputs: 0
	File system outputs: 296
	Socket messages sent: 0
	Socket messages received: 0
	Signals delivered: 0
	Page size (bytes): 4096
	Exit status: 0
	Command being timed: "timeout 600 java -Xmx64g -jar ./enhsp3.jar -o ./domain_with_failure.pddl -f ./problems/a20g6-add-5-d7/problem51.pddl -h blcost -s WAStar"
	User time (seconds): 48.81
	System time (seconds): 5.53
	Percent of CPU this job got: 99%
	Elapsed (wall clock) time (h:mm:ss or m:ss): 0:54.38
	Average shared text size (kbytes): 0
	Average unshared data size (kbytes): 0
	Average stack size (kbytes): 0
	Average total size (kbytes): 0
	Maximum resident set size (kbytes): 15904148
	Average resident set size (kbytes): 0
	Major (requiring I/O) page faults: 38
	Minor (reclaiming a frame) page faults: 5923537
	Voluntary context switches: 6383
	Involuntary context switches: 6012
	Swaps: 0
	File system inputs: 0
	File system outputs: 352
	Socket messages sent: 0
	Socket messages received: 0
	Signals delivered: 0
	Page size (bytes): 4096
	Exit status: 0
	Command being timed: "timeout 600 java -Xmx64g -jar ./enhsp3.jar -o ./domain_with_failure.pddl -f ./problems/a20g6-add-5-d7/problem52.pddl -h blcost -s WAStar"
	User time (seconds): 50.18
	System time (seconds): 5.23
	Percent of CPU this job got: 99%
	Elapsed (wall clock) time (h:mm:ss or m:ss): 0:55.46
	Average shared text size (kbytes): 0
	Average unshared data size (kbytes): 0
	Average stack size (kbytes): 0
	Average total size (kbytes): 0
	Maximum resident set size (kbytes): 14513280
	Average resident set size (kbytes): 0
	Major (requiring I/O) page faults: 38
	Minor (reclaiming a frame) page faults: 5885844
	Voluntary context switches: 6150
	Involuntary context switches: 5800
	Swaps: 0
	File system inputs: 0
	File system outputs: 368
	Socket messages sent: 0
	Socket messages received: 0
	Signals delivered: 0
	Page size (bytes): 4096
	Exit status: 0
Command exited with non-zero status 124
	Command being timed: "timeout 600 java -Xmx64g -jar ./enhsp3.jar -o ./domain_with_failure.pddl -f ./problems/a20g6-add-5-d7/problem53.pddl -h blcost -s WAStar"
	User time (seconds): 229.75
	System time (seconds): 107.84
	Percent of CPU this job got: 52%
	Elapsed (wall clock) time (h:mm:ss or m:ss): 10:45.24
	Average shared text size (kbytes): 0
	Average unshared data size (kbytes): 0
	Average stack size (kbytes): 0
	Average total size (kbytes): 0
	Maximum resident set size (kbytes): 66991784
	Average resident set size (kbytes): 0
	Major (requiring I/O) page faults: 1069613
	Minor (reclaiming a frame) page faults: 58003229
	Voluntary context switches: 1081967
	Involuntary context switches: 63556
	Swaps: 0
	File system inputs: 64630832
	File system outputs: 2696
	Socket messages sent: 0
	Socket messages received: 0
	Signals delivered: 0
	Page size (bytes): 4096
	Exit status: 124
Command exited with non-zero status 124
	Command being timed: "timeout 600 java -Xmx64g -jar ./enhsp3.jar -o ./domain_with_failure.pddl -f ./problems/a20g6-add-5-d7/problem54.pddl -h blcost -s WAStar"
	User time (seconds): 528.18
	System time (seconds): 70.37
	Percent of CPU this job got: 99%
	Elapsed (wall clock) time (h:mm:ss or m:ss): 10:03.79
	Average shared text size (kbytes): 0
	Average unshared data size (kbytes): 0
	Average stack size (kbytes): 0
	Average total size (kbytes): 0
	Maximum resident set size (kbytes): 66991764
	Average resident set size (kbytes): 0
	Major (requiring I/O) page faults: 23638
	Minor (reclaiming a frame) page faults: 119947677
	Voluntary context switches: 43410
	Involuntary context switches: 25601
	Swaps: 0
	File system inputs: 831872
	File system outputs: 3144
	Socket messages sent: 0
	Socket messages received: 0
	Signals delivered: 0
	Page size (bytes): 4096
	Exit status: 124
	Command being timed: "timeout 600 java -Xmx64g -jar ./enhsp3.jar -o ./domain_with_failure.pddl -f ./problems/a20g6-add-5-d7/problem55.pddl -h blcost -s WAStar"
	User time (seconds): 306.65
	System time (seconds): 47.44
	Percent of CPU this job got: 99%
	Elapsed (wall clock) time (h:mm:ss or m:ss): 5:55.88
	Average shared text size (kbytes): 0
	Average unshared data size (kbytes): 0
	Average stack size (kbytes): 0
	Average total size (kbytes): 0
	Maximum resident set size (kbytes): 66992116
	Average resident set size (kbytes): 0
	Major (requiring I/O) page faults: 2968
	Minor (reclaiming a frame) page faults: 63575064
	Voluntary context switches: 16586
	Involuntary context switches: 16785
	Swaps: 0
	File system inputs: 93592
	File system outputs: 1968
	Socket messages sent: 0
	Socket messages received: 0
	Signals delivered: 0
	Page size (bytes): 4096
	Exit status: 0
	Command being timed: "timeout 600 java -Xmx64g -jar ./enhsp3.jar -o ./domain_with_failure.pddl -f ./problems/a20g6-add-5-d7/problem56.pddl -h blcost -s WAStar"
	User time (seconds): 23.95
	System time (seconds): 2.72
	Percent of CPU this job got: 99%
	Elapsed (wall clock) time (h:mm:ss or m:ss): 0:26.71
	Average shared text size (kbytes): 0
	Average unshared data size (kbytes): 0
	Average stack size (kbytes): 0
	Average total size (kbytes): 0
	Maximum resident set size (kbytes): 7062688
	Average resident set size (kbytes): 0
	Major (requiring I/O) page faults: 23
	Minor (reclaiming a frame) page faults: 2728752
	Voluntary context switches: 5347
	Involuntary context switches: 4729
	Swaps: 0
	File system inputs: 0
	File system outputs: 216
	Socket messages sent: 0
	Socket messages received: 0
	Signals delivered: 0
	Page size (bytes): 4096
	Exit status: 0
	Command being timed: "timeout 600 java -Xmx64g -jar ./enhsp3.jar -o ./domain_with_failure.pddl -f ./problems/a20g6-add-5-d7/problem57.pddl -h blcost -s WAStar"
	User time (seconds): 69.73
	System time (seconds): 8.46
	Percent of CPU this job got: 99%
	Elapsed (wall clock) time (h:mm:ss or m:ss): 1:18.26
	Average shared text size (kbytes): 0
	Average unshared data size (kbytes): 0
	Average stack size (kbytes): 0
	Average total size (kbytes): 0
	Maximum resident set size (kbytes): 23526072
	Average resident set size (kbytes): 0
	Major (requiring I/O) page faults: 53
	Minor (reclaiming a frame) page faults: 9089989
	Voluntary context switches: 6567
	Involuntary context switches: 6679
	Swaps: 0
	File system inputs: 0
	File system outputs: 496
	Socket messages sent: 0
	Socket messages received: 0
	Signals delivered: 0
	Page size (bytes): 4096
	Exit status: 0
	Command being timed: "timeout 600 java -Xmx64g -jar ./enhsp3.jar -o ./domain_with_failure.pddl -f ./problems/a20g6-add-5-d7/problem58.pddl -h blcost -s WAStar"
	User time (seconds): 44.58
	System time (seconds): 4.91
	Percent of CPU this job got: 99%
	Elapsed (wall clock) time (h:mm:ss or m:ss): 0:49.53
	Average shared text size (kbytes): 0
	Average unshared data size (kbytes): 0
	Average stack size (kbytes): 0
	Average total size (kbytes): 0
	Maximum resident set size (kbytes): 13709260
	Average resident set size (kbytes): 0
	Major (requiring I/O) page faults: 38
	Minor (reclaiming a frame) page faults: 5311932
	Voluntary context switches: 6036
	Involuntary context switches: 5637
	Swaps: 0
	File system inputs: 0
	File system outputs: 360
	Socket messages sent: 0
	Socket messages received: 0
	Signals delivered: 0
	Page size (bytes): 4096
	Exit status: 0
Command exited with non-zero status 124
	Command being timed: "timeout 600 java -Xmx64g -jar ./enhsp3.jar -o ./domain_with_failure.pddl -f ./problems/a20g6-add-5-d7/problem59.pddl -h blcost -s WAStar"
	User time (seconds): 382.86
	System time (seconds): 85.30
	Percent of CPU this job got: 77%
	Elapsed (wall clock) time (h:mm:ss or m:ss): 10:02.97
	Average shared text size (kbytes): 0
	Average unshared data size (kbytes): 0
	Average stack size (kbytes): 0
	Average total size (kbytes): 0
	Maximum resident set size (kbytes): 66991676
	Average resident set size (kbytes): 0
	Major (requiring I/O) page faults: 507560
	Minor (reclaiming a frame) page faults: 92394629
	Voluntary context switches: 523276
	Involuntary context switches: 42055
	Swaps: 0
	File system inputs: 29694920
	File system outputs: 2992
	Socket messages sent: 0
	Socket messages received: 0
	Signals delivered: 0
	Page size (bytes): 4096
	Exit status: 124
	Command being timed: "timeout 600 java -Xmx64g -jar ./enhsp3.jar -o ./domain_with_failure.pddl -f ./problems/a20g6-add-5-d7/problem60.pddl -h blcost -s WAStar"
	User time (seconds): 142.97
	System time (seconds): 16.55
	Percent of CPU this job got: 99%
	Elapsed (wall clock) time (h:mm:ss or m:ss): 2:39.62
	Average shared text size (kbytes): 0
	Average unshared data size (kbytes): 0
	Average stack size (kbytes): 0
	Average total size (kbytes): 0
	Maximum resident set size (kbytes): 45729364
	Average resident set size (kbytes): 0
	Major (requiring I/O) page faults: 98
	Minor (reclaiming a frame) page faults: 20935891
	Voluntary context switches: 8854
	Involuntary context switches: 9261
	Swaps: 0
	File system inputs: 0
	File system outputs: 928
	Socket messages sent: 0
	Socket messages received: 0
	Signals delivered: 0
	Page size (bytes): 4096
	Exit status: 0
	Command being timed: "timeout 600 java -Xmx64g -jar ./enhsp3.jar -o ./domain_with_failure.pddl -f ./problems/a20g6-add-5-d7/problem61.pddl -h blcost -s WAStar"
	User time (seconds): 56.58
	System time (seconds): 8.42
	Percent of CPU this job got: 99%
	Elapsed (wall clock) time (h:mm:ss or m:ss): 1:05.07
	Average shared text size (kbytes): 0
	Average unshared data size (kbytes): 0
	Average stack size (kbytes): 0
	Average total size (kbytes): 0
	Maximum resident set size (kbytes): 26860872
	Average resident set size (kbytes): 0
	Major (requiring I/O) page faults: 44
	Minor (reclaiming a frame) page faults: 8770343
	Voluntary context switches: 6378
	Involuntary context switches: 6075
	Swaps: 0
	File system inputs: 0
	File system outputs: 416
	Socket messages sent: 0
	Socket messages received: 0
	Signals delivered: 0
	Page size (bytes): 4096
	Exit status: 0
Command exited with non-zero status 124
	Command being timed: "timeout 600 java -Xmx64g -jar ./enhsp3.jar -o ./domain_with_failure.pddl -f ./problems/a20g6-add-5-d7/problem62.pddl -h blcost -s WAStar"
	User time (seconds): 543.61
	System time (seconds): 60.91
	Percent of CPU this job got: 99%
	Elapsed (wall clock) time (h:mm:ss or m:ss): 10:04.81
	Average shared text size (kbytes): 0
	Average unshared data size (kbytes): 0
	Average stack size (kbytes): 0
	Average total size (kbytes): 0
	Maximum resident set size (kbytes): 66774264
	Average resident set size (kbytes): 0
	Major (requiring I/O) page faults: 340
	Minor (reclaiming a frame) page faults: 121566651
	Voluntary context switches: 20071
	Involuntary context switches: 23584
	Swaps: 0
	File system inputs: 0
	File system outputs: 3104
	Socket messages sent: 0
	Socket messages received: 0
	Signals delivered: 0
	Page size (bytes): 4096
	Exit status: 124
	Command being timed: "timeout 600 java -Xmx64g -jar ./enhsp3.jar -o ./domain_with_failure.pddl -f ./problems/a20g6-add-5-d7/problem63.pddl -h blcost -s WAStar"
	User time (seconds): 218.88
	System time (seconds): 27.83
	Percent of CPU this job got: 99%
	Elapsed (wall clock) time (h:mm:ss or m:ss): 4:06.86
	Average shared text size (kbytes): 0
	Average unshared data size (kbytes): 0
	Average stack size (kbytes): 0
	Average total size (kbytes): 0
	Maximum resident set size (kbytes): 65185592
	Average resident set size (kbytes): 0
	Major (requiring I/O) page faults: 150
	Minor (reclaiming a frame) page faults: 40530681
	Voluntary context switches: 10970
	Involuntary context switches: 12237
	Swaps: 0
	File system inputs: 0
	File system outputs: 1384
	Socket messages sent: 0
	Socket messages received: 0
	Signals delivered: 0
	Page size (bytes): 4096
	Exit status: 0
	Command being timed: "timeout 600 java -Xmx64g -jar ./enhsp3.jar -o ./domain_with_failure.pddl -f ./problems/a20g6-add-5-d7/problem64.pddl -h blcost -s WAStar"
	User time (seconds): 140.76
	System time (seconds): 18.73
	Percent of CPU this job got: 99%
	Elapsed (wall clock) time (h:mm:ss or m:ss): 2:39.61
	Average shared text size (kbytes): 0
	Average unshared data size (kbytes): 0
	Average stack size (kbytes): 0
	Average total size (kbytes): 0
	Maximum resident set size (kbytes): 57339688
	Average resident set size (kbytes): 0
	Major (requiring I/O) page faults: 98
	Minor (reclaiming a frame) page faults: 20891819
	Voluntary context switches: 8820
	Involuntary context switches: 9485
	Swaps: 0
	File system inputs: 0
	File system outputs: 824
	Socket messages sent: 0
	Socket messages received: 0
	Signals delivered: 0
	Page size (bytes): 4096
	Exit status: 0
	Command being timed: "timeout 600 java -Xmx64g -jar ./enhsp3.jar -o ./domain_with_failure.pddl -f ./problems/a20g6-add-5-d7/problem65.pddl -h blcost -s WAStar"
	User time (seconds): 36.61
	System time (seconds): 5.91
	Percent of CPU this job got: 99%
	Elapsed (wall clock) time (h:mm:ss or m:ss): 0:42.58
	Average shared text size (kbytes): 0
	Average unshared data size (kbytes): 0
	Average stack size (kbytes): 0
	Average total size (kbytes): 0
	Maximum resident set size (kbytes): 17735940
	Average resident set size (kbytes): 0
	Major (requiring I/O) page faults: 32
	Minor (reclaiming a frame) page faults: 6083445
	Voluntary context switches: 5704
	Involuntary context switches: 5410
	Swaps: 0
	File system inputs: 0
	File system outputs: 280
	Socket messages sent: 0
	Socket messages received: 0
	Signals delivered: 0
	Page size (bytes): 4096
	Exit status: 0
	Command being timed: "timeout 600 java -Xmx64g -jar ./enhsp3.jar -o ./domain_with_failure.pddl -f ./problems/a20g6-add-5-d7/problem66.pddl -h blcost -s WAStar"
	User time (seconds): 25.73
	System time (seconds): 2.71
	Percent of CPU this job got: 99%
	Elapsed (wall clock) time (h:mm:ss or m:ss): 0:28.48
	Average shared text size (kbytes): 0
	Average unshared data size (kbytes): 0
	Average stack size (kbytes): 0
	Average total size (kbytes): 0
	Maximum resident set size (kbytes): 7230616
	Average resident set size (kbytes): 0
	Major (requiring I/O) page faults: 23
	Minor (reclaiming a frame) page faults: 2775247
	Voluntary context switches: 5480
	Involuntary context switches: 4871
	Swaps: 0
	File system inputs: 0
	File system outputs: 184
	Socket messages sent: 0
	Socket messages received: 0
	Signals delivered: 0
	Page size (bytes): 4096
	Exit status: 0
	Command being timed: "timeout 600 java -Xmx64g -jar ./enhsp3.jar -o ./domain_with_failure.pddl -f ./problems/a20g6-add-5-d7/problem67.pddl -h blcost -s WAStar"
	User time (seconds): 61.03
	System time (seconds): 7.91
	Percent of CPU this job got: 99%
	Elapsed (wall clock) time (h:mm:ss or m:ss): 1:09.00
	Average shared text size (kbytes): 0
	Average unshared data size (kbytes): 0
	Average stack size (kbytes): 0
	Average total size (kbytes): 0
	Maximum resident set size (kbytes): 23304812
	Average resident set size (kbytes): 0
	Major (requiring I/O) page faults: 50
	Minor (reclaiming a frame) page faults: 8552351
	Voluntary context switches: 6582
	Involuntary context switches: 6454
	Swaps: 0
	File system inputs: 0
	File system outputs: 424
	Socket messages sent: 0
	Socket messages received: 0
	Signals delivered: 0
	Page size (bytes): 4096
	Exit status: 0
	Command being timed: "timeout 600 java -Xmx64g -jar ./enhsp3.jar -o ./domain_with_failure.pddl -f ./problems/a20g6-add-5-d7/problem68.pddl -h blcost -s WAStar"
	User time (seconds): 44.97
	System time (seconds): 5.83
	Percent of CPU this job got: 99%
	Elapsed (wall clock) time (h:mm:ss or m:ss): 0:50.84
	Average shared text size (kbytes): 0
	Average unshared data size (kbytes): 0
	Average stack size (kbytes): 0
	Average total size (kbytes): 0
	Maximum resident set size (kbytes): 17369692
	Average resident set size (kbytes): 0
	Major (requiring I/O) page faults: 38
	Minor (reclaiming a frame) page faults: 6031524
	Voluntary context switches: 6009
	Involuntary context switches: 5765
	Swaps: 0
	File system inputs: 0
	File system outputs: 320
	Socket messages sent: 0
	Socket messages received: 0
	Signals delivered: 0
	Page size (bytes): 4096
	Exit status: 0
Command exited with non-zero status 124
	Command being timed: "timeout 600 java -Xmx64g -jar ./enhsp3.jar -o ./domain_with_failure.pddl -f ./problems/a20g6-add-5-d7/problem69.pddl -h blcost -s WAStar"
	User time (seconds): 556.58
	System time (seconds): 64.25
	Percent of CPU this job got: 99%
	Elapsed (wall clock) time (h:mm:ss or m:ss): 10:21.20
	Average shared text size (kbytes): 0
	Average unshared data size (kbytes): 0
	Average stack size (kbytes): 0
	Average total size (kbytes): 0
	Maximum resident set size (kbytes): 66872300
	Average resident set size (kbytes): 0
	Major (requiring I/O) page faults: 355
	Minor (reclaiming a frame) page faults: 129268979
	Voluntary context switches: 20514
	Involuntary context switches: 24156
	Swaps: 0
	File system inputs: 0
	File system outputs: 3016
	Socket messages sent: 0
	Socket messages received: 0
	Signals delivered: 0
	Page size (bytes): 4096
	Exit status: 124
	Command being timed: "timeout 600 java -Xmx64g -jar ./enhsp3.jar -o ./domain_with_failure.pddl -f ./problems/a20g6-add-5-d7/problem70.pddl -h blcost -s WAStar"
	User time (seconds): 135.29
	System time (seconds): 14.96
	Percent of CPU this job got: 99%
	Elapsed (wall clock) time (h:mm:ss or m:ss): 2:30.35
	Average shared text size (kbytes): 0
	Average unshared data size (kbytes): 0
	Average stack size (kbytes): 0
	Average total size (kbytes): 0
	Maximum resident set size (kbytes): 43256240
	Average resident set size (kbytes): 0
	Major (requiring I/O) page faults: 95
	Minor (reclaiming a frame) page faults: 17665062
	Voluntary context switches: 8717
	Involuntary context switches: 9275
	Swaps: 0
	File system inputs: 0
	File system outputs: 888
	Socket messages sent: 0
	Socket messages received: 0
	Signals delivered: 0
	Page size (bytes): 4096
	Exit status: 0
	Command being timed: "timeout 600 java -Xmx64g -jar ./enhsp3.jar -o ./domain_with_failure.pddl -f ./problems/a20g6-add-5-d7/problem71.pddl -h blcost -s WAStar"
	User time (seconds): 197.02
	System time (seconds): 23.03
	Percent of CPU this job got: 99%
	Elapsed (wall clock) time (h:mm:ss or m:ss): 3:40.19
	Average shared text size (kbytes): 0
	Average unshared data size (kbytes): 0
	Average stack size (kbytes): 0
	Average total size (kbytes): 0
	Maximum resident set size (kbytes): 66005692
	Average resident set size (kbytes): 0
	Major (requiring I/O) page faults: 137
	Minor (reclaiming a frame) page faults: 28125538
	Voluntary context switches: 10265
	Involuntary context switches: 11268
	Swaps: 0
	File system inputs: 0
	File system outputs: 1280
	Socket messages sent: 0
	Socket messages received: 0
	Signals delivered: 0
	Page size (bytes): 4096
	Exit status: 0
Command exited with non-zero status 124
	Command being timed: "timeout 600 java -Xmx64g -jar ./enhsp3.jar -o ./domain_with_failure.pddl -f ./problems/a20g6-add-5-d7/problem72.pddl -h blcost -s WAStar"
	User time (seconds): 527.05
	System time (seconds): 72.44
	Percent of CPU this job got: 98%
	Elapsed (wall clock) time (h:mm:ss or m:ss): 10:08.31
	Average shared text size (kbytes): 0
	Average unshared data size (kbytes): 0
	Average stack size (kbytes): 0
	Average total size (kbytes): 0
	Maximum resident set size (kbytes): 66991364
	Average resident set size (kbytes): 0
	Major (requiring I/O) page faults: 36071
	Minor (reclaiming a frame) page faults: 120899961
	Voluntary context switches: 55793
	Involuntary context switches: 26118
	Swaps: 0
	File system inputs: 1576056
	File system outputs: 3096
	Socket messages sent: 0
	Socket messages received: 0
	Signals delivered: 0
	Page size (bytes): 4096
	Exit status: 124
	Command being timed: "timeout 600 java -Xmx64g -jar ./enhsp3.jar -o ./domain_with_failure.pddl -f ./problems/a20g6-add-5-d7/problem73.pddl -h blcost -s WAStar"
	User time (seconds): 76.62
	System time (seconds): 9.12
	Percent of CPU this job got: 99%
	Elapsed (wall clock) time (h:mm:ss or m:ss): 1:25.84
	Average shared text size (kbytes): 0
	Average unshared data size (kbytes): 0
	Average stack size (kbytes): 0
	Average total size (kbytes): 0
	Maximum resident set size (kbytes): 26028960
	Average resident set size (kbytes): 0
	Major (requiring I/O) page faults: 59
	Minor (reclaiming a frame) page faults: 9844671
	Voluntary context switches: 6717
	Involuntary context switches: 6710
	Swaps: 0
	File system inputs: 0
	File system outputs: 488
	Socket messages sent: 0
	Socket messages received: 0
	Signals delivered: 0
	Page size (bytes): 4096
	Exit status: 0
	Command being timed: "timeout 600 java -Xmx64g -jar ./enhsp3.jar -o ./domain_with_failure.pddl -f ./problems/a20g6-add-5-d7/problem74.pddl -h blcost -s WAStar"
	User time (seconds): 167.52
	System time (seconds): 19.76
	Percent of CPU this job got: 99%
	Elapsed (wall clock) time (h:mm:ss or m:ss): 3:07.48
	Average shared text size (kbytes): 0
	Average unshared data size (kbytes): 0
	Average stack size (kbytes): 0
	Average total size (kbytes): 0
	Maximum resident set size (kbytes): 57587024
	Average resident set size (kbytes): 0
	Major (requiring I/O) page faults: 115
	Minor (reclaiming a frame) page faults: 23935289
	Voluntary context switches: 9425
	Involuntary context switches: 10272
	Swaps: 0
	File system inputs: 0
	File system outputs: 976
	Socket messages sent: 0
	Socket messages received: 0
	Signals delivered: 0
	Page size (bytes): 4096
	Exit status: 0
	Command being timed: "timeout 600 java -Xmx64g -jar ./enhsp3.jar -o ./domain_with_failure.pddl -f ./problems/a20g6-add-5-d7/problem75.pddl -h blcost -s WAStar"
	User time (seconds): 35.02
	System time (seconds): 5.45
	Percent of CPU this job got: 99%
	Elapsed (wall clock) time (h:mm:ss or m:ss): 0:40.52
	Average shared text size (kbytes): 0
	Average unshared data size (kbytes): 0
	Average stack size (kbytes): 0
	Average total size (kbytes): 0
	Maximum resident set size (kbytes): 16457172
	Average resident set size (kbytes): 0
	Major (requiring I/O) page faults: 29
	Minor (reclaiming a frame) page faults: 5419588
	Voluntary context switches: 5570
	Involuntary context switches: 5210
	Swaps: 0
	File system inputs: 0
	File system outputs: 240
	Socket messages sent: 0
	Socket messages received: 0
	Signals delivered: 0
	Page size (bytes): 4096
	Exit status: 0
	Command being timed: "timeout 600 java -Xmx64g -jar ./enhsp3.jar -o ./domain_with_failure.pddl -f ./problems/a20g6-add-5-d7/problem76.pddl -h blcost -s WAStar"
	User time (seconds): 234.74
	System time (seconds): 36.18
	Percent of CPU this job got: 98%
	Elapsed (wall clock) time (h:mm:ss or m:ss): 4:36.22
	Average shared text size (kbytes): 0
	Average unshared data size (kbytes): 0
	Average stack size (kbytes): 0
	Average total size (kbytes): 0
	Maximum resident set size (kbytes): 66991940
	Average resident set size (kbytes): 0
	Major (requiring I/O) page faults: 20456
	Minor (reclaiming a frame) page faults: 47026807
	Voluntary context switches: 32032
	Involuntary context switches: 14523
	Swaps: 0
	File system inputs: 972544
	File system outputs: 1392
	Socket messages sent: 0
	Socket messages received: 0
	Signals delivered: 0
	Page size (bytes): 4096
	Exit status: 0
Command exited with non-zero status 124
	Command being timed: "timeout 600 java -Xmx64g -jar ./enhsp3.jar -o ./domain_with_failure.pddl -f ./problems/a20g6-add-5-d7/problem77.pddl -h blcost -s WAStar"
	User time (seconds): 217.48
	System time (seconds): 104.62
	Percent of CPU this job got: 53%
	Elapsed (wall clock) time (h:mm:ss or m:ss): 10:03.20
	Average shared text size (kbytes): 0
	Average unshared data size (kbytes): 0
	Average stack size (kbytes): 0
	Average total size (kbytes): 0
	Maximum resident set size (kbytes): 66991480
	Average resident set size (kbytes): 0
	Major (requiring I/O) page faults: 1023286
	Minor (reclaiming a frame) page faults: 59990167
	Voluntary context switches: 1034229
	Involuntary context switches: 59204
	Swaps: 0
	File system inputs: 60959352
	File system outputs: 2392
	Socket messages sent: 0
	Socket messages received: 0
	Signals delivered: 0
	Page size (bytes): 4096
	Exit status: 124
	Command being timed: "timeout 600 java -Xmx64g -jar ./enhsp3.jar -o ./domain_with_failure.pddl -f ./problems/a20g6-add-5-d7/problem78.pddl -h blcost -s WAStar"
	User time (seconds): 28.03
	System time (seconds): 2.85
	Percent of CPU this job got: 99%
	Elapsed (wall clock) time (h:mm:ss or m:ss): 0:30.93
	Average shared text size (kbytes): 0
	Average unshared data size (kbytes): 0
	Average stack size (kbytes): 0
	Average total size (kbytes): 0
	Maximum resident set size (kbytes): 8204384
	Average resident set size (kbytes): 0
	Major (requiring I/O) page faults: 26
	Minor (reclaiming a frame) page faults: 2986452
	Voluntary context switches: 5330
	Involuntary context switches: 4892
	Swaps: 0
	File system inputs: 0
	File system outputs: 248
	Socket messages sent: 0
	Socket messages received: 0
	Signals delivered: 0
	Page size (bytes): 4096
	Exit status: 0
	Command being timed: "timeout 600 java -Xmx64g -jar ./enhsp3.jar -o ./domain_with_failure.pddl -f ./problems/a20g6-add-5-d7/problem79.pddl -h blcost -s WAStar"
	User time (seconds): 19.34
	System time (seconds): 1.82
	Percent of CPU this job got: 99%
	Elapsed (wall clock) time (h:mm:ss or m:ss): 0:21.20
	Average shared text size (kbytes): 0
	Average unshared data size (kbytes): 0
	Average stack size (kbytes): 0
	Average total size (kbytes): 0
	Maximum resident set size (kbytes): 4413832
	Average resident set size (kbytes): 0
	Major (requiring I/O) page faults: 20
	Minor (reclaiming a frame) page faults: 1808663
	Voluntary context switches: 5022
	Involuntary context switches: 4396
	Swaps: 0
	File system inputs: 0
	File system outputs: 184
	Socket messages sent: 0
	Socket messages received: 0
	Signals delivered: 0
	Page size (bytes): 4096
	Exit status: 0
	Command being timed: "timeout 600 java -Xmx64g -jar ./enhsp3.jar -o ./domain_with_failure.pddl -f ./problems/a20g6-add-5-d7/problem80.pddl -h blcost -s WAStar"
	User time (seconds): 84.59
	System time (seconds): 9.63
	Percent of CPU this job got: 99%
	Elapsed (wall clock) time (h:mm:ss or m:ss): 1:34.29
	Average shared text size (kbytes): 0
	Average unshared data size (kbytes): 0
	Average stack size (kbytes): 0
	Average total size (kbytes): 0
	Maximum resident set size (kbytes): 27144972
	Average resident set size (kbytes): 0
	Major (requiring I/O) page faults: 65
	Minor (reclaiming a frame) page faults: 11040254
	Voluntary context switches: 7300
	Involuntary context switches: 7460
	Swaps: 0
	File system inputs: 0
	File system outputs: 608
	Socket messages sent: 0
	Socket messages received: 0
	Signals delivered: 0
	Page size (bytes): 4096
	Exit status: 0
	Command being timed: "timeout 600 java -Xmx64g -jar ./enhsp3.jar -o ./domain_with_failure.pddl -f ./problems/a20g6-add-5-d7/problem81.pddl -h blcost -s WAStar"
	User time (seconds): 25.57
	System time (seconds): 2.71
	Percent of CPU this job got: 99%
	Elapsed (wall clock) time (h:mm:ss or m:ss): 0:28.32
	Average shared text size (kbytes): 0
	Average unshared data size (kbytes): 0
	Average stack size (kbytes): 0
	Average total size (kbytes): 0
	Maximum resident set size (kbytes): 7071624
	Average resident set size (kbytes): 0
	Major (requiring I/O) page faults: 23
	Minor (reclaiming a frame) page faults: 2759096
	Voluntary context switches: 5424
	Involuntary context switches: 4877
	Swaps: 0
	File system inputs: 0
	File system outputs: 224
	Socket messages sent: 0
	Socket messages received: 0
	Signals delivered: 0
	Page size (bytes): 4096
	Exit status: 0
	Command being timed: "timeout 600 java -Xmx64g -jar ./enhsp3.jar -o ./domain_with_failure.pddl -f ./problems/a20g6-add-5-d7/problem82.pddl -h blcost -s WAStar"
	User time (seconds): 71.59
	System time (seconds): 11.86
	Percent of CPU this job got: 99%
	Elapsed (wall clock) time (h:mm:ss or m:ss): 1:23.56
	Average shared text size (kbytes): 0
	Average unshared data size (kbytes): 0
	Average stack size (kbytes): 0
	Average total size (kbytes): 0
	Maximum resident set size (kbytes): 38953988
	Average resident set size (kbytes): 0
	Major (requiring I/O) page faults: 56
	Minor (reclaiming a frame) page faults: 12472225
	Voluntary context switches: 6839
	Involuntary context switches: 6966
	Swaps: 0
	File system inputs: 0
	File system outputs: 528
	Socket messages sent: 0
	Socket messages received: 0
	Signals delivered: 0
	Page size (bytes): 4096
	Exit status: 0
	Command being timed: "timeout 600 java -Xmx64g -jar ./enhsp3.jar -o ./domain_with_failure.pddl -f ./problems/a20g6-add-5-d7/problem83.pddl -h blcost -s WAStar"
	User time (seconds): 61.22
	System time (seconds): 7.54
	Percent of CPU this job got: 99%
	Elapsed (wall clock) time (h:mm:ss or m:ss): 1:08.81
	Average shared text size (kbytes): 0
	Average unshared data size (kbytes): 0
	Average stack size (kbytes): 0
	Average total size (kbytes): 0
	Maximum resident set size (kbytes): 21139772
	Average resident set size (kbytes): 0
	Major (requiring I/O) page faults: 47
	Minor (reclaiming a frame) page faults: 8266380
	Voluntary context switches: 6441
	Involuntary context switches: 6279
	Swaps: 0
	File system inputs: 0
	File system outputs: 440
	Socket messages sent: 0
	Socket messages received: 0
	Signals delivered: 0
	Page size (bytes): 4096
	Exit status: 0
	Command being timed: "timeout 600 java -Xmx64g -jar ./enhsp3.jar -o ./domain_with_failure.pddl -f ./problems/a20g6-add-5-d7/problem84.pddl -h blcost -s WAStar"
	User time (seconds): 94.46
	System time (seconds): 12.80
	Percent of CPU this job got: 99%
	Elapsed (wall clock) time (h:mm:ss or m:ss): 1:47.35
	Average shared text size (kbytes): 0
	Average unshared data size (kbytes): 0
	Average stack size (kbytes): 0
	Average total size (kbytes): 0
	Maximum resident set size (kbytes): 39020760
	Average resident set size (kbytes): 0
	Major (requiring I/O) page faults: 71
	Minor (reclaiming a frame) page faults: 14584393
	Voluntary context switches: 7673
	Involuntary context switches: 7685
	Swaps: 0
	File system inputs: 0
	File system outputs: 664
	Socket messages sent: 0
	Socket messages received: 0
	Signals delivered: 0
	Page size (bytes): 4096
	Exit status: 0
	Command being timed: "timeout 600 java -Xmx64g -jar ./enhsp3.jar -o ./domain_with_failure.pddl -f ./problems/a20g6-add-5-d7/problem85.pddl -h blcost -s WAStar"
	User time (seconds): 105.67
	System time (seconds): 14.05
	Percent of CPU this job got: 99%
	Elapsed (wall clock) time (h:mm:ss or m:ss): 1:59.83
	Average shared text size (kbytes): 0
	Average unshared data size (kbytes): 0
	Average stack size (kbytes): 0
	Average total size (kbytes): 0
	Maximum resident set size (kbytes): 41860568
	Average resident set size (kbytes): 0
	Major (requiring I/O) page faults: 62
	Minor (reclaiming a frame) page faults: 15824916
	Voluntary context switches: 7802
	Involuntary context switches: 8052
	Swaps: 0
	File system inputs: 0
	File system outputs: 600
	Socket messages sent: 0
	Socket messages received: 0
	Signals delivered: 0
	Page size (bytes): 4096
	Exit status: 0
Command exited with non-zero status 124
	Command being timed: "timeout 600 java -Xmx64g -jar ./enhsp3.jar -o ./domain_with_failure.pddl -f ./problems/a20g6-add-5-d7/problem86.pddl -h blcost -s WAStar"
	User time (seconds): 530.85
	System time (seconds): 69.79
	Percent of CPU this job got: 99%
	Elapsed (wall clock) time (h:mm:ss or m:ss): 10:03.84
	Average shared text size (kbytes): 0
	Average unshared data size (kbytes): 0
	Average stack size (kbytes): 0
	Average total size (kbytes): 0
	Maximum resident set size (kbytes): 66991564
	Average resident set size (kbytes): 0
	Major (requiring I/O) page faults: 13384
	Minor (reclaiming a frame) page faults: 118188636
	Voluntary context switches: 33509
	Involuntary context switches: 25397
	Swaps: 0
	File system inputs: 447048
	File system outputs: 1248
	Socket messages sent: 0
	Socket messages received: 0
	Signals delivered: 0
	Page size (bytes): 4096
	Exit status: 124
	Command being timed: "timeout 600 java -Xmx64g -jar ./enhsp3.jar -o ./domain_with_failure.pddl -f ./problems/a20g6-add-5-d7/problem87.pddl -h blcost -s WAStar"
	User time (seconds): 59.50
	System time (seconds): 7.39
	Percent of CPU this job got: 99%
	Elapsed (wall clock) time (h:mm:ss or m:ss): 1:06.94
	Average shared text size (kbytes): 0
	Average unshared data size (kbytes): 0
	Average stack size (kbytes): 0
	Average total size (kbytes): 0
	Maximum resident set size (kbytes): 21610972
	Average resident set size (kbytes): 0
	Major (requiring I/O) page faults: 14
	Minor (reclaiming a frame) page faults: 7750769
	Voluntary context switches: 6268
	Involuntary context switches: 6203
	Swaps: 0
	File system inputs: 0
	File system outputs: 176
	Socket messages sent: 0
	Socket messages received: 0
	Signals delivered: 0
	Page size (bytes): 4096
	Exit status: 0
	Command being timed: "timeout 600 java -Xmx64g -jar ./enhsp3.jar -o ./domain_with_failure.pddl -f ./problems/a20g6-add-5-d7/problem88.pddl -h blcost -s WAStar"
	User time (seconds): 108.08
	System time (seconds): 13.15
	Percent of CPU this job got: 99%
	Elapsed (wall clock) time (h:mm:ss or m:ss): 2:01.31
	Average shared text size (kbytes): 0
	Average unshared data size (kbytes): 0
	Average stack size (kbytes): 0
	Average total size (kbytes): 0
	Maximum resident set size (kbytes): 37735212
	Average resident set size (kbytes): 0
	Major (requiring I/O) page faults: 17
	Minor (reclaiming a frame) page faults: 15798326
	Voluntary context switches: 7806
	Involuntary context switches: 8047
	Swaps: 0
	File system inputs: 0
	File system outputs: 248
	Socket messages sent: 0
	Socket messages received: 0
	Signals delivered: 0
	Page size (bytes): 4096
	Exit status: 0
	Command being timed: "timeout 600 java -Xmx64g -jar ./enhsp3.jar -o ./domain_with_failure.pddl -f ./problems/a20g6-add-5-d7/problem89.pddl -h blcost -s WAStar"
	User time (seconds): 35.36
	System time (seconds): 4.18
	Percent of CPU this job got: 99%
	Elapsed (wall clock) time (h:mm:ss or m:ss): 0:39.60
	Average shared text size (kbytes): 0
	Average unshared data size (kbytes): 0
	Average stack size (kbytes): 0
	Average total size (kbytes): 0
	Maximum resident set size (kbytes): 11978436
	Average resident set size (kbytes): 0
	Major (requiring I/O) page faults: 11
	Minor (reclaiming a frame) page faults: 4413909
	Voluntary context switches: 5846
	Involuntary context switches: 5285
	Swaps: 0
	File system inputs: 0
	File system outputs: 136
	Socket messages sent: 0
	Socket messages received: 0
	Signals delivered: 0
	Page size (bytes): 4096
	Exit status: 0
	Command being timed: "timeout 600 java -Xmx64g -jar ./enhsp3.jar -o ./domain_with_failure.pddl -f ./problems/a20g6-add-5-d7/problem90.pddl -h blcost -s WAStar"
	User time (seconds): 24.72
	System time (seconds): 3.41
	Percent of CPU this job got: 99%
	Elapsed (wall clock) time (h:mm:ss or m:ss): 0:28.18
	Average shared text size (kbytes): 0
	Average unshared data size (kbytes): 0
	Average stack size (kbytes): 0
	Average total size (kbytes): 0
	Maximum resident set size (kbytes): 9924320
	Average resident set size (kbytes): 0
	Major (requiring I/O) page faults: 8
	Minor (reclaiming a frame) page faults: 3350138
	Voluntary context switches: 5249
	Involuntary context switches: 4652
	Swaps: 0
	File system inputs: 0
	File system outputs: 96
	Socket messages sent: 0
	Socket messages received: 0
	Signals delivered: 0
	Page size (bytes): 4096
	Exit status: 0
	Command being timed: "timeout 600 java -Xmx64g -jar ./enhsp3.jar -o ./domain_with_failure.pddl -f ./problems/a20g6-add-5-d7/problem91.pddl -h blcost -s WAStar"
	User time (seconds): 152.53
	System time (seconds): 17.59
	Percent of CPU this job got: 99%
	Elapsed (wall clock) time (h:mm:ss or m:ss): 2:50.25
	Average shared text size (kbytes): 0
	Average unshared data size (kbytes): 0
	Average stack size (kbytes): 0
	Average total size (kbytes): 0
	Maximum resident set size (kbytes): 49905020
	Average resident set size (kbytes): 0
	Major (requiring I/O) page faults: 23
	Minor (reclaiming a frame) page faults: 21419744
	Voluntary context switches: 9133
	Involuntary context switches: 9683
	Swaps: 0
	File system inputs: 0
	File system outputs: 328
	Socket messages sent: 0
	Socket messages received: 0
	Signals delivered: 0
	Page size (bytes): 4096
	Exit status: 0
Command exited with non-zero status 124
	Command being timed: "timeout 600 java -Xmx64g -jar ./enhsp3.jar -o ./domain_with_failure.pddl -f ./problems/a20g6-add-5-d7/problem92.pddl -h blcost -s WAStar"
	User time (seconds): 554.17
	System time (seconds): 62.32
	Percent of CPU this job got: 99%
	Elapsed (wall clock) time (h:mm:ss or m:ss): 10:16.83
	Average shared text size (kbytes): 0
	Average unshared data size (kbytes): 0
	Average stack size (kbytes): 0
	Average total size (kbytes): 0
	Maximum resident set size (kbytes): 66821876
	Average resident set size (kbytes): 0
	Major (requiring I/O) page faults: 65
	Minor (reclaiming a frame) page faults: 127169115
	Voluntary context switches: 20279
	Involuntary context switches: 23651
	Swaps: 0
	File system inputs: 0
	File system outputs: 704
	Socket messages sent: 0
	Socket messages received: 0
	Signals delivered: 0
	Page size (bytes): 4096
	Exit status: 124
Command exited with non-zero status 124
	Command being timed: "timeout 600 java -Xmx64g -jar ./enhsp3.jar -o ./domain_with_failure.pddl -f ./problems/a20g6-add-5-d7/problem93.pddl -h blcost -s WAStar"
	User time (seconds): 541.70
	System time (seconds): 61.90
	Percent of CPU this job got: 99%
	Elapsed (wall clock) time (h:mm:ss or m:ss): 10:03.92
	Average shared text size (kbytes): 0
	Average unshared data size (kbytes): 0
	Average stack size (kbytes): 0
	Average total size (kbytes): 0
	Maximum resident set size (kbytes): 66825284
	Average resident set size (kbytes): 0
	Major (requiring I/O) page faults: 65
	Minor (reclaiming a frame) page faults: 123613534
	Voluntary context switches: 20130
	Involuntary context switches: 24100
	Swaps: 0
	File system inputs: 0
	File system outputs: 656
	Socket messages sent: 0
	Socket messages received: 0
	Signals delivered: 0
	Page size (bytes): 4096
	Exit status: 124
Command exited with non-zero status 124
	Command being timed: "timeout 600 java -Xmx64g -jar ./enhsp3.jar -o ./domain_with_failure.pddl -f ./problems/a20g6-add-5-d7/problem94.pddl -h blcost -s WAStar"
	User time (seconds): 528.23
	System time (seconds): 73.13
	Percent of CPU this job got: 97%
	Elapsed (wall clock) time (h:mm:ss or m:ss): 10:13.93
	Average shared text size (kbytes): 0
	Average unshared data size (kbytes): 0
	Average stack size (kbytes): 0
	Average total size (kbytes): 0
	Maximum resident set size (kbytes): 66991528
	Average resident set size (kbytes): 0
	Major (requiring I/O) page faults: 37156
	Minor (reclaiming a frame) page faults: 120430876
	Voluntary context switches: 57344
	Involuntary context switches: 25897
	Swaps: 0
	File system inputs: 1757704
	File system outputs: 800
	Socket messages sent: 0
	Socket messages received: 0
	Signals delivered: 0
	Page size (bytes): 4096
	Exit status: 124
	Command being timed: "timeout 600 java -Xmx64g -jar ./enhsp3.jar -o ./domain_with_failure.pddl -f ./problems/a20g6-add-5-d7/problem95.pddl -h blcost -s WAStar"
	User time (seconds): 361.25
	System time (seconds): 42.76
	Percent of CPU this job got: 99%
	Elapsed (wall clock) time (h:mm:ss or m:ss): 6:44.23
	Average shared text size (kbytes): 0
	Average unshared data size (kbytes): 0
	Average stack size (kbytes): 0
	Average total size (kbytes): 0
	Maximum resident set size (kbytes): 66852884
	Average resident set size (kbytes): 0
	Major (requiring I/O) page faults: 44
	Minor (reclaiming a frame) page faults: 76532725
	Voluntary context switches: 15284
	Involuntary context switches: 17453
	Swaps: 0
	File system inputs: 0
	File system outputs: 440
	Socket messages sent: 0
	Socket messages received: 0
	Signals delivered: 0
	Page size (bytes): 4096
	Exit status: 0
Command exited with non-zero status 124
	Command being timed: "timeout 600 java -Xmx64g -jar ./enhsp3.jar -o ./domain_with_failure.pddl -f ./problems/a20g6-add-5-d7/problem96.pddl -h blcost -s WAStar"
	User time (seconds): 238.55
	System time (seconds): 95.77
	Percent of CPU this job got: 55%
	Elapsed (wall clock) time (h:mm:ss or m:ss): 10:03.23
	Average shared text size (kbytes): 0
	Average unshared data size (kbytes): 0
	Average stack size (kbytes): 0
	Average total size (kbytes): 0
	Maximum resident set size (kbytes): 66991828
	Average resident set size (kbytes): 0
	Major (requiring I/O) page faults: 966788
	Minor (reclaiming a frame) page faults: 52409283
	Voluntary context switches: 979897
	Involuntary context switches: 49480
	Swaps: 0
	File system inputs: 56044456
	File system outputs: 848
	Socket messages sent: 0
	Socket messages received: 0
	Signals delivered: 0
	Page size (bytes): 4096
	Exit status: 124
Command exited with non-zero status 124
	Command being timed: "timeout 600 java -Xmx64g -jar ./enhsp3.jar -o ./domain_with_failure.pddl -f ./problems/a20g6-add-5-d7/problem97.pddl -h blcost -s WAStar"
	User time (seconds): 214.57
	System time (seconds): 100.97
	Percent of CPU this job got: 52%
	Elapsed (wall clock) time (h:mm:ss or m:ss): 10:04.57
	Average shared text size (kbytes): 0
	Average unshared data size (kbytes): 0
	Average stack size (kbytes): 0
	Average total size (kbytes): 0
	Maximum resident set size (kbytes): 66991600
	Average resident set size (kbytes): 0
	Major (requiring I/O) page faults: 963778
	Minor (reclaiming a frame) page faults: 58801469
	Voluntary context switches: 975629
	Involuntary context switches: 60196
	Swaps: 0
	File system inputs: 58083544
	File system outputs: 1824
	Socket messages sent: 0
	Socket messages received: 0
	Signals delivered: 0
	Page size (bytes): 4096
	Exit status: 124
	Command being timed: "timeout 600 java -Xmx64g -jar ./enhsp3.jar -o ./domain_with_failure.pddl -f ./problems/a20g6-add-5-d7/problem98.pddl -h blcost -s WAStar"
	User time (seconds): 150.16
	System time (seconds): 20.08
	Percent of CPU this job got: 99%
	Elapsed (wall clock) time (h:mm:ss or m:ss): 2:50.35
	Average shared text size (kbytes): 0
	Average unshared data size (kbytes): 0
	Average stack size (kbytes): 0
	Average total size (kbytes): 0
	Maximum resident set size (kbytes): 61495244
	Average resident set size (kbytes): 0
	Major (requiring I/O) page faults: 104
	Minor (reclaiming a frame) page faults: 22832677
	Voluntary context switches: 8964
	Involuntary context switches: 9707
	Swaps: 0
	File system inputs: 0
	File system outputs: 976
	Socket messages sent: 0
	Socket messages received: 0
	Signals delivered: 0
	Page size (bytes): 4096
	Exit status: 0
	Command being timed: "timeout 600 java -Xmx64g -jar ./enhsp3.jar -o ./domain_with_failure.pddl -f ./problems/a20g6-add-5-d7/problem99.pddl -h blcost -s WAStar"
	User time (seconds): 159.56
	System time (seconds): 19.98
	Percent of CPU this job got: 99%
	Elapsed (wall clock) time (h:mm:ss or m:ss): 2:59.65
	Average shared text size (kbytes): 0
	Average unshared data size (kbytes): 0
	Average stack size (kbytes): 0
	Average total size (kbytes): 0
	Maximum resident set size (kbytes): 58060968
	Average resident set size (kbytes): 0
	Major (requiring I/O) page faults: 110
	Minor (reclaiming a frame) page faults: 24154224
	Voluntary context switches: 9616
	Involuntary context switches: 10270
	Swaps: 0
	File system inputs: 0
	File system outputs: 1040
	Socket messages sent: 0
	Socket messages received: 0
	Signals delivered: 0
	Page size (bytes): 4096
	Exit status: 0
	Command being timed: "timeout 600 java -Xmx64g -jar ./enhsp3.jar -o ./domain_with_failure.pddl -f ./problems/a20g6-add-5-d7/problem100.pddl -h blcost -s WAStar"
	User time (seconds): 383.28
	System time (seconds): 54.42
	Percent of CPU this job got: 98%
	Elapsed (wall clock) time (h:mm:ss or m:ss): 7:23.03
	Average shared text size (kbytes): 0
	Average unshared data size (kbytes): 0
	Average stack size (kbytes): 0
	Average total size (kbytes): 0
	Maximum resident set size (kbytes): 66991800
	Average resident set size (kbytes): 0
	Major (requiring I/O) page faults: 20802
	Minor (reclaiming a frame) page faults: 80914085
	Voluntary context switches: 36585
	Involuntary context switches: 19857
	Swaps: 0
	File system inputs: 986272
	File system outputs: 2376
	Socket messages sent: 0
	Socket messages received: 0
	Signals delivered: 0
	Page size (bytes): 4096
	Exit status: 0
