/usr/bin/time -v timeout 600 java -Xmx64g -jar ./enhsp3.jar -o ./domain_with_failure.pddl -f ./problems/a42g11XOR-d3/problem1.pddl -h blcost -s WAStar
Domain parsed
Problem parsed
Grounding..
Unsolvable Problem
/usr/bin/time -v timeout 600 java -Xmx64g -jar ./enhsp3.jar -o ./domain_with_failure.pddl -f ./problems/a42g11XOR-d3/problem2.pddl -h blcost -s WAStar
Domain parsed
Problem parsed
Grounding..
Unsolvable Problem
/usr/bin/time -v timeout 600 java -Xmx64g -jar ./enhsp3.jar -o ./domain_with_failure.pddl -f ./problems/a42g11XOR-d3/problem3.pddl -h blcost -s WAStar
Domain parsed
Problem parsed
Grounding..
Unsolvable Problem
/usr/bin/time -v timeout 600 java -Xmx64g -jar ./enhsp3.jar -o ./domain_with_failure.pddl -f ./problems/a42g11XOR-d3/problem4.pddl -h blcost -s WAStar
Domain parsed
Problem parsed
Grounding..
Unsolvable Problem
/usr/bin/time -v timeout 600 java -Xmx64g -jar ./enhsp3.jar -o ./domain_with_failure.pddl -f ./problems/a42g11XOR-d3/problem5.pddl -h blcost -s WAStar
Domain parsed
Problem parsed
Grounding..
Unsolvable Problem
/usr/bin/time -v timeout 600 java -Xmx64g -jar ./enhsp3.jar -o ./domain_with_failure.pddl -f ./problems/a42g11XOR-d3/problem6.pddl -h blcost -s WAStar
Domain parsed
Problem parsed
Grounding..
Unsolvable Problem
/usr/bin/time -v timeout 600 java -Xmx64g -jar ./enhsp3.jar -o ./domain_with_failure.pddl -f ./problems/a42g11XOR-d3/problem7.pddl -h blcost -s WAStar
Domain parsed
Problem parsed
Grounding..
Unsolvable Problem
/usr/bin/time -v timeout 600 java -Xmx64g -jar ./enhsp3.jar -o ./domain_with_failure.pddl -f ./problems/a42g11XOR-d3/problem8.pddl -h blcost -s WAStar
Domain parsed
Problem parsed
Grounding..
Unsolvable Problem
/usr/bin/time -v timeout 600 java -Xmx64g -jar ./enhsp3.jar -o ./domain_with_failure.pddl -f ./problems/a42g11XOR-d3/problem9.pddl -h blcost -s WAStar
Domain parsed
Problem parsed
Grounding..
Unsolvable Problem
/usr/bin/time -v timeout 600 java -Xmx64g -jar ./enhsp3.jar -o ./domain_with_failure.pddl -f ./problems/a42g11XOR-d3/problem10.pddl -h blcost -s WAStar
Domain parsed
Problem parsed
Grounding..
Unsolvable Problem
/usr/bin/time -v timeout 600 java -Xmx64g -jar ./enhsp3.jar -o ./domain_with_failure.pddl -f ./problems/a42g11XOR-d3/problem11.pddl -h blcost -s WAStar
Domain parsed
Problem parsed
Grounding..
Unsolvable Problem
/usr/bin/time -v timeout 600 java -Xmx64g -jar ./enhsp3.jar -o ./domain_with_failure.pddl -f ./problems/a42g11XOR-d3/problem12.pddl -h blcost -s WAStar
Domain parsed
Problem parsed
Grounding..
Unsolvable Problem
/usr/bin/time -v timeout 600 java -Xmx64g -jar ./enhsp3.jar -o ./domain_with_failure.pddl -f ./problems/a42g11XOR-d3/problem13.pddl -h blcost -s WAStar
Domain parsed
Problem parsed
Grounding..
Unsolvable Problem
/usr/bin/time -v timeout 600 java -Xmx64g -jar ./enhsp3.jar -o ./domain_with_failure.pddl -f ./problems/a42g11XOR-d3/problem14.pddl -h blcost -s WAStar
Domain parsed
Problem parsed
Grounding..
Unsolvable Problem
/usr/bin/time -v timeout 600 java -Xmx64g -jar ./enhsp3.jar -o ./domain_with_failure.pddl -f ./problems/a42g11XOR-d3/problem15.pddl -h blcost -s WAStar
Domain parsed
Problem parsed
Grounding..
Unsolvable Problem
/usr/bin/time -v timeout 600 java -Xmx64g -jar ./enhsp3.jar -o ./domain_with_failure.pddl -f ./problems/a42g11XOR-d3/problem16.pddl -h blcost -s WAStar
Domain parsed
Problem parsed
Grounding..
Unsolvable Problem
/usr/bin/time -v timeout 600 java -Xmx64g -jar ./enhsp3.jar -o ./domain_with_failure.pddl -f ./problems/a42g11XOR-d3/problem17.pddl -h blcost -s WAStar
Domain parsed
Problem parsed
Grounding..
Unsolvable Problem
/usr/bin/time -v timeout 600 java -Xmx64g -jar ./enhsp3.jar -o ./domain_with_failure.pddl -f ./problems/a42g11XOR-d3/problem18.pddl -h blcost -s WAStar
Domain parsed
Problem parsed
Grounding..
Unsolvable Problem
/usr/bin/time -v timeout 600 java -Xmx64g -jar ./enhsp3.jar -o ./domain_with_failure.pddl -f ./problems/a42g11XOR-d3/problem19.pddl -h blcost -s WAStar
Domain parsed
Problem parsed
Grounding..
Unsolvable Problem
/usr/bin/time -v timeout 600 java -Xmx64g -jar ./enhsp3.jar -o ./domain_with_failure.pddl -f ./problems/a42g11XOR-d3/problem20.pddl -h blcost -s WAStar
Domain parsed
Problem parsed
Grounding..
Unsolvable Problem
/usr/bin/time -v timeout 600 java -Xmx64g -jar ./enhsp3.jar -o ./domain_with_failure.pddl -f ./problems/a42g11XOR-d3/problem21.pddl -h blcost -s WAStar
Domain parsed
Problem parsed
Grounding..
Unsolvable Problem
/usr/bin/time -v timeout 600 java -Xmx64g -jar ./enhsp3.jar -o ./domain_with_failure.pddl -f ./problems/a42g11XOR-d3/problem22.pddl -h blcost -s WAStar
Domain parsed
Problem parsed
Grounding..
Unsolvable Problem
/usr/bin/time -v timeout 600 java -Xmx64g -jar ./enhsp3.jar -o ./domain_with_failure.pddl -f ./problems/a42g11XOR-d3/problem23.pddl -h blcost -s WAStar
Domain parsed
Problem parsed
Grounding..
Unsolvable Problem
/usr/bin/time -v timeout 600 java -Xmx64g -jar ./enhsp3.jar -o ./domain_with_failure.pddl -f ./problems/a42g11XOR-d3/problem24.pddl -h blcost -s WAStar
Domain parsed
Problem parsed
Grounding..
Unsolvable Problem
/usr/bin/time -v timeout 600 java -Xmx64g -jar ./enhsp3.jar -o ./domain_with_failure.pddl -f ./problems/a42g11XOR-d3/problem25.pddl -h blcost -s WAStar
Domain parsed
Problem parsed
Grounding..
Unsolvable Problem
/usr/bin/time -v timeout 600 java -Xmx64g -jar ./enhsp3.jar -o ./domain_with_failure.pddl -f ./problems/a42g11XOR-d3/problem26.pddl -h blcost -s WAStar
Domain parsed
Problem parsed
Grounding..
Unsolvable Problem
/usr/bin/time -v timeout 600 java -Xmx64g -jar ./enhsp3.jar -o ./domain_with_failure.pddl -f ./problems/a42g11XOR-d3/problem27.pddl -h blcost -s WAStar
Domain parsed
Problem parsed
Grounding..
Unsolvable Problem
/usr/bin/time -v timeout 600 java -Xmx64g -jar ./enhsp3.jar -o ./domain_with_failure.pddl -f ./problems/a42g11XOR-d3/problem28.pddl -h blcost -s WAStar
Domain parsed
Problem parsed
Grounding..
Unsolvable Problem
/usr/bin/time -v timeout 600 java -Xmx64g -jar ./enhsp3.jar -o ./domain_with_failure.pddl -f ./problems/a42g11XOR-d3/problem29.pddl -h blcost -s WAStar
Domain parsed
Problem parsed
Grounding..
Unsolvable Problem
/usr/bin/time -v timeout 600 java -Xmx64g -jar ./enhsp3.jar -o ./domain_with_failure.pddl -f ./problems/a42g11XOR-d3/problem30.pddl -h blcost -s WAStar
Domain parsed
Problem parsed
Grounding..
Unsolvable Problem
/usr/bin/time -v timeout 600 java -Xmx64g -jar ./enhsp3.jar -o ./domain_with_failure.pddl -f ./problems/a42g11XOR-d3/problem31.pddl -h blcost -s WAStar
Domain parsed
Problem parsed
Grounding..
Unsolvable Problem
/usr/bin/time -v timeout 600 java -Xmx64g -jar ./enhsp3.jar -o ./domain_with_failure.pddl -f ./problems/a42g11XOR-d3/problem32.pddl -h blcost -s WAStar
Domain parsed
Problem parsed
Grounding..
Unsolvable Problem
/usr/bin/time -v timeout 600 java -Xmx64g -jar ./enhsp3.jar -o ./domain_with_failure.pddl -f ./problems/a42g11XOR-d3/problem33.pddl -h blcost -s WAStar
Domain parsed
Problem parsed
Grounding..
Unsolvable Problem
/usr/bin/time -v timeout 600 java -Xmx64g -jar ./enhsp3.jar -o ./domain_with_failure.pddl -f ./problems/a42g11XOR-d3/problem34.pddl -h blcost -s WAStar
Domain parsed
Problem parsed
Grounding..
Unsolvable Problem
/usr/bin/time -v timeout 600 java -Xmx64g -jar ./enhsp3.jar -o ./domain_with_failure.pddl -f ./problems/a42g11XOR-d3/problem35.pddl -h blcost -s WAStar
Domain parsed
Problem parsed
Grounding..
Unsolvable Problem
/usr/bin/time -v timeout 600 java -Xmx64g -jar ./enhsp3.jar -o ./domain_with_failure.pddl -f ./problems/a42g11XOR-d3/problem36.pddl -h blcost -s WAStar
Domain parsed
Problem parsed
Grounding..
Unsolvable Problem
/usr/bin/time -v timeout 600 java -Xmx64g -jar ./enhsp3.jar -o ./domain_with_failure.pddl -f ./problems/a42g11XOR-d3/problem37.pddl -h blcost -s WAStar
Domain parsed
Problem parsed
Grounding..
Unsolvable Problem
/usr/bin/time -v timeout 600 java -Xmx64g -jar ./enhsp3.jar -o ./domain_with_failure.pddl -f ./problems/a42g11XOR-d3/problem38.pddl -h blcost -s WAStar
Domain parsed
Problem parsed
Grounding..
Unsolvable Problem
/usr/bin/time -v timeout 600 java -Xmx64g -jar ./enhsp3.jar -o ./domain_with_failure.pddl -f ./problems/a42g11XOR-d3/problem39.pddl -h blcost -s WAStar
Domain parsed
Problem parsed
Grounding..
Unsolvable Problem
/usr/bin/time -v timeout 600 java -Xmx64g -jar ./enhsp3.jar -o ./domain_with_failure.pddl -f ./problems/a42g11XOR-d3/problem40.pddl -h blcost -s WAStar
Domain parsed
Problem parsed
Grounding..
Unsolvable Problem
/usr/bin/time -v timeout 600 java -Xmx64g -jar ./enhsp3.jar -o ./domain_with_failure.pddl -f ./problems/a42g11XOR-d3/problem41.pddl -h blcost -s WAStar
Domain parsed
Problem parsed
Grounding..
Unsolvable Problem
/usr/bin/time -v timeout 600 java -Xmx64g -jar ./enhsp3.jar -o ./domain_with_failure.pddl -f ./problems/a42g11XOR-d3/problem42.pddl -h blcost -s WAStar
Domain parsed
Problem parsed
Grounding..
Unsolvable Problem
/usr/bin/time -v timeout 600 java -Xmx64g -jar ./enhsp3.jar -o ./domain_with_failure.pddl -f ./problems/a42g11XOR-d3/problem43.pddl -h blcost -s WAStar
Domain parsed
Problem parsed
Grounding..
Unsolvable Problem
/usr/bin/time -v timeout 600 java -Xmx64g -jar ./enhsp3.jar -o ./domain_with_failure.pddl -f ./problems/a42g11XOR-d3/problem44.pddl -h blcost -s WAStar
Domain parsed
Problem parsed
Grounding..
Unsolvable Problem
/usr/bin/time -v timeout 600 java -Xmx64g -jar ./enhsp3.jar -o ./domain_with_failure.pddl -f ./problems/a42g11XOR-d3/problem45.pddl -h blcost -s WAStar
Domain parsed
Problem parsed
Grounding..
Unsolvable Problem
/usr/bin/time -v timeout 600 java -Xmx64g -jar ./enhsp3.jar -o ./domain_with_failure.pddl -f ./problems/a42g11XOR-d3/problem46.pddl -h blcost -s WAStar
Domain parsed
Problem parsed
Grounding..
Unsolvable Problem
/usr/bin/time -v timeout 600 java -Xmx64g -jar ./enhsp3.jar -o ./domain_with_failure.pddl -f ./problems/a42g11XOR-d3/problem47.pddl -h blcost -s WAStar
Domain parsed
Problem parsed
Grounding..
Unsolvable Problem
/usr/bin/time -v timeout 600 java -Xmx64g -jar ./enhsp3.jar -o ./domain_with_failure.pddl -f ./problems/a42g11XOR-d3/problem48.pddl -h blcost -s WAStar
Domain parsed
Problem parsed
Grounding..
Unsolvable Problem
/usr/bin/time -v timeout 600 java -Xmx64g -jar ./enhsp3.jar -o ./domain_with_failure.pddl -f ./problems/a42g11XOR-d3/problem49.pddl -h blcost -s WAStar
Domain parsed
Problem parsed
Grounding..
Unsolvable Problem
/usr/bin/time -v timeout 600 java -Xmx64g -jar ./enhsp3.jar -o ./domain_with_failure.pddl -f ./problems/a42g11XOR-d3/problem50.pddl -h blcost -s WAStar
Domain parsed
Problem parsed
Grounding..
Unsolvable Problem
/usr/bin/time -v timeout 600 java -Xmx64g -jar ./enhsp3.jar -o ./domain_with_failure.pddl -f ./problems/a42g11XOR-d3/problem51.pddl -h blcost -s WAStar
Domain parsed
Problem parsed
Grounding..
Unsolvable Problem
/usr/bin/time -v timeout 600 java -Xmx64g -jar ./enhsp3.jar -o ./domain_with_failure.pddl -f ./problems/a42g11XOR-d3/problem52.pddl -h blcost -s WAStar
Domain parsed
Problem parsed
Grounding..
Unsolvable Problem
/usr/bin/time -v timeout 600 java -Xmx64g -jar ./enhsp3.jar -o ./domain_with_failure.pddl -f ./problems/a42g11XOR-d3/problem53.pddl -h blcost -s WAStar
Domain parsed
Problem parsed
Grounding..
Unsolvable Problem
/usr/bin/time -v timeout 600 java -Xmx64g -jar ./enhsp3.jar -o ./domain_with_failure.pddl -f ./problems/a42g11XOR-d3/problem54.pddl -h blcost -s WAStar
Domain parsed
Problem parsed
Grounding..
Unsolvable Problem
/usr/bin/time -v timeout 600 java -Xmx64g -jar ./enhsp3.jar -o ./domain_with_failure.pddl -f ./problems/a42g11XOR-d3/problem55.pddl -h blcost -s WAStar
Domain parsed
Problem parsed
Grounding..
Unsolvable Problem
/usr/bin/time -v timeout 600 java -Xmx64g -jar ./enhsp3.jar -o ./domain_with_failure.pddl -f ./problems/a42g11XOR-d3/problem56.pddl -h blcost -s WAStar
Domain parsed
Problem parsed
Grounding..
Unsolvable Problem
/usr/bin/time -v timeout 600 java -Xmx64g -jar ./enhsp3.jar -o ./domain_with_failure.pddl -f ./problems/a42g11XOR-d3/problem57.pddl -h blcost -s WAStar
Domain parsed
Problem parsed
Grounding..
Unsolvable Problem
/usr/bin/time -v timeout 600 java -Xmx64g -jar ./enhsp3.jar -o ./domain_with_failure.pddl -f ./problems/a42g11XOR-d3/problem58.pddl -h blcost -s WAStar
Domain parsed
Problem parsed
Grounding..
Unsolvable Problem
/usr/bin/time -v timeout 600 java -Xmx64g -jar ./enhsp3.jar -o ./domain_with_failure.pddl -f ./problems/a42g11XOR-d3/problem59.pddl -h blcost -s WAStar
Domain parsed
Problem parsed
Grounding..
Unsolvable Problem
/usr/bin/time -v timeout 600 java -Xmx64g -jar ./enhsp3.jar -o ./domain_with_failure.pddl -f ./problems/a42g11XOR-d3/problem60.pddl -h blcost -s WAStar
Domain parsed
Problem parsed
Grounding..
Unsolvable Problem
/usr/bin/time -v timeout 600 java -Xmx64g -jar ./enhsp3.jar -o ./domain_with_failure.pddl -f ./problems/a42g11XOR-d3/problem61.pddl -h blcost -s WAStar
Domain parsed
Problem parsed
Grounding..
Unsolvable Problem
/usr/bin/time -v timeout 600 java -Xmx64g -jar ./enhsp3.jar -o ./domain_with_failure.pddl -f ./problems/a42g11XOR-d3/problem62.pddl -h blcost -s WAStar
Domain parsed
Problem parsed
Grounding..
Unsolvable Problem
/usr/bin/time -v timeout 600 java -Xmx64g -jar ./enhsp3.jar -o ./domain_with_failure.pddl -f ./problems/a42g11XOR-d3/problem63.pddl -h blcost -s WAStar
Domain parsed
Problem parsed
Grounding..
Unsolvable Problem
/usr/bin/time -v timeout 600 java -Xmx64g -jar ./enhsp3.jar -o ./domain_with_failure.pddl -f ./problems/a42g11XOR-d3/problem64.pddl -h blcost -s WAStar
Domain parsed
Problem parsed
Grounding..
Unsolvable Problem
/usr/bin/time -v timeout 600 java -Xmx64g -jar ./enhsp3.jar -o ./domain_with_failure.pddl -f ./problems/a42g11XOR-d3/problem65.pddl -h blcost -s WAStar
Domain parsed
Problem parsed
Grounding..
Unsolvable Problem
/usr/bin/time -v timeout 600 java -Xmx64g -jar ./enhsp3.jar -o ./domain_with_failure.pddl -f ./problems/a42g11XOR-d3/problem66.pddl -h blcost -s WAStar
Domain parsed
Problem parsed
Grounding..
Unsolvable Problem
/usr/bin/time -v timeout 600 java -Xmx64g -jar ./enhsp3.jar -o ./domain_with_failure.pddl -f ./problems/a42g11XOR-d3/problem67.pddl -h blcost -s WAStar
Domain parsed
Problem parsed
Grounding..
Unsolvable Problem
/usr/bin/time -v timeout 600 java -Xmx64g -jar ./enhsp3.jar -o ./domain_with_failure.pddl -f ./problems/a42g11XOR-d3/problem68.pddl -h blcost -s WAStar
Domain parsed
Problem parsed
Grounding..
Unsolvable Problem
/usr/bin/time -v timeout 600 java -Xmx64g -jar ./enhsp3.jar -o ./domain_with_failure.pddl -f ./problems/a42g11XOR-d3/problem69.pddl -h blcost -s WAStar
Domain parsed
Problem parsed
Grounding..
Unsolvable Problem
/usr/bin/time -v timeout 600 java -Xmx64g -jar ./enhsp3.jar -o ./domain_with_failure.pddl -f ./problems/a42g11XOR-d3/problem70.pddl -h blcost -s WAStar
Domain parsed
Problem parsed
Grounding..
Unsolvable Problem
/usr/bin/time -v timeout 600 java -Xmx64g -jar ./enhsp3.jar -o ./domain_with_failure.pddl -f ./problems/a42g11XOR-d3/problem71.pddl -h blcost -s WAStar
Domain parsed
Problem parsed
Grounding..
Unsolvable Problem
/usr/bin/time -v timeout 600 java -Xmx64g -jar ./enhsp3.jar -o ./domain_with_failure.pddl -f ./problems/a42g11XOR-d3/problem72.pddl -h blcost -s WAStar
Domain parsed
Problem parsed
Grounding..
Unsolvable Problem
/usr/bin/time -v timeout 600 java -Xmx64g -jar ./enhsp3.jar -o ./domain_with_failure.pddl -f ./problems/a42g11XOR-d3/problem73.pddl -h blcost -s WAStar
Domain parsed
Problem parsed
Grounding..
Unsolvable Problem
/usr/bin/time -v timeout 600 java -Xmx64g -jar ./enhsp3.jar -o ./domain_with_failure.pddl -f ./problems/a42g11XOR-d3/problem74.pddl -h blcost -s WAStar
Domain parsed
Problem parsed
Grounding..
Unsolvable Problem
/usr/bin/time -v timeout 600 java -Xmx64g -jar ./enhsp3.jar -o ./domain_with_failure.pddl -f ./problems/a42g11XOR-d3/problem75.pddl -h blcost -s WAStar
Domain parsed
Problem parsed
Grounding..
Unsolvable Problem
/usr/bin/time -v timeout 600 java -Xmx64g -jar ./enhsp3.jar -o ./domain_with_failure.pddl -f ./problems/a42g11XOR-d3/problem76.pddl -h blcost -s WAStar
Domain parsed
Problem parsed
Grounding..
Unsolvable Problem
/usr/bin/time -v timeout 600 java -Xmx64g -jar ./enhsp3.jar -o ./domain_with_failure.pddl -f ./problems/a42g11XOR-d3/problem77.pddl -h blcost -s WAStar
Domain parsed
Problem parsed
Grounding..
Unsolvable Problem
/usr/bin/time -v timeout 600 java -Xmx64g -jar ./enhsp3.jar -o ./domain_with_failure.pddl -f ./problems/a42g11XOR-d3/problem78.pddl -h blcost -s WAStar
Domain parsed
Problem parsed
Grounding..
Unsolvable Problem
/usr/bin/time -v timeout 600 java -Xmx64g -jar ./enhsp3.jar -o ./domain_with_failure.pddl -f ./problems/a42g11XOR-d3/problem79.pddl -h blcost -s WAStar
Domain parsed
Problem parsed
Grounding..
Unsolvable Problem
/usr/bin/time -v timeout 600 java -Xmx64g -jar ./enhsp3.jar -o ./domain_with_failure.pddl -f ./problems/a42g11XOR-d3/problem80.pddl -h blcost -s WAStar
Domain parsed
Problem parsed
Grounding..
Unsolvable Problem
/usr/bin/time -v timeout 600 java -Xmx64g -jar ./enhsp3.jar -o ./domain_with_failure.pddl -f ./problems/a42g11XOR-d3/problem81.pddl -h blcost -s WAStar
Domain parsed
Problem parsed
Grounding..
Unsolvable Problem
/usr/bin/time -v timeout 600 java -Xmx64g -jar ./enhsp3.jar -o ./domain_with_failure.pddl -f ./problems/a42g11XOR-d3/problem82.pddl -h blcost -s WAStar
Domain parsed
Problem parsed
Grounding..
Unsolvable Problem
/usr/bin/time -v timeout 600 java -Xmx64g -jar ./enhsp3.jar -o ./domain_with_failure.pddl -f ./problems/a42g11XOR-d3/problem83.pddl -h blcost -s WAStar
Domain parsed
Problem parsed
Grounding..
Unsolvable Problem
/usr/bin/time -v timeout 600 java -Xmx64g -jar ./enhsp3.jar -o ./domain_with_failure.pddl -f ./problems/a42g11XOR-d3/problem84.pddl -h blcost -s WAStar
Domain parsed
Problem parsed
Grounding..
Unsolvable Problem
/usr/bin/time -v timeout 600 java -Xmx64g -jar ./enhsp3.jar -o ./domain_with_failure.pddl -f ./problems/a42g11XOR-d3/problem85.pddl -h blcost -s WAStar
Domain parsed
Problem parsed
Grounding..
Unsolvable Problem
/usr/bin/time -v timeout 600 java -Xmx64g -jar ./enhsp3.jar -o ./domain_with_failure.pddl -f ./problems/a42g11XOR-d3/problem86.pddl -h blcost -s WAStar
Domain parsed
Problem parsed
Grounding..
Unsolvable Problem
/usr/bin/time -v timeout 600 java -Xmx64g -jar ./enhsp3.jar -o ./domain_with_failure.pddl -f ./problems/a42g11XOR-d3/problem87.pddl -h blcost -s WAStar
Domain parsed
Problem parsed
Grounding..
Unsolvable Problem
/usr/bin/time -v timeout 600 java -Xmx64g -jar ./enhsp3.jar -o ./domain_with_failure.pddl -f ./problems/a42g11XOR-d3/problem88.pddl -h blcost -s WAStar
Domain parsed
Problem parsed
Grounding..
Unsolvable Problem
/usr/bin/time -v timeout 600 java -Xmx64g -jar ./enhsp3.jar -o ./domain_with_failure.pddl -f ./problems/a42g11XOR-d3/problem89.pddl -h blcost -s WAStar
Domain parsed
Problem parsed
Grounding..
Unsolvable Problem
/usr/bin/time -v timeout 600 java -Xmx64g -jar ./enhsp3.jar -o ./domain_with_failure.pddl -f ./problems/a42g11XOR-d3/problem90.pddl -h blcost -s WAStar
Domain parsed
Problem parsed
Grounding..
Unsolvable Problem
/usr/bin/time -v timeout 600 java -Xmx64g -jar ./enhsp3.jar -o ./domain_with_failure.pddl -f ./problems/a42g11XOR-d3/problem91.pddl -h blcost -s WAStar
Domain parsed
Problem parsed
Grounding..
Unsolvable Problem
/usr/bin/time -v timeout 600 java -Xmx64g -jar ./enhsp3.jar -o ./domain_with_failure.pddl -f ./problems/a42g11XOR-d3/problem92.pddl -h blcost -s WAStar
Domain parsed
Problem parsed
Grounding..
Unsolvable Problem
/usr/bin/time -v timeout 600 java -Xmx64g -jar ./enhsp3.jar -o ./domain_with_failure.pddl -f ./problems/a42g11XOR-d3/problem93.pddl -h blcost -s WAStar
Domain parsed
Problem parsed
Grounding..
Unsolvable Problem
/usr/bin/time -v timeout 600 java -Xmx64g -jar ./enhsp3.jar -o ./domain_with_failure.pddl -f ./problems/a42g11XOR-d3/problem94.pddl -h blcost -s WAStar
Domain parsed
Problem parsed
Grounding..
Unsolvable Problem
/usr/bin/time -v timeout 600 java -Xmx64g -jar ./enhsp3.jar -o ./domain_with_failure.pddl -f ./problems/a42g11XOR-d3/problem95.pddl -h blcost -s WAStar
Domain parsed
Problem parsed
Grounding..
Unsolvable Problem
/usr/bin/time -v timeout 600 java -Xmx64g -jar ./enhsp3.jar -o ./domain_with_failure.pddl -f ./problems/a42g11XOR-d3/problem96.pddl -h blcost -s WAStar
Domain parsed
Problem parsed
Grounding..
Unsolvable Problem
/usr/bin/time -v timeout 600 java -Xmx64g -jar ./enhsp3.jar -o ./domain_with_failure.pddl -f ./problems/a42g11XOR-d3/problem97.pddl -h blcost -s WAStar
Domain parsed
Problem parsed
Grounding..
Unsolvable Problem
/usr/bin/time -v timeout 600 java -Xmx64g -jar ./enhsp3.jar -o ./domain_with_failure.pddl -f ./problems/a42g11XOR-d3/problem98.pddl -h blcost -s WAStar
Domain parsed
Problem parsed
Grounding..
Unsolvable Problem
/usr/bin/time -v timeout 600 java -Xmx64g -jar ./enhsp3.jar -o ./domain_with_failure.pddl -f ./problems/a42g11XOR-d3/problem99.pddl -h blcost -s WAStar
Domain parsed
Problem parsed
Grounding..
Unsolvable Problem
/usr/bin/time -v timeout 600 java -Xmx64g -jar ./enhsp3.jar -o ./domain_with_failure.pddl -f ./problems/a42g11XOR-d3/problem100.pddl -h blcost -s WAStar
Domain parsed
Problem parsed
Grounding..
Unsolvable Problem
