Loading openjdk/17.0.8.1_1
  Loading requirement: glibc/2.35-aocc-3.2.0-wetwhfr
    gcc-runtime/12.1.0-gcc-12.1.0-uotjsm3 glibc/2.35-aocc-3.2.0-dkzxmta
	Command being timed: "timeout 600 java -Xmx64g -jar ./enhsp3.jar -o ./domain_with_failure.pddl -f ./problems/a40g17AND-change-1-d7/problem1.pddl -h blcost -s WAStar -dap"
	User time (seconds): 105.64
	System time (seconds): 4.32
	Percent of CPU this job got: 98%
	Elapsed (wall clock) time (h:mm:ss or m:ss): 1:51.12
	Average shared text size (kbytes): 0
	Average unshared data size (kbytes): 0
	Average stack size (kbytes): 0
	Average total size (kbytes): 0
	Maximum resident set size (kbytes): 10579640
	Average resident set size (kbytes): 0
	Major (requiring I/O) page faults: 86
	Minor (reclaiming a frame) page faults: 5879946
	Voluntary context switches: 7969
	Involuntary context switches: 7124
	Swaps: 0
	File system inputs: 80
	File system outputs: 560
	Socket messages sent: 0
	Socket messages received: 0
	Signals delivered: 0
	Page size (bytes): 4096
	Exit status: 0
	Command being timed: "timeout 600 java -Xmx64g -jar ./enhsp3.jar -o ./domain_with_failure.pddl -f ./problems/a40g17AND-change-1-d7/problem2.pddl -h blcost -s WAStar -dap"
	User time (seconds): 89.28
	System time (seconds): 3.82
	Percent of CPU this job got: 99%
	Elapsed (wall clock) time (h:mm:ss or m:ss): 1:33.62
	Average shared text size (kbytes): 0
	Average unshared data size (kbytes): 0
	Average stack size (kbytes): 0
	Average total size (kbytes): 0
	Maximum resident set size (kbytes): 10345084
	Average resident set size (kbytes): 0
	Major (requiring I/O) page faults: 77
	Minor (reclaiming a frame) page faults: 5032526
	Voluntary context switches: 7475
	Involuntary context switches: 6606
	Swaps: 0
	File system inputs: 0
	File system outputs: 512
	Socket messages sent: 0
	Socket messages received: 0
	Signals delivered: 0
	Page size (bytes): 4096
	Exit status: 0
	Command being timed: "timeout 600 java -Xmx64g -jar ./enhsp3.jar -o ./domain_with_failure.pddl -f ./problems/a40g17AND-change-1-d7/problem3.pddl -h blcost -s WAStar -dap"
	User time (seconds): 89.81
	System time (seconds): 3.68
	Percent of CPU this job got: 99%
	Elapsed (wall clock) time (h:mm:ss or m:ss): 1:33.58
	Average shared text size (kbytes): 0
	Average unshared data size (kbytes): 0
	Average stack size (kbytes): 0
	Average total size (kbytes): 0
	Maximum resident set size (kbytes): 10318124
	Average resident set size (kbytes): 0
	Major (requiring I/O) page faults: 63
	Minor (reclaiming a frame) page faults: 4912205
	Voluntary context switches: 7200
	Involuntary context switches: 6645
	Swaps: 0
	File system inputs: 0
	File system outputs: 520
	Socket messages sent: 0
	Socket messages received: 0
	Signals delivered: 0
	Page size (bytes): 4096
	Exit status: 0
	Command being timed: "timeout 600 java -Xmx64g -jar ./enhsp3.jar -o ./domain_with_failure.pddl -f ./problems/a40g17AND-change-1-d7/problem4.pddl -h blcost -s WAStar -dap"
	User time (seconds): 102.99
	System time (seconds): 4.07
	Percent of CPU this job got: 99%
	Elapsed (wall clock) time (h:mm:ss or m:ss): 1:47.15
	Average shared text size (kbytes): 0
	Average unshared data size (kbytes): 0
	Average stack size (kbytes): 0
	Average total size (kbytes): 0
	Maximum resident set size (kbytes): 11201632
	Average resident set size (kbytes): 0
	Major (requiring I/O) page faults: 68
	Minor (reclaiming a frame) page faults: 5564142
	Voluntary context switches: 7635
	Involuntary context switches: 7129
	Swaps: 0
	File system inputs: 0
	File system outputs: 568
	Socket messages sent: 0
	Socket messages received: 0
	Signals delivered: 0
	Page size (bytes): 4096
	Exit status: 0
	Command being timed: "timeout 600 java -Xmx64g -jar ./enhsp3.jar -o ./domain_with_failure.pddl -f ./problems/a40g17AND-change-1-d7/problem5.pddl -h blcost -s WAStar -dap"
	User time (seconds): 89.06
	System time (seconds): 3.87
	Percent of CPU this job got: 99%
	Elapsed (wall clock) time (h:mm:ss or m:ss): 1:33.02
	Average shared text size (kbytes): 0
	Average unshared data size (kbytes): 0
	Average stack size (kbytes): 0
	Average total size (kbytes): 0
	Maximum resident set size (kbytes): 10343140
	Average resident set size (kbytes): 0
	Major (requiring I/O) page faults: 59
	Minor (reclaiming a frame) page faults: 4907296
	Voluntary context switches: 7328
	Involuntary context switches: 6651
	Swaps: 0
	File system inputs: 0
	File system outputs: 488
	Socket messages sent: 0
	Socket messages received: 0
	Signals delivered: 0
	Page size (bytes): 4096
	Exit status: 0
	Command being timed: "timeout 600 java -Xmx64g -jar ./enhsp3.jar -o ./domain_with_failure.pddl -f ./problems/a40g17AND-change-1-d7/problem6.pddl -h blcost -s WAStar -dap"
	User time (seconds): 89.19
	System time (seconds): 3.93
	Percent of CPU this job got: 99%
	Elapsed (wall clock) time (h:mm:ss or m:ss): 1:33.20
	Average shared text size (kbytes): 0
	Average unshared data size (kbytes): 0
	Average stack size (kbytes): 0
	Average total size (kbytes): 0
	Maximum resident set size (kbytes): 10343108
	Average resident set size (kbytes): 0
	Major (requiring I/O) page faults: 60
	Minor (reclaiming a frame) page faults: 5035668
	Voluntary context switches: 7525
	Involuntary context switches: 6750
	Swaps: 0
	File system inputs: 0
	File system outputs: 504
	Socket messages sent: 0
	Socket messages received: 0
	Signals delivered: 0
	Page size (bytes): 4096
	Exit status: 0
	Command being timed: "timeout 600 java -Xmx64g -jar ./enhsp3.jar -o ./domain_with_failure.pddl -f ./problems/a40g17AND-change-1-d7/problem7.pddl -h blcost -s WAStar -dap"
	User time (seconds): 105.97
	System time (seconds): 4.26
	Percent of CPU this job got: 99%
	Elapsed (wall clock) time (h:mm:ss or m:ss): 1:50.32
	Average shared text size (kbytes): 0
	Average unshared data size (kbytes): 0
	Average stack size (kbytes): 0
	Average total size (kbytes): 0
	Maximum resident set size (kbytes): 10577108
	Average resident set size (kbytes): 0
	Major (requiring I/O) page faults: 68
	Minor (reclaiming a frame) page faults: 6000421
	Voluntary context switches: 7687
	Involuntary context switches: 7146
	Swaps: 0
	File system inputs: 0
	File system outputs: 568
	Socket messages sent: 0
	Socket messages received: 0
	Signals delivered: 0
	Page size (bytes): 4096
	Exit status: 0
	Command being timed: "timeout 600 java -Xmx64g -jar ./enhsp3.jar -o ./domain_with_failure.pddl -f ./problems/a40g17AND-change-1-d7/problem8.pddl -h blcost -s WAStar -dap"
	User time (seconds): 106.93
	System time (seconds): 4.20
	Percent of CPU this job got: 99%
	Elapsed (wall clock) time (h:mm:ss or m:ss): 1:51.23
	Average shared text size (kbytes): 0
	Average unshared data size (kbytes): 0
	Average stack size (kbytes): 0
	Average total size (kbytes): 0
	Maximum resident set size (kbytes): 10594544
	Average resident set size (kbytes): 0
	Major (requiring I/O) page faults: 68
	Minor (reclaiming a frame) page faults: 5882767
	Voluntary context switches: 7882
	Involuntary context switches: 7334
	Swaps: 0
	File system inputs: 0
	File system outputs: 560
	Socket messages sent: 0
	Socket messages received: 0
	Signals delivered: 0
	Page size (bytes): 4096
	Exit status: 0
	Command being timed: "timeout 600 java -Xmx64g -jar ./enhsp3.jar -o ./domain_with_failure.pddl -f ./problems/a40g17AND-change-1-d7/problem9.pddl -h blcost -s WAStar -dap"
	User time (seconds): 89.50
	System time (seconds): 3.77
	Percent of CPU this job got: 99%
	Elapsed (wall clock) time (h:mm:ss or m:ss): 1:33.35
	Average shared text size (kbytes): 0
	Average unshared data size (kbytes): 0
	Average stack size (kbytes): 0
	Average total size (kbytes): 0
	Maximum resident set size (kbytes): 10345560
	Average resident set size (kbytes): 0
	Major (requiring I/O) page faults: 61
	Minor (reclaiming a frame) page faults: 4929921
	Voluntary context switches: 7586
	Involuntary context switches: 6754
	Swaps: 0
	File system inputs: 0
	File system outputs: 512
	Socket messages sent: 0
	Socket messages received: 0
	Signals delivered: 0
	Page size (bytes): 4096
	Exit status: 0
	Command being timed: "timeout 600 java -Xmx64g -jar ./enhsp3.jar -o ./domain_with_failure.pddl -f ./problems/a40g17AND-change-1-d7/problem10.pddl -h blcost -s WAStar -dap"
	User time (seconds): 89.40
	System time (seconds): 3.77
	Percent of CPU this job got: 99%
	Elapsed (wall clock) time (h:mm:ss or m:ss): 1:33.25
	Average shared text size (kbytes): 0
	Average unshared data size (kbytes): 0
	Average stack size (kbytes): 0
	Average total size (kbytes): 0
	Maximum resident set size (kbytes): 10345904
	Average resident set size (kbytes): 0
	Major (requiring I/O) page faults: 63
	Minor (reclaiming a frame) page faults: 4827305
	Voluntary context switches: 7352
	Involuntary context switches: 6662
	Swaps: 0
	File system inputs: 0
	File system outputs: 520
	Socket messages sent: 0
	Socket messages received: 0
	Signals delivered: 0
	Page size (bytes): 4096
	Exit status: 0
	Command being timed: "timeout 600 java -Xmx64g -jar ./enhsp3.jar -o ./domain_with_failure.pddl -f ./problems/a40g17AND-change-1-d7/problem11.pddl -h blcost -s WAStar -dap"
	User time (seconds): 102.92
	System time (seconds): 4.19
	Percent of CPU this job got: 99%
	Elapsed (wall clock) time (h:mm:ss or m:ss): 1:47.21
	Average shared text size (kbytes): 0
	Average unshared data size (kbytes): 0
	Average stack size (kbytes): 0
	Average total size (kbytes): 0
	Maximum resident set size (kbytes): 11167908
	Average resident set size (kbytes): 0
	Major (requiring I/O) page faults: 68
	Minor (reclaiming a frame) page faults: 5768210
	Voluntary context switches: 7751
	Involuntary context switches: 7167
	Swaps: 0
	File system inputs: 0
	File system outputs: 568
	Socket messages sent: 0
	Socket messages received: 0
	Signals delivered: 0
	Page size (bytes): 4096
	Exit status: 0
	Command being timed: "timeout 600 java -Xmx64g -jar ./enhsp3.jar -o ./domain_with_failure.pddl -f ./problems/a40g17AND-change-1-d7/problem12.pddl -h blcost -s WAStar -dap"
	User time (seconds): 103.23
	System time (seconds): 4.20
	Percent of CPU this job got: 99%
	Elapsed (wall clock) time (h:mm:ss or m:ss): 1:47.52
	Average shared text size (kbytes): 0
	Average unshared data size (kbytes): 0
	Average stack size (kbytes): 0
	Average total size (kbytes): 0
	Maximum resident set size (kbytes): 11188608
	Average resident set size (kbytes): 0
	Major (requiring I/O) page faults: 69
	Minor (reclaiming a frame) page faults: 5742094
	Voluntary context switches: 7609
	Involuntary context switches: 7179
	Swaps: 0
	File system inputs: 0
	File system outputs: 576
	Socket messages sent: 0
	Socket messages received: 0
	Signals delivered: 0
	Page size (bytes): 4096
	Exit status: 0
	Command being timed: "timeout 600 java -Xmx64g -jar ./enhsp3.jar -o ./domain_with_failure.pddl -f ./problems/a40g17AND-change-1-d7/problem13.pddl -h blcost -s WAStar -dap"
	User time (seconds): 89.29
	System time (seconds): 3.74
	Percent of CPU this job got: 99%
	Elapsed (wall clock) time (h:mm:ss or m:ss): 1:33.11
	Average shared text size (kbytes): 0
	Average unshared data size (kbytes): 0
	Average stack size (kbytes): 0
	Average total size (kbytes): 0
	Maximum resident set size (kbytes): 10305308
	Average resident set size (kbytes): 0
	Major (requiring I/O) page faults: 60
	Minor (reclaiming a frame) page faults: 4967246
	Voluntary context switches: 7140
	Involuntary context switches: 6496
	Swaps: 0
	File system inputs: 0
	File system outputs: 496
	Socket messages sent: 0
	Socket messages received: 0
	Signals delivered: 0
	Page size (bytes): 4096
	Exit status: 0
	Command being timed: "timeout 600 java -Xmx64g -jar ./enhsp3.jar -o ./domain_with_failure.pddl -f ./problems/a40g17AND-change-1-d7/problem14.pddl -h blcost -s WAStar -dap"
	User time (seconds): 121.91
	System time (seconds): 5.32
	Percent of CPU this job got: 99%
	Elapsed (wall clock) time (h:mm:ss or m:ss): 2:07.34
	Average shared text size (kbytes): 0
	Average unshared data size (kbytes): 0
	Average stack size (kbytes): 0
	Average total size (kbytes): 0
	Maximum resident set size (kbytes): 13383872
	Average resident set size (kbytes): 0
	Major (requiring I/O) page faults: 80
	Minor (reclaiming a frame) page faults: 7264897
	Voluntary context switches: 8271
	Involuntary context switches: 8005
	Swaps: 0
	File system inputs: 0
	File system outputs: 664
	Socket messages sent: 0
	Socket messages received: 0
	Signals delivered: 0
	Page size (bytes): 4096
	Exit status: 0
	Command being timed: "timeout 600 java -Xmx64g -jar ./enhsp3.jar -o ./domain_with_failure.pddl -f ./problems/a40g17AND-change-1-d7/problem15.pddl -h blcost -s WAStar -dap"
	User time (seconds): 87.83
	System time (seconds): 3.80
	Percent of CPU this job got: 99%
	Elapsed (wall clock) time (h:mm:ss or m:ss): 1:31.70
	Average shared text size (kbytes): 0
	Average unshared data size (kbytes): 0
	Average stack size (kbytes): 0
	Average total size (kbytes): 0
	Maximum resident set size (kbytes): 9961108
	Average resident set size (kbytes): 0
	Major (requiring I/O) page faults: 60
	Minor (reclaiming a frame) page faults: 4909770
	Voluntary context switches: 7239
	Involuntary context switches: 6525
	Swaps: 0
	File system inputs: 0
	File system outputs: 504
	Socket messages sent: 0
	Socket messages received: 0
	Signals delivered: 0
	Page size (bytes): 4096
	Exit status: 0
	Command being timed: "timeout 600 java -Xmx64g -jar ./enhsp3.jar -o ./domain_with_failure.pddl -f ./problems/a40g17AND-change-1-d7/problem16.pddl -h blcost -s WAStar -dap"
	User time (seconds): 89.52
	System time (seconds): 3.72
	Percent of CPU this job got: 99%
	Elapsed (wall clock) time (h:mm:ss or m:ss): 1:33.33
	Average shared text size (kbytes): 0
	Average unshared data size (kbytes): 0
	Average stack size (kbytes): 0
	Average total size (kbytes): 0
	Maximum resident set size (kbytes): 10326136
	Average resident set size (kbytes): 0
	Major (requiring I/O) page faults: 60
	Minor (reclaiming a frame) page faults: 4849490
	Voluntary context switches: 7352
	Involuntary context switches: 6659
	Swaps: 0
	File system inputs: 0
	File system outputs: 496
	Socket messages sent: 0
	Socket messages received: 0
	Signals delivered: 0
	Page size (bytes): 4096
	Exit status: 0
	Command being timed: "timeout 600 java -Xmx64g -jar ./enhsp3.jar -o ./domain_with_failure.pddl -f ./problems/a40g17AND-change-1-d7/problem17.pddl -h blcost -s WAStar -dap"
	User time (seconds): 90.52
	System time (seconds): 4.05
	Percent of CPU this job got: 99%
	Elapsed (wall clock) time (h:mm:ss or m:ss): 1:34.65
	Average shared text size (kbytes): 0
	Average unshared data size (kbytes): 0
	Average stack size (kbytes): 0
	Average total size (kbytes): 0
	Maximum resident set size (kbytes): 10535880
	Average resident set size (kbytes): 0
	Major (requiring I/O) page faults: 61
	Minor (reclaiming a frame) page faults: 5508243
	Voluntary context switches: 7406
	Involuntary context switches: 6784
	Swaps: 0
	File system inputs: 0
	File system outputs: 512
	Socket messages sent: 0
	Socket messages received: 0
	Signals delivered: 0
	Page size (bytes): 4096
	Exit status: 0
	Command being timed: "timeout 600 java -Xmx64g -jar ./enhsp3.jar -o ./domain_with_failure.pddl -f ./problems/a40g17AND-change-1-d7/problem18.pddl -h blcost -s WAStar -dap"
	User time (seconds): 87.77
	System time (seconds): 3.81
	Percent of CPU this job got: 99%
	Elapsed (wall clock) time (h:mm:ss or m:ss): 1:31.67
	Average shared text size (kbytes): 0
	Average unshared data size (kbytes): 0
	Average stack size (kbytes): 0
	Average total size (kbytes): 0
	Maximum resident set size (kbytes): 9971376
	Average resident set size (kbytes): 0
	Major (requiring I/O) page faults: 61
	Minor (reclaiming a frame) page faults: 4864743
	Voluntary context switches: 7551
	Involuntary context switches: 6706
	Swaps: 0
	File system inputs: 0
	File system outputs: 504
	Socket messages sent: 0
	Socket messages received: 0
	Signals delivered: 0
	Page size (bytes): 4096
	Exit status: 0
	Command being timed: "timeout 600 java -Xmx64g -jar ./enhsp3.jar -o ./domain_with_failure.pddl -f ./problems/a40g17AND-change-1-d7/problem19.pddl -h blcost -s WAStar -dap"
	User time (seconds): 89.55
	System time (seconds): 4.11
	Percent of CPU this job got: 99%
	Elapsed (wall clock) time (h:mm:ss or m:ss): 1:33.74
	Average shared text size (kbytes): 0
	Average unshared data size (kbytes): 0
	Average stack size (kbytes): 0
	Average total size (kbytes): 0
	Maximum resident set size (kbytes): 10541700
	Average resident set size (kbytes): 0
	Major (requiring I/O) page faults: 61
	Minor (reclaiming a frame) page faults: 5232760
	Voluntary context switches: 7306
	Involuntary context switches: 6620
	Swaps: 0
	File system inputs: 0
	File system outputs: 512
	Socket messages sent: 0
	Socket messages received: 0
	Signals delivered: 0
	Page size (bytes): 4096
	Exit status: 0
	Command being timed: "timeout 600 java -Xmx64g -jar ./enhsp3.jar -o ./domain_with_failure.pddl -f ./problems/a40g17AND-change-1-d7/problem20.pddl -h blcost -s WAStar -dap"
	User time (seconds): 88.21
	System time (seconds): 3.78
	Percent of CPU this job got: 99%
	Elapsed (wall clock) time (h:mm:ss or m:ss): 1:32.08
	Average shared text size (kbytes): 0
	Average unshared data size (kbytes): 0
	Average stack size (kbytes): 0
	Average total size (kbytes): 0
	Maximum resident set size (kbytes): 9945784
	Average resident set size (kbytes): 0
	Major (requiring I/O) page faults: 58
	Minor (reclaiming a frame) page faults: 4867740
	Voluntary context switches: 7381
	Involuntary context switches: 6666
	Swaps: 0
	File system inputs: 0
	File system outputs: 480
	Socket messages sent: 0
	Socket messages received: 0
	Signals delivered: 0
	Page size (bytes): 4096
	Exit status: 0
	Command being timed: "timeout 600 java -Xmx64g -jar ./enhsp3.jar -o ./domain_with_failure.pddl -f ./problems/a40g17AND-change-1-d7/problem21.pddl -h blcost -s WAStar -dap"
	User time (seconds): 89.04
	System time (seconds): 3.89
	Percent of CPU this job got: 99%
	Elapsed (wall clock) time (h:mm:ss or m:ss): 1:33.01
	Average shared text size (kbytes): 0
	Average unshared data size (kbytes): 0
	Average stack size (kbytes): 0
	Average total size (kbytes): 0
	Maximum resident set size (kbytes): 10312848
	Average resident set size (kbytes): 0
	Major (requiring I/O) page faults: 64
	Minor (reclaiming a frame) page faults: 5016541
	Voluntary context switches: 7422
	Involuntary context switches: 6553
	Swaps: 0
	File system inputs: 0
	File system outputs: 536
	Socket messages sent: 0
	Socket messages received: 0
	Signals delivered: 0
	Page size (bytes): 4096
	Exit status: 0
	Command being timed: "timeout 600 java -Xmx64g -jar ./enhsp3.jar -o ./domain_with_failure.pddl -f ./problems/a40g17AND-change-1-d7/problem22.pddl -h blcost -s WAStar -dap"
	User time (seconds): 105.80
	System time (seconds): 4.30
	Percent of CPU this job got: 99%
	Elapsed (wall clock) time (h:mm:ss or m:ss): 1:50.19
	Average shared text size (kbytes): 0
	Average unshared data size (kbytes): 0
	Average stack size (kbytes): 0
	Average total size (kbytes): 0
	Maximum resident set size (kbytes): 10573468
	Average resident set size (kbytes): 0
	Major (requiring I/O) page faults: 68
	Minor (reclaiming a frame) page faults: 5995211
	Voluntary context switches: 7746
	Involuntary context switches: 7103
	Swaps: 0
	File system inputs: 0
	File system outputs: 560
	Socket messages sent: 0
	Socket messages received: 0
	Signals delivered: 0
	Page size (bytes): 4096
	Exit status: 0
	Command being timed: "timeout 600 java -Xmx64g -jar ./enhsp3.jar -o ./domain_with_failure.pddl -f ./problems/a40g17AND-change-1-d7/problem23.pddl -h blcost -s WAStar -dap"
	User time (seconds): 89.47
	System time (seconds): 3.80
	Percent of CPU this job got: 99%
	Elapsed (wall clock) time (h:mm:ss or m:ss): 1:33.36
	Average shared text size (kbytes): 0
	Average unshared data size (kbytes): 0
	Average stack size (kbytes): 0
	Average total size (kbytes): 0
	Maximum resident set size (kbytes): 10314480
	Average resident set size (kbytes): 0
	Major (requiring I/O) page faults: 60
	Minor (reclaiming a frame) page faults: 4839704
	Voluntary context switches: 7427
	Involuntary context switches: 6654
	Swaps: 0
	File system inputs: 0
	File system outputs: 504
	Socket messages sent: 0
	Socket messages received: 0
	Signals delivered: 0
	Page size (bytes): 4096
	Exit status: 0
	Command being timed: "timeout 600 java -Xmx64g -jar ./enhsp3.jar -o ./domain_with_failure.pddl -f ./problems/a40g17AND-change-1-d7/problem24.pddl -h blcost -s WAStar -dap"
	User time (seconds): 88.11
	System time (seconds): 3.69
	Percent of CPU this job got: 99%
	Elapsed (wall clock) time (h:mm:ss or m:ss): 1:31.88
	Average shared text size (kbytes): 0
	Average unshared data size (kbytes): 0
	Average stack size (kbytes): 0
	Average total size (kbytes): 0
	Maximum resident set size (kbytes): 9972536
	Average resident set size (kbytes): 0
	Major (requiring I/O) page faults: 61
	Minor (reclaiming a frame) page faults: 5324131
	Voluntary context switches: 7373
	Involuntary context switches: 6543
	Swaps: 0
	File system inputs: 0
	File system outputs: 504
	Socket messages sent: 0
	Socket messages received: 0
	Signals delivered: 0
	Page size (bytes): 4096
	Exit status: 0
	Command being timed: "timeout 600 java -Xmx64g -jar ./enhsp3.jar -o ./domain_with_failure.pddl -f ./problems/a40g17AND-change-1-d7/problem25.pddl -h blcost -s WAStar -dap"
	User time (seconds): 89.34
	System time (seconds): 3.75
	Percent of CPU this job got: 99%
	Elapsed (wall clock) time (h:mm:ss or m:ss): 1:33.17
	Average shared text size (kbytes): 0
	Average unshared data size (kbytes): 0
	Average stack size (kbytes): 0
	Average total size (kbytes): 0
	Maximum resident set size (kbytes): 10312152
	Average resident set size (kbytes): 0
	Major (requiring I/O) page faults: 61
	Minor (reclaiming a frame) page faults: 5066303
	Voluntary context switches: 7093
	Involuntary context switches: 6456
	Swaps: 0
	File system inputs: 0
	File system outputs: 512
	Socket messages sent: 0
	Socket messages received: 0
	Signals delivered: 0
	Page size (bytes): 4096
	Exit status: 0
	Command being timed: "timeout 600 java -Xmx64g -jar ./enhsp3.jar -o ./domain_with_failure.pddl -f ./problems/a40g17AND-change-1-d7/problem26.pddl -h blcost -s WAStar -dap"
	User time (seconds): 96.65
	System time (seconds): 4.05
	Percent of CPU this job got: 99%
	Elapsed (wall clock) time (h:mm:ss or m:ss): 1:40.79
	Average shared text size (kbytes): 0
	Average unshared data size (kbytes): 0
	Average stack size (kbytes): 0
	Average total size (kbytes): 0
	Maximum resident set size (kbytes): 10804532
	Average resident set size (kbytes): 0
	Major (requiring I/O) page faults: 63
	Minor (reclaiming a frame) page faults: 5518019
	Voluntary context switches: 7501
	Involuntary context switches: 6852
	Swaps: 0
	File system inputs: 0
	File system outputs: 520
	Socket messages sent: 0
	Socket messages received: 0
	Signals delivered: 0
	Page size (bytes): 4096
	Exit status: 0
	Command being timed: "timeout 600 java -Xmx64g -jar ./enhsp3.jar -o ./domain_with_failure.pddl -f ./problems/a40g17AND-change-1-d7/problem27.pddl -h blcost -s WAStar -dap"
	User time (seconds): 89.49
	System time (seconds): 3.69
	Percent of CPU this job got: 99%
	Elapsed (wall clock) time (h:mm:ss or m:ss): 1:33.26
	Average shared text size (kbytes): 0
	Average unshared data size (kbytes): 0
	Average stack size (kbytes): 0
	Average total size (kbytes): 0
	Maximum resident set size (kbytes): 10343956
	Average resident set size (kbytes): 0
	Major (requiring I/O) page faults: 61
	Minor (reclaiming a frame) page faults: 4992286
	Voluntary context switches: 7267
	Involuntary context switches: 6594
	Swaps: 0
	File system inputs: 0
	File system outputs: 512
	Socket messages sent: 0
	Socket messages received: 0
	Signals delivered: 0
	Page size (bytes): 4096
	Exit status: 0
	Command being timed: "timeout 600 java -Xmx64g -jar ./enhsp3.jar -o ./domain_with_failure.pddl -f ./problems/a40g17AND-change-1-d7/problem28.pddl -h blcost -s WAStar -dap"
	User time (seconds): 105.33
	System time (seconds): 4.10
	Percent of CPU this job got: 99%
	Elapsed (wall clock) time (h:mm:ss or m:ss): 1:49.51
	Average shared text size (kbytes): 0
	Average unshared data size (kbytes): 0
	Average stack size (kbytes): 0
	Average total size (kbytes): 0
	Maximum resident set size (kbytes): 10587888
	Average resident set size (kbytes): 0
	Major (requiring I/O) page faults: 70
	Minor (reclaiming a frame) page faults: 5780310
	Voluntary context switches: 7755
	Involuntary context switches: 7072
	Swaps: 0
	File system inputs: 0
	File system outputs: 576
	Socket messages sent: 0
	Socket messages received: 0
	Signals delivered: 0
	Page size (bytes): 4096
	Exit status: 0
	Command being timed: "timeout 600 java -Xmx64g -jar ./enhsp3.jar -o ./domain_with_failure.pddl -f ./problems/a40g17AND-change-1-d7/problem29.pddl -h blcost -s WAStar -dap"
	User time (seconds): 89.67
	System time (seconds): 3.78
	Percent of CPU this job got: 99%
	Elapsed (wall clock) time (h:mm:ss or m:ss): 1:33.53
	Average shared text size (kbytes): 0
	Average unshared data size (kbytes): 0
	Average stack size (kbytes): 0
	Average total size (kbytes): 0
	Maximum resident set size (kbytes): 10341620
	Average resident set size (kbytes): 0
	Major (requiring I/O) page faults: 60
	Minor (reclaiming a frame) page faults: 4934971
	Voluntary context switches: 7111
	Involuntary context switches: 6444
	Swaps: 0
	File system inputs: 0
	File system outputs: 504
	Socket messages sent: 0
	Socket messages received: 0
	Signals delivered: 0
	Page size (bytes): 4096
	Exit status: 0
	Command being timed: "timeout 600 java -Xmx64g -jar ./enhsp3.jar -o ./domain_with_failure.pddl -f ./problems/a40g17AND-change-1-d7/problem30.pddl -h blcost -s WAStar -dap"
	User time (seconds): 89.52
	System time (seconds): 3.71
	Percent of CPU this job got: 99%
	Elapsed (wall clock) time (h:mm:ss or m:ss): 1:33.32
	Average shared text size (kbytes): 0
	Average unshared data size (kbytes): 0
	Average stack size (kbytes): 0
	Average total size (kbytes): 0
	Maximum resident set size (kbytes): 10341640
	Average resident set size (kbytes): 0
	Major (requiring I/O) page faults: 60
	Minor (reclaiming a frame) page faults: 4951628
	Voluntary context switches: 7183
	Involuntary context switches: 6479
	Swaps: 0
	File system inputs: 0
	File system outputs: 496
	Socket messages sent: 0
	Socket messages received: 0
	Signals delivered: 0
	Page size (bytes): 4096
	Exit status: 0
	Command being timed: "timeout 600 java -Xmx64g -jar ./enhsp3.jar -o ./domain_with_failure.pddl -f ./problems/a40g17AND-change-1-d7/problem31.pddl -h blcost -s WAStar -dap"
	User time (seconds): 88.87
	System time (seconds): 4.00
	Percent of CPU this job got: 99%
	Elapsed (wall clock) time (h:mm:ss or m:ss): 1:32.94
	Average shared text size (kbytes): 0
	Average unshared data size (kbytes): 0
	Average stack size (kbytes): 0
	Average total size (kbytes): 0
	Maximum resident set size (kbytes): 10308856
	Average resident set size (kbytes): 0
	Major (requiring I/O) page faults: 61
	Minor (reclaiming a frame) page faults: 4975233
	Voluntary context switches: 7329
	Involuntary context switches: 6650
	Swaps: 0
	File system inputs: 0
	File system outputs: 512
	Socket messages sent: 0
	Socket messages received: 0
	Signals delivered: 0
	Page size (bytes): 4096
	Exit status: 0
	Command being timed: "timeout 600 java -Xmx64g -jar ./enhsp3.jar -o ./domain_with_failure.pddl -f ./problems/a40g17AND-change-1-d7/problem32.pddl -h blcost -s WAStar -dap"
	User time (seconds): 106.85
	System time (seconds): 4.14
	Percent of CPU this job got: 99%
	Elapsed (wall clock) time (h:mm:ss or m:ss): 1:51.09
	Average shared text size (kbytes): 0
	Average unshared data size (kbytes): 0
	Average stack size (kbytes): 0
	Average total size (kbytes): 0
	Maximum resident set size (kbytes): 10574696
	Average resident set size (kbytes): 0
	Major (requiring I/O) page faults: 71
	Minor (reclaiming a frame) page faults: 6097957
	Voluntary context switches: 7698
	Involuntary context switches: 7121
	Swaps: 0
	File system inputs: 0
	File system outputs: 584
	Socket messages sent: 0
	Socket messages received: 0
	Signals delivered: 0
	Page size (bytes): 4096
	Exit status: 0
	Command being timed: "timeout 600 java -Xmx64g -jar ./enhsp3.jar -o ./domain_with_failure.pddl -f ./problems/a40g17AND-change-1-d7/problem33.pddl -h blcost -s WAStar -dap"
	User time (seconds): 89.91
	System time (seconds): 3.64
	Percent of CPU this job got: 99%
	Elapsed (wall clock) time (h:mm:ss or m:ss): 1:33.63
	Average shared text size (kbytes): 0
	Average unshared data size (kbytes): 0
	Average stack size (kbytes): 0
	Average total size (kbytes): 0
	Maximum resident set size (kbytes): 10345300
	Average resident set size (kbytes): 0
	Major (requiring I/O) page faults: 61
	Minor (reclaiming a frame) page faults: 5035286
	Voluntary context switches: 7249
	Involuntary context switches: 6579
	Swaps: 0
	File system inputs: 0
	File system outputs: 512
	Socket messages sent: 0
	Socket messages received: 0
	Signals delivered: 0
	Page size (bytes): 4096
	Exit status: 0
	Command being timed: "timeout 600 java -Xmx64g -jar ./enhsp3.jar -o ./domain_with_failure.pddl -f ./problems/a40g17AND-change-1-d7/problem34.pddl -h blcost -s WAStar -dap"
	User time (seconds): 89.72
	System time (seconds): 3.96
	Percent of CPU this job got: 99%
	Elapsed (wall clock) time (h:mm:ss or m:ss): 1:33.76
	Average shared text size (kbytes): 0
	Average unshared data size (kbytes): 0
	Average stack size (kbytes): 0
	Average total size (kbytes): 0
	Maximum resident set size (kbytes): 10340280
	Average resident set size (kbytes): 0
	Major (requiring I/O) page faults: 63
	Minor (reclaiming a frame) page faults: 4991024
	Voluntary context switches: 7233
	Involuntary context switches: 6553
	Swaps: 0
	File system inputs: 0
	File system outputs: 520
	Socket messages sent: 0
	Socket messages received: 0
	Signals delivered: 0
	Page size (bytes): 4096
	Exit status: 0
	Command being timed: "timeout 600 java -Xmx64g -jar ./enhsp3.jar -o ./domain_with_failure.pddl -f ./problems/a40g17AND-change-1-d7/problem35.pddl -h blcost -s WAStar -dap"
	User time (seconds): 106.14
	System time (seconds): 4.22
	Percent of CPU this job got: 99%
	Elapsed (wall clock) time (h:mm:ss or m:ss): 1:50.45
	Average shared text size (kbytes): 0
	Average unshared data size (kbytes): 0
	Average stack size (kbytes): 0
	Average total size (kbytes): 0
	Maximum resident set size (kbytes): 10588836
	Average resident set size (kbytes): 0
	Major (requiring I/O) page faults: 68
	Minor (reclaiming a frame) page faults: 5998777
	Voluntary context switches: 7725
	Involuntary context switches: 7172
	Swaps: 0
	File system inputs: 0
	File system outputs: 568
	Socket messages sent: 0
	Socket messages received: 0
	Signals delivered: 0
	Page size (bytes): 4096
	Exit status: 0
	Command being timed: "timeout 600 java -Xmx64g -jar ./enhsp3.jar -o ./domain_with_failure.pddl -f ./problems/a40g17AND-change-1-d7/problem36.pddl -h blcost -s WAStar -dap"
	User time (seconds): 90.15
	System time (seconds): 3.49
	Percent of CPU this job got: 99%
	Elapsed (wall clock) time (h:mm:ss or m:ss): 1:33.73
	Average shared text size (kbytes): 0
	Average unshared data size (kbytes): 0
	Average stack size (kbytes): 0
	Average total size (kbytes): 0
	Maximum resident set size (kbytes): 10344992
	Average resident set size (kbytes): 0
	Major (requiring I/O) page faults: 63
	Minor (reclaiming a frame) page faults: 4851368
	Voluntary context switches: 7266
	Involuntary context switches: 6630
	Swaps: 0
	File system inputs: 0
	File system outputs: 528
	Socket messages sent: 0
	Socket messages received: 0
	Signals delivered: 0
	Page size (bytes): 4096
	Exit status: 0
	Command being timed: "timeout 600 java -Xmx64g -jar ./enhsp3.jar -o ./domain_with_failure.pddl -f ./problems/a40g17AND-change-1-d7/problem37.pddl -h blcost -s WAStar -dap"
	User time (seconds): 89.55
	System time (seconds): 3.67
	Percent of CPU this job got: 99%
	Elapsed (wall clock) time (h:mm:ss or m:ss): 1:33.31
	Average shared text size (kbytes): 0
	Average unshared data size (kbytes): 0
	Average stack size (kbytes): 0
	Average total size (kbytes): 0
	Maximum resident set size (kbytes): 10342484
	Average resident set size (kbytes): 0
	Major (requiring I/O) page faults: 60
	Minor (reclaiming a frame) page faults: 4840752
	Voluntary context switches: 7523
	Involuntary context switches: 6744
	Swaps: 0
	File system inputs: 0
	File system outputs: 496
	Socket messages sent: 0
	Socket messages received: 0
	Signals delivered: 0
	Page size (bytes): 4096
	Exit status: 0
	Command being timed: "timeout 600 java -Xmx64g -jar ./enhsp3.jar -o ./domain_with_failure.pddl -f ./problems/a40g17AND-change-1-d7/problem38.pddl -h blcost -s WAStar -dap"
	User time (seconds): 88.34
	System time (seconds): 3.66
	Percent of CPU this job got: 99%
	Elapsed (wall clock) time (h:mm:ss or m:ss): 1:32.08
	Average shared text size (kbytes): 0
	Average unshared data size (kbytes): 0
	Average stack size (kbytes): 0
	Average total size (kbytes): 0
	Maximum resident set size (kbytes): 9947864
	Average resident set size (kbytes): 0
	Major (requiring I/O) page faults: 59
	Minor (reclaiming a frame) page faults: 4889661
	Voluntary context switches: 7390
	Involuntary context switches: 6636
	Swaps: 0
	File system inputs: 0
	File system outputs: 488
	Socket messages sent: 0
	Socket messages received: 0
	Signals delivered: 0
	Page size (bytes): 4096
	Exit status: 0
	Command being timed: "timeout 600 java -Xmx64g -jar ./enhsp3.jar -o ./domain_with_failure.pddl -f ./problems/a40g17AND-change-1-d7/problem39.pddl -h blcost -s WAStar -dap"
	User time (seconds): 88.39
	System time (seconds): 3.91
	Percent of CPU this job got: 99%
	Elapsed (wall clock) time (h:mm:ss or m:ss): 1:32.38
	Average shared text size (kbytes): 0
	Average unshared data size (kbytes): 0
	Average stack size (kbytes): 0
	Average total size (kbytes): 0
	Maximum resident set size (kbytes): 9969896
	Average resident set size (kbytes): 0
	Major (requiring I/O) page faults: 60
	Minor (reclaiming a frame) page faults: 5163894
	Voluntary context switches: 7182
	Involuntary context switches: 6469
	Swaps: 0
	File system inputs: 0
	File system outputs: 496
	Socket messages sent: 0
	Socket messages received: 0
	Signals delivered: 0
	Page size (bytes): 4096
	Exit status: 0
	Command being timed: "timeout 600 java -Xmx64g -jar ./enhsp3.jar -o ./domain_with_failure.pddl -f ./problems/a40g17AND-change-1-d7/problem40.pddl -h blcost -s WAStar -dap"
	User time (seconds): 87.80
	System time (seconds): 3.75
	Percent of CPU this job got: 99%
	Elapsed (wall clock) time (h:mm:ss or m:ss): 1:31.63
	Average shared text size (kbytes): 0
	Average unshared data size (kbytes): 0
	Average stack size (kbytes): 0
	Average total size (kbytes): 0
	Maximum resident set size (kbytes): 9973488
	Average resident set size (kbytes): 0
	Major (requiring I/O) page faults: 59
	Minor (reclaiming a frame) page faults: 4905208
	Voluntary context switches: 7392
	Involuntary context switches: 6606
	Swaps: 0
	File system inputs: 0
	File system outputs: 488
	Socket messages sent: 0
	Socket messages received: 0
	Signals delivered: 0
	Page size (bytes): 4096
	Exit status: 0
	Command being timed: "timeout 600 java -Xmx64g -jar ./enhsp3.jar -o ./domain_with_failure.pddl -f ./problems/a40g17AND-change-1-d7/problem41.pddl -h blcost -s WAStar -dap"
	User time (seconds): 102.99
	System time (seconds): 4.22
	Percent of CPU this job got: 99%
	Elapsed (wall clock) time (h:mm:ss or m:ss): 1:47.32
	Average shared text size (kbytes): 0
	Average unshared data size (kbytes): 0
	Average stack size (kbytes): 0
	Average total size (kbytes): 0
	Maximum resident set size (kbytes): 11170304
	Average resident set size (kbytes): 0
	Major (requiring I/O) page faults: 68
	Minor (reclaiming a frame) page faults: 5761867
	Voluntary context switches: 7550
	Involuntary context switches: 6974
	Swaps: 0
	File system inputs: 0
	File system outputs: 568
	Socket messages sent: 0
	Socket messages received: 0
	Signals delivered: 0
	Page size (bytes): 4096
	Exit status: 0
	Command being timed: "timeout 600 java -Xmx64g -jar ./enhsp3.jar -o ./domain_with_failure.pddl -f ./problems/a40g17AND-change-1-d7/problem42.pddl -h blcost -s WAStar -dap"
	User time (seconds): 89.58
	System time (seconds): 3.64
	Percent of CPU this job got: 99%
	Elapsed (wall clock) time (h:mm:ss or m:ss): 1:33.30
	Average shared text size (kbytes): 0
	Average unshared data size (kbytes): 0
	Average stack size (kbytes): 0
	Average total size (kbytes): 0
	Maximum resident set size (kbytes): 10308784
	Average resident set size (kbytes): 0
	Major (requiring I/O) page faults: 60
	Minor (reclaiming a frame) page faults: 4915368
	Voluntary context switches: 7254
	Involuntary context switches: 6520
	Swaps: 0
	File system inputs: 0
	File system outputs: 504
	Socket messages sent: 0
	Socket messages received: 0
	Signals delivered: 0
	Page size (bytes): 4096
	Exit status: 0
	Command being timed: "timeout 600 java -Xmx64g -jar ./enhsp3.jar -o ./domain_with_failure.pddl -f ./problems/a40g17AND-change-1-d7/problem43.pddl -h blcost -s WAStar -dap"
	User time (seconds): 106.20
	System time (seconds): 4.15
	Percent of CPU this job got: 99%
	Elapsed (wall clock) time (h:mm:ss or m:ss): 1:50.45
	Average shared text size (kbytes): 0
	Average unshared data size (kbytes): 0
	Average stack size (kbytes): 0
	Average total size (kbytes): 0
	Maximum resident set size (kbytes): 10583072
	Average resident set size (kbytes): 0
	Major (requiring I/O) page faults: 68
	Minor (reclaiming a frame) page faults: 5864301
	Voluntary context switches: 7868
	Involuntary context switches: 7190
	Swaps: 0
	File system inputs: 0
	File system outputs: 560
	Socket messages sent: 0
	Socket messages received: 0
	Signals delivered: 0
	Page size (bytes): 4096
	Exit status: 0
	Command being timed: "timeout 600 java -Xmx64g -jar ./enhsp3.jar -o ./domain_with_failure.pddl -f ./problems/a40g17AND-change-1-d7/problem44.pddl -h blcost -s WAStar -dap"
	User time (seconds): 103.13
	System time (seconds): 4.16
	Percent of CPU this job got: 99%
	Elapsed (wall clock) time (h:mm:ss or m:ss): 1:47.37
	Average shared text size (kbytes): 0
	Average unshared data size (kbytes): 0
	Average stack size (kbytes): 0
	Average total size (kbytes): 0
	Maximum resident set size (kbytes): 11146164
	Average resident set size (kbytes): 0
	Major (requiring I/O) page faults: 67
	Minor (reclaiming a frame) page faults: 5762828
	Voluntary context switches: 7515
	Involuntary context switches: 6992
	Swaps: 0
	File system inputs: 0
	File system outputs: 560
	Socket messages sent: 0
	Socket messages received: 0
	Signals delivered: 0
	Page size (bytes): 4096
	Exit status: 0
	Command being timed: "timeout 600 java -Xmx64g -jar ./enhsp3.jar -o ./domain_with_failure.pddl -f ./problems/a40g17AND-change-1-d7/problem45.pddl -h blcost -s WAStar -dap"
	User time (seconds): 90.00
	System time (seconds): 3.76
	Percent of CPU this job got: 99%
	Elapsed (wall clock) time (h:mm:ss or m:ss): 1:33.85
	Average shared text size (kbytes): 0
	Average unshared data size (kbytes): 0
	Average stack size (kbytes): 0
	Average total size (kbytes): 0
	Maximum resident set size (kbytes): 10338228
	Average resident set size (kbytes): 0
	Major (requiring I/O) page faults: 63
	Minor (reclaiming a frame) page faults: 5033281
	Voluntary context switches: 7370
	Involuntary context switches: 6620
	Swaps: 0
	File system inputs: 0
	File system outputs: 528
	Socket messages sent: 0
	Socket messages received: 0
	Signals delivered: 0
	Page size (bytes): 4096
	Exit status: 0
	Command being timed: "timeout 600 java -Xmx64g -jar ./enhsp3.jar -o ./domain_with_failure.pddl -f ./problems/a40g17AND-change-1-d7/problem46.pddl -h blcost -s WAStar -dap"
	User time (seconds): 89.59
	System time (seconds): 3.85
	Percent of CPU this job got: 99%
	Elapsed (wall clock) time (h:mm:ss or m:ss): 1:33.53
	Average shared text size (kbytes): 0
	Average unshared data size (kbytes): 0
	Average stack size (kbytes): 0
	Average total size (kbytes): 0
	Maximum resident set size (kbytes): 10322528
	Average resident set size (kbytes): 0
	Major (requiring I/O) page faults: 60
	Minor (reclaiming a frame) page faults: 5031972
	Voluntary context switches: 7355
	Involuntary context switches: 6529
	Swaps: 0
	File system inputs: 0
	File system outputs: 496
	Socket messages sent: 0
	Socket messages received: 0
	Signals delivered: 0
	Page size (bytes): 4096
	Exit status: 0
	Command being timed: "timeout 600 java -Xmx64g -jar ./enhsp3.jar -o ./domain_with_failure.pddl -f ./problems/a40g17AND-change-1-d7/problem47.pddl -h blcost -s WAStar -dap"
	User time (seconds): 89.55
	System time (seconds): 3.74
	Percent of CPU this job got: 99%
	Elapsed (wall clock) time (h:mm:ss or m:ss): 1:33.39
	Average shared text size (kbytes): 0
	Average unshared data size (kbytes): 0
	Average stack size (kbytes): 0
	Average total size (kbytes): 0
	Maximum resident set size (kbytes): 10313016
	Average resident set size (kbytes): 0
	Major (requiring I/O) page faults: 60
	Minor (reclaiming a frame) page faults: 5083164
	Voluntary context switches: 7174
	Involuntary context switches: 6499
	Swaps: 0
	File system inputs: 0
	File system outputs: 504
	Socket messages sent: 0
	Socket messages received: 0
	Signals delivered: 0
	Page size (bytes): 4096
	Exit status: 0
	Command being timed: "timeout 600 java -Xmx64g -jar ./enhsp3.jar -o ./domain_with_failure.pddl -f ./problems/a40g17AND-change-1-d7/problem48.pddl -h blcost -s WAStar -dap"
	User time (seconds): 88.44
	System time (seconds): 3.73
	Percent of CPU this job got: 99%
	Elapsed (wall clock) time (h:mm:ss or m:ss): 1:32.25
	Average shared text size (kbytes): 0
	Average unshared data size (kbytes): 0
	Average stack size (kbytes): 0
	Average total size (kbytes): 0
	Maximum resident set size (kbytes): 9973876
	Average resident set size (kbytes): 0
	Major (requiring I/O) page faults: 61
	Minor (reclaiming a frame) page faults: 5049189
	Voluntary context switches: 7483
	Involuntary context switches: 6618
	Swaps: 0
	File system inputs: 0
	File system outputs: 504
	Socket messages sent: 0
	Socket messages received: 0
	Signals delivered: 0
	Page size (bytes): 4096
	Exit status: 0
	Command being timed: "timeout 600 java -Xmx64g -jar ./enhsp3.jar -o ./domain_with_failure.pddl -f ./problems/a40g17AND-change-1-d7/problem49.pddl -h blcost -s WAStar -dap"
	User time (seconds): 105.43
	System time (seconds): 4.40
	Percent of CPU this job got: 99%
	Elapsed (wall clock) time (h:mm:ss or m:ss): 1:49.92
	Average shared text size (kbytes): 0
	Average unshared data size (kbytes): 0
	Average stack size (kbytes): 0
	Average total size (kbytes): 0
	Maximum resident set size (kbytes): 10579456
	Average resident set size (kbytes): 0
	Major (requiring I/O) page faults: 70
	Minor (reclaiming a frame) page faults: 6035392
	Voluntary context switches: 7729
	Involuntary context switches: 7071
	Swaps: 0
	File system inputs: 0
	File system outputs: 584
	Socket messages sent: 0
	Socket messages received: 0
	Signals delivered: 0
	Page size (bytes): 4096
	Exit status: 0
	Command being timed: "timeout 600 java -Xmx64g -jar ./enhsp3.jar -o ./domain_with_failure.pddl -f ./problems/a40g17AND-change-1-d7/problem50.pddl -h blcost -s WAStar -dap"
	User time (seconds): 105.97
	System time (seconds): 4.27
	Percent of CPU this job got: 99%
	Elapsed (wall clock) time (h:mm:ss or m:ss): 1:50.33
	Average shared text size (kbytes): 0
	Average unshared data size (kbytes): 0
	Average stack size (kbytes): 0
	Average total size (kbytes): 0
	Maximum resident set size (kbytes): 10575028
	Average resident set size (kbytes): 0
	Major (requiring I/O) page faults: 68
	Minor (reclaiming a frame) page faults: 5920675
	Voluntary context switches: 7824
	Involuntary context switches: 7069
	Swaps: 0
	File system inputs: 0
	File system outputs: 560
	Socket messages sent: 0
	Socket messages received: 0
	Signals delivered: 0
	Page size (bytes): 4096
	Exit status: 0
	Command being timed: "timeout 600 java -Xmx64g -jar ./enhsp3.jar -o ./domain_with_failure.pddl -f ./problems/a40g17AND-change-1-d7/problem51.pddl -h blcost -s WAStar -dap"
	User time (seconds): 95.99
	System time (seconds): 4.03
	Percent of CPU this job got: 99%
	Elapsed (wall clock) time (h:mm:ss or m:ss): 1:40.11
	Average shared text size (kbytes): 0
	Average unshared data size (kbytes): 0
	Average stack size (kbytes): 0
	Average total size (kbytes): 0
	Maximum resident set size (kbytes): 10802424
	Average resident set size (kbytes): 0
	Major (requiring I/O) page faults: 65
	Minor (reclaiming a frame) page faults: 5397987
	Voluntary context switches: 7497
	Involuntary context switches: 6816
	Swaps: 0
	File system inputs: 0
	File system outputs: 544
	Socket messages sent: 0
	Socket messages received: 0
	Signals delivered: 0
	Page size (bytes): 4096
	Exit status: 0
	Command being timed: "timeout 600 java -Xmx64g -jar ./enhsp3.jar -o ./domain_with_failure.pddl -f ./problems/a40g17AND-change-1-d7/problem52.pddl -h blcost -s WAStar -dap"
	User time (seconds): 88.59
	System time (seconds): 3.93
	Percent of CPU this job got: 99%
	Elapsed (wall clock) time (h:mm:ss or m:ss): 1:32.60
	Average shared text size (kbytes): 0
	Average unshared data size (kbytes): 0
	Average stack size (kbytes): 0
	Average total size (kbytes): 0
	Maximum resident set size (kbytes): 9933548
	Average resident set size (kbytes): 0
	Major (requiring I/O) page faults: 60
	Minor (reclaiming a frame) page faults: 5300237
	Voluntary context switches: 7376
	Involuntary context switches: 6568
	Swaps: 0
	File system inputs: 0
	File system outputs: 496
	Socket messages sent: 0
	Socket messages received: 0
	Signals delivered: 0
	Page size (bytes): 4096
	Exit status: 0
	Command being timed: "timeout 600 java -Xmx64g -jar ./enhsp3.jar -o ./domain_with_failure.pddl -f ./problems/a40g17AND-change-1-d7/problem53.pddl -h blcost -s WAStar -dap"
	User time (seconds): 89.63
	System time (seconds): 3.74
	Percent of CPU this job got: 99%
	Elapsed (wall clock) time (h:mm:ss or m:ss): 1:33.46
	Average shared text size (kbytes): 0
	Average unshared data size (kbytes): 0
	Average stack size (kbytes): 0
	Average total size (kbytes): 0
	Maximum resident set size (kbytes): 10339860
	Average resident set size (kbytes): 0
	Major (requiring I/O) page faults: 60
	Minor (reclaiming a frame) page faults: 5082612
	Voluntary context switches: 7362
	Involuntary context switches: 6526
	Swaps: 0
	File system inputs: 0
	File system outputs: 504
	Socket messages sent: 0
	Socket messages received: 0
	Signals delivered: 0
	Page size (bytes): 4096
	Exit status: 0
	Command being timed: "timeout 600 java -Xmx64g -jar ./enhsp3.jar -o ./domain_with_failure.pddl -f ./problems/a40g17AND-change-1-d7/problem54.pddl -h blcost -s WAStar -dap"
	User time (seconds): 103.85
	System time (seconds): 4.35
	Percent of CPU this job got: 99%
	Elapsed (wall clock) time (h:mm:ss or m:ss): 1:48.28
	Average shared text size (kbytes): 0
	Average unshared data size (kbytes): 0
	Average stack size (kbytes): 0
	Average total size (kbytes): 0
	Maximum resident set size (kbytes): 11340216
	Average resident set size (kbytes): 0
	Major (requiring I/O) page faults: 70
	Minor (reclaiming a frame) page faults: 5924424
	Voluntary context switches: 7995
	Involuntary context switches: 7154
	Swaps: 0
	File system inputs: 0
	File system outputs: 584
	Socket messages sent: 0
	Socket messages received: 0
	Signals delivered: 0
	Page size (bytes): 4096
	Exit status: 0
	Command being timed: "timeout 600 java -Xmx64g -jar ./enhsp3.jar -o ./domain_with_failure.pddl -f ./problems/a40g17AND-change-1-d7/problem55.pddl -h blcost -s WAStar -dap"
	User time (seconds): 122.39
	System time (seconds): 5.09
	Percent of CPU this job got: 99%
	Elapsed (wall clock) time (h:mm:ss or m:ss): 2:07.60
	Average shared text size (kbytes): 0
	Average unshared data size (kbytes): 0
	Average stack size (kbytes): 0
	Average total size (kbytes): 0
	Maximum resident set size (kbytes): 13391708
	Average resident set size (kbytes): 0
	Major (requiring I/O) page faults: 80
	Minor (reclaiming a frame) page faults: 7249423
	Voluntary context switches: 8307
	Involuntary context switches: 7997
	Swaps: 0
	File system inputs: 0
	File system outputs: 656
	Socket messages sent: 0
	Socket messages received: 0
	Signals delivered: 0
	Page size (bytes): 4096
	Exit status: 0
	Command being timed: "timeout 600 java -Xmx64g -jar ./enhsp3.jar -o ./domain_with_failure.pddl -f ./problems/a40g17AND-change-1-d7/problem56.pddl -h blcost -s WAStar -dap"
	User time (seconds): 106.69
	System time (seconds): 4.09
	Percent of CPU this job got: 99%
	Elapsed (wall clock) time (h:mm:ss or m:ss): 1:50.87
	Average shared text size (kbytes): 0
	Average unshared data size (kbytes): 0
	Average stack size (kbytes): 0
	Average total size (kbytes): 0
	Maximum resident set size (kbytes): 10578216
	Average resident set size (kbytes): 0
	Major (requiring I/O) page faults: 71
	Minor (reclaiming a frame) page faults: 6040265
	Voluntary context switches: 8036
	Involuntary context switches: 7226
	Swaps: 0
	File system inputs: 0
	File system outputs: 576
	Socket messages sent: 0
	Socket messages received: 0
	Signals delivered: 0
	Page size (bytes): 4096
	Exit status: 0
	Command being timed: "timeout 600 java -Xmx64g -jar ./enhsp3.jar -o ./domain_with_failure.pddl -f ./problems/a40g17AND-change-1-d7/problem57.pddl -h blcost -s WAStar -dap"
	User time (seconds): 89.72
	System time (seconds): 3.73
	Percent of CPU this job got: 99%
	Elapsed (wall clock) time (h:mm:ss or m:ss): 1:33.53
	Average shared text size (kbytes): 0
	Average unshared data size (kbytes): 0
	Average stack size (kbytes): 0
	Average total size (kbytes): 0
	Maximum resident set size (kbytes): 10342552
	Average resident set size (kbytes): 0
	Major (requiring I/O) page faults: 60
	Minor (reclaiming a frame) page faults: 5033361
	Voluntary context switches: 7283
	Involuntary context switches: 6514
	Swaps: 0
	File system inputs: 0
	File system outputs: 496
	Socket messages sent: 0
	Socket messages received: 0
	Signals delivered: 0
	Page size (bytes): 4096
	Exit status: 0
	Command being timed: "timeout 600 java -Xmx64g -jar ./enhsp3.jar -o ./domain_with_failure.pddl -f ./problems/a40g17AND-change-1-d7/problem58.pddl -h blcost -s WAStar -dap"
	User time (seconds): 89.59
	System time (seconds): 3.82
	Percent of CPU this job got: 99%
	Elapsed (wall clock) time (h:mm:ss or m:ss): 1:33.50
	Average shared text size (kbytes): 0
	Average unshared data size (kbytes): 0
	Average stack size (kbytes): 0
	Average total size (kbytes): 0
	Maximum resident set size (kbytes): 10328788
	Average resident set size (kbytes): 0
	Major (requiring I/O) page faults: 61
	Minor (reclaiming a frame) page faults: 4946161
	Voluntary context switches: 7192
	Involuntary context switches: 6574
	Swaps: 0
	File system inputs: 0
	File system outputs: 496
	Socket messages sent: 0
	Socket messages received: 0
	Signals delivered: 0
	Page size (bytes): 4096
	Exit status: 0
	Command being timed: "timeout 600 java -Xmx64g -jar ./enhsp3.jar -o ./domain_with_failure.pddl -f ./problems/a40g17AND-change-1-d7/problem59.pddl -h blcost -s WAStar -dap"
	User time (seconds): 103.09
	System time (seconds): 4.19
	Percent of CPU this job got: 99%
	Elapsed (wall clock) time (h:mm:ss or m:ss): 1:47.38
	Average shared text size (kbytes): 0
	Average unshared data size (kbytes): 0
	Average stack size (kbytes): 0
	Average total size (kbytes): 0
	Maximum resident set size (kbytes): 11167032
	Average resident set size (kbytes): 0
	Major (requiring I/O) page faults: 67
	Minor (reclaiming a frame) page faults: 5984967
	Voluntary context switches: 7521
	Involuntary context switches: 7086
	Swaps: 0
	File system inputs: 0
	File system outputs: 552
	Socket messages sent: 0
	Socket messages received: 0
	Signals delivered: 0
	Page size (bytes): 4096
	Exit status: 0
	Command being timed: "timeout 600 java -Xmx64g -jar ./enhsp3.jar -o ./domain_with_failure.pddl -f ./problems/a40g17AND-change-1-d7/problem60.pddl -h blcost -s WAStar -dap"
	User time (seconds): 90.09
	System time (seconds): 3.79
	Percent of CPU this job got: 99%
	Elapsed (wall clock) time (h:mm:ss or m:ss): 1:33.96
	Average shared text size (kbytes): 0
	Average unshared data size (kbytes): 0
	Average stack size (kbytes): 0
	Average total size (kbytes): 0
	Maximum resident set size (kbytes): 10349896
	Average resident set size (kbytes): 0
	Major (requiring I/O) page faults: 63
	Minor (reclaiming a frame) page faults: 4869975
	Voluntary context switches: 7346
	Involuntary context switches: 6672
	Swaps: 0
	File system inputs: 0
	File system outputs: 512
	Socket messages sent: 0
	Socket messages received: 0
	Signals delivered: 0
	Page size (bytes): 4096
	Exit status: 0
	Command being timed: "timeout 600 java -Xmx64g -jar ./enhsp3.jar -o ./domain_with_failure.pddl -f ./problems/a40g17AND-change-1-d7/problem61.pddl -h blcost -s WAStar -dap"
	User time (seconds): 96.33
	System time (seconds): 4.22
	Percent of CPU this job got: 99%
	Elapsed (wall clock) time (h:mm:ss or m:ss): 1:40.63
	Average shared text size (kbytes): 0
	Average unshared data size (kbytes): 0
	Average stack size (kbytes): 0
	Average total size (kbytes): 0
	Maximum resident set size (kbytes): 10800680
	Average resident set size (kbytes): 0
	Major (requiring I/O) page faults: 63
	Minor (reclaiming a frame) page faults: 5513172
	Voluntary context switches: 7366
	Involuntary context switches: 6901
	Swaps: 0
	File system inputs: 0
	File system outputs: 512
	Socket messages sent: 0
	Socket messages received: 0
	Signals delivered: 0
	Page size (bytes): 4096
	Exit status: 0
	Command being timed: "timeout 600 java -Xmx64g -jar ./enhsp3.jar -o ./domain_with_failure.pddl -f ./problems/a40g17AND-change-1-d7/problem62.pddl -h blcost -s WAStar -dap"
	User time (seconds): 124.18
	System time (seconds): 5.28
	Percent of CPU this job got: 99%
	Elapsed (wall clock) time (h:mm:ss or m:ss): 2:09.56
	Average shared text size (kbytes): 0
	Average unshared data size (kbytes): 0
	Average stack size (kbytes): 0
	Average total size (kbytes): 0
	Maximum resident set size (kbytes): 13392128
	Average resident set size (kbytes): 0
	Major (requiring I/O) page faults: 82
	Minor (reclaiming a frame) page faults: 7245944
	Voluntary context switches: 8393
	Involuntary context switches: 8403
	Swaps: 0
	File system inputs: 0
	File system outputs: 672
	Socket messages sent: 0
	Socket messages received: 0
	Signals delivered: 0
	Page size (bytes): 4096
	Exit status: 0
	Command being timed: "timeout 600 java -Xmx64g -jar ./enhsp3.jar -o ./domain_with_failure.pddl -f ./problems/a40g17AND-change-1-d7/problem63.pddl -h blcost -s WAStar -dap"
	User time (seconds): 106.41
	System time (seconds): 4.29
	Percent of CPU this job got: 99%
	Elapsed (wall clock) time (h:mm:ss or m:ss): 1:50.80
	Average shared text size (kbytes): 0
	Average unshared data size (kbytes): 0
	Average stack size (kbytes): 0
	Average total size (kbytes): 0
	Maximum resident set size (kbytes): 10586348
	Average resident set size (kbytes): 0
	Major (requiring I/O) page faults: 68
	Minor (reclaiming a frame) page faults: 6041982
	Voluntary context switches: 7627
	Involuntary context switches: 7209
	Swaps: 0
	File system inputs: 0
	File system outputs: 560
	Socket messages sent: 0
	Socket messages received: 0
	Signals delivered: 0
	Page size (bytes): 4096
	Exit status: 0
	Command being timed: "timeout 600 java -Xmx64g -jar ./enhsp3.jar -o ./domain_with_failure.pddl -f ./problems/a40g17AND-change-1-d7/problem64.pddl -h blcost -s WAStar -dap"
	User time (seconds): 106.09
	System time (seconds): 4.29
	Percent of CPU this job got: 99%
	Elapsed (wall clock) time (h:mm:ss or m:ss): 1:50.47
	Average shared text size (kbytes): 0
	Average unshared data size (kbytes): 0
	Average stack size (kbytes): 0
	Average total size (kbytes): 0
	Maximum resident set size (kbytes): 10573492
	Average resident set size (kbytes): 0
	Major (requiring I/O) page faults: 71
	Minor (reclaiming a frame) page faults: 5956307
	Voluntary context switches: 7760
	Involuntary context switches: 7166
	Swaps: 0
	File system inputs: 0
	File system outputs: 576
	Socket messages sent: 0
	Socket messages received: 0
	Signals delivered: 0
	Page size (bytes): 4096
	Exit status: 0
	Command being timed: "timeout 600 java -Xmx64g -jar ./enhsp3.jar -o ./domain_with_failure.pddl -f ./problems/a40g17AND-change-1-d7/problem65.pddl -h blcost -s WAStar -dap"
	User time (seconds): 103.19
	System time (seconds): 4.30
	Percent of CPU this job got: 99%
	Elapsed (wall clock) time (h:mm:ss or m:ss): 1:47.58
	Average shared text size (kbytes): 0
	Average unshared data size (kbytes): 0
	Average stack size (kbytes): 0
	Average total size (kbytes): 0
	Maximum resident set size (kbytes): 11142496
	Average resident set size (kbytes): 0
	Major (requiring I/O) page faults: 68
	Minor (reclaiming a frame) page faults: 5741981
	Voluntary context switches: 7703
	Involuntary context switches: 7077
	Swaps: 0
	File system inputs: 0
	File system outputs: 568
	Socket messages sent: 0
	Socket messages received: 0
	Signals delivered: 0
	Page size (bytes): 4096
	Exit status: 0
	Command being timed: "timeout 600 java -Xmx64g -jar ./enhsp3.jar -o ./domain_with_failure.pddl -f ./problems/a40g17AND-change-1-d7/problem66.pddl -h blcost -s WAStar -dap"
	User time (seconds): 87.83
	System time (seconds): 3.69
	Percent of CPU this job got: 99%
	Elapsed (wall clock) time (h:mm:ss or m:ss): 1:31.60
	Average shared text size (kbytes): 0
	Average unshared data size (kbytes): 0
	Average stack size (kbytes): 0
	Average total size (kbytes): 0
	Maximum resident set size (kbytes): 9970852
	Average resident set size (kbytes): 0
	Major (requiring I/O) page faults: 60
	Minor (reclaiming a frame) page faults: 4952778
	Voluntary context switches: 7331
	Involuntary context switches: 6555
	Swaps: 0
	File system inputs: 0
	File system outputs: 504
	Socket messages sent: 0
	Socket messages received: 0
	Signals delivered: 0
	Page size (bytes): 4096
	Exit status: 0
	Command being timed: "timeout 600 java -Xmx64g -jar ./enhsp3.jar -o ./domain_with_failure.pddl -f ./problems/a40g17AND-change-1-d7/problem67.pddl -h blcost -s WAStar -dap"
	User time (seconds): 89.98
	System time (seconds): 3.64
	Percent of CPU this job got: 99%
	Elapsed (wall clock) time (h:mm:ss or m:ss): 1:33.71
	Average shared text size (kbytes): 0
	Average unshared data size (kbytes): 0
	Average stack size (kbytes): 0
	Average total size (kbytes): 0
	Maximum resident set size (kbytes): 10344380
	Average resident set size (kbytes): 0
	Major (requiring I/O) page faults: 60
	Minor (reclaiming a frame) page faults: 4901191
	Voluntary context switches: 7382
	Involuntary context switches: 6686
	Swaps: 0
	File system inputs: 0
	File system outputs: 496
	Socket messages sent: 0
	Socket messages received: 0
	Signals delivered: 0
	Page size (bytes): 4096
	Exit status: 0
	Command being timed: "timeout 600 java -Xmx64g -jar ./enhsp3.jar -o ./domain_with_failure.pddl -f ./problems/a40g17AND-change-1-d7/problem68.pddl -h blcost -s WAStar -dap"
	User time (seconds): 104.73
	System time (seconds): 4.48
	Percent of CPU this job got: 99%
	Elapsed (wall clock) time (h:mm:ss or m:ss): 1:49.30
	Average shared text size (kbytes): 0
	Average unshared data size (kbytes): 0
	Average stack size (kbytes): 0
	Average total size (kbytes): 0
	Maximum resident set size (kbytes): 11499052
	Average resident set size (kbytes): 0
	Major (requiring I/O) page faults: 67
	Minor (reclaiming a frame) page faults: 5955056
	Voluntary context switches: 7710
	Involuntary context switches: 7158
	Swaps: 0
	File system inputs: 0
	File system outputs: 560
	Socket messages sent: 0
	Socket messages received: 0
	Signals delivered: 0
	Page size (bytes): 4096
	Exit status: 0
	Command being timed: "timeout 600 java -Xmx64g -jar ./enhsp3.jar -o ./domain_with_failure.pddl -f ./problems/a40g17AND-change-1-d7/problem69.pddl -h blcost -s WAStar -dap"
	User time (seconds): 89.89
	System time (seconds): 3.71
	Percent of CPU this job got: 99%
	Elapsed (wall clock) time (h:mm:ss or m:ss): 1:33.68
	Average shared text size (kbytes): 0
	Average unshared data size (kbytes): 0
	Average stack size (kbytes): 0
	Average total size (kbytes): 0
	Maximum resident set size (kbytes): 10342428
	Average resident set size (kbytes): 0
	Major (requiring I/O) page faults: 60
	Minor (reclaiming a frame) page faults: 4869531
	Voluntary context switches: 7420
	Involuntary context switches: 6725
	Swaps: 0
	File system inputs: 0
	File system outputs: 496
	Socket messages sent: 0
	Socket messages received: 0
	Signals delivered: 0
	Page size (bytes): 4096
	Exit status: 0
	Command being timed: "timeout 600 java -Xmx64g -jar ./enhsp3.jar -o ./domain_with_failure.pddl -f ./problems/a40g17AND-change-1-d7/problem70.pddl -h blcost -s WAStar -dap"
	User time (seconds): 89.74
	System time (seconds): 3.58
	Percent of CPU this job got: 99%
	Elapsed (wall clock) time (h:mm:ss or m:ss): 1:33.42
	Average shared text size (kbytes): 0
	Average unshared data size (kbytes): 0
	Average stack size (kbytes): 0
	Average total size (kbytes): 0
	Maximum resident set size (kbytes): 10342864
	Average resident set size (kbytes): 0
	Major (requiring I/O) page faults: 60
	Minor (reclaiming a frame) page faults: 4868057
	Voluntary context switches: 7353
	Involuntary context switches: 6700
	Swaps: 0
	File system inputs: 0
	File system outputs: 504
	Socket messages sent: 0
	Socket messages received: 0
	Signals delivered: 0
	Page size (bytes): 4096
	Exit status: 0
	Command being timed: "timeout 600 java -Xmx64g -jar ./enhsp3.jar -o ./domain_with_failure.pddl -f ./problems/a40g17AND-change-1-d7/problem71.pddl -h blcost -s WAStar -dap"
	User time (seconds): 105.69
	System time (seconds): 4.34
	Percent of CPU this job got: 99%
	Elapsed (wall clock) time (h:mm:ss or m:ss): 1:50.12
	Average shared text size (kbytes): 0
	Average unshared data size (kbytes): 0
	Average stack size (kbytes): 0
	Average total size (kbytes): 0
	Maximum resident set size (kbytes): 10572488
	Average resident set size (kbytes): 0
	Major (requiring I/O) page faults: 68
	Minor (reclaiming a frame) page faults: 6015210
	Voluntary context switches: 7918
	Involuntary context switches: 7191
	Swaps: 0
	File system inputs: 0
	File system outputs: 560
	Socket messages sent: 0
	Socket messages received: 0
	Signals delivered: 0
	Page size (bytes): 4096
	Exit status: 0
	Command being timed: "timeout 600 java -Xmx64g -jar ./enhsp3.jar -o ./domain_with_failure.pddl -f ./problems/a40g17AND-change-1-d7/problem72.pddl -h blcost -s WAStar -dap"
	User time (seconds): 89.06
	System time (seconds): 3.90
	Percent of CPU this job got: 99%
	Elapsed (wall clock) time (h:mm:ss or m:ss): 1:33.11
	Average shared text size (kbytes): 0
	Average unshared data size (kbytes): 0
	Average stack size (kbytes): 0
	Average total size (kbytes): 0
	Maximum resident set size (kbytes): 10345604
	Average resident set size (kbytes): 0
	Major (requiring I/O) page faults: 60
	Minor (reclaiming a frame) page faults: 4901069
	Voluntary context switches: 7239
	Involuntary context switches: 6613
	Swaps: 0
	File system inputs: 0
	File system outputs: 504
	Socket messages sent: 0
	Socket messages received: 0
	Signals delivered: 0
	Page size (bytes): 4096
	Exit status: 0
	Command being timed: "timeout 600 java -Xmx64g -jar ./enhsp3.jar -o ./domain_with_failure.pddl -f ./problems/a40g17AND-change-1-d7/problem73.pddl -h blcost -s WAStar -dap"
	User time (seconds): 105.91
	System time (seconds): 4.14
	Percent of CPU this job got: 99%
	Elapsed (wall clock) time (h:mm:ss or m:ss): 1:50.15
	Average shared text size (kbytes): 0
	Average unshared data size (kbytes): 0
	Average stack size (kbytes): 0
	Average total size (kbytes): 0
	Maximum resident set size (kbytes): 10588568
	Average resident set size (kbytes): 0
	Major (requiring I/O) page faults: 68
	Minor (reclaiming a frame) page faults: 5913928
	Voluntary context switches: 7657
	Involuntary context switches: 7141
	Swaps: 0
	File system inputs: 0
	File system outputs: 568
	Socket messages sent: 0
	Socket messages received: 0
	Signals delivered: 0
	Page size (bytes): 4096
	Exit status: 0
	Command being timed: "timeout 600 java -Xmx64g -jar ./enhsp3.jar -o ./domain_with_failure.pddl -f ./problems/a40g17AND-change-1-d7/problem74.pddl -h blcost -s WAStar -dap"
	User time (seconds): 89.58
	System time (seconds): 3.65
	Percent of CPU this job got: 99%
	Elapsed (wall clock) time (h:mm:ss or m:ss): 1:33.31
	Average shared text size (kbytes): 0
	Average unshared data size (kbytes): 0
	Average stack size (kbytes): 0
	Average total size (kbytes): 0
	Maximum resident set size (kbytes): 10343952
	Average resident set size (kbytes): 0
	Major (requiring I/O) page faults: 60
	Minor (reclaiming a frame) page faults: 5042008
	Voluntary context switches: 7166
	Involuntary context switches: 6507
	Swaps: 0
	File system inputs: 0
	File system outputs: 496
	Socket messages sent: 0
	Socket messages received: 0
	Signals delivered: 0
	Page size (bytes): 4096
	Exit status: 0
	Command being timed: "timeout 600 java -Xmx64g -jar ./enhsp3.jar -o ./domain_with_failure.pddl -f ./problems/a40g17AND-change-1-d7/problem75.pddl -h blcost -s WAStar -dap"
	User time (seconds): 88.54
	System time (seconds): 4.01
	Percent of CPU this job got: 99%
	Elapsed (wall clock) time (h:mm:ss or m:ss): 1:32.64
	Average shared text size (kbytes): 0
	Average unshared data size (kbytes): 0
	Average stack size (kbytes): 0
	Average total size (kbytes): 0
	Maximum resident set size (kbytes): 9982316
	Average resident set size (kbytes): 0
	Major (requiring I/O) page faults: 61
	Minor (reclaiming a frame) page faults: 5304880
	Voluntary context switches: 7448
	Involuntary context switches: 6601
	Swaps: 0
	File system inputs: 0
	File system outputs: 504
	Socket messages sent: 0
	Socket messages received: 0
	Signals delivered: 0
	Page size (bytes): 4096
	Exit status: 0
	Command being timed: "timeout 600 java -Xmx64g -jar ./enhsp3.jar -o ./domain_with_failure.pddl -f ./problems/a40g17AND-change-1-d7/problem76.pddl -h blcost -s WAStar -dap"
	User time (seconds): 89.43
	System time (seconds): 3.76
	Percent of CPU this job got: 99%
	Elapsed (wall clock) time (h:mm:ss or m:ss): 1:33.29
	Average shared text size (kbytes): 0
	Average unshared data size (kbytes): 0
	Average stack size (kbytes): 0
	Average total size (kbytes): 0
	Maximum resident set size (kbytes): 10344492
	Average resident set size (kbytes): 0
	Major (requiring I/O) page faults: 64
	Minor (reclaiming a frame) page faults: 4830297
	Voluntary context switches: 7096
	Involuntary context switches: 6457
	Swaps: 0
	File system inputs: 0
	File system outputs: 528
	Socket messages sent: 0
	Socket messages received: 0
	Signals delivered: 0
	Page size (bytes): 4096
	Exit status: 0
	Command being timed: "timeout 600 java -Xmx64g -jar ./enhsp3.jar -o ./domain_with_failure.pddl -f ./problems/a40g17AND-change-1-d7/problem77.pddl -h blcost -s WAStar -dap"
	User time (seconds): 96.05
	System time (seconds): 4.06
	Percent of CPU this job got: 99%
	Elapsed (wall clock) time (h:mm:ss or m:ss): 1:40.20
	Average shared text size (kbytes): 0
	Average unshared data size (kbytes): 0
	Average stack size (kbytes): 0
	Average total size (kbytes): 0
	Maximum resident set size (kbytes): 10802772
	Average resident set size (kbytes): 0
	Major (requiring I/O) page faults: 63
	Minor (reclaiming a frame) page faults: 5204833
	Voluntary context switches: 7388
	Involuntary context switches: 6798
	Swaps: 0
	File system inputs: 0
	File system outputs: 528
	Socket messages sent: 0
	Socket messages received: 0
	Signals delivered: 0
	Page size (bytes): 4096
	Exit status: 0
	Command being timed: "timeout 600 java -Xmx64g -jar ./enhsp3.jar -o ./domain_with_failure.pddl -f ./problems/a40g17AND-change-1-d7/problem78.pddl -h blcost -s WAStar -dap"
	User time (seconds): 95.88
	System time (seconds): 3.95
	Percent of CPU this job got: 99%
	Elapsed (wall clock) time (h:mm:ss or m:ss): 1:39.95
	Average shared text size (kbytes): 0
	Average unshared data size (kbytes): 0
	Average stack size (kbytes): 0
	Average total size (kbytes): 0
	Maximum resident set size (kbytes): 10802940
	Average resident set size (kbytes): 0
	Major (requiring I/O) page faults: 65
	Minor (reclaiming a frame) page faults: 5395742
	Voluntary context switches: 7572
	Involuntary context switches: 6857
	Swaps: 0
	File system inputs: 0
	File system outputs: 528
	Socket messages sent: 0
	Socket messages received: 0
	Signals delivered: 0
	Page size (bytes): 4096
	Exit status: 0
	Command being timed: "timeout 600 java -Xmx64g -jar ./enhsp3.jar -o ./domain_with_failure.pddl -f ./problems/a40g17AND-change-1-d7/problem79.pddl -h blcost -s WAStar -dap"
	User time (seconds): 105.81
	System time (seconds): 4.32
	Percent of CPU this job got: 99%
	Elapsed (wall clock) time (h:mm:ss or m:ss): 1:50.23
	Average shared text size (kbytes): 0
	Average unshared data size (kbytes): 0
	Average stack size (kbytes): 0
	Average total size (kbytes): 0
	Maximum resident set size (kbytes): 10573924
	Average resident set size (kbytes): 0
	Major (requiring I/O) page faults: 68
	Minor (reclaiming a frame) page faults: 5935554
	Voluntary context switches: 7958
	Involuntary context switches: 7173
	Swaps: 0
	File system inputs: 0
	File system outputs: 560
	Socket messages sent: 0
	Socket messages received: 0
	Signals delivered: 0
	Page size (bytes): 4096
	Exit status: 0
	Command being timed: "timeout 600 java -Xmx64g -jar ./enhsp3.jar -o ./domain_with_failure.pddl -f ./problems/a40g17AND-change-1-d7/problem80.pddl -h blcost -s WAStar -dap"
	User time (seconds): 89.66
	System time (seconds): 3.87
	Percent of CPU this job got: 99%
	Elapsed (wall clock) time (h:mm:ss or m:ss): 1:33.62
	Average shared text size (kbytes): 0
	Average unshared data size (kbytes): 0
	Average stack size (kbytes): 0
	Average total size (kbytes): 0
	Maximum resident set size (kbytes): 10311156
	Average resident set size (kbytes): 0
	Major (requiring I/O) page faults: 63
	Minor (reclaiming a frame) page faults: 5112437
	Voluntary context switches: 7360
	Involuntary context switches: 6729
	Swaps: 0
	File system inputs: 0
	File system outputs: 512
	Socket messages sent: 0
	Socket messages received: 0
	Signals delivered: 0
	Page size (bytes): 4096
	Exit status: 0
	Command being timed: "timeout 600 java -Xmx64g -jar ./enhsp3.jar -o ./domain_with_failure.pddl -f ./problems/a40g17AND-change-1-d7/problem81.pddl -h blcost -s WAStar -dap"
	User time (seconds): 105.12
	System time (seconds): 4.38
	Percent of CPU this job got: 99%
	Elapsed (wall clock) time (h:mm:ss or m:ss): 1:49.61
	Average shared text size (kbytes): 0
	Average unshared data size (kbytes): 0
	Average stack size (kbytes): 0
	Average total size (kbytes): 0
	Maximum resident set size (kbytes): 11180660
	Average resident set size (kbytes): 0
	Major (requiring I/O) page faults: 68
	Minor (reclaiming a frame) page faults: 5752908
	Voluntary context switches: 7669
	Involuntary context switches: 7521
	Swaps: 0
	File system inputs: 0
	File system outputs: 560
	Socket messages sent: 0
	Socket messages received: 0
	Signals delivered: 0
	Page size (bytes): 4096
	Exit status: 0
	Command being timed: "timeout 600 java -Xmx64g -jar ./enhsp3.jar -o ./domain_with_failure.pddl -f ./problems/a40g17AND-change-1-d7/problem82.pddl -h blcost -s WAStar -dap"
	User time (seconds): 105.95
	System time (seconds): 4.23
	Percent of CPU this job got: 99%
	Elapsed (wall clock) time (h:mm:ss or m:ss): 1:50.27
	Average shared text size (kbytes): 0
	Average unshared data size (kbytes): 0
	Average stack size (kbytes): 0
	Average total size (kbytes): 0
	Maximum resident set size (kbytes): 10575488
	Average resident set size (kbytes): 0
	Major (requiring I/O) page faults: 70
	Minor (reclaiming a frame) page faults: 6065853
	Voluntary context switches: 8055
	Involuntary context switches: 7301
	Swaps: 0
	File system inputs: 0
	File system outputs: 576
	Socket messages sent: 0
	Socket messages received: 0
	Signals delivered: 0
	Page size (bytes): 4096
	Exit status: 0
	Command being timed: "timeout 600 java -Xmx64g -jar ./enhsp3.jar -o ./domain_with_failure.pddl -f ./problems/a40g17AND-change-1-d7/problem83.pddl -h blcost -s WAStar -dap"
	User time (seconds): 89.24
	System time (seconds): 3.87
	Percent of CPU this job got: 99%
	Elapsed (wall clock) time (h:mm:ss or m:ss): 1:33.19
	Average shared text size (kbytes): 0
	Average unshared data size (kbytes): 0
	Average stack size (kbytes): 0
	Average total size (kbytes): 0
	Maximum resident set size (kbytes): 10318100
	Average resident set size (kbytes): 0
	Major (requiring I/O) page faults: 60
	Minor (reclaiming a frame) page faults: 5019551
	Voluntary context switches: 7152
	Involuntary context switches: 6491
	Swaps: 0
	File system inputs: 0
	File system outputs: 488
	Socket messages sent: 0
	Socket messages received: 0
	Signals delivered: 0
	Page size (bytes): 4096
	Exit status: 0
	Command being timed: "timeout 600 java -Xmx64g -jar ./enhsp3.jar -o ./domain_with_failure.pddl -f ./problems/a40g17AND-change-1-d7/problem84.pddl -h blcost -s WAStar -dap"
	User time (seconds): 87.63
	System time (seconds): 3.92
	Percent of CPU this job got: 99%
	Elapsed (wall clock) time (h:mm:ss or m:ss): 1:31.64
	Average shared text size (kbytes): 0
	Average unshared data size (kbytes): 0
	Average stack size (kbytes): 0
	Average total size (kbytes): 0
	Maximum resident set size (kbytes): 9972028
	Average resident set size (kbytes): 0
	Major (requiring I/O) page faults: 60
	Minor (reclaiming a frame) page faults: 4886997
	Voluntary context switches: 7051
	Involuntary context switches: 6396
	Swaps: 0
	File system inputs: 0
	File system outputs: 496
	Socket messages sent: 0
	Socket messages received: 0
	Signals delivered: 0
	Page size (bytes): 4096
	Exit status: 0
	Command being timed: "timeout 600 java -Xmx64g -jar ./enhsp3.jar -o ./domain_with_failure.pddl -f ./problems/a40g17AND-change-1-d7/problem85.pddl -h blcost -s WAStar -dap"
	User time (seconds): 89.46
	System time (seconds): 3.76
	Percent of CPU this job got: 99%
	Elapsed (wall clock) time (h:mm:ss or m:ss): 1:33.30
	Average shared text size (kbytes): 0
	Average unshared data size (kbytes): 0
	Average stack size (kbytes): 0
	Average total size (kbytes): 0
	Maximum resident set size (kbytes): 10342504
	Average resident set size (kbytes): 0
	Major (requiring I/O) page faults: 60
	Minor (reclaiming a frame) page faults: 5033256
	Voluntary context switches: 7174
	Involuntary context switches: 6535
	Swaps: 0
	File system inputs: 0
	File system outputs: 488
	Socket messages sent: 0
	Socket messages received: 0
	Signals delivered: 0
	Page size (bytes): 4096
	Exit status: 0
	Command being timed: "timeout 600 java -Xmx64g -jar ./enhsp3.jar -o ./domain_with_failure.pddl -f ./problems/a40g17AND-change-1-d7/problem86.pddl -h blcost -s WAStar -dap"
	User time (seconds): 103.12
	System time (seconds): 4.21
	Percent of CPU this job got: 99%
	Elapsed (wall clock) time (h:mm:ss or m:ss): 1:47.42
	Average shared text size (kbytes): 0
	Average unshared data size (kbytes): 0
	Average stack size (kbytes): 0
	Average total size (kbytes): 0
	Maximum resident set size (kbytes): 11196596
	Average resident set size (kbytes): 0
	Major (requiring I/O) page faults: 68
	Minor (reclaiming a frame) page faults: 5907603
	Voluntary context switches: 7808
	Involuntary context switches: 7179
	Swaps: 0
	File system inputs: 0
	File system outputs: 560
	Socket messages sent: 0
	Socket messages received: 0
	Signals delivered: 0
	Page size (bytes): 4096
	Exit status: 0
	Command being timed: "timeout 600 java -Xmx64g -jar ./enhsp3.jar -o ./domain_with_failure.pddl -f ./problems/a40g17AND-change-1-d7/problem87.pddl -h blcost -s WAStar -dap"
	User time (seconds): 106.42
	System time (seconds): 4.34
	Percent of CPU this job got: 99%
	Elapsed (wall clock) time (h:mm:ss or m:ss): 1:50.85
	Average shared text size (kbytes): 0
	Average unshared data size (kbytes): 0
	Average stack size (kbytes): 0
	Average total size (kbytes): 0
	Maximum resident set size (kbytes): 10591028
	Average resident set size (kbytes): 0
	Major (requiring I/O) page faults: 68
	Minor (reclaiming a frame) page faults: 6088322
	Voluntary context switches: 7771
	Involuntary context switches: 7234
	Swaps: 0
	File system inputs: 0
	File system outputs: 560
	Socket messages sent: 0
	Socket messages received: 0
	Signals delivered: 0
	Page size (bytes): 4096
	Exit status: 0
	Command being timed: "timeout 600 java -Xmx64g -jar ./enhsp3.jar -o ./domain_with_failure.pddl -f ./problems/a40g17AND-change-1-d7/problem88.pddl -h blcost -s WAStar -dap"
	User time (seconds): 89.33
	System time (seconds): 3.62
	Percent of CPU this job got: 99%
	Elapsed (wall clock) time (h:mm:ss or m:ss): 1:33.03
	Average shared text size (kbytes): 0
	Average unshared data size (kbytes): 0
	Average stack size (kbytes): 0
	Average total size (kbytes): 0
	Maximum resident set size (kbytes): 10342188
	Average resident set size (kbytes): 0
	Major (requiring I/O) page faults: 60
	Minor (reclaiming a frame) page faults: 4890570
	Voluntary context switches: 7246
	Involuntary context switches: 6467
	Swaps: 0
	File system inputs: 0
	File system outputs: 488
	Socket messages sent: 0
	Socket messages received: 0
	Signals delivered: 0
	Page size (bytes): 4096
	Exit status: 0
	Command being timed: "timeout 600 java -Xmx64g -jar ./enhsp3.jar -o ./domain_with_failure.pddl -f ./problems/a40g17AND-change-1-d7/problem89.pddl -h blcost -s WAStar -dap"
	User time (seconds): 103.05
	System time (seconds): 4.34
	Percent of CPU this job got: 99%
	Elapsed (wall clock) time (h:mm:ss or m:ss): 1:47.48
	Average shared text size (kbytes): 0
	Average unshared data size (kbytes): 0
	Average stack size (kbytes): 0
	Average total size (kbytes): 0
	Maximum resident set size (kbytes): 11174092
	Average resident set size (kbytes): 0
	Major (requiring I/O) page faults: 68
	Minor (reclaiming a frame) page faults: 5987571
	Voluntary context switches: 7657
	Involuntary context switches: 7069
	Swaps: 0
	File system inputs: 0
	File system outputs: 560
	Socket messages sent: 0
	Socket messages received: 0
	Signals delivered: 0
	Page size (bytes): 4096
	Exit status: 0
	Command being timed: "timeout 600 java -Xmx64g -jar ./enhsp3.jar -o ./domain_with_failure.pddl -f ./problems/a40g17AND-change-1-d7/problem90.pddl -h blcost -s WAStar -dap"
	User time (seconds): 89.20
	System time (seconds): 3.78
	Percent of CPU this job got: 99%
	Elapsed (wall clock) time (h:mm:ss or m:ss): 1:33.07
	Average shared text size (kbytes): 0
	Average unshared data size (kbytes): 0
	Average stack size (kbytes): 0
	Average total size (kbytes): 0
	Maximum resident set size (kbytes): 10347452
	Average resident set size (kbytes): 0
	Major (requiring I/O) page faults: 59
	Minor (reclaiming a frame) page faults: 4922363
	Voluntary context switches: 7287
	Involuntary context switches: 6570
	Swaps: 0
	File system inputs: 0
	File system outputs: 480
	Socket messages sent: 0
	Socket messages received: 0
	Signals delivered: 0
	Page size (bytes): 4096
	Exit status: 0
	Command being timed: "timeout 600 java -Xmx64g -jar ./enhsp3.jar -o ./domain_with_failure.pddl -f ./problems/a40g17AND-change-1-d7/problem91.pddl -h blcost -s WAStar -dap"
	User time (seconds): 89.20
	System time (seconds): 3.81
	Percent of CPU this job got: 99%
	Elapsed (wall clock) time (h:mm:ss or m:ss): 1:33.10
	Average shared text size (kbytes): 0
	Average unshared data size (kbytes): 0
	Average stack size (kbytes): 0
	Average total size (kbytes): 0
	Maximum resident set size (kbytes): 10304456
	Average resident set size (kbytes): 0
	Major (requiring I/O) page faults: 60
	Minor (reclaiming a frame) page faults: 5023876
	Voluntary context switches: 7235
	Involuntary context switches: 6485
	Swaps: 0
	File system inputs: 0
	File system outputs: 496
	Socket messages sent: 0
	Socket messages received: 0
	Signals delivered: 0
	Page size (bytes): 4096
	Exit status: 0
	Command being timed: "timeout 600 java -Xmx64g -jar ./enhsp3.jar -o ./domain_with_failure.pddl -f ./problems/a40g17AND-change-1-d7/problem92.pddl -h blcost -s WAStar -dap"
	User time (seconds): 89.72
	System time (seconds): 3.88
	Percent of CPU this job got: 99%
	Elapsed (wall clock) time (h:mm:ss or m:ss): 1:33.72
	Average shared text size (kbytes): 0
	Average unshared data size (kbytes): 0
	Average stack size (kbytes): 0
	Average total size (kbytes): 0
	Maximum resident set size (kbytes): 10344800
	Average resident set size (kbytes): 0
	Major (requiring I/O) page faults: 60
	Minor (reclaiming a frame) page faults: 5040102
	Voluntary context switches: 7270
	Involuntary context switches: 6580
	Swaps: 0
	File system inputs: 0
	File system outputs: 496
	Socket messages sent: 0
	Socket messages received: 0
	Signals delivered: 0
	Page size (bytes): 4096
	Exit status: 0
	Command being timed: "timeout 600 java -Xmx64g -jar ./enhsp3.jar -o ./domain_with_failure.pddl -f ./problems/a40g17AND-change-1-d7/problem93.pddl -h blcost -s WAStar -dap"
	User time (seconds): 102.56
	System time (seconds): 4.29
	Percent of CPU this job got: 99%
	Elapsed (wall clock) time (h:mm:ss or m:ss): 1:46.95
	Average shared text size (kbytes): 0
	Average unshared data size (kbytes): 0
	Average stack size (kbytes): 0
	Average total size (kbytes): 0
	Maximum resident set size (kbytes): 11173036
	Average resident set size (kbytes): 0
	Major (requiring I/O) page faults: 69
	Minor (reclaiming a frame) page faults: 5964788
	Voluntary context switches: 7646
	Involuntary context switches: 7038
	Swaps: 0
	File system inputs: 0
	File system outputs: 576
	Socket messages sent: 0
	Socket messages received: 0
	Signals delivered: 0
	Page size (bytes): 4096
	Exit status: 0
	Command being timed: "timeout 600 java -Xmx64g -jar ./enhsp3.jar -o ./domain_with_failure.pddl -f ./problems/a40g17AND-change-1-d7/problem94.pddl -h blcost -s WAStar -dap"
	User time (seconds): 122.02
	System time (seconds): 5.31
	Percent of CPU this job got: 99%
	Elapsed (wall clock) time (h:mm:ss or m:ss): 2:07.44
	Average shared text size (kbytes): 0
	Average unshared data size (kbytes): 0
	Average stack size (kbytes): 0
	Average total size (kbytes): 0
	Maximum resident set size (kbytes): 13382372
	Average resident set size (kbytes): 0
	Major (requiring I/O) page faults: 79
	Minor (reclaiming a frame) page faults: 7278476
	Voluntary context switches: 8336
	Involuntary context switches: 7985
	Swaps: 0
	File system inputs: 0
	File system outputs: 656
	Socket messages sent: 0
	Socket messages received: 0
	Signals delivered: 0
	Page size (bytes): 4096
	Exit status: 0
	Command being timed: "timeout 600 java -Xmx64g -jar ./enhsp3.jar -o ./domain_with_failure.pddl -f ./problems/a40g17AND-change-1-d7/problem95.pddl -h blcost -s WAStar -dap"
	User time (seconds): 89.71
	System time (seconds): 3.74
	Percent of CPU this job got: 99%
	Elapsed (wall clock) time (h:mm:ss or m:ss): 1:33.54
	Average shared text size (kbytes): 0
	Average unshared data size (kbytes): 0
	Average stack size (kbytes): 0
	Average total size (kbytes): 0
	Maximum resident set size (kbytes): 10342548
	Average resident set size (kbytes): 0
	Major (requiring I/O) page faults: 60
	Minor (reclaiming a frame) page faults: 5036618
	Voluntary context switches: 7512
	Involuntary context switches: 6582
	Swaps: 0
	File system inputs: 0
	File system outputs: 504
	Socket messages sent: 0
	Socket messages received: 0
	Signals delivered: 0
	Page size (bytes): 4096
	Exit status: 0
	Command being timed: "timeout 600 java -Xmx64g -jar ./enhsp3.jar -o ./domain_with_failure.pddl -f ./problems/a40g17AND-change-1-d7/problem96.pddl -h blcost -s WAStar -dap"
	User time (seconds): 114.92
	System time (seconds): 4.70
	Percent of CPU this job got: 99%
	Elapsed (wall clock) time (h:mm:ss or m:ss): 1:59.72
	Average shared text size (kbytes): 0
	Average unshared data size (kbytes): 0
	Average stack size (kbytes): 0
	Average total size (kbytes): 0
	Maximum resident set size (kbytes): 12185452
	Average resident set size (kbytes): 0
	Major (requiring I/O) page faults: 77
	Minor (reclaiming a frame) page faults: 6662178
	Voluntary context switches: 7987
	Involuntary context switches: 7591
	Swaps: 0
	File system inputs: 0
	File system outputs: 632
	Socket messages sent: 0
	Socket messages received: 0
	Signals delivered: 0
	Page size (bytes): 4096
	Exit status: 0
	Command being timed: "timeout 600 java -Xmx64g -jar ./enhsp3.jar -o ./domain_with_failure.pddl -f ./problems/a40g17AND-change-1-d7/problem97.pddl -h blcost -s WAStar -dap"
	User time (seconds): 88.82
	System time (seconds): 3.78
	Percent of CPU this job got: 99%
	Elapsed (wall clock) time (h:mm:ss or m:ss): 1:32.69
	Average shared text size (kbytes): 0
	Average unshared data size (kbytes): 0
	Average stack size (kbytes): 0
	Average total size (kbytes): 0
	Maximum resident set size (kbytes): 9939516
	Average resident set size (kbytes): 0
	Major (requiring I/O) page faults: 60
	Minor (reclaiming a frame) page faults: 4861867
	Voluntary context switches: 7340
	Involuntary context switches: 6736
	Swaps: 0
	File system inputs: 0
	File system outputs: 504
	Socket messages sent: 0
	Socket messages received: 0
	Signals delivered: 0
	Page size (bytes): 4096
	Exit status: 0
	Command being timed: "timeout 600 java -Xmx64g -jar ./enhsp3.jar -o ./domain_with_failure.pddl -f ./problems/a40g17AND-change-1-d7/problem98.pddl -h blcost -s WAStar -dap"
	User time (seconds): 95.82
	System time (seconds): 4.17
	Percent of CPU this job got: 99%
	Elapsed (wall clock) time (h:mm:ss or m:ss): 1:40.08
	Average shared text size (kbytes): 0
	Average unshared data size (kbytes): 0
	Average stack size (kbytes): 0
	Average total size (kbytes): 0
	Maximum resident set size (kbytes): 10803888
	Average resident set size (kbytes): 0
	Major (requiring I/O) page faults: 63
	Minor (reclaiming a frame) page faults: 5512569
	Voluntary context switches: 7435
	Involuntary context switches: 6861
	Swaps: 0
	File system inputs: 0
	File system outputs: 520
	Socket messages sent: 0
	Socket messages received: 0
	Signals delivered: 0
	Page size (bytes): 4096
	Exit status: 0
	Command being timed: "timeout 600 java -Xmx64g -jar ./enhsp3.jar -o ./domain_with_failure.pddl -f ./problems/a40g17AND-change-1-d7/problem99.pddl -h blcost -s WAStar -dap"
	User time (seconds): 89.64
	System time (seconds): 3.72
	Percent of CPU this job got: 99%
	Elapsed (wall clock) time (h:mm:ss or m:ss): 1:33.45
	Average shared text size (kbytes): 0
	Average unshared data size (kbytes): 0
	Average stack size (kbytes): 0
	Average total size (kbytes): 0
	Maximum resident set size (kbytes): 10327940
	Average resident set size (kbytes): 0
	Major (requiring I/O) page faults: 63
	Minor (reclaiming a frame) page faults: 4837648
	Voluntary context switches: 7138
	Involuntary context switches: 6568
	Swaps: 0
	File system inputs: 0
	File system outputs: 520
	Socket messages sent: 0
	Socket messages received: 0
	Signals delivered: 0
	Page size (bytes): 4096
	Exit status: 0
	Command being timed: "timeout 600 java -Xmx64g -jar ./enhsp3.jar -o ./domain_with_failure.pddl -f ./problems/a40g17AND-change-1-d7/problem100.pddl -h blcost -s WAStar -dap"
	User time (seconds): 89.83
	System time (seconds): 3.86
	Percent of CPU this job got: 99%
	Elapsed (wall clock) time (h:mm:ss or m:ss): 1:33.78
	Average shared text size (kbytes): 0
	Average unshared data size (kbytes): 0
	Average stack size (kbytes): 0
	Average total size (kbytes): 0
	Maximum resident set size (kbytes): 10352736
	Average resident set size (kbytes): 0
	Major (requiring I/O) page faults: 60
	Minor (reclaiming a frame) page faults: 5102895
	Voluntary context switches: 7193
	Involuntary context switches: 6655
	Swaps: 0
	File system inputs: 0
	File system outputs: 496
	Socket messages sent: 0
	Socket messages received: 0
	Signals delivered: 0
	Page size (bytes): 4096
	Exit status: 0
