Loading openjdk/17.0.8.1_1
  Loading requirement: glibc/2.35-aocc-3.2.0-wetwhfr
    gcc-runtime/12.1.0-gcc-12.1.0-uotjsm3 glibc/2.35-aocc-3.2.0-dkzxmta
	Command being timed: "timeout 600 java -Xmx64g -jar ./enhsp3.jar -o ./domain_with_failure.pddl -f ./problems/a35g6-change-2-d7/problem1.pddl -h blcost -s WAStar -dap"
	User time (seconds): 24.02
	System time (seconds): 1.34
	Percent of CPU this job got: 99%
	Elapsed (wall clock) time (h:mm:ss or m:ss): 0:25.39
	Average shared text size (kbytes): 0
	Average unshared data size (kbytes): 0
	Average stack size (kbytes): 0
	Average total size (kbytes): 0
	Maximum resident set size (kbytes): 3085200
	Average resident set size (kbytes): 0
	Major (requiring I/O) page faults: 20
	Minor (reclaiming a frame) page faults: 1365833
	Voluntary context switches: 4860
	Involuntary context switches: 4295
	Swaps: 0
	File system inputs: 0
	File system outputs: 160
	Socket messages sent: 0
	Socket messages received: 0
	Signals delivered: 0
	Page size (bytes): 4096
	Exit status: 0
	Command being timed: "timeout 600 java -Xmx64g -jar ./enhsp3.jar -o ./domain_with_failure.pddl -f ./problems/a35g6-change-2-d7/problem2.pddl -h blcost -s WAStar -dap"
	User time (seconds): 23.80
	System time (seconds): 1.25
	Percent of CPU this job got: 99%
	Elapsed (wall clock) time (h:mm:ss or m:ss): 0:25.08
	Average shared text size (kbytes): 0
	Average unshared data size (kbytes): 0
	Average stack size (kbytes): 0
	Average total size (kbytes): 0
	Maximum resident set size (kbytes): 2907968
	Average resident set size (kbytes): 0
	Major (requiring I/O) page faults: 23
	Minor (reclaiming a frame) page faults: 1302861
	Voluntary context switches: 4596
	Involuntary context switches: 4255
	Swaps: 0
	File system inputs: 0
	File system outputs: 200
	Socket messages sent: 0
	Socket messages received: 0
	Signals delivered: 0
	Page size (bytes): 4096
	Exit status: 0
	Command being timed: "timeout 600 java -Xmx64g -jar ./enhsp3.jar -o ./domain_with_failure.pddl -f ./problems/a35g6-change-2-d7/problem3.pddl -h blcost -s WAStar -dap"
	User time (seconds): 23.47
	System time (seconds): 1.15
	Percent of CPU this job got: 99%
	Elapsed (wall clock) time (h:mm:ss or m:ss): 0:24.66
	Average shared text size (kbytes): 0
	Average unshared data size (kbytes): 0
	Average stack size (kbytes): 0
	Average total size (kbytes): 0
	Maximum resident set size (kbytes): 2903848
	Average resident set size (kbytes): 0
	Major (requiring I/O) page faults: 23
	Minor (reclaiming a frame) page faults: 1335540
	Voluntary context switches: 4503
	Involuntary context switches: 4106
	Swaps: 0
	File system inputs: 0
	File system outputs: 184
	Socket messages sent: 0
	Socket messages received: 0
	Signals delivered: 0
	Page size (bytes): 4096
	Exit status: 0
	Command being timed: "timeout 600 java -Xmx64g -jar ./enhsp3.jar -o ./domain_with_failure.pddl -f ./problems/a35g6-change-2-d7/problem4.pddl -h blcost -s WAStar -dap"
	User time (seconds): 24.39
	System time (seconds): 1.27
	Percent of CPU this job got: 99%
	Elapsed (wall clock) time (h:mm:ss or m:ss): 0:25.71
	Average shared text size (kbytes): 0
	Average unshared data size (kbytes): 0
	Average stack size (kbytes): 0
	Average total size (kbytes): 0
	Maximum resident set size (kbytes): 3103240
	Average resident set size (kbytes): 0
	Major (requiring I/O) page faults: 23
	Minor (reclaiming a frame) page faults: 1430219
	Voluntary context switches: 4736
	Involuntary context switches: 4000
	Swaps: 0
	File system inputs: 0
	File system outputs: 200
	Socket messages sent: 0
	Socket messages received: 0
	Signals delivered: 0
	Page size (bytes): 4096
	Exit status: 0
	Command being timed: "timeout 600 java -Xmx64g -jar ./enhsp3.jar -o ./domain_with_failure.pddl -f ./problems/a35g6-change-2-d7/problem5.pddl -h blcost -s WAStar -dap"
	User time (seconds): 23.86
	System time (seconds): 1.24
	Percent of CPU this job got: 99%
	Elapsed (wall clock) time (h:mm:ss or m:ss): 0:25.14
	Average shared text size (kbytes): 0
	Average unshared data size (kbytes): 0
	Average stack size (kbytes): 0
	Average total size (kbytes): 0
	Maximum resident set size (kbytes): 2902948
	Average resident set size (kbytes): 0
	Major (requiring I/O) page faults: 23
	Minor (reclaiming a frame) page faults: 1335257
	Voluntary context switches: 4683
	Involuntary context switches: 4380
	Swaps: 0
	File system inputs: 0
	File system outputs: 184
	Socket messages sent: 0
	Socket messages received: 0
	Signals delivered: 0
	Page size (bytes): 4096
	Exit status: 0
	Command being timed: "timeout 600 java -Xmx64g -jar ./enhsp3.jar -o ./domain_with_failure.pddl -f ./problems/a35g6-change-2-d7/problem6.pddl -h blcost -s WAStar -dap"
	User time (seconds): 22.39
	System time (seconds): 1.17
	Percent of CPU this job got: 99%
	Elapsed (wall clock) time (h:mm:ss or m:ss): 0:23.59
	Average shared text size (kbytes): 0
	Average unshared data size (kbytes): 0
	Average stack size (kbytes): 0
	Average total size (kbytes): 0
	Maximum resident set size (kbytes): 2837168
	Average resident set size (kbytes): 0
	Major (requiring I/O) page faults: 23
	Minor (reclaiming a frame) page faults: 1236857
	Voluntary context switches: 4584
	Involuntary context switches: 4052
	Swaps: 0
	File system inputs: 0
	File system outputs: 200
	Socket messages sent: 0
	Socket messages received: 0
	Signals delivered: 0
	Page size (bytes): 4096
	Exit status: 0
	Command being timed: "timeout 600 java -Xmx64g -jar ./enhsp3.jar -o ./domain_with_failure.pddl -f ./problems/a35g6-change-2-d7/problem7.pddl -h blcost -s WAStar -dap"
	User time (seconds): 24.48
	System time (seconds): 1.24
	Percent of CPU this job got: 99%
	Elapsed (wall clock) time (h:mm:ss or m:ss): 0:25.77
	Average shared text size (kbytes): 0
	Average unshared data size (kbytes): 0
	Average stack size (kbytes): 0
	Average total size (kbytes): 0
	Maximum resident set size (kbytes): 3103316
	Average resident set size (kbytes): 0
	Major (requiring I/O) page faults: 23
	Minor (reclaiming a frame) page faults: 1438347
	Voluntary context switches: 5092
	Involuntary context switches: 4198
	Swaps: 0
	File system inputs: 0
	File system outputs: 192
	Socket messages sent: 0
	Socket messages received: 0
	Signals delivered: 0
	Page size (bytes): 4096
	Exit status: 0
	Command being timed: "timeout 600 java -Xmx64g -jar ./enhsp3.jar -o ./domain_with_failure.pddl -f ./problems/a35g6-change-2-d7/problem8.pddl -h blcost -s WAStar -dap"
	User time (seconds): 23.83
	System time (seconds): 1.21
	Percent of CPU this job got: 99%
	Elapsed (wall clock) time (h:mm:ss or m:ss): 0:25.09
	Average shared text size (kbytes): 0
	Average unshared data size (kbytes): 0
	Average stack size (kbytes): 0
	Average total size (kbytes): 0
	Maximum resident set size (kbytes): 2903640
	Average resident set size (kbytes): 0
	Major (requiring I/O) page faults: 23
	Minor (reclaiming a frame) page faults: 1337731
	Voluntary context switches: 4524
	Involuntary context switches: 4232
	Swaps: 0
	File system inputs: 0
	File system outputs: 184
	Socket messages sent: 0
	Socket messages received: 0
	Signals delivered: 0
	Page size (bytes): 4096
	Exit status: 0
	Command being timed: "timeout 600 java -Xmx64g -jar ./enhsp3.jar -o ./domain_with_failure.pddl -f ./problems/a35g6-change-2-d7/problem9.pddl -h blcost -s WAStar -dap"
	User time (seconds): 24.24
	System time (seconds): 1.37
	Percent of CPU this job got: 99%
	Elapsed (wall clock) time (h:mm:ss or m:ss): 0:25.65
	Average shared text size (kbytes): 0
	Average unshared data size (kbytes): 0
	Average stack size (kbytes): 0
	Average total size (kbytes): 0
	Maximum resident set size (kbytes): 3065904
	Average resident set size (kbytes): 0
	Major (requiring I/O) page faults: 23
	Minor (reclaiming a frame) page faults: 1459342
	Voluntary context switches: 4730
	Involuntary context switches: 4051
	Swaps: 0
	File system inputs: 0
	File system outputs: 200
	Socket messages sent: 0
	Socket messages received: 0
	Signals delivered: 0
	Page size (bytes): 4096
	Exit status: 0
	Command being timed: "timeout 600 java -Xmx64g -jar ./enhsp3.jar -o ./domain_with_failure.pddl -f ./problems/a35g6-change-2-d7/problem10.pddl -h blcost -s WAStar -dap"
	User time (seconds): 24.48
	System time (seconds): 1.36
	Percent of CPU this job got: 99%
	Elapsed (wall clock) time (h:mm:ss or m:ss): 0:25.89
	Average shared text size (kbytes): 0
	Average unshared data size (kbytes): 0
	Average stack size (kbytes): 0
	Average total size (kbytes): 0
	Maximum resident set size (kbytes): 3069296
	Average resident set size (kbytes): 0
	Major (requiring I/O) page faults: 23
	Minor (reclaiming a frame) page faults: 1507303
	Voluntary context switches: 4537
	Involuntary context switches: 4060
	Swaps: 0
	File system inputs: 0
	File system outputs: 184
	Socket messages sent: 0
	Socket messages received: 0
	Signals delivered: 0
	Page size (bytes): 4096
	Exit status: 0
	Command being timed: "timeout 600 java -Xmx64g -jar ./enhsp3.jar -o ./domain_with_failure.pddl -f ./problems/a35g6-change-2-d7/problem11.pddl -h blcost -s WAStar -dap"
	User time (seconds): 23.68
	System time (seconds): 1.26
	Percent of CPU this job got: 99%
	Elapsed (wall clock) time (h:mm:ss or m:ss): 0:24.98
	Average shared text size (kbytes): 0
	Average unshared data size (kbytes): 0
	Average stack size (kbytes): 0
	Average total size (kbytes): 0
	Maximum resident set size (kbytes): 3043244
	Average resident set size (kbytes): 0
	Major (requiring I/O) page faults: 23
	Minor (reclaiming a frame) page faults: 1335098
	Voluntary context switches: 4544
	Involuntary context switches: 4034
	Swaps: 0
	File system inputs: 0
	File system outputs: 192
	Socket messages sent: 0
	Socket messages received: 0
	Signals delivered: 0
	Page size (bytes): 4096
	Exit status: 0
	Command being timed: "timeout 600 java -Xmx64g -jar ./enhsp3.jar -o ./domain_with_failure.pddl -f ./problems/a35g6-change-2-d7/problem12.pddl -h blcost -s WAStar -dap"
	User time (seconds): 23.30
	System time (seconds): 1.26
	Percent of CPU this job got: 99%
	Elapsed (wall clock) time (h:mm:ss or m:ss): 0:24.60
	Average shared text size (kbytes): 0
	Average unshared data size (kbytes): 0
	Average stack size (kbytes): 0
	Average total size (kbytes): 0
	Maximum resident set size (kbytes): 2904540
	Average resident set size (kbytes): 0
	Major (requiring I/O) page faults: 20
	Minor (reclaiming a frame) page faults: 1334500
	Voluntary context switches: 4482
	Involuntary context switches: 4040
	Swaps: 0
	File system inputs: 0
	File system outputs: 168
	Socket messages sent: 0
	Socket messages received: 0
	Signals delivered: 0
	Page size (bytes): 4096
	Exit status: 0
	Command being timed: "timeout 600 java -Xmx64g -jar ./enhsp3.jar -o ./domain_with_failure.pddl -f ./problems/a35g6-change-2-d7/problem13.pddl -h blcost -s WAStar -dap"
	User time (seconds): 21.90
	System time (seconds): 1.16
	Percent of CPU this job got: 99%
	Elapsed (wall clock) time (h:mm:ss or m:ss): 0:23.10
	Average shared text size (kbytes): 0
	Average unshared data size (kbytes): 0
	Average stack size (kbytes): 0
	Average total size (kbytes): 0
	Maximum resident set size (kbytes): 2835120
	Average resident set size (kbytes): 0
	Major (requiring I/O) page faults: 23
	Minor (reclaiming a frame) page faults: 1234777
	Voluntary context switches: 5029
	Involuntary context switches: 4063
	Swaps: 0
	File system inputs: 0
	File system outputs: 192
	Socket messages sent: 0
	Socket messages received: 0
	Signals delivered: 0
	Page size (bytes): 4096
	Exit status: 0
	Command being timed: "timeout 600 java -Xmx64g -jar ./enhsp3.jar -o ./domain_with_failure.pddl -f ./problems/a35g6-change-2-d7/problem14.pddl -h blcost -s WAStar -dap"
	User time (seconds): 23.92
	System time (seconds): 1.22
	Percent of CPU this job got: 99%
	Elapsed (wall clock) time (h:mm:ss or m:ss): 0:25.17
	Average shared text size (kbytes): 0
	Average unshared data size (kbytes): 0
	Average stack size (kbytes): 0
	Average total size (kbytes): 0
	Maximum resident set size (kbytes): 3041364
	Average resident set size (kbytes): 0
	Major (requiring I/O) page faults: 23
	Minor (reclaiming a frame) page faults: 1340597
	Voluntary context switches: 4923
	Involuntary context switches: 4196
	Swaps: 0
	File system inputs: 0
	File system outputs: 192
	Socket messages sent: 0
	Socket messages received: 0
	Signals delivered: 0
	Page size (bytes): 4096
	Exit status: 0
	Command being timed: "timeout 600 java -Xmx64g -jar ./enhsp3.jar -o ./domain_with_failure.pddl -f ./problems/a35g6-change-2-d7/problem15.pddl -h blcost -s WAStar -dap"
	User time (seconds): 23.93
	System time (seconds): 1.25
	Percent of CPU this job got: 99%
	Elapsed (wall clock) time (h:mm:ss or m:ss): 0:25.22
	Average shared text size (kbytes): 0
	Average unshared data size (kbytes): 0
	Average stack size (kbytes): 0
	Average total size (kbytes): 0
	Maximum resident set size (kbytes): 3099076
	Average resident set size (kbytes): 0
	Major (requiring I/O) page faults: 23
	Minor (reclaiming a frame) page faults: 1364995
	Voluntary context switches: 4956
	Involuntary context switches: 4003
	Swaps: 0
	File system inputs: 0
	File system outputs: 184
	Socket messages sent: 0
	Socket messages received: 0
	Signals delivered: 0
	Page size (bytes): 4096
	Exit status: 0
	Command being timed: "timeout 600 java -Xmx64g -jar ./enhsp3.jar -o ./domain_with_failure.pddl -f ./problems/a35g6-change-2-d7/problem16.pddl -h blcost -s WAStar -dap"
	User time (seconds): 22.49
	System time (seconds): 1.14
	Percent of CPU this job got: 99%
	Elapsed (wall clock) time (h:mm:ss or m:ss): 0:23.67
	Average shared text size (kbytes): 0
	Average unshared data size (kbytes): 0
	Average stack size (kbytes): 0
	Average total size (kbytes): 0
	Maximum resident set size (kbytes): 2894112
	Average resident set size (kbytes): 0
	Major (requiring I/O) page faults: 20
	Minor (reclaiming a frame) page faults: 1324131
	Voluntary context switches: 5018
	Involuntary context switches: 3971
	Swaps: 0
	File system inputs: 0
	File system outputs: 168
	Socket messages sent: 0
	Socket messages received: 0
	Signals delivered: 0
	Page size (bytes): 4096
	Exit status: 0
	Command being timed: "timeout 600 java -Xmx64g -jar ./enhsp3.jar -o ./domain_with_failure.pddl -f ./problems/a35g6-change-2-d7/problem17.pddl -h blcost -s WAStar -dap"
	User time (seconds): 22.15
	System time (seconds): 1.17
	Percent of CPU this job got: 99%
	Elapsed (wall clock) time (h:mm:ss or m:ss): 0:23.36
	Average shared text size (kbytes): 0
	Average unshared data size (kbytes): 0
	Average stack size (kbytes): 0
	Average total size (kbytes): 0
	Maximum resident set size (kbytes): 2846668
	Average resident set size (kbytes): 0
	Major (requiring I/O) page faults: 23
	Minor (reclaiming a frame) page faults: 1238310
	Voluntary context switches: 4613
	Involuntary context switches: 3992
	Swaps: 0
	File system inputs: 0
	File system outputs: 192
	Socket messages sent: 0
	Socket messages received: 0
	Signals delivered: 0
	Page size (bytes): 4096
	Exit status: 0
	Command being timed: "timeout 600 java -Xmx64g -jar ./enhsp3.jar -o ./domain_with_failure.pddl -f ./problems/a35g6-change-2-d7/problem18.pddl -h blcost -s WAStar -dap"
	User time (seconds): 23.92
	System time (seconds): 1.33
	Percent of CPU this job got: 99%
	Elapsed (wall clock) time (h:mm:ss or m:ss): 0:25.28
	Average shared text size (kbytes): 0
	Average unshared data size (kbytes): 0
	Average stack size (kbytes): 0
	Average total size (kbytes): 0
	Maximum resident set size (kbytes): 3043476
	Average resident set size (kbytes): 0
	Major (requiring I/O) page faults: 23
	Minor (reclaiming a frame) page faults: 1408648
	Voluntary context switches: 4745
	Involuntary context switches: 4138
	Swaps: 0
	File system inputs: 0
	File system outputs: 192
	Socket messages sent: 0
	Socket messages received: 0
	Signals delivered: 0
	Page size (bytes): 4096
	Exit status: 0
	Command being timed: "timeout 600 java -Xmx64g -jar ./enhsp3.jar -o ./domain_with_failure.pddl -f ./problems/a35g6-change-2-d7/problem19.pddl -h blcost -s WAStar -dap"
	User time (seconds): 22.17
	System time (seconds): 1.09
	Percent of CPU this job got: 99%
	Elapsed (wall clock) time (h:mm:ss or m:ss): 0:23.31
	Average shared text size (kbytes): 0
	Average unshared data size (kbytes): 0
	Average stack size (kbytes): 0
	Average total size (kbytes): 0
	Maximum resident set size (kbytes): 2842728
	Average resident set size (kbytes): 0
	Major (requiring I/O) page faults: 20
	Minor (reclaiming a frame) page faults: 1239075
	Voluntary context switches: 4750
	Involuntary context switches: 3945
	Swaps: 0
	File system inputs: 0
	File system outputs: 160
	Socket messages sent: 0
	Socket messages received: 0
	Signals delivered: 0
	Page size (bytes): 4096
	Exit status: 0
	Command being timed: "timeout 600 java -Xmx64g -jar ./enhsp3.jar -o ./domain_with_failure.pddl -f ./problems/a35g6-change-2-d7/problem20.pddl -h blcost -s WAStar -dap"
	User time (seconds): 22.27
	System time (seconds): 1.29
	Percent of CPU this job got: 99%
	Elapsed (wall clock) time (h:mm:ss or m:ss): 0:23.61
	Average shared text size (kbytes): 0
	Average unshared data size (kbytes): 0
	Average stack size (kbytes): 0
	Average total size (kbytes): 0
	Maximum resident set size (kbytes): 2847892
	Average resident set size (kbytes): 0
	Major (requiring I/O) page faults: 23
	Minor (reclaiming a frame) page faults: 1239316
	Voluntary context switches: 4580
	Involuntary context switches: 4093
	Swaps: 0
	File system inputs: 0
	File system outputs: 200
	Socket messages sent: 0
	Socket messages received: 0
	Signals delivered: 0
	Page size (bytes): 4096
	Exit status: 0
	Command being timed: "timeout 600 java -Xmx64g -jar ./enhsp3.jar -o ./domain_with_failure.pddl -f ./problems/a35g6-change-2-d7/problem21.pddl -h blcost -s WAStar -dap"
	User time (seconds): 23.26
	System time (seconds): 1.28
	Percent of CPU this job got: 99%
	Elapsed (wall clock) time (h:mm:ss or m:ss): 0:24.59
	Average shared text size (kbytes): 0
	Average unshared data size (kbytes): 0
	Average stack size (kbytes): 0
	Average total size (kbytes): 0
	Maximum resident set size (kbytes): 2907652
	Average resident set size (kbytes): 0
	Major (requiring I/O) page faults: 23
	Minor (reclaiming a frame) page faults: 1307309
	Voluntary context switches: 4586
	Involuntary context switches: 4189
	Swaps: 0
	File system inputs: 0
	File system outputs: 184
	Socket messages sent: 0
	Socket messages received: 0
	Signals delivered: 0
	Page size (bytes): 4096
	Exit status: 0
	Command being timed: "timeout 600 java -Xmx64g -jar ./enhsp3.jar -o ./domain_with_failure.pddl -f ./problems/a35g6-change-2-d7/problem22.pddl -h blcost -s WAStar -dap"
	User time (seconds): 24.60
	System time (seconds): 1.30
	Percent of CPU this job got: 99%
	Elapsed (wall clock) time (h:mm:ss or m:ss): 0:25.95
	Average shared text size (kbytes): 0
	Average unshared data size (kbytes): 0
	Average stack size (kbytes): 0
	Average total size (kbytes): 0
	Maximum resident set size (kbytes): 3087504
	Average resident set size (kbytes): 0
	Major (requiring I/O) page faults: 23
	Minor (reclaiming a frame) page faults: 1379668
	Voluntary context switches: 4724
	Involuntary context switches: 4140
	Swaps: 0
	File system inputs: 0
	File system outputs: 200
	Socket messages sent: 0
	Socket messages received: 0
	Signals delivered: 0
	Page size (bytes): 4096
	Exit status: 0
	Command being timed: "timeout 600 java -Xmx64g -jar ./enhsp3.jar -o ./domain_with_failure.pddl -f ./problems/a35g6-change-2-d7/problem23.pddl -h blcost -s WAStar -dap"
	User time (seconds): 24.48
	System time (seconds): 1.41
	Percent of CPU this job got: 99%
	Elapsed (wall clock) time (h:mm:ss or m:ss): 0:25.94
	Average shared text size (kbytes): 0
	Average unshared data size (kbytes): 0
	Average stack size (kbytes): 0
	Average total size (kbytes): 0
	Maximum resident set size (kbytes): 3099392
	Average resident set size (kbytes): 0
	Major (requiring I/O) page faults: 23
	Minor (reclaiming a frame) page faults: 1444763
	Voluntary context switches: 4794
	Involuntary context switches: 4210
	Swaps: 0
	File system inputs: 0
	File system outputs: 192
	Socket messages sent: 0
	Socket messages received: 0
	Signals delivered: 0
	Page size (bytes): 4096
	Exit status: 0
	Command being timed: "timeout 600 java -Xmx64g -jar ./enhsp3.jar -o ./domain_with_failure.pddl -f ./problems/a35g6-change-2-d7/problem24.pddl -h blcost -s WAStar -dap"
	User time (seconds): 23.17
	System time (seconds): 1.37
	Percent of CPU this job got: 99%
	Elapsed (wall clock) time (h:mm:ss or m:ss): 0:24.59
	Average shared text size (kbytes): 0
	Average unshared data size (kbytes): 0
	Average stack size (kbytes): 0
	Average total size (kbytes): 0
	Maximum resident set size (kbytes): 2906308
	Average resident set size (kbytes): 0
	Major (requiring I/O) page faults: 23
	Minor (reclaiming a frame) page faults: 1354542
	Voluntary context switches: 4610
	Involuntary context switches: 4190
	Swaps: 0
	File system inputs: 0
	File system outputs: 184
	Socket messages sent: 0
	Socket messages received: 0
	Signals delivered: 0
	Page size (bytes): 4096
	Exit status: 0
	Command being timed: "timeout 600 java -Xmx64g -jar ./enhsp3.jar -o ./domain_with_failure.pddl -f ./problems/a35g6-change-2-d7/problem25.pddl -h blcost -s WAStar -dap"
	User time (seconds): 23.54
	System time (seconds): 1.25
	Percent of CPU this job got: 99%
	Elapsed (wall clock) time (h:mm:ss or m:ss): 0:24.83
	Average shared text size (kbytes): 0
	Average unshared data size (kbytes): 0
	Average stack size (kbytes): 0
	Average total size (kbytes): 0
	Maximum resident set size (kbytes): 3044404
	Average resident set size (kbytes): 0
	Major (requiring I/O) page faults: 23
	Minor (reclaiming a frame) page faults: 1408904
	Voluntary context switches: 4779
	Involuntary context switches: 3851
	Swaps: 0
	File system inputs: 0
	File system outputs: 200
	Socket messages sent: 0
	Socket messages received: 0
	Signals delivered: 0
	Page size (bytes): 4096
	Exit status: 0
	Command being timed: "timeout 600 java -Xmx64g -jar ./enhsp3.jar -o ./domain_with_failure.pddl -f ./problems/a35g6-change-2-d7/problem26.pddl -h blcost -s WAStar -dap"
	User time (seconds): 24.48
	System time (seconds): 1.28
	Percent of CPU this job got: 99%
	Elapsed (wall clock) time (h:mm:ss or m:ss): 0:25.80
	Average shared text size (kbytes): 0
	Average unshared data size (kbytes): 0
	Average stack size (kbytes): 0
	Average total size (kbytes): 0
	Maximum resident set size (kbytes): 3066504
	Average resident set size (kbytes): 0
	Major (requiring I/O) page faults: 23
	Minor (reclaiming a frame) page faults: 1536274
	Voluntary context switches: 4792
	Involuntary context switches: 4205
	Swaps: 0
	File system inputs: 0
	File system outputs: 184
	Socket messages sent: 0
	Socket messages received: 0
	Signals delivered: 0
	Page size (bytes): 4096
	Exit status: 0
	Command being timed: "timeout 600 java -Xmx64g -jar ./enhsp3.jar -o ./domain_with_failure.pddl -f ./problems/a35g6-change-2-d7/problem27.pddl -h blcost -s WAStar -dap"
	User time (seconds): 22.61
	System time (seconds): 1.14
	Percent of CPU this job got: 99%
	Elapsed (wall clock) time (h:mm:ss or m:ss): 0:23.79
	Average shared text size (kbytes): 0
	Average unshared data size (kbytes): 0
	Average stack size (kbytes): 0
	Average total size (kbytes): 0
	Maximum resident set size (kbytes): 2835880
	Average resident set size (kbytes): 0
	Major (requiring I/O) page faults: 20
	Minor (reclaiming a frame) page faults: 1278018
	Voluntary context switches: 4735
	Involuntary context switches: 4152
	Swaps: 0
	File system inputs: 0
	File system outputs: 168
	Socket messages sent: 0
	Socket messages received: 0
	Signals delivered: 0
	Page size (bytes): 4096
	Exit status: 0
	Command being timed: "timeout 600 java -Xmx64g -jar ./enhsp3.jar -o ./domain_with_failure.pddl -f ./problems/a35g6-change-2-d7/problem28.pddl -h blcost -s WAStar -dap"
	User time (seconds): 23.93
	System time (seconds): 1.26
	Percent of CPU this job got: 99%
	Elapsed (wall clock) time (h:mm:ss or m:ss): 0:25.22
	Average shared text size (kbytes): 0
	Average unshared data size (kbytes): 0
	Average stack size (kbytes): 0
	Average total size (kbytes): 0
	Maximum resident set size (kbytes): 3041680
	Average resident set size (kbytes): 0
	Major (requiring I/O) page faults: 23
	Minor (reclaiming a frame) page faults: 1434370
	Voluntary context switches: 4780
	Involuntary context switches: 4141
	Swaps: 0
	File system inputs: 0
	File system outputs: 192
	Socket messages sent: 0
	Socket messages received: 0
	Signals delivered: 0
	Page size (bytes): 4096
	Exit status: 0
	Command being timed: "timeout 600 java -Xmx64g -jar ./enhsp3.jar -o ./domain_with_failure.pddl -f ./problems/a35g6-change-2-d7/problem29.pddl -h blcost -s WAStar -dap"
	User time (seconds): 22.26
	System time (seconds): 1.17
	Percent of CPU this job got: 99%
	Elapsed (wall clock) time (h:mm:ss or m:ss): 0:23.45
	Average shared text size (kbytes): 0
	Average unshared data size (kbytes): 0
	Average stack size (kbytes): 0
	Average total size (kbytes): 0
	Maximum resident set size (kbytes): 2894064
	Average resident set size (kbytes): 0
	Major (requiring I/O) page faults: 23
	Minor (reclaiming a frame) page faults: 1294025
	Voluntary context switches: 4892
	Involuntary context switches: 3852
	Swaps: 0
	File system inputs: 0
	File system outputs: 192
	Socket messages sent: 0
	Socket messages received: 0
	Signals delivered: 0
	Page size (bytes): 4096
	Exit status: 0
	Command being timed: "timeout 600 java -Xmx64g -jar ./enhsp3.jar -o ./domain_with_failure.pddl -f ./problems/a35g6-change-2-d7/problem30.pddl -h blcost -s WAStar -dap"
	User time (seconds): 24.21
	System time (seconds): 1.29
	Percent of CPU this job got: 99%
	Elapsed (wall clock) time (h:mm:ss or m:ss): 0:25.55
	Average shared text size (kbytes): 0
	Average unshared data size (kbytes): 0
	Average stack size (kbytes): 0
	Average total size (kbytes): 0
	Maximum resident set size (kbytes): 3039952
	Average resident set size (kbytes): 0
	Major (requiring I/O) page faults: 23
	Minor (reclaiming a frame) page faults: 1399507
	Voluntary context switches: 4623
	Involuntary context switches: 4110
	Swaps: 0
	File system inputs: 0
	File system outputs: 200
	Socket messages sent: 0
	Socket messages received: 0
	Signals delivered: 0
	Page size (bytes): 4096
	Exit status: 0
	Command being timed: "timeout 600 java -Xmx64g -jar ./enhsp3.jar -o ./domain_with_failure.pddl -f ./problems/a35g6-change-2-d7/problem31.pddl -h blcost -s WAStar -dap"
	User time (seconds): 24.58
	System time (seconds): 1.25
	Percent of CPU this job got: 99%
	Elapsed (wall clock) time (h:mm:ss or m:ss): 0:25.88
	Average shared text size (kbytes): 0
	Average unshared data size (kbytes): 0
	Average stack size (kbytes): 0
	Average total size (kbytes): 0
	Maximum resident set size (kbytes): 3044880
	Average resident set size (kbytes): 0
	Major (requiring I/O) page faults: 23
	Minor (reclaiming a frame) page faults: 1398364
	Voluntary context switches: 4948
	Involuntary context switches: 4233
	Swaps: 0
	File system inputs: 0
	File system outputs: 184
	Socket messages sent: 0
	Socket messages received: 0
	Signals delivered: 0
	Page size (bytes): 4096
	Exit status: 0
	Command being timed: "timeout 600 java -Xmx64g -jar ./enhsp3.jar -o ./domain_with_failure.pddl -f ./problems/a35g6-change-2-d7/problem32.pddl -h blcost -s WAStar -dap"
	User time (seconds): 22.09
	System time (seconds): 1.14
	Percent of CPU this job got: 99%
	Elapsed (wall clock) time (h:mm:ss or m:ss): 0:23.27
	Average shared text size (kbytes): 0
	Average unshared data size (kbytes): 0
	Average stack size (kbytes): 0
	Average total size (kbytes): 0
	Maximum resident set size (kbytes): 2895744
	Average resident set size (kbytes): 0
	Major (requiring I/O) page faults: 20
	Minor (reclaiming a frame) page faults: 1297664
	Voluntary context switches: 4845
	Involuntary context switches: 3810
	Swaps: 0
	File system inputs: 0
	File system outputs: 168
	Socket messages sent: 0
	Socket messages received: 0
	Signals delivered: 0
	Page size (bytes): 4096
	Exit status: 0
	Command being timed: "timeout 600 java -Xmx64g -jar ./enhsp3.jar -o ./domain_with_failure.pddl -f ./problems/a35g6-change-2-d7/problem33.pddl -h blcost -s WAStar -dap"
	User time (seconds): 21.78
	System time (seconds): 1.09
	Percent of CPU this job got: 99%
	Elapsed (wall clock) time (h:mm:ss or m:ss): 0:22.90
	Average shared text size (kbytes): 0
	Average unshared data size (kbytes): 0
	Average stack size (kbytes): 0
	Average total size (kbytes): 0
	Maximum resident set size (kbytes): 2849892
	Average resident set size (kbytes): 0
	Major (requiring I/O) page faults: 23
	Minor (reclaiming a frame) page faults: 1240565
	Voluntary context switches: 4656
	Involuntary context switches: 4020
	Swaps: 0
	File system inputs: 0
	File system outputs: 192
	Socket messages sent: 0
	Socket messages received: 0
	Signals delivered: 0
	Page size (bytes): 4096
	Exit status: 0
	Command being timed: "timeout 600 java -Xmx64g -jar ./enhsp3.jar -o ./domain_with_failure.pddl -f ./problems/a35g6-change-2-d7/problem34.pddl -h blcost -s WAStar -dap"
	User time (seconds): 23.54
	System time (seconds): 1.29
	Percent of CPU this job got: 99%
	Elapsed (wall clock) time (h:mm:ss or m:ss): 0:24.86
	Average shared text size (kbytes): 0
	Average unshared data size (kbytes): 0
	Average stack size (kbytes): 0
	Average total size (kbytes): 0
	Maximum resident set size (kbytes): 3092816
	Average resident set size (kbytes): 0
	Major (requiring I/O) page faults: 23
	Minor (reclaiming a frame) page faults: 1312418
	Voluntary context switches: 4826
	Involuntary context switches: 3965
	Swaps: 0
	File system inputs: 0
	File system outputs: 192
	Socket messages sent: 0
	Socket messages received: 0
	Signals delivered: 0
	Page size (bytes): 4096
	Exit status: 0
	Command being timed: "timeout 600 java -Xmx64g -jar ./enhsp3.jar -o ./domain_with_failure.pddl -f ./problems/a35g6-change-2-d7/problem35.pddl -h blcost -s WAStar -dap"
	User time (seconds): 22.15
	System time (seconds): 1.14
	Percent of CPU this job got: 99%
	Elapsed (wall clock) time (h:mm:ss or m:ss): 0:23.32
	Average shared text size (kbytes): 0
	Average unshared data size (kbytes): 0
	Average stack size (kbytes): 0
	Average total size (kbytes): 0
	Maximum resident set size (kbytes): 2835560
	Average resident set size (kbytes): 0
	Major (requiring I/O) page faults: 20
	Minor (reclaiming a frame) page faults: 1236841
	Voluntary context switches: 4750
	Involuntary context switches: 4139
	Swaps: 0
	File system inputs: 0
	File system outputs: 168
	Socket messages sent: 0
	Socket messages received: 0
	Signals delivered: 0
	Page size (bytes): 4096
	Exit status: 0
	Command being timed: "timeout 600 java -Xmx64g -jar ./enhsp3.jar -o ./domain_with_failure.pddl -f ./problems/a35g6-change-2-d7/problem36.pddl -h blcost -s WAStar -dap"
	User time (seconds): 23.71
	System time (seconds): 1.13
	Percent of CPU this job got: 99%
	Elapsed (wall clock) time (h:mm:ss or m:ss): 0:24.89
	Average shared text size (kbytes): 0
	Average unshared data size (kbytes): 0
	Average stack size (kbytes): 0
	Average total size (kbytes): 0
	Maximum resident set size (kbytes): 2903008
	Average resident set size (kbytes): 0
	Major (requiring I/O) page faults: 23
	Minor (reclaiming a frame) page faults: 1296135
	Voluntary context switches: 4532
	Involuntary context switches: 4243
	Swaps: 0
	File system inputs: 0
	File system outputs: 192
	Socket messages sent: 0
	Socket messages received: 0
	Signals delivered: 0
	Page size (bytes): 4096
	Exit status: 0
	Command being timed: "timeout 600 java -Xmx64g -jar ./enhsp3.jar -o ./domain_with_failure.pddl -f ./problems/a35g6-change-2-d7/problem37.pddl -h blcost -s WAStar -dap"
	User time (seconds): 23.32
	System time (seconds): 1.24
	Percent of CPU this job got: 99%
	Elapsed (wall clock) time (h:mm:ss or m:ss): 0:24.60
	Average shared text size (kbytes): 0
	Average unshared data size (kbytes): 0
	Average stack size (kbytes): 0
	Average total size (kbytes): 0
	Maximum resident set size (kbytes): 2911056
	Average resident set size (kbytes): 0
	Major (requiring I/O) page faults: 23
	Minor (reclaiming a frame) page faults: 1342410
	Voluntary context switches: 4529
	Involuntary context switches: 4204
	Swaps: 0
	File system inputs: 0
	File system outputs: 192
	Socket messages sent: 0
	Socket messages received: 0
	Signals delivered: 0
	Page size (bytes): 4096
	Exit status: 0
	Command being timed: "timeout 600 java -Xmx64g -jar ./enhsp3.jar -o ./domain_with_failure.pddl -f ./problems/a35g6-change-2-d7/problem38.pddl -h blcost -s WAStar -dap"
	User time (seconds): 23.60
	System time (seconds): 1.23
	Percent of CPU this job got: 99%
	Elapsed (wall clock) time (h:mm:ss or m:ss): 0:24.87
	Average shared text size (kbytes): 0
	Average unshared data size (kbytes): 0
	Average stack size (kbytes): 0
	Average total size (kbytes): 0
	Maximum resident set size (kbytes): 2910260
	Average resident set size (kbytes): 0
	Major (requiring I/O) page faults: 23
	Minor (reclaiming a frame) page faults: 1342729
	Voluntary context switches: 4539
	Involuntary context switches: 4150
	Swaps: 0
	File system inputs: 0
	File system outputs: 192
	Socket messages sent: 0
	Socket messages received: 0
	Signals delivered: 0
	Page size (bytes): 4096
	Exit status: 0
	Command being timed: "timeout 600 java -Xmx64g -jar ./enhsp3.jar -o ./domain_with_failure.pddl -f ./problems/a35g6-change-2-d7/problem39.pddl -h blcost -s WAStar -dap"
	User time (seconds): 23.72
	System time (seconds): 1.23
	Percent of CPU this job got: 99%
	Elapsed (wall clock) time (h:mm:ss or m:ss): 0:25.00
	Average shared text size (kbytes): 0
	Average unshared data size (kbytes): 0
	Average stack size (kbytes): 0
	Average total size (kbytes): 0
	Maximum resident set size (kbytes): 2905768
	Average resident set size (kbytes): 0
	Major (requiring I/O) page faults: 23
	Minor (reclaiming a frame) page faults: 1335141
	Voluntary context switches: 4618
	Involuntary context switches: 4274
	Swaps: 0
	File system inputs: 0
	File system outputs: 184
	Socket messages sent: 0
	Socket messages received: 0
	Signals delivered: 0
	Page size (bytes): 4096
	Exit status: 0
	Command being timed: "timeout 600 java -Xmx64g -jar ./enhsp3.jar -o ./domain_with_failure.pddl -f ./problems/a35g6-change-2-d7/problem40.pddl -h blcost -s WAStar -dap"
	User time (seconds): 22.73
	System time (seconds): 1.05
	Percent of CPU this job got: 99%
	Elapsed (wall clock) time (h:mm:ss or m:ss): 0:23.82
	Average shared text size (kbytes): 0
	Average unshared data size (kbytes): 0
	Average stack size (kbytes): 0
	Average total size (kbytes): 0
	Maximum resident set size (kbytes): 2837416
	Average resident set size (kbytes): 0
	Major (requiring I/O) page faults: 20
	Minor (reclaiming a frame) page faults: 1240153
	Voluntary context switches: 4648
	Involuntary context switches: 4001
	Swaps: 0
	File system inputs: 0
	File system outputs: 176
	Socket messages sent: 0
	Socket messages received: 0
	Signals delivered: 0
	Page size (bytes): 4096
	Exit status: 0
	Command being timed: "timeout 600 java -Xmx64g -jar ./enhsp3.jar -o ./domain_with_failure.pddl -f ./problems/a35g6-change-2-d7/problem41.pddl -h blcost -s WAStar -dap"
	User time (seconds): 23.39
	System time (seconds): 1.22
	Percent of CPU this job got: 99%
	Elapsed (wall clock) time (h:mm:ss or m:ss): 0:24.65
	Average shared text size (kbytes): 0
	Average unshared data size (kbytes): 0
	Average stack size (kbytes): 0
	Average total size (kbytes): 0
	Maximum resident set size (kbytes): 2909080
	Average resident set size (kbytes): 0
	Major (requiring I/O) page faults: 23
	Minor (reclaiming a frame) page faults: 1342656
	Voluntary context switches: 4579
	Involuntary context switches: 4237
	Swaps: 0
	File system inputs: 0
	File system outputs: 184
	Socket messages sent: 0
	Socket messages received: 0
	Signals delivered: 0
	Page size (bytes): 4096
	Exit status: 0
	Command being timed: "timeout 600 java -Xmx64g -jar ./enhsp3.jar -o ./domain_with_failure.pddl -f ./problems/a35g6-change-2-d7/problem42.pddl -h blcost -s WAStar -dap"
	User time (seconds): 23.39
	System time (seconds): 1.27
	Percent of CPU this job got: 99%
	Elapsed (wall clock) time (h:mm:ss or m:ss): 0:24.70
	Average shared text size (kbytes): 0
	Average unshared data size (kbytes): 0
	Average stack size (kbytes): 0
	Average total size (kbytes): 0
	Maximum resident set size (kbytes): 3042252
	Average resident set size (kbytes): 0
	Major (requiring I/O) page faults: 23
	Minor (reclaiming a frame) page faults: 1335312
	Voluntary context switches: 5018
	Involuntary context switches: 4016
	Swaps: 0
	File system inputs: 0
	File system outputs: 200
	Socket messages sent: 0
	Socket messages received: 0
	Signals delivered: 0
	Page size (bytes): 4096
	Exit status: 0
	Command being timed: "timeout 600 java -Xmx64g -jar ./enhsp3.jar -o ./domain_with_failure.pddl -f ./problems/a35g6-change-2-d7/problem43.pddl -h blcost -s WAStar -dap"
	User time (seconds): 21.65
	System time (seconds): 1.14
	Percent of CPU this job got: 99%
	Elapsed (wall clock) time (h:mm:ss or m:ss): 0:22.83
	Average shared text size (kbytes): 0
	Average unshared data size (kbytes): 0
	Average stack size (kbytes): 0
	Average total size (kbytes): 0
	Maximum resident set size (kbytes): 2856444
	Average resident set size (kbytes): 0
	Major (requiring I/O) page faults: 20
	Minor (reclaiming a frame) page faults: 1240677
	Voluntary context switches: 4944
	Involuntary context switches: 4154
	Swaps: 0
	File system inputs: 0
	File system outputs: 168
	Socket messages sent: 0
	Socket messages received: 0
	Signals delivered: 0
	Page size (bytes): 4096
	Exit status: 0
	Command being timed: "timeout 600 java -Xmx64g -jar ./enhsp3.jar -o ./domain_with_failure.pddl -f ./problems/a35g6-change-2-d7/problem44.pddl -h blcost -s WAStar -dap"
	User time (seconds): 22.69
	System time (seconds): 1.12
	Percent of CPU this job got: 99%
	Elapsed (wall clock) time (h:mm:ss or m:ss): 0:23.85
	Average shared text size (kbytes): 0
	Average unshared data size (kbytes): 0
	Average stack size (kbytes): 0
	Average total size (kbytes): 0
	Maximum resident set size (kbytes): 2837412
	Average resident set size (kbytes): 0
	Major (requiring I/O) page faults: 24
	Minor (reclaiming a frame) page faults: 1291567
	Voluntary context switches: 4914
	Involuntary context switches: 4188
	Swaps: 0
	File system inputs: 0
	File system outputs: 200
	Socket messages sent: 0
	Socket messages received: 0
	Signals delivered: 0
	Page size (bytes): 4096
	Exit status: 0
	Command being timed: "timeout 600 java -Xmx64g -jar ./enhsp3.jar -o ./domain_with_failure.pddl -f ./problems/a35g6-change-2-d7/problem45.pddl -h blcost -s WAStar -dap"
	User time (seconds): 23.13
	System time (seconds): 1.19
	Percent of CPU this job got: 99%
	Elapsed (wall clock) time (h:mm:ss or m:ss): 0:24.34
	Average shared text size (kbytes): 0
	Average unshared data size (kbytes): 0
	Average stack size (kbytes): 0
	Average total size (kbytes): 0
	Maximum resident set size (kbytes): 2903024
	Average resident set size (kbytes): 0
	Major (requiring I/O) page faults: 23
	Minor (reclaiming a frame) page faults: 1336680
	Voluntary context switches: 4339
	Involuntary context switches: 3994
	Swaps: 0
	File system inputs: 0
	File system outputs: 192
	Socket messages sent: 0
	Socket messages received: 0
	Signals delivered: 0
	Page size (bytes): 4096
	Exit status: 0
	Command being timed: "timeout 600 java -Xmx64g -jar ./enhsp3.jar -o ./domain_with_failure.pddl -f ./problems/a35g6-change-2-d7/problem46.pddl -h blcost -s WAStar -dap"
	User time (seconds): 23.61
	System time (seconds): 1.18
	Percent of CPU this job got: 99%
	Elapsed (wall clock) time (h:mm:ss or m:ss): 0:24.81
	Average shared text size (kbytes): 0
	Average unshared data size (kbytes): 0
	Average stack size (kbytes): 0
	Average total size (kbytes): 0
	Maximum resident set size (kbytes): 2899364
	Average resident set size (kbytes): 0
	Major (requiring I/O) page faults: 23
	Minor (reclaiming a frame) page faults: 1325708
	Voluntary context switches: 4737
	Involuntary context switches: 4292
	Swaps: 0
	File system inputs: 0
	File system outputs: 192
	Socket messages sent: 0
	Socket messages received: 0
	Signals delivered: 0
	Page size (bytes): 4096
	Exit status: 0
	Command being timed: "timeout 600 java -Xmx64g -jar ./enhsp3.jar -o ./domain_with_failure.pddl -f ./problems/a35g6-change-2-d7/problem47.pddl -h blcost -s WAStar -dap"
	User time (seconds): 24.22
	System time (seconds): 1.27
	Percent of CPU this job got: 99%
	Elapsed (wall clock) time (h:mm:ss or m:ss): 0:25.52
	Average shared text size (kbytes): 0
	Average unshared data size (kbytes): 0
	Average stack size (kbytes): 0
	Average total size (kbytes): 0
	Maximum resident set size (kbytes): 3066320
	Average resident set size (kbytes): 0
	Major (requiring I/O) page faults: 23
	Minor (reclaiming a frame) page faults: 1493811
	Voluntary context switches: 4505
	Involuntary context switches: 4008
	Swaps: 0
	File system inputs: 0
	File system outputs: 192
	Socket messages sent: 0
	Socket messages received: 0
	Signals delivered: 0
	Page size (bytes): 4096
	Exit status: 0
	Command being timed: "timeout 600 java -Xmx64g -jar ./enhsp3.jar -o ./domain_with_failure.pddl -f ./problems/a35g6-change-2-d7/problem48.pddl -h blcost -s WAStar -dap"
	User time (seconds): 23.30
	System time (seconds): 1.11
	Percent of CPU this job got: 99%
	Elapsed (wall clock) time (h:mm:ss or m:ss): 0:24.46
	Average shared text size (kbytes): 0
	Average unshared data size (kbytes): 0
	Average stack size (kbytes): 0
	Average total size (kbytes): 0
	Maximum resident set size (kbytes): 2908508
	Average resident set size (kbytes): 0
	Major (requiring I/O) page faults: 20
	Minor (reclaiming a frame) page faults: 1342651
	Voluntary context switches: 4463
	Involuntary context switches: 4104
	Swaps: 0
	File system inputs: 0
	File system outputs: 160
	Socket messages sent: 0
	Socket messages received: 0
	Signals delivered: 0
	Page size (bytes): 4096
	Exit status: 0
	Command being timed: "timeout 600 java -Xmx64g -jar ./enhsp3.jar -o ./domain_with_failure.pddl -f ./problems/a35g6-change-2-d7/problem49.pddl -h blcost -s WAStar -dap"
	User time (seconds): 23.42
	System time (seconds): 1.13
	Percent of CPU this job got: 99%
	Elapsed (wall clock) time (h:mm:ss or m:ss): 0:24.59
	Average shared text size (kbytes): 0
	Average unshared data size (kbytes): 0
	Average stack size (kbytes): 0
	Average total size (kbytes): 0
	Maximum resident set size (kbytes): 2910708
	Average resident set size (kbytes): 0
	Major (requiring I/O) page faults: 20
	Minor (reclaiming a frame) page faults: 1340811
	Voluntary context switches: 4463
	Involuntary context switches: 4173
	Swaps: 0
	File system inputs: 0
	File system outputs: 176
	Socket messages sent: 0
	Socket messages received: 0
	Signals delivered: 0
	Page size (bytes): 4096
	Exit status: 0
	Command being timed: "timeout 600 java -Xmx64g -jar ./enhsp3.jar -o ./domain_with_failure.pddl -f ./problems/a35g6-change-2-d7/problem50.pddl -h blcost -s WAStar -dap"
	User time (seconds): 22.24
	System time (seconds): 1.12
	Percent of CPU this job got: 99%
	Elapsed (wall clock) time (h:mm:ss or m:ss): 0:23.40
	Average shared text size (kbytes): 0
	Average unshared data size (kbytes): 0
	Average stack size (kbytes): 0
	Average total size (kbytes): 0
	Maximum resident set size (kbytes): 2835460
	Average resident set size (kbytes): 0
	Major (requiring I/O) page faults: 23
	Minor (reclaiming a frame) page faults: 1238335
	Voluntary context switches: 4689
	Involuntary context switches: 4185
	Swaps: 0
	File system inputs: 0
	File system outputs: 184
	Socket messages sent: 0
	Socket messages received: 0
	Signals delivered: 0
	Page size (bytes): 4096
	Exit status: 0
	Command being timed: "timeout 600 java -Xmx64g -jar ./enhsp3.jar -o ./domain_with_failure.pddl -f ./problems/a35g6-change-2-d7/problem51.pddl -h blcost -s WAStar -dap"
	User time (seconds): 21.68
	System time (seconds): 1.17
	Percent of CPU this job got: 99%
	Elapsed (wall clock) time (h:mm:ss or m:ss): 0:22.89
	Average shared text size (kbytes): 0
	Average unshared data size (kbytes): 0
	Average stack size (kbytes): 0
	Average total size (kbytes): 0
	Maximum resident set size (kbytes): 2845048
	Average resident set size (kbytes): 0
	Major (requiring I/O) page faults: 20
	Minor (reclaiming a frame) page faults: 1238705
	Voluntary context switches: 4840
	Involuntary context switches: 4006
	Swaps: 0
	File system inputs: 0
	File system outputs: 176
	Socket messages sent: 0
	Socket messages received: 0
	Signals delivered: 0
	Page size (bytes): 4096
	Exit status: 0
	Command being timed: "timeout 600 java -Xmx64g -jar ./enhsp3.jar -o ./domain_with_failure.pddl -f ./problems/a35g6-change-2-d7/problem52.pddl -h blcost -s WAStar -dap"
	User time (seconds): 23.40
	System time (seconds): 1.15
	Percent of CPU this job got: 99%
	Elapsed (wall clock) time (h:mm:ss or m:ss): 0:24.59
	Average shared text size (kbytes): 0
	Average unshared data size (kbytes): 0
	Average stack size (kbytes): 0
	Average total size (kbytes): 0
	Maximum resident set size (kbytes): 2907968
	Average resident set size (kbytes): 0
	Major (requiring I/O) page faults: 23
	Minor (reclaiming a frame) page faults: 1304064
	Voluntary context switches: 4506
	Involuntary context switches: 4206
	Swaps: 0
	File system inputs: 0
	File system outputs: 184
	Socket messages sent: 0
	Socket messages received: 0
	Signals delivered: 0
	Page size (bytes): 4096
	Exit status: 0
	Command being timed: "timeout 600 java -Xmx64g -jar ./enhsp3.jar -o ./domain_with_failure.pddl -f ./problems/a35g6-change-2-d7/problem53.pddl -h blcost -s WAStar -dap"
	User time (seconds): 24.54
	System time (seconds): 1.19
	Percent of CPU this job got: 99%
	Elapsed (wall clock) time (h:mm:ss or m:ss): 0:25.77
	Average shared text size (kbytes): 0
	Average unshared data size (kbytes): 0
	Average stack size (kbytes): 0
	Average total size (kbytes): 0
	Maximum resident set size (kbytes): 3099368
	Average resident set size (kbytes): 0
	Major (requiring I/O) page faults: 23
	Minor (reclaiming a frame) page faults: 1387835
	Voluntary context switches: 4626
	Involuntary context switches: 4182
	Swaps: 0
	File system inputs: 0
	File system outputs: 200
	Socket messages sent: 0
	Socket messages received: 0
	Signals delivered: 0
	Page size (bytes): 4096
	Exit status: 0
	Command being timed: "timeout 600 java -Xmx64g -jar ./enhsp3.jar -o ./domain_with_failure.pddl -f ./problems/a35g6-change-2-d7/problem54.pddl -h blcost -s WAStar -dap"
	User time (seconds): 21.91
	System time (seconds): 1.14
	Percent of CPU this job got: 99%
	Elapsed (wall clock) time (h:mm:ss or m:ss): 0:23.09
	Average shared text size (kbytes): 0
	Average unshared data size (kbytes): 0
	Average stack size (kbytes): 0
	Average total size (kbytes): 0
	Maximum resident set size (kbytes): 2841832
	Average resident set size (kbytes): 0
	Major (requiring I/O) page faults: 23
	Minor (reclaiming a frame) page faults: 1232081
	Voluntary context switches: 4801
	Involuntary context switches: 4117
	Swaps: 0
	File system inputs: 0
	File system outputs: 184
	Socket messages sent: 0
	Socket messages received: 0
	Signals delivered: 0
	Page size (bytes): 4096
	Exit status: 0
	Command being timed: "timeout 600 java -Xmx64g -jar ./enhsp3.jar -o ./domain_with_failure.pddl -f ./problems/a35g6-change-2-d7/problem55.pddl -h blcost -s WAStar -dap"
	User time (seconds): 23.35
	System time (seconds): 1.18
	Percent of CPU this job got: 99%
	Elapsed (wall clock) time (h:mm:ss or m:ss): 0:24.58
	Average shared text size (kbytes): 0
	Average unshared data size (kbytes): 0
	Average stack size (kbytes): 0
	Average total size (kbytes): 0
	Maximum resident set size (kbytes): 2940108
	Average resident set size (kbytes): 0
	Major (requiring I/O) page faults: 20
	Minor (reclaiming a frame) page faults: 1356222
	Voluntary context switches: 4560
	Involuntary context switches: 4213
	Swaps: 0
	File system inputs: 0
	File system outputs: 176
	Socket messages sent: 0
	Socket messages received: 0
	Signals delivered: 0
	Page size (bytes): 4096
	Exit status: 0
	Command being timed: "timeout 600 java -Xmx64g -jar ./enhsp3.jar -o ./domain_with_failure.pddl -f ./problems/a35g6-change-2-d7/problem56.pddl -h blcost -s WAStar -dap"
	User time (seconds): 24.07
	System time (seconds): 1.21
	Percent of CPU this job got: 99%
	Elapsed (wall clock) time (h:mm:ss or m:ss): 0:25.33
	Average shared text size (kbytes): 0
	Average unshared data size (kbytes): 0
	Average stack size (kbytes): 0
	Average total size (kbytes): 0
	Maximum resident set size (kbytes): 3065552
	Average resident set size (kbytes): 0
	Major (requiring I/O) page faults: 23
	Minor (reclaiming a frame) page faults: 1428058
	Voluntary context switches: 5014
	Involuntary context switches: 4173
	Swaps: 0
	File system inputs: 0
	File system outputs: 184
	Socket messages sent: 0
	Socket messages received: 0
	Signals delivered: 0
	Page size (bytes): 4096
	Exit status: 0
	Command being timed: "timeout 600 java -Xmx64g -jar ./enhsp3.jar -o ./domain_with_failure.pddl -f ./problems/a35g6-change-2-d7/problem57.pddl -h blcost -s WAStar -dap"
	User time (seconds): 24.41
	System time (seconds): 1.30
	Percent of CPU this job got: 99%
	Elapsed (wall clock) time (h:mm:ss or m:ss): 0:25.74
	Average shared text size (kbytes): 0
	Average unshared data size (kbytes): 0
	Average stack size (kbytes): 0
	Average total size (kbytes): 0
	Maximum resident set size (kbytes): 3100568
	Average resident set size (kbytes): 0
	Major (requiring I/O) page faults: 23
	Minor (reclaiming a frame) page faults: 1385566
	Voluntary context switches: 4619
	Involuntary context switches: 4153
	Swaps: 0
	File system inputs: 0
	File system outputs: 192
	Socket messages sent: 0
	Socket messages received: 0
	Signals delivered: 0
	Page size (bytes): 4096
	Exit status: 0
	Command being timed: "timeout 600 java -Xmx64g -jar ./enhsp3.jar -o ./domain_with_failure.pddl -f ./problems/a35g6-change-2-d7/problem58.pddl -h blcost -s WAStar -dap"
	User time (seconds): 21.57
	System time (seconds): 1.16
	Percent of CPU this job got: 99%
	Elapsed (wall clock) time (h:mm:ss or m:ss): 0:22.77
	Average shared text size (kbytes): 0
	Average unshared data size (kbytes): 0
	Average stack size (kbytes): 0
	Average total size (kbytes): 0
	Maximum resident set size (kbytes): 2836428
	Average resident set size (kbytes): 0
	Major (requiring I/O) page faults: 23
	Minor (reclaiming a frame) page faults: 1232427
	Voluntary context switches: 4926
	Involuntary context switches: 4098
	Swaps: 0
	File system inputs: 0
	File system outputs: 192
	Socket messages sent: 0
	Socket messages received: 0
	Signals delivered: 0
	Page size (bytes): 4096
	Exit status: 0
	Command being timed: "timeout 600 java -Xmx64g -jar ./enhsp3.jar -o ./domain_with_failure.pddl -f ./problems/a35g6-change-2-d7/problem59.pddl -h blcost -s WAStar -dap"
	User time (seconds): 22.15
	System time (seconds): 1.17
	Percent of CPU this job got: 99%
	Elapsed (wall clock) time (h:mm:ss or m:ss): 0:23.39
	Average shared text size (kbytes): 0
	Average unshared data size (kbytes): 0
	Average stack size (kbytes): 0
	Average total size (kbytes): 0
	Maximum resident set size (kbytes): 2835036
	Average resident set size (kbytes): 0
	Major (requiring I/O) page faults: 20
	Minor (reclaiming a frame) page faults: 1234158
	Voluntary context switches: 4698
	Involuntary context switches: 4107
	Swaps: 0
	File system inputs: 0
	File system outputs: 168
	Socket messages sent: 0
	Socket messages received: 0
	Signals delivered: 0
	Page size (bytes): 4096
	Exit status: 0
	Command being timed: "timeout 600 java -Xmx64g -jar ./enhsp3.jar -o ./domain_with_failure.pddl -f ./problems/a35g6-change-2-d7/problem60.pddl -h blcost -s WAStar -dap"
	User time (seconds): 23.19
	System time (seconds): 1.25
	Percent of CPU this job got: 99%
	Elapsed (wall clock) time (h:mm:ss or m:ss): 0:24.48
	Average shared text size (kbytes): 0
	Average unshared data size (kbytes): 0
	Average stack size (kbytes): 0
	Average total size (kbytes): 0
	Maximum resident set size (kbytes): 2907516
	Average resident set size (kbytes): 0
	Major (requiring I/O) page faults: 23
	Minor (reclaiming a frame) page faults: 1299094
	Voluntary context switches: 4405
	Involuntary context switches: 4125
	Swaps: 0
	File system inputs: 0
	File system outputs: 192
	Socket messages sent: 0
	Socket messages received: 0
	Signals delivered: 0
	Page size (bytes): 4096
	Exit status: 0
	Command being timed: "timeout 600 java -Xmx64g -jar ./enhsp3.jar -o ./domain_with_failure.pddl -f ./problems/a35g6-change-2-d7/problem61.pddl -h blcost -s WAStar -dap"
	User time (seconds): 24.03
	System time (seconds): 1.19
	Percent of CPU this job got: 99%
	Elapsed (wall clock) time (h:mm:ss or m:ss): 0:25.24
	Average shared text size (kbytes): 0
	Average unshared data size (kbytes): 0
	Average stack size (kbytes): 0
	Average total size (kbytes): 0
	Maximum resident set size (kbytes): 3039212
	Average resident set size (kbytes): 0
	Major (requiring I/O) page faults: 23
	Minor (reclaiming a frame) page faults: 1411621
	Voluntary context switches: 4967
	Involuntary context switches: 4069
	Swaps: 0
	File system inputs: 0
	File system outputs: 192
	Socket messages sent: 0
	Socket messages received: 0
	Signals delivered: 0
	Page size (bytes): 4096
	Exit status: 0
	Command being timed: "timeout 600 java -Xmx64g -jar ./enhsp3.jar -o ./domain_with_failure.pddl -f ./problems/a35g6-change-2-d7/problem62.pddl -h blcost -s WAStar -dap"
	User time (seconds): 22.33
	System time (seconds): 1.04
	Percent of CPU this job got: 99%
	Elapsed (wall clock) time (h:mm:ss or m:ss): 0:23.39
	Average shared text size (kbytes): 0
	Average unshared data size (kbytes): 0
	Average stack size (kbytes): 0
	Average total size (kbytes): 0
	Maximum resident set size (kbytes): 2835824
	Average resident set size (kbytes): 0
	Major (requiring I/O) page faults: 23
	Minor (reclaiming a frame) page faults: 1236324
	Voluntary context switches: 4662
	Involuntary context switches: 4091
	Swaps: 0
	File system inputs: 0
	File system outputs: 192
	Socket messages sent: 0
	Socket messages received: 0
	Signals delivered: 0
	Page size (bytes): 4096
	Exit status: 0
	Command being timed: "timeout 600 java -Xmx64g -jar ./enhsp3.jar -o ./domain_with_failure.pddl -f ./problems/a35g6-change-2-d7/problem63.pddl -h blcost -s WAStar -dap"
	User time (seconds): 23.64
	System time (seconds): 1.19
	Percent of CPU this job got: 99%
	Elapsed (wall clock) time (h:mm:ss or m:ss): 0:24.89
	Average shared text size (kbytes): 0
	Average unshared data size (kbytes): 0
	Average stack size (kbytes): 0
	Average total size (kbytes): 0
	Maximum resident set size (kbytes): 2905292
	Average resident set size (kbytes): 0
	Major (requiring I/O) page faults: 23
	Minor (reclaiming a frame) page faults: 1335198
	Voluntary context switches: 4546
	Involuntary context switches: 4299
	Swaps: 0
	File system inputs: 0
	File system outputs: 192
	Socket messages sent: 0
	Socket messages received: 0
	Signals delivered: 0
	Page size (bytes): 4096
	Exit status: 0
	Command being timed: "timeout 600 java -Xmx64g -jar ./enhsp3.jar -o ./domain_with_failure.pddl -f ./problems/a35g6-change-2-d7/problem64.pddl -h blcost -s WAStar -dap"
	User time (seconds): 23.71
	System time (seconds): 1.25
	Percent of CPU this job got: 99%
	Elapsed (wall clock) time (h:mm:ss or m:ss): 0:25.00
	Average shared text size (kbytes): 0
	Average unshared data size (kbytes): 0
	Average stack size (kbytes): 0
	Average total size (kbytes): 0
	Maximum resident set size (kbytes): 3066804
	Average resident set size (kbytes): 0
	Major (requiring I/O) page faults: 20
	Minor (reclaiming a frame) page faults: 1399680
	Voluntary context switches: 4613
	Involuntary context switches: 3919
	Swaps: 0
	File system inputs: 0
	File system outputs: 168
	Socket messages sent: 0
	Socket messages received: 0
	Signals delivered: 0
	Page size (bytes): 4096
	Exit status: 0
	Command being timed: "timeout 600 java -Xmx64g -jar ./enhsp3.jar -o ./domain_with_failure.pddl -f ./problems/a35g6-change-2-d7/problem65.pddl -h blcost -s WAStar -dap"
	User time (seconds): 23.40
	System time (seconds): 1.14
	Percent of CPU this job got: 99%
	Elapsed (wall clock) time (h:mm:ss or m:ss): 0:24.58
	Average shared text size (kbytes): 0
	Average unshared data size (kbytes): 0
	Average stack size (kbytes): 0
	Average total size (kbytes): 0
	Maximum resident set size (kbytes): 2907312
	Average resident set size (kbytes): 0
	Major (requiring I/O) page faults: 20
	Minor (reclaiming a frame) page faults: 1301236
	Voluntary context switches: 4548
	Involuntary context switches: 4202
	Swaps: 0
	File system inputs: 0
	File system outputs: 168
	Socket messages sent: 0
	Socket messages received: 0
	Signals delivered: 0
	Page size (bytes): 4096
	Exit status: 0
	Command being timed: "timeout 600 java -Xmx64g -jar ./enhsp3.jar -o ./domain_with_failure.pddl -f ./problems/a35g6-change-2-d7/problem66.pddl -h blcost -s WAStar -dap"
	User time (seconds): 23.45
	System time (seconds): 1.28
	Percent of CPU this job got: 99%
	Elapsed (wall clock) time (h:mm:ss or m:ss): 0:24.77
	Average shared text size (kbytes): 0
	Average unshared data size (kbytes): 0
	Average stack size (kbytes): 0
	Average total size (kbytes): 0
	Maximum resident set size (kbytes): 3069636
	Average resident set size (kbytes): 0
	Major (requiring I/O) page faults: 23
	Minor (reclaiming a frame) page faults: 1423983
	Voluntary context switches: 4792
	Involuntary context switches: 4192
	Swaps: 0
	File system inputs: 0
	File system outputs: 200
	Socket messages sent: 0
	Socket messages received: 0
	Signals delivered: 0
	Page size (bytes): 4096
	Exit status: 0
	Command being timed: "timeout 600 java -Xmx64g -jar ./enhsp3.jar -o ./domain_with_failure.pddl -f ./problems/a35g6-change-2-d7/problem67.pddl -h blcost -s WAStar -dap"
	User time (seconds): 23.54
	System time (seconds): 1.15
	Percent of CPU this job got: 99%
	Elapsed (wall clock) time (h:mm:ss or m:ss): 0:24.74
	Average shared text size (kbytes): 0
	Average unshared data size (kbytes): 0
	Average stack size (kbytes): 0
	Average total size (kbytes): 0
	Maximum resident set size (kbytes): 2907636
	Average resident set size (kbytes): 0
	Major (requiring I/O) page faults: 23
	Minor (reclaiming a frame) page faults: 1308892
	Voluntary context switches: 4573
	Involuntary context switches: 4270
	Swaps: 0
	File system inputs: 0
	File system outputs: 192
	Socket messages sent: 0
	Socket messages received: 0
	Signals delivered: 0
	Page size (bytes): 4096
	Exit status: 0
	Command being timed: "timeout 600 java -Xmx64g -jar ./enhsp3.jar -o ./domain_with_failure.pddl -f ./problems/a35g6-change-2-d7/problem68.pddl -h blcost -s WAStar -dap"
	User time (seconds): 22.68
	System time (seconds): 1.09
	Percent of CPU this job got: 99%
	Elapsed (wall clock) time (h:mm:ss or m:ss): 0:23.82
	Average shared text size (kbytes): 0
	Average unshared data size (kbytes): 0
	Average stack size (kbytes): 0
	Average total size (kbytes): 0
	Maximum resident set size (kbytes): 2834704
	Average resident set size (kbytes): 0
	Major (requiring I/O) page faults: 23
	Minor (reclaiming a frame) page faults: 1267414
	Voluntary context switches: 4646
	Involuntary context switches: 4048
	Swaps: 0
	File system inputs: 0
	File system outputs: 192
	Socket messages sent: 0
	Socket messages received: 0
	Signals delivered: 0
	Page size (bytes): 4096
	Exit status: 0
	Command being timed: "timeout 600 java -Xmx64g -jar ./enhsp3.jar -o ./domain_with_failure.pddl -f ./problems/a35g6-change-2-d7/problem69.pddl -h blcost -s WAStar -dap"
	User time (seconds): 24.10
	System time (seconds): 1.19
	Percent of CPU this job got: 99%
	Elapsed (wall clock) time (h:mm:ss or m:ss): 0:25.33
	Average shared text size (kbytes): 0
	Average unshared data size (kbytes): 0
	Average stack size (kbytes): 0
	Average total size (kbytes): 0
	Maximum resident set size (kbytes): 3037820
	Average resident set size (kbytes): 0
	Major (requiring I/O) page faults: 23
	Minor (reclaiming a frame) page faults: 1336286
	Voluntary context switches: 4726
	Involuntary context switches: 4117
	Swaps: 0
	File system inputs: 0
	File system outputs: 192
	Socket messages sent: 0
	Socket messages received: 0
	Signals delivered: 0
	Page size (bytes): 4096
	Exit status: 0
	Command being timed: "timeout 600 java -Xmx64g -jar ./enhsp3.jar -o ./domain_with_failure.pddl -f ./problems/a35g6-change-2-d7/problem70.pddl -h blcost -s WAStar -dap"
	User time (seconds): 23.68
	System time (seconds): 1.14
	Percent of CPU this job got: 99%
	Elapsed (wall clock) time (h:mm:ss or m:ss): 0:24.87
	Average shared text size (kbytes): 0
	Average unshared data size (kbytes): 0
	Average stack size (kbytes): 0
	Average total size (kbytes): 0
	Maximum resident set size (kbytes): 2943800
	Average resident set size (kbytes): 0
	Major (requiring I/O) page faults: 20
	Minor (reclaiming a frame) page faults: 1319536
	Voluntary context switches: 4655
	Involuntary context switches: 4295
	Swaps: 0
	File system inputs: 0
	File system outputs: 160
	Socket messages sent: 0
	Socket messages received: 0
	Signals delivered: 0
	Page size (bytes): 4096
	Exit status: 0
	Command being timed: "timeout 600 java -Xmx64g -jar ./enhsp3.jar -o ./domain_with_failure.pddl -f ./problems/a35g6-change-2-d7/problem71.pddl -h blcost -s WAStar -dap"
	User time (seconds): 23.77
	System time (seconds): 1.09
	Percent of CPU this job got: 99%
	Elapsed (wall clock) time (h:mm:ss or m:ss): 0:24.91
	Average shared text size (kbytes): 0
	Average unshared data size (kbytes): 0
	Average stack size (kbytes): 0
	Average total size (kbytes): 0
	Maximum resident set size (kbytes): 2902600
	Average resident set size (kbytes): 0
	Major (requiring I/O) page faults: 23
	Minor (reclaiming a frame) page faults: 1300546
	Voluntary context switches: 4476
	Involuntary context switches: 4123
	Swaps: 0
	File system inputs: 0
	File system outputs: 200
	Socket messages sent: 0
	Socket messages received: 0
	Signals delivered: 0
	Page size (bytes): 4096
	Exit status: 0
	Command being timed: "timeout 600 java -Xmx64g -jar ./enhsp3.jar -o ./domain_with_failure.pddl -f ./problems/a35g6-change-2-d7/problem72.pddl -h blcost -s WAStar -dap"
	User time (seconds): 21.77
	System time (seconds): 1.12
	Percent of CPU this job got: 99%
	Elapsed (wall clock) time (h:mm:ss or m:ss): 0:22.92
	Average shared text size (kbytes): 0
	Average unshared data size (kbytes): 0
	Average stack size (kbytes): 0
	Average total size (kbytes): 0
	Maximum resident set size (kbytes): 2839228
	Average resident set size (kbytes): 0
	Major (requiring I/O) page faults: 23
	Minor (reclaiming a frame) page faults: 1237933
	Voluntary context switches: 4627
	Involuntary context switches: 4005
	Swaps: 0
	File system inputs: 0
	File system outputs: 184
	Socket messages sent: 0
	Socket messages received: 0
	Signals delivered: 0
	Page size (bytes): 4096
	Exit status: 0
	Command being timed: "timeout 600 java -Xmx64g -jar ./enhsp3.jar -o ./domain_with_failure.pddl -f ./problems/a35g6-change-2-d7/problem73.pddl -h blcost -s WAStar -dap"
	User time (seconds): 22.25
	System time (seconds): 1.07
	Percent of CPU this job got: 99%
	Elapsed (wall clock) time (h:mm:ss or m:ss): 0:23.36
	Average shared text size (kbytes): 0
	Average unshared data size (kbytes): 0
	Average stack size (kbytes): 0
	Average total size (kbytes): 0
	Maximum resident set size (kbytes): 2844504
	Average resident set size (kbytes): 0
	Major (requiring I/O) page faults: 11
	Minor (reclaiming a frame) page faults: 1239067
	Voluntary context switches: 4775
	Involuntary context switches: 4149
	Swaps: 0
	File system inputs: 0
	File system outputs: 104
	Socket messages sent: 0
	Socket messages received: 0
	Signals delivered: 0
	Page size (bytes): 4096
	Exit status: 0
	Command being timed: "timeout 600 java -Xmx64g -jar ./enhsp3.jar -o ./domain_with_failure.pddl -f ./problems/a35g6-change-2-d7/problem74.pddl -h blcost -s WAStar -dap"
	User time (seconds): 23.35
	System time (seconds): 1.20
	Percent of CPU this job got: 99%
	Elapsed (wall clock) time (h:mm:ss or m:ss): 0:24.59
	Average shared text size (kbytes): 0
	Average unshared data size (kbytes): 0
	Average stack size (kbytes): 0
	Average total size (kbytes): 0
	Maximum resident set size (kbytes): 3039712
	Average resident set size (kbytes): 0
	Major (requiring I/O) page faults: 8
	Minor (reclaiming a frame) page faults: 1407369
	Voluntary context switches: 4935
	Involuntary context switches: 3993
	Swaps: 0
	File system inputs: 0
	File system outputs: 64
	Socket messages sent: 0
	Socket messages received: 0
	Signals delivered: 0
	Page size (bytes): 4096
	Exit status: 0
	Command being timed: "timeout 600 java -Xmx64g -jar ./enhsp3.jar -o ./domain_with_failure.pddl -f ./problems/a35g6-change-2-d7/problem75.pddl -h blcost -s WAStar -dap"
	User time (seconds): 21.90
	System time (seconds): 1.20
	Percent of CPU this job got: 99%
	Elapsed (wall clock) time (h:mm:ss or m:ss): 0:23.14
	Average shared text size (kbytes): 0
	Average unshared data size (kbytes): 0
	Average stack size (kbytes): 0
	Average total size (kbytes): 0
	Maximum resident set size (kbytes): 2893780
	Average resident set size (kbytes): 0
	Major (requiring I/O) page faults: 8
	Minor (reclaiming a frame) page faults: 1298249
	Voluntary context switches: 5010
	Involuntary context switches: 3937
	Swaps: 0
	File system inputs: 0
	File system outputs: 80
	Socket messages sent: 0
	Socket messages received: 0
	Signals delivered: 0
	Page size (bytes): 4096
	Exit status: 0
	Command being timed: "timeout 600 java -Xmx64g -jar ./enhsp3.jar -o ./domain_with_failure.pddl -f ./problems/a35g6-change-2-d7/problem76.pddl -h blcost -s WAStar -dap"
	User time (seconds): 23.29
	System time (seconds): 1.08
	Percent of CPU this job got: 99%
	Elapsed (wall clock) time (h:mm:ss or m:ss): 0:24.42
	Average shared text size (kbytes): 0
	Average unshared data size (kbytes): 0
	Average stack size (kbytes): 0
	Average total size (kbytes): 0
	Maximum resident set size (kbytes): 2908472
	Average resident set size (kbytes): 0
	Major (requiring I/O) page faults: 8
	Minor (reclaiming a frame) page faults: 1302492
	Voluntary context switches: 4318
	Involuntary context switches: 4031
	Swaps: 0
	File system inputs: 0
	File system outputs: 64
	Socket messages sent: 0
	Socket messages received: 0
	Signals delivered: 0
	Page size (bytes): 4096
	Exit status: 0
	Command being timed: "timeout 600 java -Xmx64g -jar ./enhsp3.jar -o ./domain_with_failure.pddl -f ./problems/a35g6-change-2-d7/problem77.pddl -h blcost -s WAStar -dap"
	User time (seconds): 23.59
	System time (seconds): 1.13
	Percent of CPU this job got: 99%
	Elapsed (wall clock) time (h:mm:ss or m:ss): 0:24.75
	Average shared text size (kbytes): 0
	Average unshared data size (kbytes): 0
	Average stack size (kbytes): 0
	Average total size (kbytes): 0
	Maximum resident set size (kbytes): 2899436
	Average resident set size (kbytes): 0
	Major (requiring I/O) page faults: 8
	Minor (reclaiming a frame) page faults: 1299816
	Voluntary context switches: 4358
	Involuntary context switches: 4041
	Swaps: 0
	File system inputs: 0
	File system outputs: 80
	Socket messages sent: 0
	Socket messages received: 0
	Signals delivered: 0
	Page size (bytes): 4096
	Exit status: 0
	Command being timed: "timeout 600 java -Xmx64g -jar ./enhsp3.jar -o ./domain_with_failure.pddl -f ./problems/a35g6-change-2-d7/problem78.pddl -h blcost -s WAStar -dap"
	User time (seconds): 24.20
	System time (seconds): 1.29
	Percent of CPU this job got: 99%
	Elapsed (wall clock) time (h:mm:ss or m:ss): 0:25.53
	Average shared text size (kbytes): 0
	Average unshared data size (kbytes): 0
	Average stack size (kbytes): 0
	Average total size (kbytes): 0
	Maximum resident set size (kbytes): 3065680
	Average resident set size (kbytes): 0
	Major (requiring I/O) page faults: 8
	Minor (reclaiming a frame) page faults: 1425799
	Voluntary context switches: 4725
	Involuntary context switches: 4159
	Swaps: 0
	File system inputs: 0
	File system outputs: 64
	Socket messages sent: 0
	Socket messages received: 0
	Signals delivered: 0
	Page size (bytes): 4096
	Exit status: 0
	Command being timed: "timeout 600 java -Xmx64g -jar ./enhsp3.jar -o ./domain_with_failure.pddl -f ./problems/a35g6-change-2-d7/problem79.pddl -h blcost -s WAStar -dap"
	User time (seconds): 24.04
	System time (seconds): 1.25
	Percent of CPU this job got: 99%
	Elapsed (wall clock) time (h:mm:ss or m:ss): 0:25.33
	Average shared text size (kbytes): 0
	Average unshared data size (kbytes): 0
	Average stack size (kbytes): 0
	Average total size (kbytes): 0
	Maximum resident set size (kbytes): 3063052
	Average resident set size (kbytes): 0
	Major (requiring I/O) page faults: 8
	Minor (reclaiming a frame) page faults: 1497067
	Voluntary context switches: 4733
	Involuntary context switches: 4129
	Swaps: 0
	File system inputs: 0
	File system outputs: 80
	Socket messages sent: 0
	Socket messages received: 0
	Signals delivered: 0
	Page size (bytes): 4096
	Exit status: 0
	Command being timed: "timeout 600 java -Xmx64g -jar ./enhsp3.jar -o ./domain_with_failure.pddl -f ./problems/a35g6-change-2-d7/problem80.pddl -h blcost -s WAStar -dap"
	User time (seconds): 23.87
	System time (seconds): 1.30
	Percent of CPU this job got: 99%
	Elapsed (wall clock) time (h:mm:ss or m:ss): 0:25.21
	Average shared text size (kbytes): 0
	Average unshared data size (kbytes): 0
	Average stack size (kbytes): 0
	Average total size (kbytes): 0
	Maximum resident set size (kbytes): 3086572
	Average resident set size (kbytes): 0
	Major (requiring I/O) page faults: 8
	Minor (reclaiming a frame) page faults: 1433442
	Voluntary context switches: 4700
	Involuntary context switches: 4039
	Swaps: 0
	File system inputs: 0
	File system outputs: 72
	Socket messages sent: 0
	Socket messages received: 0
	Signals delivered: 0
	Page size (bytes): 4096
	Exit status: 0
	Command being timed: "timeout 600 java -Xmx64g -jar ./enhsp3.jar -o ./domain_with_failure.pddl -f ./problems/a35g6-change-2-d7/problem81.pddl -h blcost -s WAStar -dap"
	User time (seconds): 22.74
	System time (seconds): 1.16
	Percent of CPU this job got: 99%
	Elapsed (wall clock) time (h:mm:ss or m:ss): 0:23.94
	Average shared text size (kbytes): 0
	Average unshared data size (kbytes): 0
	Average stack size (kbytes): 0
	Average total size (kbytes): 0
	Maximum resident set size (kbytes): 2832864
	Average resident set size (kbytes): 0
	Major (requiring I/O) page faults: 8
	Minor (reclaiming a frame) page faults: 1266977
	Voluntary context switches: 4668
	Involuntary context switches: 4022
	Swaps: 0
	File system inputs: 0
	File system outputs: 72
	Socket messages sent: 0
	Socket messages received: 0
	Signals delivered: 0
	Page size (bytes): 4096
	Exit status: 0
	Command being timed: "timeout 600 java -Xmx64g -jar ./enhsp3.jar -o ./domain_with_failure.pddl -f ./problems/a35g6-change-2-d7/problem82.pddl -h blcost -s WAStar -dap"
	User time (seconds): 23.20
	System time (seconds): 1.21
	Percent of CPU this job got: 99%
	Elapsed (wall clock) time (h:mm:ss or m:ss): 0:24.46
	Average shared text size (kbytes): 0
	Average unshared data size (kbytes): 0
	Average stack size (kbytes): 0
	Average total size (kbytes): 0
	Maximum resident set size (kbytes): 2902284
	Average resident set size (kbytes): 0
	Major (requiring I/O) page faults: 8
	Minor (reclaiming a frame) page faults: 1329309
	Voluntary context switches: 4364
	Involuntary context switches: 4022
	Swaps: 0
	File system inputs: 0
	File system outputs: 72
	Socket messages sent: 0
	Socket messages received: 0
	Signals delivered: 0
	Page size (bytes): 4096
	Exit status: 0
	Command being timed: "timeout 600 java -Xmx64g -jar ./enhsp3.jar -o ./domain_with_failure.pddl -f ./problems/a35g6-change-2-d7/problem83.pddl -h blcost -s WAStar -dap"
	User time (seconds): 23.60
	System time (seconds): 1.28
	Percent of CPU this job got: 99%
	Elapsed (wall clock) time (h:mm:ss or m:ss): 0:24.92
	Average shared text size (kbytes): 0
	Average unshared data size (kbytes): 0
	Average stack size (kbytes): 0
	Average total size (kbytes): 0
	Maximum resident set size (kbytes): 3040732
	Average resident set size (kbytes): 0
	Major (requiring I/O) page faults: 8
	Minor (reclaiming a frame) page faults: 1428087
	Voluntary context switches: 4786
	Involuntary context switches: 4150
	Swaps: 0
	File system inputs: 0
	File system outputs: 64
	Socket messages sent: 0
	Socket messages received: 0
	Signals delivered: 0
	Page size (bytes): 4096
	Exit status: 0
	Command being timed: "timeout 600 java -Xmx64g -jar ./enhsp3.jar -o ./domain_with_failure.pddl -f ./problems/a35g6-change-2-d7/problem84.pddl -h blcost -s WAStar -dap"
	User time (seconds): 24.16
	System time (seconds): 1.19
	Percent of CPU this job got: 99%
	Elapsed (wall clock) time (h:mm:ss or m:ss): 0:25.39
	Average shared text size (kbytes): 0
	Average unshared data size (kbytes): 0
	Average stack size (kbytes): 0
	Average total size (kbytes): 0
	Maximum resident set size (kbytes): 3088980
	Average resident set size (kbytes): 0
	Major (requiring I/O) page faults: 8
	Minor (reclaiming a frame) page faults: 1440484
	Voluntary context switches: 4788
	Involuntary context switches: 3952
	Swaps: 0
	File system inputs: 0
	File system outputs: 80
	Socket messages sent: 0
	Socket messages received: 0
	Signals delivered: 0
	Page size (bytes): 4096
	Exit status: 0
	Command being timed: "timeout 600 java -Xmx64g -jar ./enhsp3.jar -o ./domain_with_failure.pddl -f ./problems/a35g6-change-2-d7/problem85.pddl -h blcost -s WAStar -dap"
	User time (seconds): 23.83
	System time (seconds): 1.31
	Percent of CPU this job got: 99%
	Elapsed (wall clock) time (h:mm:ss or m:ss): 0:25.20
	Average shared text size (kbytes): 0
	Average unshared data size (kbytes): 0
	Average stack size (kbytes): 0
	Average total size (kbytes): 0
	Maximum resident set size (kbytes): 3070000
	Average resident set size (kbytes): 0
	Major (requiring I/O) page faults: 8
	Minor (reclaiming a frame) page faults: 1428656
	Voluntary context switches: 4640
	Involuntary context switches: 4134
	Swaps: 0
	File system inputs: 0
	File system outputs: 72
	Socket messages sent: 0
	Socket messages received: 0
	Signals delivered: 0
	Page size (bytes): 4096
	Exit status: 0
	Command being timed: "timeout 600 java -Xmx64g -jar ./enhsp3.jar -o ./domain_with_failure.pddl -f ./problems/a35g6-change-2-d7/problem86.pddl -h blcost -s WAStar -dap"
	User time (seconds): 23.13
	System time (seconds): 1.18
	Percent of CPU this job got: 99%
	Elapsed (wall clock) time (h:mm:ss or m:ss): 0:24.36
	Average shared text size (kbytes): 0
	Average unshared data size (kbytes): 0
	Average stack size (kbytes): 0
	Average total size (kbytes): 0
	Maximum resident set size (kbytes): 2906652
	Average resident set size (kbytes): 0
	Major (requiring I/O) page faults: 8
	Minor (reclaiming a frame) page faults: 1344181
	Voluntary context switches: 4288
	Involuntary context switches: 4009
	Swaps: 0
	File system inputs: 0
	File system outputs: 72
	Socket messages sent: 0
	Socket messages received: 0
	Signals delivered: 0
	Page size (bytes): 4096
	Exit status: 0
	Command being timed: "timeout 600 java -Xmx64g -jar ./enhsp3.jar -o ./domain_with_failure.pddl -f ./problems/a35g6-change-2-d7/problem87.pddl -h blcost -s WAStar -dap"
	User time (seconds): 22.60
	System time (seconds): 1.10
	Percent of CPU this job got: 99%
	Elapsed (wall clock) time (h:mm:ss or m:ss): 0:23.75
	Average shared text size (kbytes): 0
	Average unshared data size (kbytes): 0
	Average stack size (kbytes): 0
	Average total size (kbytes): 0
	Maximum resident set size (kbytes): 2833540
	Average resident set size (kbytes): 0
	Major (requiring I/O) page faults: 8
	Minor (reclaiming a frame) page faults: 1230310
	Voluntary context switches: 4610
	Involuntary context switches: 3980
	Swaps: 0
	File system inputs: 0
	File system outputs: 72
	Socket messages sent: 0
	Socket messages received: 0
	Signals delivered: 0
	Page size (bytes): 4096
	Exit status: 0
	Command being timed: "timeout 600 java -Xmx64g -jar ./enhsp3.jar -o ./domain_with_failure.pddl -f ./problems/a35g6-change-2-d7/problem88.pddl -h blcost -s WAStar -dap"
	User time (seconds): 24.04
	System time (seconds): 1.12
	Percent of CPU this job got: 99%
	Elapsed (wall clock) time (h:mm:ss or m:ss): 0:25.21
	Average shared text size (kbytes): 0
	Average unshared data size (kbytes): 0
	Average stack size (kbytes): 0
	Average total size (kbytes): 0
	Maximum resident set size (kbytes): 3064108
	Average resident set size (kbytes): 0
	Major (requiring I/O) page faults: 8
	Minor (reclaiming a frame) page faults: 1425566
	Voluntary context switches: 4904
	Involuntary context switches: 4132
	Swaps: 0
	File system inputs: 0
	File system outputs: 72
	Socket messages sent: 0
	Socket messages received: 0
	Signals delivered: 0
	Page size (bytes): 4096
	Exit status: 0
	Command being timed: "timeout 600 java -Xmx64g -jar ./enhsp3.jar -o ./domain_with_failure.pddl -f ./problems/a35g6-change-2-d7/problem89.pddl -h blcost -s WAStar -dap"
	User time (seconds): 23.58
	System time (seconds): 1.13
	Percent of CPU this job got: 99%
	Elapsed (wall clock) time (h:mm:ss or m:ss): 0:24.76
	Average shared text size (kbytes): 0
	Average unshared data size (kbytes): 0
	Average stack size (kbytes): 0
	Average total size (kbytes): 0
	Maximum resident set size (kbytes): 2905504
	Average resident set size (kbytes): 0
	Major (requiring I/O) page faults: 8
	Minor (reclaiming a frame) page faults: 1299860
	Voluntary context switches: 4586
	Involuntary context switches: 4260
	Swaps: 0
	File system inputs: 0
	File system outputs: 72
	Socket messages sent: 0
	Socket messages received: 0
	Signals delivered: 0
	Page size (bytes): 4096
	Exit status: 0
	Command being timed: "timeout 600 java -Xmx64g -jar ./enhsp3.jar -o ./domain_with_failure.pddl -f ./problems/a35g6-change-2-d7/problem90.pddl -h blcost -s WAStar -dap"
	User time (seconds): 22.36
	System time (seconds): 1.12
	Percent of CPU this job got: 99%
	Elapsed (wall clock) time (h:mm:ss or m:ss): 0:23.51
	Average shared text size (kbytes): 0
	Average unshared data size (kbytes): 0
	Average stack size (kbytes): 0
	Average total size (kbytes): 0
	Maximum resident set size (kbytes): 2837268
	Average resident set size (kbytes): 0
	Major (requiring I/O) page faults: 8
	Minor (reclaiming a frame) page faults: 1235170
	Voluntary context switches: 4765
	Involuntary context switches: 4223
	Swaps: 0
	File system inputs: 0
	File system outputs: 72
	Socket messages sent: 0
	Socket messages received: 0
	Signals delivered: 0
	Page size (bytes): 4096
	Exit status: 0
	Command being timed: "timeout 600 java -Xmx64g -jar ./enhsp3.jar -o ./domain_with_failure.pddl -f ./problems/a35g6-change-2-d7/problem91.pddl -h blcost -s WAStar -dap"
	User time (seconds): 21.91
	System time (seconds): 1.06
	Percent of CPU this job got: 99%
	Elapsed (wall clock) time (h:mm:ss or m:ss): 0:23.00
	Average shared text size (kbytes): 0
	Average unshared data size (kbytes): 0
	Average stack size (kbytes): 0
	Average total size (kbytes): 0
	Maximum resident set size (kbytes): 2855200
	Average resident set size (kbytes): 0
	Major (requiring I/O) page faults: 8
	Minor (reclaiming a frame) page faults: 1240661
	Voluntary context switches: 4870
	Involuntary context switches: 3939
	Swaps: 0
	File system inputs: 0
	File system outputs: 80
	Socket messages sent: 0
	Socket messages received: 0
	Signals delivered: 0
	Page size (bytes): 4096
	Exit status: 0
	Command being timed: "timeout 600 java -Xmx64g -jar ./enhsp3.jar -o ./domain_with_failure.pddl -f ./problems/a35g6-change-2-d7/problem92.pddl -h blcost -s WAStar -dap"
	User time (seconds): 23.38
	System time (seconds): 1.12
	Percent of CPU this job got: 99%
	Elapsed (wall clock) time (h:mm:ss or m:ss): 0:24.55
	Average shared text size (kbytes): 0
	Average unshared data size (kbytes): 0
	Average stack size (kbytes): 0
	Average total size (kbytes): 0
	Maximum resident set size (kbytes): 2909172
	Average resident set size (kbytes): 0
	Major (requiring I/O) page faults: 8
	Minor (reclaiming a frame) page faults: 1343783
	Voluntary context switches: 4268
	Involuntary context switches: 3955
	Swaps: 0
	File system inputs: 0
	File system outputs: 64
	Socket messages sent: 0
	Socket messages received: 0
	Signals delivered: 0
	Page size (bytes): 4096
	Exit status: 0
	Command being timed: "timeout 600 java -Xmx64g -jar ./enhsp3.jar -o ./domain_with_failure.pddl -f ./problems/a35g6-change-2-d7/problem93.pddl -h blcost -s WAStar -dap"
	User time (seconds): 23.40
	System time (seconds): 1.29
	Percent of CPU this job got: 99%
	Elapsed (wall clock) time (h:mm:ss or m:ss): 0:24.73
	Average shared text size (kbytes): 0
	Average unshared data size (kbytes): 0
	Average stack size (kbytes): 0
	Average total size (kbytes): 0
	Maximum resident set size (kbytes): 3041364
	Average resident set size (kbytes): 0
	Major (requiring I/O) page faults: 8
	Minor (reclaiming a frame) page faults: 1337306
	Voluntary context switches: 4719
	Involuntary context switches: 4128
	Swaps: 0
	File system inputs: 0
	File system outputs: 80
	Socket messages sent: 0
	Socket messages received: 0
	Signals delivered: 0
	Page size (bytes): 4096
	Exit status: 0
	Command being timed: "timeout 600 java -Xmx64g -jar ./enhsp3.jar -o ./domain_with_failure.pddl -f ./problems/a35g6-change-2-d7/problem94.pddl -h blcost -s WAStar -dap"
	User time (seconds): 23.79
	System time (seconds): 1.25
	Percent of CPU this job got: 99%
	Elapsed (wall clock) time (h:mm:ss or m:ss): 0:25.07
	Average shared text size (kbytes): 0
	Average unshared data size (kbytes): 0
	Average stack size (kbytes): 0
	Average total size (kbytes): 0
	Maximum resident set size (kbytes): 2907856
	Average resident set size (kbytes): 0
	Major (requiring I/O) page faults: 8
	Minor (reclaiming a frame) page faults: 1335464
	Voluntary context switches: 4444
	Involuntary context switches: 4158
	Swaps: 0
	File system inputs: 0
	File system outputs: 64
	Socket messages sent: 0
	Socket messages received: 0
	Signals delivered: 0
	Page size (bytes): 4096
	Exit status: 0
	Command being timed: "timeout 600 java -Xmx64g -jar ./enhsp3.jar -o ./domain_with_failure.pddl -f ./problems/a35g6-change-2-d7/problem95.pddl -h blcost -s WAStar -dap"
	User time (seconds): 22.76
	System time (seconds): 1.19
	Percent of CPU this job got: 99%
	Elapsed (wall clock) time (h:mm:ss or m:ss): 0:23.98
	Average shared text size (kbytes): 0
	Average unshared data size (kbytes): 0
	Average stack size (kbytes): 0
	Average total size (kbytes): 0
	Maximum resident set size (kbytes): 2840808
	Average resident set size (kbytes): 0
	Major (requiring I/O) page faults: 8
	Minor (reclaiming a frame) page faults: 1243565
	Voluntary context switches: 4871
	Involuntary context switches: 4224
	Swaps: 0
	File system inputs: 0
	File system outputs: 80
	Socket messages sent: 0
	Socket messages received: 0
	Signals delivered: 0
	Page size (bytes): 4096
	Exit status: 0
	Command being timed: "timeout 600 java -Xmx64g -jar ./enhsp3.jar -o ./domain_with_failure.pddl -f ./problems/a35g6-change-2-d7/problem96.pddl -h blcost -s WAStar -dap"
	User time (seconds): 24.41
	System time (seconds): 1.38
	Percent of CPU this job got: 99%
	Elapsed (wall clock) time (h:mm:ss or m:ss): 0:25.84
	Average shared text size (kbytes): 0
	Average unshared data size (kbytes): 0
	Average stack size (kbytes): 0
	Average total size (kbytes): 0
	Maximum resident set size (kbytes): 3103576
	Average resident set size (kbytes): 0
	Major (requiring I/O) page faults: 8
	Minor (reclaiming a frame) page faults: 1367638
	Voluntary context switches: 4629
	Involuntary context switches: 4003
	Swaps: 0
	File system inputs: 0
	File system outputs: 72
	Socket messages sent: 0
	Socket messages received: 0
	Signals delivered: 0
	Page size (bytes): 4096
	Exit status: 0
	Command being timed: "timeout 600 java -Xmx64g -jar ./enhsp3.jar -o ./domain_with_failure.pddl -f ./problems/a35g6-change-2-d7/problem97.pddl -h blcost -s WAStar -dap"
	User time (seconds): 24.48
	System time (seconds): 1.37
	Percent of CPU this job got: 99%
	Elapsed (wall clock) time (h:mm:ss or m:ss): 0:25.89
	Average shared text size (kbytes): 0
	Average unshared data size (kbytes): 0
	Average stack size (kbytes): 0
	Average total size (kbytes): 0
	Maximum resident set size (kbytes): 3100784
	Average resident set size (kbytes): 0
	Major (requiring I/O) page faults: 8
	Minor (reclaiming a frame) page faults: 1393055
	Voluntary context switches: 4714
	Involuntary context switches: 4072
	Swaps: 0
	File system inputs: 0
	File system outputs: 64
	Socket messages sent: 0
	Socket messages received: 0
	Signals delivered: 0
	Page size (bytes): 4096
	Exit status: 0
	Command being timed: "timeout 600 java -Xmx64g -jar ./enhsp3.jar -o ./domain_with_failure.pddl -f ./problems/a35g6-change-2-d7/problem98.pddl -h blcost -s WAStar -dap"
	User time (seconds): 23.73
	System time (seconds): 1.25
	Percent of CPU this job got: 99%
	Elapsed (wall clock) time (h:mm:ss or m:ss): 0:25.01
	Average shared text size (kbytes): 0
	Average unshared data size (kbytes): 0
	Average stack size (kbytes): 0
	Average total size (kbytes): 0
	Maximum resident set size (kbytes): 2899068
	Average resident set size (kbytes): 0
	Major (requiring I/O) page faults: 8
	Minor (reclaiming a frame) page faults: 1301409
	Voluntary context switches: 4505
	Involuntary context switches: 4286
	Swaps: 0
	File system inputs: 0
	File system outputs: 88
	Socket messages sent: 0
	Socket messages received: 0
	Signals delivered: 0
	Page size (bytes): 4096
	Exit status: 0
	Command being timed: "timeout 600 java -Xmx64g -jar ./enhsp3.jar -o ./domain_with_failure.pddl -f ./problems/a35g6-change-2-d7/problem99.pddl -h blcost -s WAStar -dap"
	User time (seconds): 24.57
	System time (seconds): 1.29
	Percent of CPU this job got: 99%
	Elapsed (wall clock) time (h:mm:ss or m:ss): 0:25.90
	Average shared text size (kbytes): 0
	Average unshared data size (kbytes): 0
	Average stack size (kbytes): 0
	Average total size (kbytes): 0
	Maximum resident set size (kbytes): 3099488
	Average resident set size (kbytes): 0
	Major (requiring I/O) page faults: 8
	Minor (reclaiming a frame) page faults: 1374535
	Voluntary context switches: 4844
	Involuntary context switches: 4255
	Swaps: 0
	File system inputs: 0
	File system outputs: 72
	Socket messages sent: 0
	Socket messages received: 0
	Signals delivered: 0
	Page size (bytes): 4096
	Exit status: 0
	Command being timed: "timeout 600 java -Xmx64g -jar ./enhsp3.jar -o ./domain_with_failure.pddl -f ./problems/a35g6-change-2-d7/problem100.pddl -h blcost -s WAStar -dap"
	User time (seconds): 24.39
	System time (seconds): 1.36
	Percent of CPU this job got: 99%
	Elapsed (wall clock) time (h:mm:ss or m:ss): 0:25.77
	Average shared text size (kbytes): 0
	Average unshared data size (kbytes): 0
	Average stack size (kbytes): 0
	Average total size (kbytes): 0
	Maximum resident set size (kbytes): 3067196
	Average resident set size (kbytes): 0
	Major (requiring I/O) page faults: 8
	Minor (reclaiming a frame) page faults: 1426653
	Voluntary context switches: 4871
	Involuntary context switches: 4231
	Swaps: 0
	File system inputs: 0
	File system outputs: 80
	Socket messages sent: 0
	Socket messages received: 0
	Signals delivered: 0
	Page size (bytes): 4096
	Exit status: 0
