Loading openjdk/17.0.8.1_1
  Loading requirement: glibc/2.35-aocc-3.2.0-wetwhfr
    gcc-runtime/12.1.0-gcc-12.1.0-uotjsm3 glibc/2.35-aocc-3.2.0-dkzxmta
	Command being timed: "timeout 600 java -Xmx64g -jar ./enhsp3.jar -o ./domain_with_failure.pddl -f ./problems/a35g6-del-2-d7/problem1.pddl -h blcost -s WAStar -dap"
	User time (seconds): 23.84
	System time (seconds): 1.24
	Percent of CPU this job got: 99%
	Elapsed (wall clock) time (h:mm:ss or m:ss): 0:25.13
	Average shared text size (kbytes): 0
	Average unshared data size (kbytes): 0
	Average stack size (kbytes): 0
	Average total size (kbytes): 0
	Maximum resident set size (kbytes): 3012184
	Average resident set size (kbytes): 0
	Major (requiring I/O) page faults: 20
	Minor (reclaiming a frame) page faults: 1414708
	Voluntary context switches: 4809
	Involuntary context switches: 4386
	Swaps: 0
	File system inputs: 0
	File system outputs: 160
	Socket messages sent: 0
	Socket messages received: 0
	Signals delivered: 0
	Page size (bytes): 4096
	Exit status: 0
	Command being timed: "timeout 600 java -Xmx64g -jar ./enhsp3.jar -o ./domain_with_failure.pddl -f ./problems/a35g6-del-2-d7/problem2.pddl -h blcost -s WAStar -dap"
	User time (seconds): 21.56
	System time (seconds): 1.07
	Percent of CPU this job got: 99%
	Elapsed (wall clock) time (h:mm:ss or m:ss): 0:22.67
	Average shared text size (kbytes): 0
	Average unshared data size (kbytes): 0
	Average stack size (kbytes): 0
	Average total size (kbytes): 0
	Maximum resident set size (kbytes): 2844244
	Average resident set size (kbytes): 0
	Major (requiring I/O) page faults: 23
	Minor (reclaiming a frame) page faults: 1237716
	Voluntary context switches: 4769
	Involuntary context switches: 3993
	Swaps: 0
	File system inputs: 0
	File system outputs: 200
	Socket messages sent: 0
	Socket messages received: 0
	Signals delivered: 0
	Page size (bytes): 4096
	Exit status: 0
	Command being timed: "timeout 600 java -Xmx64g -jar ./enhsp3.jar -o ./domain_with_failure.pddl -f ./problems/a35g6-del-2-d7/problem3.pddl -h blcost -s WAStar -dap"
	User time (seconds): 23.57
	System time (seconds): 1.18
	Percent of CPU this job got: 99%
	Elapsed (wall clock) time (h:mm:ss or m:ss): 0:24.81
	Average shared text size (kbytes): 0
	Average unshared data size (kbytes): 0
	Average stack size (kbytes): 0
	Average total size (kbytes): 0
	Maximum resident set size (kbytes): 3014704
	Average resident set size (kbytes): 0
	Major (requiring I/O) page faults: 23
	Minor (reclaiming a frame) page faults: 1321115
	Voluntary context switches: 4778
	Involuntary context switches: 4162
	Swaps: 0
	File system inputs: 0
	File system outputs: 184
	Socket messages sent: 0
	Socket messages received: 0
	Signals delivered: 0
	Page size (bytes): 4096
	Exit status: 0
	Command being timed: "timeout 600 java -Xmx64g -jar ./enhsp3.jar -o ./domain_with_failure.pddl -f ./problems/a35g6-del-2-d7/problem4.pddl -h blcost -s WAStar -dap"
	User time (seconds): 22.33
	System time (seconds): 1.22
	Percent of CPU this job got: 99%
	Elapsed (wall clock) time (h:mm:ss or m:ss): 0:23.61
	Average shared text size (kbytes): 0
	Average unshared data size (kbytes): 0
	Average stack size (kbytes): 0
	Average total size (kbytes): 0
	Maximum resident set size (kbytes): 2835468
	Average resident set size (kbytes): 0
	Major (requiring I/O) page faults: 20
	Minor (reclaiming a frame) page faults: 1240545
	Voluntary context switches: 4835
	Involuntary context switches: 4073
	Swaps: 0
	File system inputs: 0
	File system outputs: 168
	Socket messages sent: 0
	Socket messages received: 0
	Signals delivered: 0
	Page size (bytes): 4096
	Exit status: 0
	Command being timed: "timeout 600 java -Xmx64g -jar ./enhsp3.jar -o ./domain_with_failure.pddl -f ./problems/a35g6-del-2-d7/problem5.pddl -h blcost -s WAStar -dap"
	User time (seconds): 21.34
	System time (seconds): 1.07
	Percent of CPU this job got: 99%
	Elapsed (wall clock) time (h:mm:ss or m:ss): 0:22.44
	Average shared text size (kbytes): 0
	Average unshared data size (kbytes): 0
	Average stack size (kbytes): 0
	Average total size (kbytes): 0
	Maximum resident set size (kbytes): 2781000
	Average resident set size (kbytes): 0
	Major (requiring I/O) page faults: 23
	Minor (reclaiming a frame) page faults: 1277107
	Voluntary context switches: 4806
	Involuntary context switches: 3937
	Swaps: 0
	File system inputs: 0
	File system outputs: 192
	Socket messages sent: 0
	Socket messages received: 0
	Signals delivered: 0
	Page size (bytes): 4096
	Exit status: 0
	Command being timed: "timeout 600 java -Xmx64g -jar ./enhsp3.jar -o ./domain_with_failure.pddl -f ./problems/a35g6-del-2-d7/problem6.pddl -h blcost -s WAStar -dap"
	User time (seconds): 22.97
	System time (seconds): 1.18
	Percent of CPU this job got: 99%
	Elapsed (wall clock) time (h:mm:ss or m:ss): 0:24.20
	Average shared text size (kbytes): 0
	Average unshared data size (kbytes): 0
	Average stack size (kbytes): 0
	Average total size (kbytes): 0
	Maximum resident set size (kbytes): 3015852
	Average resident set size (kbytes): 0
	Major (requiring I/O) page faults: 20
	Minor (reclaiming a frame) page faults: 1339072
	Voluntary context switches: 4887
	Involuntary context switches: 3951
	Swaps: 0
	File system inputs: 0
	File system outputs: 168
	Socket messages sent: 0
	Socket messages received: 0
	Signals delivered: 0
	Page size (bytes): 4096
	Exit status: 0
	Command being timed: "timeout 600 java -Xmx64g -jar ./enhsp3.jar -o ./domain_with_failure.pddl -f ./problems/a35g6-del-2-d7/problem7.pddl -h blcost -s WAStar -dap"
	User time (seconds): 23.98
	System time (seconds): 1.17
	Percent of CPU this job got: 99%
	Elapsed (wall clock) time (h:mm:ss or m:ss): 0:25.19
	Average shared text size (kbytes): 0
	Average unshared data size (kbytes): 0
	Average stack size (kbytes): 0
	Average total size (kbytes): 0
	Maximum resident set size (kbytes): 3044456
	Average resident set size (kbytes): 0
	Major (requiring I/O) page faults: 23
	Minor (reclaiming a frame) page faults: 1339162
	Voluntary context switches: 4873
	Involuntary context switches: 4083
	Swaps: 0
	File system inputs: 0
	File system outputs: 208
	Socket messages sent: 0
	Socket messages received: 0
	Signals delivered: 0
	Page size (bytes): 4096
	Exit status: 0
	Command being timed: "timeout 600 java -Xmx64g -jar ./enhsp3.jar -o ./domain_with_failure.pddl -f ./problems/a35g6-del-2-d7/problem8.pddl -h blcost -s WAStar -dap"
	User time (seconds): 25.56
	System time (seconds): 1.40
	Percent of CPU this job got: 99%
	Elapsed (wall clock) time (h:mm:ss or m:ss): 0:27.04
	Average shared text size (kbytes): 0
	Average unshared data size (kbytes): 0
	Average stack size (kbytes): 0
	Average total size (kbytes): 0
	Maximum resident set size (kbytes): 3694508
	Average resident set size (kbytes): 0
	Major (requiring I/O) page faults: 26
	Minor (reclaiming a frame) page faults: 1509242
	Voluntary context switches: 5092
	Involuntary context switches: 4331
	Swaps: 0
	File system inputs: 0
	File system outputs: 232
	Socket messages sent: 0
	Socket messages received: 0
	Signals delivered: 0
	Page size (bytes): 4096
	Exit status: 0
	Command being timed: "timeout 600 java -Xmx64g -jar ./enhsp3.jar -o ./domain_with_failure.pddl -f ./problems/a35g6-del-2-d7/problem9.pddl -h blcost -s WAStar -dap"
	User time (seconds): 21.17
	System time (seconds): 1.16
	Percent of CPU this job got: 99%
	Elapsed (wall clock) time (h:mm:ss or m:ss): 0:22.37
	Average shared text size (kbytes): 0
	Average unshared data size (kbytes): 0
	Average stack size (kbytes): 0
	Average total size (kbytes): 0
	Maximum resident set size (kbytes): 2802280
	Average resident set size (kbytes): 0
	Major (requiring I/O) page faults: 20
	Minor (reclaiming a frame) page faults: 1254751
	Voluntary context switches: 4881
	Involuntary context switches: 3896
	Swaps: 0
	File system inputs: 0
	File system outputs: 168
	Socket messages sent: 0
	Socket messages received: 0
	Signals delivered: 0
	Page size (bytes): 4096
	Exit status: 0
	Command being timed: "timeout 600 java -Xmx64g -jar ./enhsp3.jar -o ./domain_with_failure.pddl -f ./problems/a35g6-del-2-d7/problem10.pddl -h blcost -s WAStar -dap"
	User time (seconds): 23.59
	System time (seconds): 1.28
	Percent of CPU this job got: 99%
	Elapsed (wall clock) time (h:mm:ss or m:ss): 0:24.93
	Average shared text size (kbytes): 0
	Average unshared data size (kbytes): 0
	Average stack size (kbytes): 0
	Average total size (kbytes): 0
	Maximum resident set size (kbytes): 3015784
	Average resident set size (kbytes): 0
	Major (requiring I/O) page faults: 23
	Minor (reclaiming a frame) page faults: 1413586
	Voluntary context switches: 4526
	Involuntary context switches: 4074
	Swaps: 0
	File system inputs: 0
	File system outputs: 208
	Socket messages sent: 0
	Socket messages received: 0
	Signals delivered: 0
	Page size (bytes): 4096
	Exit status: 0
	Command being timed: "timeout 600 java -Xmx64g -jar ./enhsp3.jar -o ./domain_with_failure.pddl -f ./problems/a35g6-del-2-d7/problem11.pddl -h blcost -s WAStar -dap"
	User time (seconds): 21.85
	System time (seconds): 1.19
	Percent of CPU this job got: 99%
	Elapsed (wall clock) time (h:mm:ss or m:ss): 0:23.07
	Average shared text size (kbytes): 0
	Average unshared data size (kbytes): 0
	Average stack size (kbytes): 0
	Average total size (kbytes): 0
	Maximum resident set size (kbytes): 3094472
	Average resident set size (kbytes): 0
	Major (requiring I/O) page faults: 20
	Minor (reclaiming a frame) page faults: 1299283
	Voluntary context switches: 4921
	Involuntary context switches: 4098
	Swaps: 0
	File system inputs: 0
	File system outputs: 176
	Socket messages sent: 0
	Socket messages received: 0
	Signals delivered: 0
	Page size (bytes): 4096
	Exit status: 0
	Command being timed: "timeout 600 java -Xmx64g -jar ./enhsp3.jar -o ./domain_with_failure.pddl -f ./problems/a35g6-del-2-d7/problem12.pddl -h blcost -s WAStar -dap"
	User time (seconds): 21.70
	System time (seconds): 1.18
	Percent of CPU this job got: 99%
	Elapsed (wall clock) time (h:mm:ss or m:ss): 0:22.92
	Average shared text size (kbytes): 0
	Average unshared data size (kbytes): 0
	Average stack size (kbytes): 0
	Average total size (kbytes): 0
	Maximum resident set size (kbytes): 2785096
	Average resident set size (kbytes): 0
	Major (requiring I/O) page faults: 23
	Minor (reclaiming a frame) page faults: 1275009
	Voluntary context switches: 4911
	Involuntary context switches: 4159
	Swaps: 0
	File system inputs: 0
	File system outputs: 200
	Socket messages sent: 0
	Socket messages received: 0
	Signals delivered: 0
	Page size (bytes): 4096
	Exit status: 0
	Command being timed: "timeout 600 java -Xmx64g -jar ./enhsp3.jar -o ./domain_with_failure.pddl -f ./problems/a35g6-del-2-d7/problem13.pddl -h blcost -s WAStar -dap"
	User time (seconds): 22.50
	System time (seconds): 1.17
	Percent of CPU this job got: 99%
	Elapsed (wall clock) time (h:mm:ss or m:ss): 0:23.71
	Average shared text size (kbytes): 0
	Average unshared data size (kbytes): 0
	Average stack size (kbytes): 0
	Average total size (kbytes): 0
	Maximum resident set size (kbytes): 2835184
	Average resident set size (kbytes): 0
	Major (requiring I/O) page faults: 20
	Minor (reclaiming a frame) page faults: 1279068
	Voluntary context switches: 5109
	Involuntary context switches: 4121
	Swaps: 0
	File system inputs: 0
	File system outputs: 168
	Socket messages sent: 0
	Socket messages received: 0
	Signals delivered: 0
	Page size (bytes): 4096
	Exit status: 0
	Command being timed: "timeout 600 java -Xmx64g -jar ./enhsp3.jar -o ./domain_with_failure.pddl -f ./problems/a35g6-del-2-d7/problem14.pddl -h blcost -s WAStar -dap"
	User time (seconds): 22.41
	System time (seconds): 1.08
	Percent of CPU this job got: 99%
	Elapsed (wall clock) time (h:mm:ss or m:ss): 0:23.52
	Average shared text size (kbytes): 0
	Average unshared data size (kbytes): 0
	Average stack size (kbytes): 0
	Average total size (kbytes): 0
	Maximum resident set size (kbytes): 2832584
	Average resident set size (kbytes): 0
	Major (requiring I/O) page faults: 23
	Minor (reclaiming a frame) page faults: 1267574
	Voluntary context switches: 5056
	Involuntary context switches: 4303
	Swaps: 0
	File system inputs: 0
	File system outputs: 208
	Socket messages sent: 0
	Socket messages received: 0
	Signals delivered: 0
	Page size (bytes): 4096
	Exit status: 0
	Command being timed: "timeout 600 java -Xmx64g -jar ./enhsp3.jar -o ./domain_with_failure.pddl -f ./problems/a35g6-del-2-d7/problem15.pddl -h blcost -s WAStar -dap"
	User time (seconds): 23.11
	System time (seconds): 1.29
	Percent of CPU this job got: 99%
	Elapsed (wall clock) time (h:mm:ss or m:ss): 0:24.43
	Average shared text size (kbytes): 0
	Average unshared data size (kbytes): 0
	Average stack size (kbytes): 0
	Average total size (kbytes): 0
	Maximum resident set size (kbytes): 3012192
	Average resident set size (kbytes): 0
	Major (requiring I/O) page faults: 23
	Minor (reclaiming a frame) page faults: 1412695
	Voluntary context switches: 4601
	Involuntary context switches: 3942
	Swaps: 0
	File system inputs: 0
	File system outputs: 208
	Socket messages sent: 0
	Socket messages received: 0
	Signals delivered: 0
	Page size (bytes): 4096
	Exit status: 0
	Command being timed: "timeout 600 java -Xmx64g -jar ./enhsp3.jar -o ./domain_with_failure.pddl -f ./problems/a35g6-del-2-d7/problem16.pddl -h blcost -s WAStar -dap"
	User time (seconds): 24.65
	System time (seconds): 1.20
	Percent of CPU this job got: 99%
	Elapsed (wall clock) time (h:mm:ss or m:ss): 0:25.89
	Average shared text size (kbytes): 0
	Average unshared data size (kbytes): 0
	Average stack size (kbytes): 0
	Average total size (kbytes): 0
	Maximum resident set size (kbytes): 3097244
	Average resident set size (kbytes): 0
	Major (requiring I/O) page faults: 23
	Minor (reclaiming a frame) page faults: 1372424
	Voluntary context switches: 4910
	Involuntary context switches: 4385
	Swaps: 0
	File system inputs: 0
	File system outputs: 192
	Socket messages sent: 0
	Socket messages received: 0
	Signals delivered: 0
	Page size (bytes): 4096
	Exit status: 0
	Command being timed: "timeout 600 java -Xmx64g -jar ./enhsp3.jar -o ./domain_with_failure.pddl -f ./problems/a35g6-del-2-d7/problem17.pddl -h blcost -s WAStar -dap"
	User time (seconds): 22.02
	System time (seconds): 1.01
	Percent of CPU this job got: 99%
	Elapsed (wall clock) time (h:mm:ss or m:ss): 0:23.08
	Average shared text size (kbytes): 0
	Average unshared data size (kbytes): 0
	Average stack size (kbytes): 0
	Average total size (kbytes): 0
	Maximum resident set size (kbytes): 2831912
	Average resident set size (kbytes): 0
	Major (requiring I/O) page faults: 20
	Minor (reclaiming a frame) page faults: 1235402
	Voluntary context switches: 4953
	Involuntary context switches: 4195
	Swaps: 0
	File system inputs: 0
	File system outputs: 176
	Socket messages sent: 0
	Socket messages received: 0
	Signals delivered: 0
	Page size (bytes): 4096
	Exit status: 0
	Command being timed: "timeout 600 java -Xmx64g -jar ./enhsp3.jar -o ./domain_with_failure.pddl -f ./problems/a35g6-del-2-d7/problem18.pddl -h blcost -s WAStar -dap"
	User time (seconds): 23.34
	System time (seconds): 1.17
	Percent of CPU this job got: 99%
	Elapsed (wall clock) time (h:mm:ss or m:ss): 0:24.55
	Average shared text size (kbytes): 0
	Average unshared data size (kbytes): 0
	Average stack size (kbytes): 0
	Average total size (kbytes): 0
	Maximum resident set size (kbytes): 3013064
	Average resident set size (kbytes): 0
	Major (requiring I/O) page faults: 23
	Minor (reclaiming a frame) page faults: 1344102
	Voluntary context switches: 4877
	Involuntary context switches: 4220
	Swaps: 0
	File system inputs: 0
	File system outputs: 200
	Socket messages sent: 0
	Socket messages received: 0
	Signals delivered: 0
	Page size (bytes): 4096
	Exit status: 0
	Command being timed: "timeout 600 java -Xmx64g -jar ./enhsp3.jar -o ./domain_with_failure.pddl -f ./problems/a35g6-del-2-d7/problem19.pddl -h blcost -s WAStar -dap"
	User time (seconds): 24.84
	System time (seconds): 1.17
	Percent of CPU this job got: 99%
	Elapsed (wall clock) time (h:mm:ss or m:ss): 0:26.05
	Average shared text size (kbytes): 0
	Average unshared data size (kbytes): 0
	Average stack size (kbytes): 0
	Average total size (kbytes): 0
	Maximum resident set size (kbytes): 3336264
	Average resident set size (kbytes): 0
	Major (requiring I/O) page faults: 23
	Minor (reclaiming a frame) page faults: 1569166
	Voluntary context switches: 4859
	Involuntary context switches: 4260
	Swaps: 0
	File system inputs: 0
	File system outputs: 200
	Socket messages sent: 0
	Socket messages received: 0
	Signals delivered: 0
	Page size (bytes): 4096
	Exit status: 0
	Command being timed: "timeout 600 java -Xmx64g -jar ./enhsp3.jar -o ./domain_with_failure.pddl -f ./problems/a35g6-del-2-d7/problem20.pddl -h blcost -s WAStar -dap"
	User time (seconds): 22.68
	System time (seconds): 1.07
	Percent of CPU this job got: 99%
	Elapsed (wall clock) time (h:mm:ss or m:ss): 0:23.79
	Average shared text size (kbytes): 0
	Average unshared data size (kbytes): 0
	Average stack size (kbytes): 0
	Average total size (kbytes): 0
	Maximum resident set size (kbytes): 2789840
	Average resident set size (kbytes): 0
	Major (requiring I/O) page faults: 23
	Minor (reclaiming a frame) page faults: 1290526
	Voluntary context switches: 4808
	Involuntary context switches: 4267
	Swaps: 0
	File system inputs: 0
	File system outputs: 200
	Socket messages sent: 0
	Socket messages received: 0
	Signals delivered: 0
	Page size (bytes): 4096
	Exit status: 0
	Command being timed: "timeout 600 java -Xmx64g -jar ./enhsp3.jar -o ./domain_with_failure.pddl -f ./problems/a35g6-del-2-d7/problem21.pddl -h blcost -s WAStar -dap"
	User time (seconds): 23.42
	System time (seconds): 1.23
	Percent of CPU this job got: 99%
	Elapsed (wall clock) time (h:mm:ss or m:ss): 0:24.70
	Average shared text size (kbytes): 0
	Average unshared data size (kbytes): 0
	Average stack size (kbytes): 0
	Average total size (kbytes): 0
	Maximum resident set size (kbytes): 3014832
	Average resident set size (kbytes): 0
	Major (requiring I/O) page faults: 23
	Minor (reclaiming a frame) page faults: 1345611
	Voluntary context switches: 4900
	Involuntary context switches: 4155
	Swaps: 0
	File system inputs: 0
	File system outputs: 192
	Socket messages sent: 0
	Socket messages received: 0
	Signals delivered: 0
	Page size (bytes): 4096
	Exit status: 0
	Command being timed: "timeout 600 java -Xmx64g -jar ./enhsp3.jar -o ./domain_with_failure.pddl -f ./problems/a35g6-del-2-d7/problem22.pddl -h blcost -s WAStar -dap"
	User time (seconds): 22.26
	System time (seconds): 1.11
	Percent of CPU this job got: 99%
	Elapsed (wall clock) time (h:mm:ss or m:ss): 0:23.40
	Average shared text size (kbytes): 0
	Average unshared data size (kbytes): 0
	Average stack size (kbytes): 0
	Average total size (kbytes): 0
	Maximum resident set size (kbytes): 2834864
	Average resident set size (kbytes): 0
	Major (requiring I/O) page faults: 20
	Minor (reclaiming a frame) page faults: 1279469
	Voluntary context switches: 4914
	Involuntary context switches: 4167
	Swaps: 0
	File system inputs: 0
	File system outputs: 160
	Socket messages sent: 0
	Socket messages received: 0
	Signals delivered: 0
	Page size (bytes): 4096
	Exit status: 0
	Command being timed: "timeout 600 java -Xmx64g -jar ./enhsp3.jar -o ./domain_with_failure.pddl -f ./problems/a35g6-del-2-d7/problem23.pddl -h blcost -s WAStar -dap"
	User time (seconds): 23.93
	System time (seconds): 1.27
	Percent of CPU this job got: 99%
	Elapsed (wall clock) time (h:mm:ss or m:ss): 0:25.25
	Average shared text size (kbytes): 0
	Average unshared data size (kbytes): 0
	Average stack size (kbytes): 0
	Average total size (kbytes): 0
	Maximum resident set size (kbytes): 3014052
	Average resident set size (kbytes): 0
	Major (requiring I/O) page faults: 23
	Minor (reclaiming a frame) page faults: 1419651
	Voluntary context switches: 4631
	Involuntary context switches: 4247
	Swaps: 0
	File system inputs: 0
	File system outputs: 200
	Socket messages sent: 0
	Socket messages received: 0
	Signals delivered: 0
	Page size (bytes): 4096
	Exit status: 0
	Command being timed: "timeout 600 java -Xmx64g -jar ./enhsp3.jar -o ./domain_with_failure.pddl -f ./problems/a35g6-del-2-d7/problem24.pddl -h blcost -s WAStar -dap"
	User time (seconds): 24.49
	System time (seconds): 1.18
	Percent of CPU this job got: 99%
	Elapsed (wall clock) time (h:mm:ss or m:ss): 0:25.70
	Average shared text size (kbytes): 0
	Average unshared data size (kbytes): 0
	Average stack size (kbytes): 0
	Average total size (kbytes): 0
	Maximum resident set size (kbytes): 3104220
	Average resident set size (kbytes): 0
	Major (requiring I/O) page faults: 23
	Minor (reclaiming a frame) page faults: 1370244
	Voluntary context switches: 4734
	Involuntary context switches: 4205
	Swaps: 0
	File system inputs: 0
	File system outputs: 200
	Socket messages sent: 0
	Socket messages received: 0
	Signals delivered: 0
	Page size (bytes): 4096
	Exit status: 0
	Command being timed: "timeout 600 java -Xmx64g -jar ./enhsp3.jar -o ./domain_with_failure.pddl -f ./problems/a35g6-del-2-d7/problem25.pddl -h blcost -s WAStar -dap"
	User time (seconds): 24.05
	System time (seconds): 1.39
	Percent of CPU this job got: 99%
	Elapsed (wall clock) time (h:mm:ss or m:ss): 0:25.48
	Average shared text size (kbytes): 0
	Average unshared data size (kbytes): 0
	Average stack size (kbytes): 0
	Average total size (kbytes): 0
	Maximum resident set size (kbytes): 3330272
	Average resident set size (kbytes): 0
	Major (requiring I/O) page faults: 23
	Minor (reclaiming a frame) page faults: 1429712
	Voluntary context switches: 5011
	Involuntary context switches: 4272
	Swaps: 0
	File system inputs: 0
	File system outputs: 184
	Socket messages sent: 0
	Socket messages received: 0
	Signals delivered: 0
	Page size (bytes): 4096
	Exit status: 0
	Command being timed: "timeout 600 java -Xmx64g -jar ./enhsp3.jar -o ./domain_with_failure.pddl -f ./problems/a35g6-del-2-d7/problem26.pddl -h blcost -s WAStar -dap"
	User time (seconds): 21.87
	System time (seconds): 1.10
	Percent of CPU this job got: 99%
	Elapsed (wall clock) time (h:mm:ss or m:ss): 0:23.02
	Average shared text size (kbytes): 0
	Average unshared data size (kbytes): 0
	Average stack size (kbytes): 0
	Average total size (kbytes): 0
	Maximum resident set size (kbytes): 2841592
	Average resident set size (kbytes): 0
	Major (requiring I/O) page faults: 23
	Minor (reclaiming a frame) page faults: 1239907
	Voluntary context switches: 4954
	Involuntary context switches: 4008
	Swaps: 0
	File system inputs: 0
	File system outputs: 200
	Socket messages sent: 0
	Socket messages received: 0
	Signals delivered: 0
	Page size (bytes): 4096
	Exit status: 0
	Command being timed: "timeout 600 java -Xmx64g -jar ./enhsp3.jar -o ./domain_with_failure.pddl -f ./problems/a35g6-del-2-d7/problem27.pddl -h blcost -s WAStar -dap"
	User time (seconds): 22.01
	System time (seconds): 1.23
	Percent of CPU this job got: 99%
	Elapsed (wall clock) time (h:mm:ss or m:ss): 0:23.28
	Average shared text size (kbytes): 0
	Average unshared data size (kbytes): 0
	Average stack size (kbytes): 0
	Average total size (kbytes): 0
	Maximum resident set size (kbytes): 3058088
	Average resident set size (kbytes): 0
	Major (requiring I/O) page faults: 20
	Minor (reclaiming a frame) page faults: 1302172
	Voluntary context switches: 4955
	Involuntary context switches: 4035
	Swaps: 0
	File system inputs: 0
	File system outputs: 160
	Socket messages sent: 0
	Socket messages received: 0
	Signals delivered: 0
	Page size (bytes): 4096
	Exit status: 0
	Command being timed: "timeout 600 java -Xmx64g -jar ./enhsp3.jar -o ./domain_with_failure.pddl -f ./problems/a35g6-del-2-d7/problem28.pddl -h blcost -s WAStar -dap"
	User time (seconds): 23.75
	System time (seconds): 1.24
	Percent of CPU this job got: 99%
	Elapsed (wall clock) time (h:mm:ss or m:ss): 0:25.03
	Average shared text size (kbytes): 0
	Average unshared data size (kbytes): 0
	Average stack size (kbytes): 0
	Average total size (kbytes): 0
	Maximum resident set size (kbytes): 3020948
	Average resident set size (kbytes): 0
	Major (requiring I/O) page faults: 23
	Minor (reclaiming a frame) page faults: 1415492
	Voluntary context switches: 4798
	Involuntary context switches: 4192
	Swaps: 0
	File system inputs: 0
	File system outputs: 200
	Socket messages sent: 0
	Socket messages received: 0
	Signals delivered: 0
	Page size (bytes): 4096
	Exit status: 0
	Command being timed: "timeout 600 java -Xmx64g -jar ./enhsp3.jar -o ./domain_with_failure.pddl -f ./problems/a35g6-del-2-d7/problem29.pddl -h blcost -s WAStar -dap"
	User time (seconds): 21.78
	System time (seconds): 1.24
	Percent of CPU this job got: 99%
	Elapsed (wall clock) time (h:mm:ss or m:ss): 0:23.06
	Average shared text size (kbytes): 0
	Average unshared data size (kbytes): 0
	Average stack size (kbytes): 0
	Average total size (kbytes): 0
	Maximum resident set size (kbytes): 3072872
	Average resident set size (kbytes): 0
	Major (requiring I/O) page faults: 23
	Minor (reclaiming a frame) page faults: 1297812
	Voluntary context switches: 4977
	Involuntary context switches: 4231
	Swaps: 0
	File system inputs: 0
	File system outputs: 192
	Socket messages sent: 0
	Socket messages received: 0
	Signals delivered: 0
	Page size (bytes): 4096
	Exit status: 0
	Command being timed: "timeout 600 java -Xmx64g -jar ./enhsp3.jar -o ./domain_with_failure.pddl -f ./problems/a35g6-del-2-d7/problem30.pddl -h blcost -s WAStar -dap"
	User time (seconds): 21.91
	System time (seconds): 1.17
	Percent of CPU this job got: 99%
	Elapsed (wall clock) time (h:mm:ss or m:ss): 0:23.23
	Average shared text size (kbytes): 0
	Average unshared data size (kbytes): 0
	Average stack size (kbytes): 0
	Average total size (kbytes): 0
	Maximum resident set size (kbytes): 2835768
	Average resident set size (kbytes): 0
	Major (requiring I/O) page faults: 20
	Minor (reclaiming a frame) page faults: 1234375
	Voluntary context switches: 4820
	Involuntary context switches: 4026
	Swaps: 0
	File system inputs: 0
	File system outputs: 168
	Socket messages sent: 0
	Socket messages received: 0
	Signals delivered: 0
	Page size (bytes): 4096
	Exit status: 0
	Command being timed: "timeout 600 java -Xmx64g -jar ./enhsp3.jar -o ./domain_with_failure.pddl -f ./problems/a35g6-del-2-d7/problem31.pddl -h blcost -s WAStar -dap"
	User time (seconds): 22.33
	System time (seconds): 1.07
	Percent of CPU this job got: 99%
	Elapsed (wall clock) time (h:mm:ss or m:ss): 0:23.43
	Average shared text size (kbytes): 0
	Average unshared data size (kbytes): 0
	Average stack size (kbytes): 0
	Average total size (kbytes): 0
	Maximum resident set size (kbytes): 2833456
	Average resident set size (kbytes): 0
	Major (requiring I/O) page faults: 23
	Minor (reclaiming a frame) page faults: 1232148
	Voluntary context switches: 4786
	Involuntary context switches: 4090
	Swaps: 0
	File system inputs: 0
	File system outputs: 200
	Socket messages sent: 0
	Socket messages received: 0
	Signals delivered: 0
	Page size (bytes): 4096
	Exit status: 0
	Command being timed: "timeout 600 java -Xmx64g -jar ./enhsp3.jar -o ./domain_with_failure.pddl -f ./problems/a35g6-del-2-d7/problem32.pddl -h blcost -s WAStar -dap"
	User time (seconds): 25.34
	System time (seconds): 1.42
	Percent of CPU this job got: 99%
	Elapsed (wall clock) time (h:mm:ss or m:ss): 0:26.79
	Average shared text size (kbytes): 0
	Average unshared data size (kbytes): 0
	Average stack size (kbytes): 0
	Average total size (kbytes): 0
	Maximum resident set size (kbytes): 3694628
	Average resident set size (kbytes): 0
	Major (requiring I/O) page faults: 23
	Minor (reclaiming a frame) page faults: 1505273
	Voluntary context switches: 5073
	Involuntary context switches: 4340
	Swaps: 0
	File system inputs: 0
	File system outputs: 184
	Socket messages sent: 0
	Socket messages received: 0
	Signals delivered: 0
	Page size (bytes): 4096
	Exit status: 0
	Command being timed: "timeout 600 java -Xmx64g -jar ./enhsp3.jar -o ./domain_with_failure.pddl -f ./problems/a35g6-del-2-d7/problem33.pddl -h blcost -s WAStar -dap"
	User time (seconds): 22.21
	System time (seconds): 1.22
	Percent of CPU this job got: 99%
	Elapsed (wall clock) time (h:mm:ss or m:ss): 0:23.50
	Average shared text size (kbytes): 0
	Average unshared data size (kbytes): 0
	Average stack size (kbytes): 0
	Average total size (kbytes): 0
	Maximum resident set size (kbytes): 2847896
	Average resident set size (kbytes): 0
	Major (requiring I/O) page faults: 23
	Minor (reclaiming a frame) page faults: 1236454
	Voluntary context switches: 4612
	Involuntary context switches: 4054
	Swaps: 0
	File system inputs: 0
	File system outputs: 192
	Socket messages sent: 0
	Socket messages received: 0
	Signals delivered: 0
	Page size (bytes): 4096
	Exit status: 0
	Command being timed: "timeout 600 java -Xmx64g -jar ./enhsp3.jar -o ./domain_with_failure.pddl -f ./problems/a35g6-del-2-d7/problem34.pddl -h blcost -s WAStar -dap"
	User time (seconds): 21.61
	System time (seconds): 1.23
	Percent of CPU this job got: 99%
	Elapsed (wall clock) time (h:mm:ss or m:ss): 0:22.88
	Average shared text size (kbytes): 0
	Average unshared data size (kbytes): 0
	Average stack size (kbytes): 0
	Average total size (kbytes): 0
	Maximum resident set size (kbytes): 3066212
	Average resident set size (kbytes): 0
	Major (requiring I/O) page faults: 20
	Minor (reclaiming a frame) page faults: 1294551
	Voluntary context switches: 4895
	Involuntary context switches: 4093
	Swaps: 0
	File system inputs: 0
	File system outputs: 168
	Socket messages sent: 0
	Socket messages received: 0
	Signals delivered: 0
	Page size (bytes): 4096
	Exit status: 0
	Command being timed: "timeout 600 java -Xmx64g -jar ./enhsp3.jar -o ./domain_with_failure.pddl -f ./problems/a35g6-del-2-d7/problem35.pddl -h blcost -s WAStar -dap"
	User time (seconds): 21.49
	System time (seconds): 1.18
	Percent of CPU this job got: 99%
	Elapsed (wall clock) time (h:mm:ss or m:ss): 0:22.71
	Average shared text size (kbytes): 0
	Average unshared data size (kbytes): 0
	Average stack size (kbytes): 0
	Average total size (kbytes): 0
	Maximum resident set size (kbytes): 2834784
	Average resident set size (kbytes): 0
	Major (requiring I/O) page faults: 23
	Minor (reclaiming a frame) page faults: 1305799
	Voluntary context switches: 4650
	Involuntary context switches: 3901
	Swaps: 0
	File system inputs: 0
	File system outputs: 192
	Socket messages sent: 0
	Socket messages received: 0
	Signals delivered: 0
	Page size (bytes): 4096
	Exit status: 0
	Command being timed: "timeout 600 java -Xmx64g -jar ./enhsp3.jar -o ./domain_with_failure.pddl -f ./problems/a35g6-del-2-d7/problem36.pddl -h blcost -s WAStar -dap"
	User time (seconds): 22.45
	System time (seconds): 1.11
	Percent of CPU this job got: 99%
	Elapsed (wall clock) time (h:mm:ss or m:ss): 0:23.59
	Average shared text size (kbytes): 0
	Average unshared data size (kbytes): 0
	Average stack size (kbytes): 0
	Average total size (kbytes): 0
	Maximum resident set size (kbytes): 2837568
	Average resident set size (kbytes): 0
	Major (requiring I/O) page faults: 20
	Minor (reclaiming a frame) page faults: 1238850
	Voluntary context switches: 5052
	Involuntary context switches: 4267
	Swaps: 0
	File system inputs: 0
	File system outputs: 176
	Socket messages sent: 0
	Socket messages received: 0
	Signals delivered: 0
	Page size (bytes): 4096
	Exit status: 0
	Command being timed: "timeout 600 java -Xmx64g -jar ./enhsp3.jar -o ./domain_with_failure.pddl -f ./problems/a35g6-del-2-d7/problem37.pddl -h blcost -s WAStar -dap"
	User time (seconds): 22.99
	System time (seconds): 1.23
	Percent of CPU this job got: 99%
	Elapsed (wall clock) time (h:mm:ss or m:ss): 0:24.26
	Average shared text size (kbytes): 0
	Average unshared data size (kbytes): 0
	Average stack size (kbytes): 0
	Average total size (kbytes): 0
	Maximum resident set size (kbytes): 3011524
	Average resident set size (kbytes): 0
	Major (requiring I/O) page faults: 23
	Minor (reclaiming a frame) page faults: 1342332
	Voluntary context switches: 5013
	Involuntary context switches: 4055
	Swaps: 0
	File system inputs: 0
	File system outputs: 184
	Socket messages sent: 0
	Socket messages received: 0
	Signals delivered: 0
	Page size (bytes): 4096
	Exit status: 0
	Command being timed: "timeout 600 java -Xmx64g -jar ./enhsp3.jar -o ./domain_with_failure.pddl -f ./problems/a35g6-del-2-d7/problem38.pddl -h blcost -s WAStar -dap"
	User time (seconds): 21.69
	System time (seconds): 1.13
	Percent of CPU this job got: 99%
	Elapsed (wall clock) time (h:mm:ss or m:ss): 0:22.85
	Average shared text size (kbytes): 0
	Average unshared data size (kbytes): 0
	Average stack size (kbytes): 0
	Average total size (kbytes): 0
	Maximum resident set size (kbytes): 3066408
	Average resident set size (kbytes): 0
	Major (requiring I/O) page faults: 20
	Minor (reclaiming a frame) page faults: 1296139
	Voluntary context switches: 4824
	Involuntary context switches: 4099
	Swaps: 0
	File system inputs: 0
	File system outputs: 176
	Socket messages sent: 0
	Socket messages received: 0
	Signals delivered: 0
	Page size (bytes): 4096
	Exit status: 0
	Command being timed: "timeout 600 java -Xmx64g -jar ./enhsp3.jar -o ./domain_with_failure.pddl -f ./problems/a35g6-del-2-d7/problem39.pddl -h blcost -s WAStar -dap"
	User time (seconds): 21.92
	System time (seconds): 1.17
	Percent of CPU this job got: 99%
	Elapsed (wall clock) time (h:mm:ss or m:ss): 0:23.13
	Average shared text size (kbytes): 0
	Average unshared data size (kbytes): 0
	Average stack size (kbytes): 0
	Average total size (kbytes): 0
	Maximum resident set size (kbytes): 3071700
	Average resident set size (kbytes): 0
	Major (requiring I/O) page faults: 23
	Minor (reclaiming a frame) page faults: 1297924
	Voluntary context switches: 5007
	Involuntary context switches: 4241
	Swaps: 0
	File system inputs: 0
	File system outputs: 184
	Socket messages sent: 0
	Socket messages received: 0
	Signals delivered: 0
	Page size (bytes): 4096
	Exit status: 0
	Command being timed: "timeout 600 java -Xmx64g -jar ./enhsp3.jar -o ./domain_with_failure.pddl -f ./problems/a35g6-del-2-d7/problem40.pddl -h blcost -s WAStar -dap"
	User time (seconds): 21.79
	System time (seconds): 1.10
	Percent of CPU this job got: 99%
	Elapsed (wall clock) time (h:mm:ss or m:ss): 0:22.92
	Average shared text size (kbytes): 0
	Average unshared data size (kbytes): 0
	Average stack size (kbytes): 0
	Average total size (kbytes): 0
	Maximum resident set size (kbytes): 2838784
	Average resident set size (kbytes): 0
	Major (requiring I/O) page faults: 20
	Minor (reclaiming a frame) page faults: 1236974
	Voluntary context switches: 4879
	Involuntary context switches: 4195
	Swaps: 0
	File system inputs: 0
	File system outputs: 176
	Socket messages sent: 0
	Socket messages received: 0
	Signals delivered: 0
	Page size (bytes): 4096
	Exit status: 0
	Command being timed: "timeout 600 java -Xmx64g -jar ./enhsp3.jar -o ./domain_with_failure.pddl -f ./problems/a35g6-del-2-d7/problem41.pddl -h blcost -s WAStar -dap"
	User time (seconds): 21.80
	System time (seconds): 1.17
	Percent of CPU this job got: 99%
	Elapsed (wall clock) time (h:mm:ss or m:ss): 0:23.03
	Average shared text size (kbytes): 0
	Average unshared data size (kbytes): 0
	Average stack size (kbytes): 0
	Average total size (kbytes): 0
	Maximum resident set size (kbytes): 2856096
	Average resident set size (kbytes): 0
	Major (requiring I/O) page faults: 23
	Minor (reclaiming a frame) page faults: 1243868
	Voluntary context switches: 4671
	Involuntary context switches: 4007
	Swaps: 0
	File system inputs: 0
	File system outputs: 192
	Socket messages sent: 0
	Socket messages received: 0
	Signals delivered: 0
	Page size (bytes): 4096
	Exit status: 0
	Command being timed: "timeout 600 java -Xmx64g -jar ./enhsp3.jar -o ./domain_with_failure.pddl -f ./problems/a35g6-del-2-d7/problem42.pddl -h blcost -s WAStar -dap"
	User time (seconds): 27.81
	System time (seconds): 1.64
	Percent of CPU this job got: 99%
	Elapsed (wall clock) time (h:mm:ss or m:ss): 0:29.49
	Average shared text size (kbytes): 0
	Average unshared data size (kbytes): 0
	Average stack size (kbytes): 0
	Average total size (kbytes): 0
	Maximum resident set size (kbytes): 4221788
	Average resident set size (kbytes): 0
	Major (requiring I/O) page faults: 26
	Minor (reclaiming a frame) page faults: 1676843
	Voluntary context switches: 5065
	Involuntary context switches: 4571
	Swaps: 0
	File system inputs: 0
	File system outputs: 216
	Socket messages sent: 0
	Socket messages received: 0
	Signals delivered: 0
	Page size (bytes): 4096
	Exit status: 0
	Command being timed: "timeout 600 java -Xmx64g -jar ./enhsp3.jar -o ./domain_with_failure.pddl -f ./problems/a35g6-del-2-d7/problem43.pddl -h blcost -s WAStar -dap"
	User time (seconds): 21.95
	System time (seconds): 1.23
	Percent of CPU this job got: 99%
	Elapsed (wall clock) time (h:mm:ss or m:ss): 0:23.22
	Average shared text size (kbytes): 0
	Average unshared data size (kbytes): 0
	Average stack size (kbytes): 0
	Average total size (kbytes): 0
	Maximum resident set size (kbytes): 2844860
	Average resident set size (kbytes): 0
	Major (requiring I/O) page faults: 20
	Minor (reclaiming a frame) page faults: 1236971
	Voluntary context switches: 4975
	Involuntary context switches: 4195
	Swaps: 0
	File system inputs: 0
	File system outputs: 168
	Socket messages sent: 0
	Socket messages received: 0
	Signals delivered: 0
	Page size (bytes): 4096
	Exit status: 0
	Command being timed: "timeout 600 java -Xmx64g -jar ./enhsp3.jar -o ./domain_with_failure.pddl -f ./problems/a35g6-del-2-d7/problem44.pddl -h blcost -s WAStar -dap"
	User time (seconds): 21.98
	System time (seconds): 1.14
	Percent of CPU this job got: 99%
	Elapsed (wall clock) time (h:mm:ss or m:ss): 0:23.15
	Average shared text size (kbytes): 0
	Average unshared data size (kbytes): 0
	Average stack size (kbytes): 0
	Average total size (kbytes): 0
	Maximum resident set size (kbytes): 2831932
	Average resident set size (kbytes): 0
	Major (requiring I/O) page faults: 23
	Minor (reclaiming a frame) page faults: 1232104
	Voluntary context switches: 4964
	Involuntary context switches: 4157
	Swaps: 0
	File system inputs: 0
	File system outputs: 184
	Socket messages sent: 0
	Socket messages received: 0
	Signals delivered: 0
	Page size (bytes): 4096
	Exit status: 0
	Command being timed: "timeout 600 java -Xmx64g -jar ./enhsp3.jar -o ./domain_with_failure.pddl -f ./problems/a35g6-del-2-d7/problem45.pddl -h blcost -s WAStar -dap"
	User time (seconds): 22.17
	System time (seconds): 1.07
	Percent of CPU this job got: 99%
	Elapsed (wall clock) time (h:mm:ss or m:ss): 0:23.28
	Average shared text size (kbytes): 0
	Average unshared data size (kbytes): 0
	Average stack size (kbytes): 0
	Average total size (kbytes): 0
	Maximum resident set size (kbytes): 3053028
	Average resident set size (kbytes): 0
	Major (requiring I/O) page faults: 20
	Minor (reclaiming a frame) page faults: 1295423
	Voluntary context switches: 4846
	Involuntary context switches: 4128
	Swaps: 0
	File system inputs: 0
	File system outputs: 176
	Socket messages sent: 0
	Socket messages received: 0
	Signals delivered: 0
	Page size (bytes): 4096
	Exit status: 0
	Command being timed: "timeout 600 java -Xmx64g -jar ./enhsp3.jar -o ./domain_with_failure.pddl -f ./problems/a35g6-del-2-d7/problem46.pddl -h blcost -s WAStar -dap"
	User time (seconds): 24.75
	System time (seconds): 1.37
	Percent of CPU this job got: 99%
	Elapsed (wall clock) time (h:mm:ss or m:ss): 0:26.15
	Average shared text size (kbytes): 0
	Average unshared data size (kbytes): 0
	Average stack size (kbytes): 0
	Average total size (kbytes): 0
	Maximum resident set size (kbytes): 3978996
	Average resident set size (kbytes): 0
	Major (requiring I/O) page faults: 23
	Minor (reclaiming a frame) page faults: 1576110
	Voluntary context switches: 4903
	Involuntary context switches: 4108
	Swaps: 0
	File system inputs: 0
	File system outputs: 192
	Socket messages sent: 0
	Socket messages received: 0
	Signals delivered: 0
	Page size (bytes): 4096
	Exit status: 0
	Command being timed: "timeout 600 java -Xmx64g -jar ./enhsp3.jar -o ./domain_with_failure.pddl -f ./problems/a35g6-del-2-d7/problem47.pddl -h blcost -s WAStar -dap"
	User time (seconds): 21.24
	System time (seconds): 1.14
	Percent of CPU this job got: 99%
	Elapsed (wall clock) time (h:mm:ss or m:ss): 0:22.40
	Average shared text size (kbytes): 0
	Average unshared data size (kbytes): 0
	Average stack size (kbytes): 0
	Average total size (kbytes): 0
	Maximum resident set size (kbytes): 2786584
	Average resident set size (kbytes): 0
	Major (requiring I/O) page faults: 23
	Minor (reclaiming a frame) page faults: 1258040
	Voluntary context switches: 4875
	Involuntary context switches: 3885
	Swaps: 0
	File system inputs: 0
	File system outputs: 192
	Socket messages sent: 0
	Socket messages received: 0
	Signals delivered: 0
	Page size (bytes): 4096
	Exit status: 0
	Command being timed: "timeout 600 java -Xmx64g -jar ./enhsp3.jar -o ./domain_with_failure.pddl -f ./problems/a35g6-del-2-d7/problem48.pddl -h blcost -s WAStar -dap"
	User time (seconds): 25.25
	System time (seconds): 1.34
	Percent of CPU this job got: 99%
	Elapsed (wall clock) time (h:mm:ss or m:ss): 0:26.63
	Average shared text size (kbytes): 0
	Average unshared data size (kbytes): 0
	Average stack size (kbytes): 0
	Average total size (kbytes): 0
	Maximum resident set size (kbytes): 3694024
	Average resident set size (kbytes): 0
	Major (requiring I/O) page faults: 11
	Minor (reclaiming a frame) page faults: 1508155
	Voluntary context switches: 5063
	Involuntary context switches: 4248
	Swaps: 0
	File system inputs: 0
	File system outputs: 96
	Socket messages sent: 0
	Socket messages received: 0
	Signals delivered: 0
	Page size (bytes): 4096
	Exit status: 0
	Command being timed: "timeout 600 java -Xmx64g -jar ./enhsp3.jar -o ./domain_with_failure.pddl -f ./problems/a35g6-del-2-d7/problem49.pddl -h blcost -s WAStar -dap"
	User time (seconds): 24.46
	System time (seconds): 1.27
	Percent of CPU this job got: 99%
	Elapsed (wall clock) time (h:mm:ss or m:ss): 0:25.76
	Average shared text size (kbytes): 0
	Average unshared data size (kbytes): 0
	Average stack size (kbytes): 0
	Average total size (kbytes): 0
	Maximum resident set size (kbytes): 3086096
	Average resident set size (kbytes): 0
	Major (requiring I/O) page faults: 8
	Minor (reclaiming a frame) page faults: 1436137
	Voluntary context switches: 4705
	Involuntary context switches: 4010
	Swaps: 0
	File system inputs: 0
	File system outputs: 64
	Socket messages sent: 0
	Socket messages received: 0
	Signals delivered: 0
	Page size (bytes): 4096
	Exit status: 0
	Command being timed: "timeout 600 java -Xmx64g -jar ./enhsp3.jar -o ./domain_with_failure.pddl -f ./problems/a35g6-del-2-d7/problem50.pddl -h blcost -s WAStar -dap"
	User time (seconds): 22.41
	System time (seconds): 1.28
	Percent of CPU this job got: 99%
	Elapsed (wall clock) time (h:mm:ss or m:ss): 0:23.73
	Average shared text size (kbytes): 0
	Average unshared data size (kbytes): 0
	Average stack size (kbytes): 0
	Average total size (kbytes): 0
	Maximum resident set size (kbytes): 3042260
	Average resident set size (kbytes): 0
	Major (requiring I/O) page faults: 8
	Minor (reclaiming a frame) page faults: 1325727
	Voluntary context switches: 4803
	Involuntary context switches: 4170
	Swaps: 0
	File system inputs: 0
	File system outputs: 80
	Socket messages sent: 0
	Socket messages received: 0
	Signals delivered: 0
	Page size (bytes): 4096
	Exit status: 0
	Command being timed: "timeout 600 java -Xmx64g -jar ./enhsp3.jar -o ./domain_with_failure.pddl -f ./problems/a35g6-del-2-d7/problem51.pddl -h blcost -s WAStar -dap"
	User time (seconds): 22.59
	System time (seconds): 1.12
	Percent of CPU this job got: 99%
	Elapsed (wall clock) time (h:mm:ss or m:ss): 0:23.76
	Average shared text size (kbytes): 0
	Average unshared data size (kbytes): 0
	Average stack size (kbytes): 0
	Average total size (kbytes): 0
	Maximum resident set size (kbytes): 2839776
	Average resident set size (kbytes): 0
	Major (requiring I/O) page faults: 8
	Minor (reclaiming a frame) page faults: 1366055
	Voluntary context switches: 4843
	Involuntary context switches: 4204
	Swaps: 0
	File system inputs: 0
	File system outputs: 72
	Socket messages sent: 0
	Socket messages received: 0
	Signals delivered: 0
	Page size (bytes): 4096
	Exit status: 0
	Command being timed: "timeout 600 java -Xmx64g -jar ./enhsp3.jar -o ./domain_with_failure.pddl -f ./problems/a35g6-del-2-d7/problem52.pddl -h blcost -s WAStar -dap"
	User time (seconds): 23.57
	System time (seconds): 1.35
	Percent of CPU this job got: 99%
	Elapsed (wall clock) time (h:mm:ss or m:ss): 0:24.96
	Average shared text size (kbytes): 0
	Average unshared data size (kbytes): 0
	Average stack size (kbytes): 0
	Average total size (kbytes): 0
	Maximum resident set size (kbytes): 3018420
	Average resident set size (kbytes): 0
	Major (requiring I/O) page faults: 8
	Minor (reclaiming a frame) page faults: 1408620
	Voluntary context switches: 5035
	Involuntary context switches: 4060
	Swaps: 0
	File system inputs: 0
	File system outputs: 72
	Socket messages sent: 0
	Socket messages received: 0
	Signals delivered: 0
	Page size (bytes): 4096
	Exit status: 0
	Command being timed: "timeout 600 java -Xmx64g -jar ./enhsp3.jar -o ./domain_with_failure.pddl -f ./problems/a35g6-del-2-d7/problem53.pddl -h blcost -s WAStar -dap"
	User time (seconds): 24.01
	System time (seconds): 1.33
	Percent of CPU this job got: 99%
	Elapsed (wall clock) time (h:mm:ss or m:ss): 0:25.38
	Average shared text size (kbytes): 0
	Average unshared data size (kbytes): 0
	Average stack size (kbytes): 0
	Average total size (kbytes): 0
	Maximum resident set size (kbytes): 3042616
	Average resident set size (kbytes): 0
	Major (requiring I/O) page faults: 8
	Minor (reclaiming a frame) page faults: 1337120
	Voluntary context switches: 4824
	Involuntary context switches: 4235
	Swaps: 0
	File system inputs: 0
	File system outputs: 72
	Socket messages sent: 0
	Socket messages received: 0
	Signals delivered: 0
	Page size (bytes): 4096
	Exit status: 0
	Command being timed: "timeout 600 java -Xmx64g -jar ./enhsp3.jar -o ./domain_with_failure.pddl -f ./problems/a35g6-del-2-d7/problem54.pddl -h blcost -s WAStar -dap"
	User time (seconds): 21.87
	System time (seconds): 1.15
	Percent of CPU this job got: 99%
	Elapsed (wall clock) time (h:mm:ss or m:ss): 0:23.06
	Average shared text size (kbytes): 0
	Average unshared data size (kbytes): 0
	Average stack size (kbytes): 0
	Average total size (kbytes): 0
	Maximum resident set size (kbytes): 2786448
	Average resident set size (kbytes): 0
	Major (requiring I/O) page faults: 8
	Minor (reclaiming a frame) page faults: 1276566
	Voluntary context switches: 4683
	Involuntary context switches: 4063
	Swaps: 0
	File system inputs: 0
	File system outputs: 72
	Socket messages sent: 0
	Socket messages received: 0
	Signals delivered: 0
	Page size (bytes): 4096
	Exit status: 0
	Command being timed: "timeout 600 java -Xmx64g -jar ./enhsp3.jar -o ./domain_with_failure.pddl -f ./problems/a35g6-del-2-d7/problem55.pddl -h blcost -s WAStar -dap"
	User time (seconds): 21.81
	System time (seconds): 1.13
	Percent of CPU this job got: 99%
	Elapsed (wall clock) time (h:mm:ss or m:ss): 0:22.98
	Average shared text size (kbytes): 0
	Average unshared data size (kbytes): 0
	Average stack size (kbytes): 0
	Average total size (kbytes): 0
	Maximum resident set size (kbytes): 3073976
	Average resident set size (kbytes): 0
	Major (requiring I/O) page faults: 8
	Minor (reclaiming a frame) page faults: 1298934
	Voluntary context switches: 4907
	Involuntary context switches: 4127
	Swaps: 0
	File system inputs: 0
	File system outputs: 64
	Socket messages sent: 0
	Socket messages received: 0
	Signals delivered: 0
	Page size (bytes): 4096
	Exit status: 0
	Command being timed: "timeout 600 java -Xmx64g -jar ./enhsp3.jar -o ./domain_with_failure.pddl -f ./problems/a35g6-del-2-d7/problem56.pddl -h blcost -s WAStar -dap"
	User time (seconds): 21.74
	System time (seconds): 1.22
	Percent of CPU this job got: 99%
	Elapsed (wall clock) time (h:mm:ss or m:ss): 0:23.00
	Average shared text size (kbytes): 0
	Average unshared data size (kbytes): 0
	Average stack size (kbytes): 0
	Average total size (kbytes): 0
	Maximum resident set size (kbytes): 2844556
	Average resident set size (kbytes): 0
	Major (requiring I/O) page faults: 8
	Minor (reclaiming a frame) page faults: 1240985
	Voluntary context switches: 4755
	Involuntary context switches: 3979
	Swaps: 0
	File system inputs: 0
	File system outputs: 80
	Socket messages sent: 0
	Socket messages received: 0
	Signals delivered: 0
	Page size (bytes): 4096
	Exit status: 0
	Command being timed: "timeout 600 java -Xmx64g -jar ./enhsp3.jar -o ./domain_with_failure.pddl -f ./problems/a35g6-del-2-d7/problem57.pddl -h blcost -s WAStar -dap"
	User time (seconds): 24.00
	System time (seconds): 1.25
	Percent of CPU this job got: 99%
	Elapsed (wall clock) time (h:mm:ss or m:ss): 0:25.29
	Average shared text size (kbytes): 0
	Average unshared data size (kbytes): 0
	Average stack size (kbytes): 0
	Average total size (kbytes): 0
	Maximum resident set size (kbytes): 3043228
	Average resident set size (kbytes): 0
	Major (requiring I/O) page faults: 8
	Minor (reclaiming a frame) page faults: 1401094
	Voluntary context switches: 4645
	Involuntary context switches: 4061
	Swaps: 0
	File system inputs: 0
	File system outputs: 64
	Socket messages sent: 0
	Socket messages received: 0
	Signals delivered: 0
	Page size (bytes): 4096
	Exit status: 0
	Command being timed: "timeout 600 java -Xmx64g -jar ./enhsp3.jar -o ./domain_with_failure.pddl -f ./problems/a35g6-del-2-d7/problem58.pddl -h blcost -s WAStar -dap"
	User time (seconds): 22.99
	System time (seconds): 1.29
	Percent of CPU this job got: 99%
	Elapsed (wall clock) time (h:mm:ss or m:ss): 0:24.33
	Average shared text size (kbytes): 0
	Average unshared data size (kbytes): 0
	Average stack size (kbytes): 0
	Average total size (kbytes): 0
	Maximum resident set size (kbytes): 3021200
	Average resident set size (kbytes): 0
	Major (requiring I/O) page faults: 8
	Minor (reclaiming a frame) page faults: 1321439
	Voluntary context switches: 5138
	Involuntary context switches: 4009
	Swaps: 0
	File system inputs: 0
	File system outputs: 88
	Socket messages sent: 0
	Socket messages received: 0
	Signals delivered: 0
	Page size (bytes): 4096
	Exit status: 0
	Command being timed: "timeout 600 java -Xmx64g -jar ./enhsp3.jar -o ./domain_with_failure.pddl -f ./problems/a35g6-del-2-d7/problem59.pddl -h blcost -s WAStar -dap"
	User time (seconds): 21.51
	System time (seconds): 1.14
	Percent of CPU this job got: 99%
	Elapsed (wall clock) time (h:mm:ss or m:ss): 0:22.71
	Average shared text size (kbytes): 0
	Average unshared data size (kbytes): 0
	Average stack size (kbytes): 0
	Average total size (kbytes): 0
	Maximum resident set size (kbytes): 2786240
	Average resident set size (kbytes): 0
	Major (requiring I/O) page faults: 8
	Minor (reclaiming a frame) page faults: 1341239
	Voluntary context switches: 4941
	Involuntary context switches: 4204
	Swaps: 0
	File system inputs: 0
	File system outputs: 72
	Socket messages sent: 0
	Socket messages received: 0
	Signals delivered: 0
	Page size (bytes): 4096
	Exit status: 0
	Command being timed: "timeout 600 java -Xmx64g -jar ./enhsp3.jar -o ./domain_with_failure.pddl -f ./problems/a35g6-del-2-d7/problem60.pddl -h blcost -s WAStar -dap"
	User time (seconds): 22.04
	System time (seconds): 1.17
	Percent of CPU this job got: 99%
	Elapsed (wall clock) time (h:mm:ss or m:ss): 0:23.26
	Average shared text size (kbytes): 0
	Average unshared data size (kbytes): 0
	Average stack size (kbytes): 0
	Average total size (kbytes): 0
	Maximum resident set size (kbytes): 2849520
	Average resident set size (kbytes): 0
	Major (requiring I/O) page faults: 8
	Minor (reclaiming a frame) page faults: 1238939
	Voluntary context switches: 4734
	Involuntary context switches: 4079
	Swaps: 0
	File system inputs: 0
	File system outputs: 72
	Socket messages sent: 0
	Socket messages received: 0
	Signals delivered: 0
	Page size (bytes): 4096
	Exit status: 0
	Command being timed: "timeout 600 java -Xmx64g -jar ./enhsp3.jar -o ./domain_with_failure.pddl -f ./problems/a35g6-del-2-d7/problem61.pddl -h blcost -s WAStar -dap"
	User time (seconds): 23.28
	System time (seconds): 1.22
	Percent of CPU this job got: 99%
	Elapsed (wall clock) time (h:mm:ss or m:ss): 0:24.55
	Average shared text size (kbytes): 0
	Average unshared data size (kbytes): 0
	Average stack size (kbytes): 0
	Average total size (kbytes): 0
	Maximum resident set size (kbytes): 3018216
	Average resident set size (kbytes): 0
	Major (requiring I/O) page faults: 8
	Minor (reclaiming a frame) page faults: 1409392
	Voluntary context switches: 5049
	Involuntary context switches: 4114
	Swaps: 0
	File system inputs: 0
	File system outputs: 80
	Socket messages sent: 0
	Socket messages received: 0
	Signals delivered: 0
	Page size (bytes): 4096
	Exit status: 0
	Command being timed: "timeout 600 java -Xmx64g -jar ./enhsp3.jar -o ./domain_with_failure.pddl -f ./problems/a35g6-del-2-d7/problem62.pddl -h blcost -s WAStar -dap"
	User time (seconds): 21.82
	System time (seconds): 1.12
	Percent of CPU this job got: 99%
	Elapsed (wall clock) time (h:mm:ss or m:ss): 0:22.97
	Average shared text size (kbytes): 0
	Average unshared data size (kbytes): 0
	Average stack size (kbytes): 0
	Average total size (kbytes): 0
	Maximum resident set size (kbytes): 2839680
	Average resident set size (kbytes): 0
	Major (requiring I/O) page faults: 8
	Minor (reclaiming a frame) page faults: 1236858
	Voluntary context switches: 4686
	Involuntary context switches: 4018
	Swaps: 0
	File system inputs: 0
	File system outputs: 80
	Socket messages sent: 0
	Socket messages received: 0
	Signals delivered: 0
	Page size (bytes): 4096
	Exit status: 0
	Command being timed: "timeout 600 java -Xmx64g -jar ./enhsp3.jar -o ./domain_with_failure.pddl -f ./problems/a35g6-del-2-d7/problem63.pddl -h blcost -s WAStar -dap"
	User time (seconds): 23.47
	System time (seconds): 1.32
	Percent of CPU this job got: 99%
	Elapsed (wall clock) time (h:mm:ss or m:ss): 0:24.83
	Average shared text size (kbytes): 0
	Average unshared data size (kbytes): 0
	Average stack size (kbytes): 0
	Average total size (kbytes): 0
	Maximum resident set size (kbytes): 3015556
	Average resident set size (kbytes): 0
	Major (requiring I/O) page faults: 8
	Minor (reclaiming a frame) page faults: 1412677
	Voluntary context switches: 4847
	Involuntary context switches: 4199
	Swaps: 0
	File system inputs: 0
	File system outputs: 96
	Socket messages sent: 0
	Socket messages received: 0
	Signals delivered: 0
	Page size (bytes): 4096
	Exit status: 0
	Command being timed: "timeout 600 java -Xmx64g -jar ./enhsp3.jar -o ./domain_with_failure.pddl -f ./problems/a35g6-del-2-d7/problem64.pddl -h blcost -s WAStar -dap"
	User time (seconds): 24.98
	System time (seconds): 1.54
	Percent of CPU this job got: 99%
	Elapsed (wall clock) time (h:mm:ss or m:ss): 0:26.56
	Average shared text size (kbytes): 0
	Average unshared data size (kbytes): 0
	Average stack size (kbytes): 0
	Average total size (kbytes): 0
	Maximum resident set size (kbytes): 3655352
	Average resident set size (kbytes): 0
	Major (requiring I/O) page faults: 8
	Minor (reclaiming a frame) page faults: 1533185
	Voluntary context switches: 5005
	Involuntary context switches: 4240
	Swaps: 0
	File system inputs: 0
	File system outputs: 80
	Socket messages sent: 0
	Socket messages received: 0
	Signals delivered: 0
	Page size (bytes): 4096
	Exit status: 0
	Command being timed: "timeout 600 java -Xmx64g -jar ./enhsp3.jar -o ./domain_with_failure.pddl -f ./problems/a35g6-del-2-d7/problem65.pddl -h blcost -s WAStar -dap"
	User time (seconds): 21.23
	System time (seconds): 1.05
	Percent of CPU this job got: 99%
	Elapsed (wall clock) time (h:mm:ss or m:ss): 0:22.31
	Average shared text size (kbytes): 0
	Average unshared data size (kbytes): 0
	Average stack size (kbytes): 0
	Average total size (kbytes): 0
	Maximum resident set size (kbytes): 2788600
	Average resident set size (kbytes): 0
	Major (requiring I/O) page faults: 8
	Minor (reclaiming a frame) page faults: 1261926
	Voluntary context switches: 4863
	Involuntary context switches: 4046
	Swaps: 0
	File system inputs: 0
	File system outputs: 64
	Socket messages sent: 0
	Socket messages received: 0
	Signals delivered: 0
	Page size (bytes): 4096
	Exit status: 0
	Command being timed: "timeout 600 java -Xmx64g -jar ./enhsp3.jar -o ./domain_with_failure.pddl -f ./problems/a35g6-del-2-d7/problem66.pddl -h blcost -s WAStar -dap"
	User time (seconds): 23.11
	System time (seconds): 1.13
	Percent of CPU this job got: 99%
	Elapsed (wall clock) time (h:mm:ss or m:ss): 0:24.27
	Average shared text size (kbytes): 0
	Average unshared data size (kbytes): 0
	Average stack size (kbytes): 0
	Average total size (kbytes): 0
	Maximum resident set size (kbytes): 3008472
	Average resident set size (kbytes): 0
	Major (requiring I/O) page faults: 8
	Minor (reclaiming a frame) page faults: 1319179
	Voluntary context switches: 4987
	Involuntary context switches: 4030
	Swaps: 0
	File system inputs: 0
	File system outputs: 72
	Socket messages sent: 0
	Socket messages received: 0
	Signals delivered: 0
	Page size (bytes): 4096
	Exit status: 0
	Command being timed: "timeout 600 java -Xmx64g -jar ./enhsp3.jar -o ./domain_with_failure.pddl -f ./problems/a35g6-del-2-d7/problem67.pddl -h blcost -s WAStar -dap"
	User time (seconds): 22.54
	System time (seconds): 1.13
	Percent of CPU this job got: 99%
	Elapsed (wall clock) time (h:mm:ss or m:ss): 0:23.71
	Average shared text size (kbytes): 0
	Average unshared data size (kbytes): 0
	Average stack size (kbytes): 0
	Average total size (kbytes): 0
	Maximum resident set size (kbytes): 2837936
	Average resident set size (kbytes): 0
	Major (requiring I/O) page faults: 8
	Minor (reclaiming a frame) page faults: 1239796
	Voluntary context switches: 4830
	Involuntary context switches: 4160
	Swaps: 0
	File system inputs: 0
	File system outputs: 72
	Socket messages sent: 0
	Socket messages received: 0
	Signals delivered: 0
	Page size (bytes): 4096
	Exit status: 0
	Command being timed: "timeout 600 java -Xmx64g -jar ./enhsp3.jar -o ./domain_with_failure.pddl -f ./problems/a35g6-del-2-d7/problem68.pddl -h blcost -s WAStar -dap"
	User time (seconds): 21.80
	System time (seconds): 1.16
	Percent of CPU this job got: 99%
	Elapsed (wall clock) time (h:mm:ss or m:ss): 0:23.00
	Average shared text size (kbytes): 0
	Average unshared data size (kbytes): 0
	Average stack size (kbytes): 0
	Average total size (kbytes): 0
	Maximum resident set size (kbytes): 2842672
	Average resident set size (kbytes): 0
	Major (requiring I/O) page faults: 8
	Minor (reclaiming a frame) page faults: 1236632
	Voluntary context switches: 4783
	Involuntary context switches: 4040
	Swaps: 0
	File system inputs: 0
	File system outputs: 80
	Socket messages sent: 0
	Socket messages received: 0
	Signals delivered: 0
	Page size (bytes): 4096
	Exit status: 0
	Command being timed: "timeout 600 java -Xmx64g -jar ./enhsp3.jar -o ./domain_with_failure.pddl -f ./problems/a35g6-del-2-d7/problem69.pddl -h blcost -s WAStar -dap"
	User time (seconds): 25.20
	System time (seconds): 1.41
	Percent of CPU this job got: 99%
	Elapsed (wall clock) time (h:mm:ss or m:ss): 0:26.64
	Average shared text size (kbytes): 0
	Average unshared data size (kbytes): 0
	Average stack size (kbytes): 0
	Average total size (kbytes): 0
	Maximum resident set size (kbytes): 3725000
	Average resident set size (kbytes): 0
	Major (requiring I/O) page faults: 8
	Minor (reclaiming a frame) page faults: 1557617
	Voluntary context switches: 4983
	Involuntary context switches: 4247
	Swaps: 0
	File system inputs: 0
	File system outputs: 88
	Socket messages sent: 0
	Socket messages received: 0
	Signals delivered: 0
	Page size (bytes): 4096
	Exit status: 0
	Command being timed: "timeout 600 java -Xmx64g -jar ./enhsp3.jar -o ./domain_with_failure.pddl -f ./problems/a35g6-del-2-d7/problem70.pddl -h blcost -s WAStar -dap"
	User time (seconds): 21.36
	System time (seconds): 1.27
	Percent of CPU this job got: 99%
	Elapsed (wall clock) time (h:mm:ss or m:ss): 0:22.67
	Average shared text size (kbytes): 0
	Average unshared data size (kbytes): 0
	Average stack size (kbytes): 0
	Average total size (kbytes): 0
	Maximum resident set size (kbytes): 2800356
	Average resident set size (kbytes): 0
	Major (requiring I/O) page faults: 8
	Minor (reclaiming a frame) page faults: 1336816
	Voluntary context switches: 4463
	Involuntary context switches: 3958
	Swaps: 0
	File system inputs: 0
	File system outputs: 72
	Socket messages sent: 0
	Socket messages received: 0
	Signals delivered: 0
	Page size (bytes): 4096
	Exit status: 0
	Command being timed: "timeout 600 java -Xmx64g -jar ./enhsp3.jar -o ./domain_with_failure.pddl -f ./problems/a35g6-del-2-d7/problem71.pddl -h blcost -s WAStar -dap"
	User time (seconds): 21.72
	System time (seconds): 1.09
	Percent of CPU this job got: 99%
	Elapsed (wall clock) time (h:mm:ss or m:ss): 0:22.84
	Average shared text size (kbytes): 0
	Average unshared data size (kbytes): 0
	Average stack size (kbytes): 0
	Average total size (kbytes): 0
	Maximum resident set size (kbytes): 2802764
	Average resident set size (kbytes): 0
	Major (requiring I/O) page faults: 8
	Minor (reclaiming a frame) page faults: 1283142
	Voluntary context switches: 4828
	Involuntary context switches: 4078
	Swaps: 0
	File system inputs: 0
	File system outputs: 80
	Socket messages sent: 0
	Socket messages received: 0
	Signals delivered: 0
	Page size (bytes): 4096
	Exit status: 0
	Command being timed: "timeout 600 java -Xmx64g -jar ./enhsp3.jar -o ./domain_with_failure.pddl -f ./problems/a35g6-del-2-d7/problem72.pddl -h blcost -s WAStar -dap"
	User time (seconds): 24.25
	System time (seconds): 1.16
	Percent of CPU this job got: 99%
	Elapsed (wall clock) time (h:mm:ss or m:ss): 0:25.44
	Average shared text size (kbytes): 0
	Average unshared data size (kbytes): 0
	Average stack size (kbytes): 0
	Average total size (kbytes): 0
	Maximum resident set size (kbytes): 3014356
	Average resident set size (kbytes): 0
	Major (requiring I/O) page faults: 8
	Minor (reclaiming a frame) page faults: 1345085
	Voluntary context switches: 4828
	Involuntary context switches: 4228
	Swaps: 0
	File system inputs: 0
	File system outputs: 80
	Socket messages sent: 0
	Socket messages received: 0
	Signals delivered: 0
	Page size (bytes): 4096
	Exit status: 0
	Command being timed: "timeout 600 java -Xmx64g -jar ./enhsp3.jar -o ./domain_with_failure.pddl -f ./problems/a35g6-del-2-d7/problem73.pddl -h blcost -s WAStar -dap"
	User time (seconds): 25.57
	System time (seconds): 1.41
	Percent of CPU this job got: 99%
	Elapsed (wall clock) time (h:mm:ss or m:ss): 0:27.02
	Average shared text size (kbytes): 0
	Average unshared data size (kbytes): 0
	Average stack size (kbytes): 0
	Average total size (kbytes): 0
	Maximum resident set size (kbytes): 3743756
	Average resident set size (kbytes): 0
	Major (requiring I/O) page faults: 8
	Minor (reclaiming a frame) page faults: 1520436
	Voluntary context switches: 5002
	Involuntary context switches: 4244
	Swaps: 0
	File system inputs: 0
	File system outputs: 88
	Socket messages sent: 0
	Socket messages received: 0
	Signals delivered: 0
	Page size (bytes): 4096
	Exit status: 0
	Command being timed: "timeout 600 java -Xmx64g -jar ./enhsp3.jar -o ./domain_with_failure.pddl -f ./problems/a35g6-del-2-d7/problem74.pddl -h blcost -s WAStar -dap"
	User time (seconds): 22.88
	System time (seconds): 1.11
	Percent of CPU this job got: 99%
	Elapsed (wall clock) time (h:mm:ss or m:ss): 0:24.01
	Average shared text size (kbytes): 0
	Average unshared data size (kbytes): 0
	Average stack size (kbytes): 0
	Average total size (kbytes): 0
	Maximum resident set size (kbytes): 2835728
	Average resident set size (kbytes): 0
	Major (requiring I/O) page faults: 8
	Minor (reclaiming a frame) page faults: 1252145
	Voluntary context switches: 4957
	Involuntary context switches: 4318
	Swaps: 0
	File system inputs: 0
	File system outputs: 72
	Socket messages sent: 0
	Socket messages received: 0
	Signals delivered: 0
	Page size (bytes): 4096
	Exit status: 0
	Command being timed: "timeout 600 java -Xmx64g -jar ./enhsp3.jar -o ./domain_with_failure.pddl -f ./problems/a35g6-del-2-d7/problem75.pddl -h blcost -s WAStar -dap"
	User time (seconds): 21.91
	System time (seconds): 1.16
	Percent of CPU this job got: 99%
	Elapsed (wall clock) time (h:mm:ss or m:ss): 0:23.12
	Average shared text size (kbytes): 0
	Average unshared data size (kbytes): 0
	Average stack size (kbytes): 0
	Average total size (kbytes): 0
	Maximum resident set size (kbytes): 2852012
	Average resident set size (kbytes): 0
	Major (requiring I/O) page faults: 8
	Minor (reclaiming a frame) page faults: 1238414
	Voluntary context switches: 4922
	Involuntary context switches: 4160
	Swaps: 0
	File system inputs: 0
	File system outputs: 72
	Socket messages sent: 0
	Socket messages received: 0
	Signals delivered: 0
	Page size (bytes): 4096
	Exit status: 0
	Command being timed: "timeout 600 java -Xmx64g -jar ./enhsp3.jar -o ./domain_with_failure.pddl -f ./problems/a35g6-del-2-d7/problem76.pddl -h blcost -s WAStar -dap"
	User time (seconds): 23.97
	System time (seconds): 1.38
	Percent of CPU this job got: 99%
	Elapsed (wall clock) time (h:mm:ss or m:ss): 0:25.39
	Average shared text size (kbytes): 0
	Average unshared data size (kbytes): 0
	Average stack size (kbytes): 0
	Average total size (kbytes): 0
	Maximum resident set size (kbytes): 3337800
	Average resident set size (kbytes): 0
	Major (requiring I/O) page faults: 8
	Minor (reclaiming a frame) page faults: 1434022
	Voluntary context switches: 4859
	Involuntary context switches: 4240
	Swaps: 0
	File system inputs: 0
	File system outputs: 72
	Socket messages sent: 0
	Socket messages received: 0
	Signals delivered: 0
	Page size (bytes): 4096
	Exit status: 0
	Command being timed: "timeout 600 java -Xmx64g -jar ./enhsp3.jar -o ./domain_with_failure.pddl -f ./problems/a35g6-del-2-d7/problem77.pddl -h blcost -s WAStar -dap"
	User time (seconds): 23.34
	System time (seconds): 1.18
	Percent of CPU this job got: 99%
	Elapsed (wall clock) time (h:mm:ss or m:ss): 0:24.57
	Average shared text size (kbytes): 0
	Average unshared data size (kbytes): 0
	Average stack size (kbytes): 0
	Average total size (kbytes): 0
	Maximum resident set size (kbytes): 3011380
	Average resident set size (kbytes): 0
	Major (requiring I/O) page faults: 8
	Minor (reclaiming a frame) page faults: 1325470
	Voluntary context switches: 4728
	Involuntary context switches: 3866
	Swaps: 0
	File system inputs: 0
	File system outputs: 72
	Socket messages sent: 0
	Socket messages received: 0
	Signals delivered: 0
	Page size (bytes): 4096
	Exit status: 0
	Command being timed: "timeout 600 java -Xmx64g -jar ./enhsp3.jar -o ./domain_with_failure.pddl -f ./problems/a35g6-del-2-d7/problem78.pddl -h blcost -s WAStar -dap"
	User time (seconds): 23.83
	System time (seconds): 1.33
	Percent of CPU this job got: 99%
	Elapsed (wall clock) time (h:mm:ss or m:ss): 0:25.20
	Average shared text size (kbytes): 0
	Average unshared data size (kbytes): 0
	Average stack size (kbytes): 0
	Average total size (kbytes): 0
	Maximum resident set size (kbytes): 3015444
	Average resident set size (kbytes): 0
	Major (requiring I/O) page faults: 8
	Minor (reclaiming a frame) page faults: 1428818
	Voluntary context switches: 4735
	Involuntary context switches: 4138
	Swaps: 0
	File system inputs: 0
	File system outputs: 72
	Socket messages sent: 0
	Socket messages received: 0
	Signals delivered: 0
	Page size (bytes): 4096
	Exit status: 0
	Command being timed: "timeout 600 java -Xmx64g -jar ./enhsp3.jar -o ./domain_with_failure.pddl -f ./problems/a35g6-del-2-d7/problem79.pddl -h blcost -s WAStar -dap"
	User time (seconds): 23.71
	System time (seconds): 1.17
	Percent of CPU this job got: 99%
	Elapsed (wall clock) time (h:mm:ss or m:ss): 0:24.93
	Average shared text size (kbytes): 0
	Average unshared data size (kbytes): 0
	Average stack size (kbytes): 0
	Average total size (kbytes): 0
	Maximum resident set size (kbytes): 3014296
	Average resident set size (kbytes): 0
	Major (requiring I/O) page faults: 8
	Minor (reclaiming a frame) page faults: 1404515
	Voluntary context switches: 4763
	Involuntary context switches: 4002
	Swaps: 0
	File system inputs: 0
	File system outputs: 80
	Socket messages sent: 0
	Socket messages received: 0
	Signals delivered: 0
	Page size (bytes): 4096
	Exit status: 0
	Command being timed: "timeout 600 java -Xmx64g -jar ./enhsp3.jar -o ./domain_with_failure.pddl -f ./problems/a35g6-del-2-d7/problem80.pddl -h blcost -s WAStar -dap"
	User time (seconds): 22.43
	System time (seconds): 1.32
	Percent of CPU this job got: 99%
	Elapsed (wall clock) time (h:mm:ss or m:ss): 0:23.78
	Average shared text size (kbytes): 0
	Average unshared data size (kbytes): 0
	Average stack size (kbytes): 0
	Average total size (kbytes): 0
	Maximum resident set size (kbytes): 2787972
	Average resident set size (kbytes): 0
	Major (requiring I/O) page faults: 8
	Minor (reclaiming a frame) page faults: 1286717
	Voluntary context switches: 4927
	Involuntary context switches: 4364
	Swaps: 0
	File system inputs: 0
	File system outputs: 64
	Socket messages sent: 0
	Socket messages received: 0
	Signals delivered: 0
	Page size (bytes): 4096
	Exit status: 0
	Command being timed: "timeout 600 java -Xmx64g -jar ./enhsp3.jar -o ./domain_with_failure.pddl -f ./problems/a35g6-del-2-d7/problem81.pddl -h blcost -s WAStar -dap"
	User time (seconds): 22.11
	System time (seconds): 1.19
	Percent of CPU this job got: 99%
	Elapsed (wall clock) time (h:mm:ss or m:ss): 0:23.33
	Average shared text size (kbytes): 0
	Average unshared data size (kbytes): 0
	Average stack size (kbytes): 0
	Average total size (kbytes): 0
	Maximum resident set size (kbytes): 2854852
	Average resident set size (kbytes): 0
	Major (requiring I/O) page faults: 8
	Minor (reclaiming a frame) page faults: 1240245
	Voluntary context switches: 4688
	Involuntary context switches: 4050
	Swaps: 0
	File system inputs: 0
	File system outputs: 80
	Socket messages sent: 0
	Socket messages received: 0
	Signals delivered: 0
	Page size (bytes): 4096
	Exit status: 0
	Command being timed: "timeout 600 java -Xmx64g -jar ./enhsp3.jar -o ./domain_with_failure.pddl -f ./problems/a35g6-del-2-d7/problem82.pddl -h blcost -s WAStar -dap"
	User time (seconds): 24.35
	System time (seconds): 1.35
	Percent of CPU this job got: 99%
	Elapsed (wall clock) time (h:mm:ss or m:ss): 0:25.74
	Average shared text size (kbytes): 0
	Average unshared data size (kbytes): 0
	Average stack size (kbytes): 0
	Average total size (kbytes): 0
	Maximum resident set size (kbytes): 3357512
	Average resident set size (kbytes): 0
	Major (requiring I/O) page faults: 8
	Minor (reclaiming a frame) page faults: 1466571
	Voluntary context switches: 5036
	Involuntary context switches: 4413
	Swaps: 0
	File system inputs: 0
	File system outputs: 72
	Socket messages sent: 0
	Socket messages received: 0
	Signals delivered: 0
	Page size (bytes): 4096
	Exit status: 0
	Command being timed: "timeout 600 java -Xmx64g -jar ./enhsp3.jar -o ./domain_with_failure.pddl -f ./problems/a35g6-del-2-d7/problem83.pddl -h blcost -s WAStar -dap"
	User time (seconds): 23.44
	System time (seconds): 1.20
	Percent of CPU this job got: 99%
	Elapsed (wall clock) time (h:mm:ss or m:ss): 0:24.68
	Average shared text size (kbytes): 0
	Average unshared data size (kbytes): 0
	Average stack size (kbytes): 0
	Average total size (kbytes): 0
	Maximum resident set size (kbytes): 3019012
	Average resident set size (kbytes): 0
	Major (requiring I/O) page faults: 8
	Minor (reclaiming a frame) page faults: 1416342
	Voluntary context switches: 5026
	Involuntary context switches: 4092
	Swaps: 0
	File system inputs: 0
	File system outputs: 72
	Socket messages sent: 0
	Socket messages received: 0
	Signals delivered: 0
	Page size (bytes): 4096
	Exit status: 0
	Command being timed: "timeout 600 java -Xmx64g -jar ./enhsp3.jar -o ./domain_with_failure.pddl -f ./problems/a35g6-del-2-d7/problem84.pddl -h blcost -s WAStar -dap"
	User time (seconds): 23.94
	System time (seconds): 1.23
	Percent of CPU this job got: 99%
	Elapsed (wall clock) time (h:mm:ss or m:ss): 0:25.22
	Average shared text size (kbytes): 0
	Average unshared data size (kbytes): 0
	Average stack size (kbytes): 0
	Average total size (kbytes): 0
	Maximum resident set size (kbytes): 3014368
	Average resident set size (kbytes): 0
	Major (requiring I/O) page faults: 8
	Minor (reclaiming a frame) page faults: 1413238
	Voluntary context switches: 4909
	Involuntary context switches: 4085
	Swaps: 0
	File system inputs: 0
	File system outputs: 72
	Socket messages sent: 0
	Socket messages received: 0
	Signals delivered: 0
	Page size (bytes): 4096
	Exit status: 0
	Command being timed: "timeout 600 java -Xmx64g -jar ./enhsp3.jar -o ./domain_with_failure.pddl -f ./problems/a35g6-del-2-d7/problem85.pddl -h blcost -s WAStar -dap"
	User time (seconds): 21.63
	System time (seconds): 1.20
	Percent of CPU this job got: 99%
	Elapsed (wall clock) time (h:mm:ss or m:ss): 0:22.86
	Average shared text size (kbytes): 0
	Average unshared data size (kbytes): 0
	Average stack size (kbytes): 0
	Average total size (kbytes): 0
	Maximum resident set size (kbytes): 2841884
	Average resident set size (kbytes): 0
	Major (requiring I/O) page faults: 8
	Minor (reclaiming a frame) page faults: 1236591
	Voluntary context switches: 5147
	Involuntary context switches: 4242
	Swaps: 0
	File system inputs: 0
	File system outputs: 80
	Socket messages sent: 0
	Socket messages received: 0
	Signals delivered: 0
	Page size (bytes): 4096
	Exit status: 0
	Command being timed: "timeout 600 java -Xmx64g -jar ./enhsp3.jar -o ./domain_with_failure.pddl -f ./problems/a35g6-del-2-d7/problem86.pddl -h blcost -s WAStar -dap"
	User time (seconds): 22.02
	System time (seconds): 1.20
	Percent of CPU this job got: 99%
	Elapsed (wall clock) time (h:mm:ss or m:ss): 0:23.26
	Average shared text size (kbytes): 0
	Average unshared data size (kbytes): 0
	Average stack size (kbytes): 0
	Average total size (kbytes): 0
	Maximum resident set size (kbytes): 3069324
	Average resident set size (kbytes): 0
	Major (requiring I/O) page faults: 8
	Minor (reclaiming a frame) page faults: 1351595
	Voluntary context switches: 5113
	Involuntary context switches: 4242
	Swaps: 0
	File system inputs: 0
	File system outputs: 72
	Socket messages sent: 0
	Socket messages received: 0
	Signals delivered: 0
	Page size (bytes): 4096
	Exit status: 0
	Command being timed: "timeout 600 java -Xmx64g -jar ./enhsp3.jar -o ./domain_with_failure.pddl -f ./problems/a35g6-del-2-d7/problem87.pddl -h blcost -s WAStar -dap"
	User time (seconds): 23.81
	System time (seconds): 1.35
	Percent of CPU this job got: 99%
	Elapsed (wall clock) time (h:mm:ss or m:ss): 0:25.20
	Average shared text size (kbytes): 0
	Average unshared data size (kbytes): 0
	Average stack size (kbytes): 0
	Average total size (kbytes): 0
	Maximum resident set size (kbytes): 3345844
	Average resident set size (kbytes): 0
	Major (requiring I/O) page faults: 8
	Minor (reclaiming a frame) page faults: 1432440
	Voluntary context switches: 5213
	Involuntary context switches: 4178
	Swaps: 0
	File system inputs: 0
	File system outputs: 80
	Socket messages sent: 0
	Socket messages received: 0
	Signals delivered: 0
	Page size (bytes): 4096
	Exit status: 0
	Command being timed: "timeout 600 java -Xmx64g -jar ./enhsp3.jar -o ./domain_with_failure.pddl -f ./problems/a35g6-del-2-d7/problem88.pddl -h blcost -s WAStar -dap"
	User time (seconds): 25.46
	System time (seconds): 1.43
	Percent of CPU this job got: 99%
	Elapsed (wall clock) time (h:mm:ss or m:ss): 0:26.94
	Average shared text size (kbytes): 0
	Average unshared data size (kbytes): 0
	Average stack size (kbytes): 0
	Average total size (kbytes): 0
	Maximum resident set size (kbytes): 3652400
	Average resident set size (kbytes): 0
	Major (requiring I/O) page faults: 8
	Minor (reclaiming a frame) page faults: 1562268
	Voluntary context switches: 4927
	Involuntary context switches: 4360
	Swaps: 0
	File system inputs: 0
	File system outputs: 80
	Socket messages sent: 0
	Socket messages received: 0
	Signals delivered: 0
	Page size (bytes): 4096
	Exit status: 0
	Command being timed: "timeout 600 java -Xmx64g -jar ./enhsp3.jar -o ./domain_with_failure.pddl -f ./problems/a35g6-del-2-d7/problem89.pddl -h blcost -s WAStar -dap"
	User time (seconds): 21.35
	System time (seconds): 1.15
	Percent of CPU this job got: 99%
	Elapsed (wall clock) time (h:mm:ss or m:ss): 0:22.52
	Average shared text size (kbytes): 0
	Average unshared data size (kbytes): 0
	Average stack size (kbytes): 0
	Average total size (kbytes): 0
	Maximum resident set size (kbytes): 2787784
	Average resident set size (kbytes): 0
	Major (requiring I/O) page faults: 8
	Minor (reclaiming a frame) page faults: 1276427
	Voluntary context switches: 4652
	Involuntary context switches: 4001
	Swaps: 0
	File system inputs: 0
	File system outputs: 80
	Socket messages sent: 0
	Socket messages received: 0
	Signals delivered: 0
	Page size (bytes): 4096
	Exit status: 0
	Command being timed: "timeout 600 java -Xmx64g -jar ./enhsp3.jar -o ./domain_with_failure.pddl -f ./problems/a35g6-del-2-d7/problem90.pddl -h blcost -s WAStar -dap"
	User time (seconds): 23.08
	System time (seconds): 1.24
	Percent of CPU this job got: 99%
	Elapsed (wall clock) time (h:mm:ss or m:ss): 0:24.35
	Average shared text size (kbytes): 0
	Average unshared data size (kbytes): 0
	Average stack size (kbytes): 0
	Average total size (kbytes): 0
	Maximum resident set size (kbytes): 3012700
	Average resident set size (kbytes): 0
	Major (requiring I/O) page faults: 8
	Minor (reclaiming a frame) page faults: 1339467
	Voluntary context switches: 4879
	Involuntary context switches: 3955
	Swaps: 0
	File system inputs: 0
	File system outputs: 80
	Socket messages sent: 0
	Socket messages received: 0
	Signals delivered: 0
	Page size (bytes): 4096
	Exit status: 0
	Command being timed: "timeout 600 java -Xmx64g -jar ./enhsp3.jar -o ./domain_with_failure.pddl -f ./problems/a35g6-del-2-d7/problem91.pddl -h blcost -s WAStar -dap"
	User time (seconds): 21.70
	System time (seconds): 1.16
	Percent of CPU this job got: 99%
	Elapsed (wall clock) time (h:mm:ss or m:ss): 0:22.90
	Average shared text size (kbytes): 0
	Average unshared data size (kbytes): 0
	Average stack size (kbytes): 0
	Average total size (kbytes): 0
	Maximum resident set size (kbytes): 2783624
	Average resident set size (kbytes): 0
	Major (requiring I/O) page faults: 8
	Minor (reclaiming a frame) page faults: 1275823
	Voluntary context switches: 4970
	Involuntary context switches: 4155
	Swaps: 0
	File system inputs: 0
	File system outputs: 64
	Socket messages sent: 0
	Socket messages received: 0
	Signals delivered: 0
	Page size (bytes): 4096
	Exit status: 0
	Command being timed: "timeout 600 java -Xmx64g -jar ./enhsp3.jar -o ./domain_with_failure.pddl -f ./problems/a35g6-del-2-d7/problem92.pddl -h blcost -s WAStar -dap"
	User time (seconds): 25.67
	System time (seconds): 1.36
	Percent of CPU this job got: 99%
	Elapsed (wall clock) time (h:mm:ss or m:ss): 0:27.07
	Average shared text size (kbytes): 0
	Average unshared data size (kbytes): 0
	Average stack size (kbytes): 0
	Average total size (kbytes): 0
	Maximum resident set size (kbytes): 3669928
	Average resident set size (kbytes): 0
	Major (requiring I/O) page faults: 8
	Minor (reclaiming a frame) page faults: 1480076
	Voluntary context switches: 5181
	Involuntary context switches: 4460
	Swaps: 0
	File system inputs: 0
	File system outputs: 80
	Socket messages sent: 0
	Socket messages received: 0
	Signals delivered: 0
	Page size (bytes): 4096
	Exit status: 0
	Command being timed: "timeout 600 java -Xmx64g -jar ./enhsp3.jar -o ./domain_with_failure.pddl -f ./problems/a35g6-del-2-d7/problem93.pddl -h blcost -s WAStar -dap"
	User time (seconds): 24.42
	System time (seconds): 1.30
	Percent of CPU this job got: 99%
	Elapsed (wall clock) time (h:mm:ss or m:ss): 0:25.76
	Average shared text size (kbytes): 0
	Average unshared data size (kbytes): 0
	Average stack size (kbytes): 0
	Average total size (kbytes): 0
	Maximum resident set size (kbytes): 3339160
	Average resident set size (kbytes): 0
	Major (requiring I/O) page faults: 8
	Minor (reclaiming a frame) page faults: 1431145
	Voluntary context switches: 5069
	Involuntary context switches: 4220
	Swaps: 0
	File system inputs: 0
	File system outputs: 64
	Socket messages sent: 0
	Socket messages received: 0
	Signals delivered: 0
	Page size (bytes): 4096
	Exit status: 0
	Command being timed: "timeout 600 java -Xmx64g -jar ./enhsp3.jar -o ./domain_with_failure.pddl -f ./problems/a35g6-del-2-d7/problem94.pddl -h blcost -s WAStar -dap"
	User time (seconds): 22.10
	System time (seconds): 1.25
	Percent of CPU this job got: 99%
	Elapsed (wall clock) time (h:mm:ss or m:ss): 0:23.38
	Average shared text size (kbytes): 0
	Average unshared data size (kbytes): 0
	Average stack size (kbytes): 0
	Average total size (kbytes): 0
	Maximum resident set size (kbytes): 2837152
	Average resident set size (kbytes): 0
	Major (requiring I/O) page faults: 8
	Minor (reclaiming a frame) page faults: 1233528
	Voluntary context switches: 4928
	Involuntary context switches: 3965
	Swaps: 0
	File system inputs: 0
	File system outputs: 64
	Socket messages sent: 0
	Socket messages received: 0
	Signals delivered: 0
	Page size (bytes): 4096
	Exit status: 0
	Command being timed: "timeout 600 java -Xmx64g -jar ./enhsp3.jar -o ./domain_with_failure.pddl -f ./problems/a35g6-del-2-d7/problem95.pddl -h blcost -s WAStar -dap"
	User time (seconds): 21.72
	System time (seconds): 1.14
	Percent of CPU this job got: 99%
	Elapsed (wall clock) time (h:mm:ss or m:ss): 0:22.89
	Average shared text size (kbytes): 0
	Average unshared data size (kbytes): 0
	Average stack size (kbytes): 0
	Average total size (kbytes): 0
	Maximum resident set size (kbytes): 2788944
	Average resident set size (kbytes): 0
	Major (requiring I/O) page faults: 8
	Minor (reclaiming a frame) page faults: 1277478
	Voluntary context switches: 4793
	Involuntary context switches: 4142
	Swaps: 0
	File system inputs: 0
	File system outputs: 80
	Socket messages sent: 0
	Socket messages received: 0
	Signals delivered: 0
	Page size (bytes): 4096
	Exit status: 0
	Command being timed: "timeout 600 java -Xmx64g -jar ./enhsp3.jar -o ./domain_with_failure.pddl -f ./problems/a35g6-del-2-d7/problem96.pddl -h blcost -s WAStar -dap"
	User time (seconds): 23.81
	System time (seconds): 1.16
	Percent of CPU this job got: 99%
	Elapsed (wall clock) time (h:mm:ss or m:ss): 0:25.01
	Average shared text size (kbytes): 0
	Average unshared data size (kbytes): 0
	Average stack size (kbytes): 0
	Average total size (kbytes): 0
	Maximum resident set size (kbytes): 3041348
	Average resident set size (kbytes): 0
	Major (requiring I/O) page faults: 8
	Minor (reclaiming a frame) page faults: 1337238
	Voluntary context switches: 5076
	Involuntary context switches: 4127
	Swaps: 0
	File system inputs: 0
	File system outputs: 64
	Socket messages sent: 0
	Socket messages received: 0
	Signals delivered: 0
	Page size (bytes): 4096
	Exit status: 0
	Command being timed: "timeout 600 java -Xmx64g -jar ./enhsp3.jar -o ./domain_with_failure.pddl -f ./problems/a35g6-del-2-d7/problem97.pddl -h blcost -s WAStar -dap"
	User time (seconds): 24.61
	System time (seconds): 1.27
	Percent of CPU this job got: 99%
	Elapsed (wall clock) time (h:mm:ss or m:ss): 0:25.92
	Average shared text size (kbytes): 0
	Average unshared data size (kbytes): 0
	Average stack size (kbytes): 0
	Average total size (kbytes): 0
	Maximum resident set size (kbytes): 3042840
	Average resident set size (kbytes): 0
	Major (requiring I/O) page faults: 8
	Minor (reclaiming a frame) page faults: 1428805
	Voluntary context switches: 4710
	Involuntary context switches: 4267
	Swaps: 0
	File system inputs: 0
	File system outputs: 72
	Socket messages sent: 0
	Socket messages received: 0
	Signals delivered: 0
	Page size (bytes): 4096
	Exit status: 0
	Command being timed: "timeout 600 java -Xmx64g -jar ./enhsp3.jar -o ./domain_with_failure.pddl -f ./problems/a35g6-del-2-d7/problem98.pddl -h blcost -s WAStar -dap"
	User time (seconds): 22.15
	System time (seconds): 1.13
	Percent of CPU this job got: 99%
	Elapsed (wall clock) time (h:mm:ss or m:ss): 0:23.31
	Average shared text size (kbytes): 0
	Average unshared data size (kbytes): 0
	Average stack size (kbytes): 0
	Average total size (kbytes): 0
	Maximum resident set size (kbytes): 2834688
	Average resident set size (kbytes): 0
	Major (requiring I/O) page faults: 8
	Minor (reclaiming a frame) page faults: 1240525
	Voluntary context switches: 4762
	Involuntary context switches: 4175
	Swaps: 0
	File system inputs: 0
	File system outputs: 80
	Socket messages sent: 0
	Socket messages received: 0
	Signals delivered: 0
	Page size (bytes): 4096
	Exit status: 0
	Command being timed: "timeout 600 java -Xmx64g -jar ./enhsp3.jar -o ./domain_with_failure.pddl -f ./problems/a35g6-del-2-d7/problem99.pddl -h blcost -s WAStar -dap"
	User time (seconds): 23.95
	System time (seconds): 1.21
	Percent of CPU this job got: 99%
	Elapsed (wall clock) time (h:mm:ss or m:ss): 0:25.20
	Average shared text size (kbytes): 0
	Average unshared data size (kbytes): 0
	Average stack size (kbytes): 0
	Average total size (kbytes): 0
	Maximum resident set size (kbytes): 3012136
	Average resident set size (kbytes): 0
	Major (requiring I/O) page faults: 8
	Minor (reclaiming a frame) page faults: 1424119
	Voluntary context switches: 4543
	Involuntary context switches: 3900
	Swaps: 0
	File system inputs: 0
	File system outputs: 64
	Socket messages sent: 0
	Socket messages received: 0
	Signals delivered: 0
	Page size (bytes): 4096
	Exit status: 0
	Command being timed: "timeout 600 java -Xmx64g -jar ./enhsp3.jar -o ./domain_with_failure.pddl -f ./problems/a35g6-del-2-d7/problem100.pddl -h blcost -s WAStar -dap"
	User time (seconds): 24.51
	System time (seconds): 1.31
	Percent of CPU this job got: 99%
	Elapsed (wall clock) time (h:mm:ss or m:ss): 0:25.86
	Average shared text size (kbytes): 0
	Average unshared data size (kbytes): 0
	Average stack size (kbytes): 0
	Average total size (kbytes): 0
	Maximum resident set size (kbytes): 3327392
	Average resident set size (kbytes): 0
	Major (requiring I/O) page faults: 8
	Minor (reclaiming a frame) page faults: 1441583
	Voluntary context switches: 5191
	Involuntary context switches: 4405
	Swaps: 0
	File system inputs: 0
	File system outputs: 80
	Socket messages sent: 0
	Socket messages received: 0
	Signals delivered: 0
	Page size (bytes): 4096
	Exit status: 0
