Loading openjdk/17.0.8.1_1
  Loading requirement: glibc/2.35-aocc-3.2.0-wetwhfr
    gcc-runtime/12.1.0-gcc-12.1.0-uotjsm3 glibc/2.35-aocc-3.2.0-dkzxmta
	Command being timed: "timeout 600 java -Xmx64g -jar ./enhsp3.jar -o ./domain_with_failure.pddl -f ./problems/a27g7XOR-change-3-d7/problem1.pddl -h blcost -s WAStar -dap"
	User time (seconds): 11.94
	System time (seconds): 0.69
	Percent of CPU this job got: 99%
	Elapsed (wall clock) time (h:mm:ss or m:ss): 0:12.65
	Average shared text size (kbytes): 0
	Average unshared data size (kbytes): 0
	Average stack size (kbytes): 0
	Average total size (kbytes): 0
	Maximum resident set size (kbytes): 1811188
	Average resident set size (kbytes): 0
	Major (requiring I/O) page faults: 14
	Minor (reclaiming a frame) page faults: 819706
	Voluntary context switches: 4486
	Involuntary context switches: 3693
	Swaps: 0
	File system inputs: 0
	File system outputs: 112
	Socket messages sent: 0
	Socket messages received: 0
	Signals delivered: 0
	Page size (bytes): 4096
	Exit status: 0
	Command being timed: "timeout 600 java -Xmx64g -jar ./enhsp3.jar -o ./domain_with_failure.pddl -f ./problems/a27g7XOR-change-3-d7/problem2.pddl -h blcost -s WAStar -dap"
	User time (seconds): 11.47
	System time (seconds): 0.70
	Percent of CPU this job got: 99%
	Elapsed (wall clock) time (h:mm:ss or m:ss): 0:12.19
	Average shared text size (kbytes): 0
	Average unshared data size (kbytes): 0
	Average stack size (kbytes): 0
	Average total size (kbytes): 0
	Maximum resident set size (kbytes): 1610368
	Average resident set size (kbytes): 0
	Major (requiring I/O) page faults: 14
	Minor (reclaiming a frame) page faults: 776439
	Voluntary context switches: 4356
	Involuntary context switches: 3605
	Swaps: 0
	File system inputs: 0
	File system outputs: 112
	Socket messages sent: 0
	Socket messages received: 0
	Signals delivered: 0
	Page size (bytes): 4096
	Exit status: 0
	Command being timed: "timeout 600 java -Xmx64g -jar ./enhsp3.jar -o ./domain_with_failure.pddl -f ./problems/a27g7XOR-change-3-d7/problem3.pddl -h blcost -s WAStar -dap"
	User time (seconds): 11.48
	System time (seconds): 0.71
	Percent of CPU this job got: 99%
	Elapsed (wall clock) time (h:mm:ss or m:ss): 0:12.23
	Average shared text size (kbytes): 0
	Average unshared data size (kbytes): 0
	Average stack size (kbytes): 0
	Average total size (kbytes): 0
	Maximum resident set size (kbytes): 1679736
	Average resident set size (kbytes): 0
	Major (requiring I/O) page faults: 17
	Minor (reclaiming a frame) page faults: 808841
	Voluntary context switches: 4267
	Involuntary context switches: 3540
	Swaps: 0
	File system inputs: 0
	File system outputs: 152
	Socket messages sent: 0
	Socket messages received: 0
	Signals delivered: 0
	Page size (bytes): 4096
	Exit status: 0
	Command being timed: "timeout 600 java -Xmx64g -jar ./enhsp3.jar -o ./domain_with_failure.pddl -f ./problems/a27g7XOR-change-3-d7/problem4.pddl -h blcost -s WAStar -dap"
	User time (seconds): 11.37
	System time (seconds): 0.67
	Percent of CPU this job got: 99%
	Elapsed (wall clock) time (h:mm:ss or m:ss): 0:12.07
	Average shared text size (kbytes): 0
	Average unshared data size (kbytes): 0
	Average stack size (kbytes): 0
	Average total size (kbytes): 0
	Maximum resident set size (kbytes): 1612892
	Average resident set size (kbytes): 0
	Major (requiring I/O) page faults: 14
	Minor (reclaiming a frame) page faults: 776765
	Voluntary context switches: 4316
	Involuntary context switches: 3541
	Swaps: 0
	File system inputs: 0
	File system outputs: 112
	Socket messages sent: 0
	Socket messages received: 0
	Signals delivered: 0
	Page size (bytes): 4096
	Exit status: 0
	Command being timed: "timeout 600 java -Xmx64g -jar ./enhsp3.jar -o ./domain_with_failure.pddl -f ./problems/a27g7XOR-change-3-d7/problem5.pddl -h blcost -s WAStar -dap"
	User time (seconds): 11.52
	System time (seconds): 0.60
	Percent of CPU this job got: 99%
	Elapsed (wall clock) time (h:mm:ss or m:ss): 0:12.16
	Average shared text size (kbytes): 0
	Average unshared data size (kbytes): 0
	Average stack size (kbytes): 0
	Average total size (kbytes): 0
	Maximum resident set size (kbytes): 1608868
	Average resident set size (kbytes): 0
	Major (requiring I/O) page faults: 14
	Minor (reclaiming a frame) page faults: 777510
	Voluntary context switches: 4333
	Involuntary context switches: 3624
	Swaps: 0
	File system inputs: 0
	File system outputs: 120
	Socket messages sent: 0
	Socket messages received: 0
	Signals delivered: 0
	Page size (bytes): 4096
	Exit status: 0
	Command being timed: "timeout 600 java -Xmx64g -jar ./enhsp3.jar -o ./domain_with_failure.pddl -f ./problems/a27g7XOR-change-3-d7/problem6.pddl -h blcost -s WAStar -dap"
	User time (seconds): 12.63
	System time (seconds): 0.73
	Percent of CPU this job got: 99%
	Elapsed (wall clock) time (h:mm:ss or m:ss): 0:13.39
	Average shared text size (kbytes): 0
	Average unshared data size (kbytes): 0
	Average stack size (kbytes): 0
	Average total size (kbytes): 0
	Maximum resident set size (kbytes): 1642736
	Average resident set size (kbytes): 0
	Major (requiring I/O) page faults: 18
	Minor (reclaiming a frame) page faults: 800100
	Voluntary context switches: 4392
	Involuntary context switches: 3757
	Swaps: 0
	File system inputs: 0
	File system outputs: 152
	Socket messages sent: 0
	Socket messages received: 0
	Signals delivered: 0
	Page size (bytes): 4096
	Exit status: 0
	Command being timed: "timeout 600 java -Xmx64g -jar ./enhsp3.jar -o ./domain_with_failure.pddl -f ./problems/a27g7XOR-change-3-d7/problem7.pddl -h blcost -s WAStar -dap"
	User time (seconds): 11.23
	System time (seconds): 0.69
	Percent of CPU this job got: 99%
	Elapsed (wall clock) time (h:mm:ss or m:ss): 0:11.96
	Average shared text size (kbytes): 0
	Average unshared data size (kbytes): 0
	Average stack size (kbytes): 0
	Average total size (kbytes): 0
	Maximum resident set size (kbytes): 1615400
	Average resident set size (kbytes): 0
	Major (requiring I/O) page faults: 14
	Minor (reclaiming a frame) page faults: 777753
	Voluntary context switches: 4180
	Involuntary context switches: 3515
	Swaps: 0
	File system inputs: 0
	File system outputs: 120
	Socket messages sent: 0
	Socket messages received: 0
	Signals delivered: 0
	Page size (bytes): 4096
	Exit status: 0
	Command being timed: "timeout 600 java -Xmx64g -jar ./enhsp3.jar -o ./domain_with_failure.pddl -f ./problems/a27g7XOR-change-3-d7/problem8.pddl -h blcost -s WAStar -dap"
	User time (seconds): 11.58
	System time (seconds): 0.68
	Percent of CPU this job got: 99%
	Elapsed (wall clock) time (h:mm:ss or m:ss): 0:12.29
	Average shared text size (kbytes): 0
	Average unshared data size (kbytes): 0
	Average stack size (kbytes): 0
	Average total size (kbytes): 0
	Maximum resident set size (kbytes): 1647780
	Average resident set size (kbytes): 0
	Major (requiring I/O) page faults: 17
	Minor (reclaiming a frame) page faults: 788696
	Voluntary context switches: 4400
	Involuntary context switches: 3653
	Swaps: 0
	File system inputs: 0
	File system outputs: 136
	Socket messages sent: 0
	Socket messages received: 0
	Signals delivered: 0
	Page size (bytes): 4096
	Exit status: 0
	Command being timed: "timeout 600 java -Xmx64g -jar ./enhsp3.jar -o ./domain_with_failure.pddl -f ./problems/a27g7XOR-change-3-d7/problem9.pddl -h blcost -s WAStar -dap"
	User time (seconds): 11.23
	System time (seconds): 0.57
	Percent of CPU this job got: 99%
	Elapsed (wall clock) time (h:mm:ss or m:ss): 0:11.83
	Average shared text size (kbytes): 0
	Average unshared data size (kbytes): 0
	Average stack size (kbytes): 0
	Average total size (kbytes): 0
	Maximum resident set size (kbytes): 1610260
	Average resident set size (kbytes): 0
	Major (requiring I/O) page faults: 14
	Minor (reclaiming a frame) page faults: 776941
	Voluntary context switches: 4131
	Involuntary context switches: 3486
	Swaps: 0
	File system inputs: 0
	File system outputs: 128
	Socket messages sent: 0
	Socket messages received: 0
	Signals delivered: 0
	Page size (bytes): 4096
	Exit status: 0
	Command being timed: "timeout 600 java -Xmx64g -jar ./enhsp3.jar -o ./domain_with_failure.pddl -f ./problems/a27g7XOR-change-3-d7/problem10.pddl -h blcost -s WAStar -dap"
	User time (seconds): 11.48
	System time (seconds): 0.64
	Percent of CPU this job got: 99%
	Elapsed (wall clock) time (h:mm:ss or m:ss): 0:12.17
	Average shared text size (kbytes): 0
	Average unshared data size (kbytes): 0
	Average stack size (kbytes): 0
	Average total size (kbytes): 0
	Maximum resident set size (kbytes): 1637528
	Average resident set size (kbytes): 0
	Major (requiring I/O) page faults: 17
	Minor (reclaiming a frame) page faults: 795001
	Voluntary context switches: 4257
	Involuntary context switches: 3519
	Swaps: 0
	File system inputs: 0
	File system outputs: 136
	Socket messages sent: 0
	Socket messages received: 0
	Signals delivered: 0
	Page size (bytes): 4096
	Exit status: 0
	Command being timed: "timeout 600 java -Xmx64g -jar ./enhsp3.jar -o ./domain_with_failure.pddl -f ./problems/a27g7XOR-change-3-d7/problem11.pddl -h blcost -s WAStar -dap"
	User time (seconds): 11.19
	System time (seconds): 0.67
	Percent of CPU this job got: 99%
	Elapsed (wall clock) time (h:mm:ss or m:ss): 0:11.90
	Average shared text size (kbytes): 0
	Average unshared data size (kbytes): 0
	Average stack size (kbytes): 0
	Average total size (kbytes): 0
	Maximum resident set size (kbytes): 1614472
	Average resident set size (kbytes): 0
	Major (requiring I/O) page faults: 14
	Minor (reclaiming a frame) page faults: 779646
	Voluntary context switches: 4244
	Involuntary context switches: 3530
	Swaps: 0
	File system inputs: 0
	File system outputs: 120
	Socket messages sent: 0
	Socket messages received: 0
	Signals delivered: 0
	Page size (bytes): 4096
	Exit status: 0
	Command being timed: "timeout 600 java -Xmx64g -jar ./enhsp3.jar -o ./domain_with_failure.pddl -f ./problems/a27g7XOR-change-3-d7/problem12.pddl -h blcost -s WAStar -dap"
	User time (seconds): 12.02
	System time (seconds): 0.70
	Percent of CPU this job got: 99%
	Elapsed (wall clock) time (h:mm:ss or m:ss): 0:12.75
	Average shared text size (kbytes): 0
	Average unshared data size (kbytes): 0
	Average stack size (kbytes): 0
	Average total size (kbytes): 0
	Maximum resident set size (kbytes): 1739280
	Average resident set size (kbytes): 0
	Major (requiring I/O) page faults: 14
	Minor (reclaiming a frame) page faults: 801806
	Voluntary context switches: 4382
	Involuntary context switches: 3707
	Swaps: 0
	File system inputs: 0
	File system outputs: 120
	Socket messages sent: 0
	Socket messages received: 0
	Signals delivered: 0
	Page size (bytes): 4096
	Exit status: 0
	Command being timed: "timeout 600 java -Xmx64g -jar ./enhsp3.jar -o ./domain_with_failure.pddl -f ./problems/a27g7XOR-change-3-d7/problem13.pddl -h blcost -s WAStar -dap"
	User time (seconds): 11.92
	System time (seconds): 0.70
	Percent of CPU this job got: 99%
	Elapsed (wall clock) time (h:mm:ss or m:ss): 0:12.65
	Average shared text size (kbytes): 0
	Average unshared data size (kbytes): 0
	Average stack size (kbytes): 0
	Average total size (kbytes): 0
	Maximum resident set size (kbytes): 1638064
	Average resident set size (kbytes): 0
	Major (requiring I/O) page faults: 17
	Minor (reclaiming a frame) page faults: 799604
	Voluntary context switches: 4357
	Involuntary context switches: 3559
	Swaps: 0
	File system inputs: 0
	File system outputs: 144
	Socket messages sent: 0
	Socket messages received: 0
	Signals delivered: 0
	Page size (bytes): 4096
	Exit status: 0
	Command being timed: "timeout 600 java -Xmx64g -jar ./enhsp3.jar -o ./domain_with_failure.pddl -f ./problems/a27g7XOR-change-3-d7/problem14.pddl -h blcost -s WAStar -dap"
	User time (seconds): 12.21
	System time (seconds): 0.71
	Percent of CPU this job got: 99%
	Elapsed (wall clock) time (h:mm:ss or m:ss): 0:12.96
	Average shared text size (kbytes): 0
	Average unshared data size (kbytes): 0
	Average stack size (kbytes): 0
	Average total size (kbytes): 0
	Maximum resident set size (kbytes): 1643852
	Average resident set size (kbytes): 0
	Major (requiring I/O) page faults: 14
	Minor (reclaiming a frame) page faults: 789120
	Voluntary context switches: 4513
	Involuntary context switches: 3757
	Swaps: 0
	File system inputs: 0
	File system outputs: 112
	Socket messages sent: 0
	Socket messages received: 0
	Signals delivered: 0
	Page size (bytes): 4096
	Exit status: 0
	Command being timed: "timeout 600 java -Xmx64g -jar ./enhsp3.jar -o ./domain_with_failure.pddl -f ./problems/a27g7XOR-change-3-d7/problem15.pddl -h blcost -s WAStar -dap"
	User time (seconds): 11.59
	System time (seconds): 0.67
	Percent of CPU this job got: 99%
	Elapsed (wall clock) time (h:mm:ss or m:ss): 0:12.29
	Average shared text size (kbytes): 0
	Average unshared data size (kbytes): 0
	Average stack size (kbytes): 0
	Average total size (kbytes): 0
	Maximum resident set size (kbytes): 1658976
	Average resident set size (kbytes): 0
	Major (requiring I/O) page faults: 17
	Minor (reclaiming a frame) page faults: 801343
	Voluntary context switches: 4441
	Involuntary context switches: 3703
	Swaps: 0
	File system inputs: 0
	File system outputs: 152
	Socket messages sent: 0
	Socket messages received: 0
	Signals delivered: 0
	Page size (bytes): 4096
	Exit status: 0
	Command being timed: "timeout 600 java -Xmx64g -jar ./enhsp3.jar -o ./domain_with_failure.pddl -f ./problems/a27g7XOR-change-3-d7/problem16.pddl -h blcost -s WAStar -dap"
	User time (seconds): 11.62
	System time (seconds): 0.67
	Percent of CPU this job got: 99%
	Elapsed (wall clock) time (h:mm:ss or m:ss): 0:12.31
	Average shared text size (kbytes): 0
	Average unshared data size (kbytes): 0
	Average stack size (kbytes): 0
	Average total size (kbytes): 0
	Maximum resident set size (kbytes): 1644168
	Average resident set size (kbytes): 0
	Major (requiring I/O) page faults: 14
	Minor (reclaiming a frame) page faults: 799789
	Voluntary context switches: 4526
	Involuntary context switches: 3714
	Swaps: 0
	File system inputs: 0
	File system outputs: 112
	Socket messages sent: 0
	Socket messages received: 0
	Signals delivered: 0
	Page size (bytes): 4096
	Exit status: 0
	Command being timed: "timeout 600 java -Xmx64g -jar ./enhsp3.jar -o ./domain_with_failure.pddl -f ./problems/a27g7XOR-change-3-d7/problem17.pddl -h blcost -s WAStar -dap"
	User time (seconds): 11.85
	System time (seconds): 0.64
	Percent of CPU this job got: 99%
	Elapsed (wall clock) time (h:mm:ss or m:ss): 0:12.52
	Average shared text size (kbytes): 0
	Average unshared data size (kbytes): 0
	Average stack size (kbytes): 0
	Average total size (kbytes): 0
	Maximum resident set size (kbytes): 1637068
	Average resident set size (kbytes): 0
	Major (requiring I/O) page faults: 17
	Minor (reclaiming a frame) page faults: 794928
	Voluntary context switches: 4287
	Involuntary context switches: 3576
	Swaps: 0
	File system inputs: 0
	File system outputs: 136
	Socket messages sent: 0
	Socket messages received: 0
	Signals delivered: 0
	Page size (bytes): 4096
	Exit status: 0
	Command being timed: "timeout 600 java -Xmx64g -jar ./enhsp3.jar -o ./domain_with_failure.pddl -f ./problems/a27g7XOR-change-3-d7/problem18.pddl -h blcost -s WAStar -dap"
	User time (seconds): 11.43
	System time (seconds): 0.62
	Percent of CPU this job got: 99%
	Elapsed (wall clock) time (h:mm:ss or m:ss): 0:12.07
	Average shared text size (kbytes): 0
	Average unshared data size (kbytes): 0
	Average stack size (kbytes): 0
	Average total size (kbytes): 0
	Maximum resident set size (kbytes): 1601912
	Average resident set size (kbytes): 0
	Major (requiring I/O) page faults: 14
	Minor (reclaiming a frame) page faults: 774029
	Voluntary context switches: 4284
	Involuntary context switches: 3506
	Swaps: 0
	File system inputs: 0
	File system outputs: 128
	Socket messages sent: 0
	Socket messages received: 0
	Signals delivered: 0
	Page size (bytes): 4096
	Exit status: 0
	Command being timed: "timeout 600 java -Xmx64g -jar ./enhsp3.jar -o ./domain_with_failure.pddl -f ./problems/a27g7XOR-change-3-d7/problem19.pddl -h blcost -s WAStar -dap"
	User time (seconds): 11.27
	System time (seconds): 0.68
	Percent of CPU this job got: 99%
	Elapsed (wall clock) time (h:mm:ss or m:ss): 0:11.98
	Average shared text size (kbytes): 0
	Average unshared data size (kbytes): 0
	Average stack size (kbytes): 0
	Average total size (kbytes): 0
	Maximum resident set size (kbytes): 1609648
	Average resident set size (kbytes): 0
	Major (requiring I/O) page faults: 14
	Minor (reclaiming a frame) page faults: 776979
	Voluntary context switches: 4245
	Involuntary context switches: 3535
	Swaps: 0
	File system inputs: 0
	File system outputs: 112
	Socket messages sent: 0
	Socket messages received: 0
	Signals delivered: 0
	Page size (bytes): 4096
	Exit status: 0
	Command being timed: "timeout 600 java -Xmx64g -jar ./enhsp3.jar -o ./domain_with_failure.pddl -f ./problems/a27g7XOR-change-3-d7/problem20.pddl -h blcost -s WAStar -dap"
	User time (seconds): 11.30
	System time (seconds): 0.59
	Percent of CPU this job got: 99%
	Elapsed (wall clock) time (h:mm:ss or m:ss): 0:11.94
	Average shared text size (kbytes): 0
	Average unshared data size (kbytes): 0
	Average stack size (kbytes): 0
	Average total size (kbytes): 0
	Maximum resident set size (kbytes): 1608940
	Average resident set size (kbytes): 0
	Major (requiring I/O) page faults: 17
	Minor (reclaiming a frame) page faults: 777571
	Voluntary context switches: 4247
	Involuntary context switches: 3563
	Swaps: 0
	File system inputs: 0
	File system outputs: 144
	Socket messages sent: 0
	Socket messages received: 0
	Signals delivered: 0
	Page size (bytes): 4096
	Exit status: 0
	Command being timed: "timeout 600 java -Xmx64g -jar ./enhsp3.jar -o ./domain_with_failure.pddl -f ./problems/a27g7XOR-change-3-d7/problem21.pddl -h blcost -s WAStar -dap"
	User time (seconds): 11.50
	System time (seconds): 0.64
	Percent of CPU this job got: 99%
	Elapsed (wall clock) time (h:mm:ss or m:ss): 0:12.17
	Average shared text size (kbytes): 0
	Average unshared data size (kbytes): 0
	Average stack size (kbytes): 0
	Average total size (kbytes): 0
	Maximum resident set size (kbytes): 1668704
	Average resident set size (kbytes): 0
	Major (requiring I/O) page faults: 14
	Minor (reclaiming a frame) page faults: 794816
	Voluntary context switches: 4393
	Involuntary context switches: 3637
	Swaps: 0
	File system inputs: 0
	File system outputs: 120
	Socket messages sent: 0
	Socket messages received: 0
	Signals delivered: 0
	Page size (bytes): 4096
	Exit status: 0
	Command being timed: "timeout 600 java -Xmx64g -jar ./enhsp3.jar -o ./domain_with_failure.pddl -f ./problems/a27g7XOR-change-3-d7/problem22.pddl -h blcost -s WAStar -dap"
	User time (seconds): 11.72
	System time (seconds): 0.62
	Percent of CPU this job got: 99%
	Elapsed (wall clock) time (h:mm:ss or m:ss): 0:12.38
	Average shared text size (kbytes): 0
	Average unshared data size (kbytes): 0
	Average stack size (kbytes): 0
	Average total size (kbytes): 0
	Maximum resident set size (kbytes): 1613212
	Average resident set size (kbytes): 0
	Major (requiring I/O) page faults: 14
	Minor (reclaiming a frame) page faults: 780272
	Voluntary context switches: 4360
	Involuntary context switches: 3614
	Swaps: 0
	File system inputs: 0
	File system outputs: 120
	Socket messages sent: 0
	Socket messages received: 0
	Signals delivered: 0
	Page size (bytes): 4096
	Exit status: 0
	Command being timed: "timeout 600 java -Xmx64g -jar ./enhsp3.jar -o ./domain_with_failure.pddl -f ./problems/a27g7XOR-change-3-d7/problem23.pddl -h blcost -s WAStar -dap"
	User time (seconds): 12.61
	System time (seconds): 0.69
	Percent of CPU this job got: 99%
	Elapsed (wall clock) time (h:mm:ss or m:ss): 0:13.33
	Average shared text size (kbytes): 0
	Average unshared data size (kbytes): 0
	Average stack size (kbytes): 0
	Average total size (kbytes): 0
	Maximum resident set size (kbytes): 1647764
	Average resident set size (kbytes): 0
	Major (requiring I/O) page faults: 17
	Minor (reclaiming a frame) page faults: 799736
	Voluntary context switches: 4484
	Involuntary context switches: 3778
	Swaps: 0
	File system inputs: 0
	File system outputs: 136
	Socket messages sent: 0
	Socket messages received: 0
	Signals delivered: 0
	Page size (bytes): 4096
	Exit status: 0
	Command being timed: "timeout 600 java -Xmx64g -jar ./enhsp3.jar -o ./domain_with_failure.pddl -f ./problems/a27g7XOR-change-3-d7/problem24.pddl -h blcost -s WAStar -dap"
	User time (seconds): 11.65
	System time (seconds): 0.65
	Percent of CPU this job got: 99%
	Elapsed (wall clock) time (h:mm:ss or m:ss): 0:12.32
	Average shared text size (kbytes): 0
	Average unshared data size (kbytes): 0
	Average stack size (kbytes): 0
	Average total size (kbytes): 0
	Maximum resident set size (kbytes): 1646696
	Average resident set size (kbytes): 0
	Major (requiring I/O) page faults: 14
	Minor (reclaiming a frame) page faults: 800938
	Voluntary context switches: 4307
	Involuntary context switches: 3618
	Swaps: 0
	File system inputs: 0
	File system outputs: 128
	Socket messages sent: 0
	Socket messages received: 0
	Signals delivered: 0
	Page size (bytes): 4096
	Exit status: 0
	Command being timed: "timeout 600 java -Xmx64g -jar ./enhsp3.jar -o ./domain_with_failure.pddl -f ./problems/a27g7XOR-change-3-d7/problem25.pddl -h blcost -s WAStar -dap"
	User time (seconds): 11.28
	System time (seconds): 0.69
	Percent of CPU this job got: 99%
	Elapsed (wall clock) time (h:mm:ss or m:ss): 0:12.00
	Average shared text size (kbytes): 0
	Average unshared data size (kbytes): 0
	Average stack size (kbytes): 0
	Average total size (kbytes): 0
	Maximum resident set size (kbytes): 1615820
	Average resident set size (kbytes): 0
	Major (requiring I/O) page faults: 17
	Minor (reclaiming a frame) page faults: 778098
	Voluntary context switches: 4274
	Involuntary context switches: 3601
	Swaps: 0
	File system inputs: 0
	File system outputs: 136
	Socket messages sent: 0
	Socket messages received: 0
	Signals delivered: 0
	Page size (bytes): 4096
	Exit status: 0
	Command being timed: "timeout 600 java -Xmx64g -jar ./enhsp3.jar -o ./domain_with_failure.pddl -f ./problems/a27g7XOR-change-3-d7/problem26.pddl -h blcost -s WAStar -dap"
	User time (seconds): 11.25
	System time (seconds): 0.62
	Percent of CPU this job got: 99%
	Elapsed (wall clock) time (h:mm:ss or m:ss): 0:11.90
	Average shared text size (kbytes): 0
	Average unshared data size (kbytes): 0
	Average stack size (kbytes): 0
	Average total size (kbytes): 0
	Maximum resident set size (kbytes): 1605260
	Average resident set size (kbytes): 0
	Major (requiring I/O) page faults: 14
	Minor (reclaiming a frame) page faults: 776071
	Voluntary context switches: 4243
	Involuntary context switches: 3563
	Swaps: 0
	File system inputs: 0
	File system outputs: 120
	Socket messages sent: 0
	Socket messages received: 0
	Signals delivered: 0
	Page size (bytes): 4096
	Exit status: 0
	Command being timed: "timeout 600 java -Xmx64g -jar ./enhsp3.jar -o ./domain_with_failure.pddl -f ./problems/a27g7XOR-change-3-d7/problem27.pddl -h blcost -s WAStar -dap"
	User time (seconds): 12.84
	System time (seconds): 0.71
	Percent of CPU this job got: 99%
	Elapsed (wall clock) time (h:mm:ss or m:ss): 0:13.59
	Average shared text size (kbytes): 0
	Average unshared data size (kbytes): 0
	Average stack size (kbytes): 0
	Average total size (kbytes): 0
	Maximum resident set size (kbytes): 1728920
	Average resident set size (kbytes): 0
	Major (requiring I/O) page faults: 17
	Minor (reclaiming a frame) page faults: 808822
	Voluntary context switches: 4368
	Involuntary context switches: 3780
	Swaps: 0
	File system inputs: 0
	File system outputs: 144
	Socket messages sent: 0
	Socket messages received: 0
	Signals delivered: 0
	Page size (bytes): 4096
	Exit status: 0
	Command being timed: "timeout 600 java -Xmx64g -jar ./enhsp3.jar -o ./domain_with_failure.pddl -f ./problems/a27g7XOR-change-3-d7/problem28.pddl -h blcost -s WAStar -dap"
	User time (seconds): 12.21
	System time (seconds): 0.71
	Percent of CPU this job got: 99%
	Elapsed (wall clock) time (h:mm:ss or m:ss): 0:12.95
	Average shared text size (kbytes): 0
	Average unshared data size (kbytes): 0
	Average stack size (kbytes): 0
	Average total size (kbytes): 0
	Maximum resident set size (kbytes): 1810932
	Average resident set size (kbytes): 0
	Major (requiring I/O) page faults: 14
	Minor (reclaiming a frame) page faults: 850242
	Voluntary context switches: 4510
	Involuntary context switches: 3761
	Swaps: 0
	File system inputs: 0
	File system outputs: 120
	Socket messages sent: 0
	Socket messages received: 0
	Signals delivered: 0
	Page size (bytes): 4096
	Exit status: 0
	Command being timed: "timeout 600 java -Xmx64g -jar ./enhsp3.jar -o ./domain_with_failure.pddl -f ./problems/a27g7XOR-change-3-d7/problem29.pddl -h blcost -s WAStar -dap"
	User time (seconds): 11.29
	System time (seconds): 0.80
	Percent of CPU this job got: 99%
	Elapsed (wall clock) time (h:mm:ss or m:ss): 0:12.11
	Average shared text size (kbytes): 0
	Average unshared data size (kbytes): 0
	Average stack size (kbytes): 0
	Average total size (kbytes): 0
	Maximum resident set size (kbytes): 1605580
	Average resident set size (kbytes): 0
	Major (requiring I/O) page faults: 17
	Minor (reclaiming a frame) page faults: 777994
	Voluntary context switches: 4533
	Involuntary context switches: 3759
	Swaps: 0
	File system inputs: 0
	File system outputs: 136
	Socket messages sent: 0
	Socket messages received: 0
	Signals delivered: 0
	Page size (bytes): 4096
	Exit status: 0
	Command being timed: "timeout 600 java -Xmx64g -jar ./enhsp3.jar -o ./domain_with_failure.pddl -f ./problems/a27g7XOR-change-3-d7/problem30.pddl -h blcost -s WAStar -dap"
	User time (seconds): 11.70
	System time (seconds): 0.66
	Percent of CPU this job got: 99%
	Elapsed (wall clock) time (h:mm:ss or m:ss): 0:12.39
	Average shared text size (kbytes): 0
	Average unshared data size (kbytes): 0
	Average stack size (kbytes): 0
	Average total size (kbytes): 0
	Maximum resident set size (kbytes): 1644716
	Average resident set size (kbytes): 0
	Major (requiring I/O) page faults: 14
	Minor (reclaiming a frame) page faults: 777847
	Voluntary context switches: 4480
	Involuntary context switches: 3733
	Swaps: 0
	File system inputs: 0
	File system outputs: 128
	Socket messages sent: 0
	Socket messages received: 0
	Signals delivered: 0
	Page size (bytes): 4096
	Exit status: 0
	Command being timed: "timeout 600 java -Xmx64g -jar ./enhsp3.jar -o ./domain_with_failure.pddl -f ./problems/a27g7XOR-change-3-d7/problem31.pddl -h blcost -s WAStar -dap"
	User time (seconds): 12.13
	System time (seconds): 0.68
	Percent of CPU this job got: 99%
	Elapsed (wall clock) time (h:mm:ss or m:ss): 0:12.84
	Average shared text size (kbytes): 0
	Average unshared data size (kbytes): 0
	Average stack size (kbytes): 0
	Average total size (kbytes): 0
	Maximum resident set size (kbytes): 1806452
	Average resident set size (kbytes): 0
	Major (requiring I/O) page faults: 17
	Minor (reclaiming a frame) page faults: 818602
	Voluntary context switches: 4399
	Involuntary context switches: 3663
	Swaps: 0
	File system inputs: 0
	File system outputs: 136
	Socket messages sent: 0
	Socket messages received: 0
	Signals delivered: 0
	Page size (bytes): 4096
	Exit status: 0
	Command being timed: "timeout 600 java -Xmx64g -jar ./enhsp3.jar -o ./domain_with_failure.pddl -f ./problems/a27g7XOR-change-3-d7/problem32.pddl -h blcost -s WAStar -dap"
	User time (seconds): 11.26
	System time (seconds): 0.76
	Percent of CPU this job got: 99%
	Elapsed (wall clock) time (h:mm:ss or m:ss): 0:12.04
	Average shared text size (kbytes): 0
	Average unshared data size (kbytes): 0
	Average stack size (kbytes): 0
	Average total size (kbytes): 0
	Maximum resident set size (kbytes): 1602532
	Average resident set size (kbytes): 0
	Major (requiring I/O) page faults: 14
	Minor (reclaiming a frame) page faults: 774567
	Voluntary context switches: 4224
	Involuntary context switches: 3562
	Swaps: 0
	File system inputs: 0
	File system outputs: 112
	Socket messages sent: 0
	Socket messages received: 0
	Signals delivered: 0
	Page size (bytes): 4096
	Exit status: 0
	Command being timed: "timeout 600 java -Xmx64g -jar ./enhsp3.jar -o ./domain_with_failure.pddl -f ./problems/a27g7XOR-change-3-d7/problem33.pddl -h blcost -s WAStar -dap"
	User time (seconds): 11.23
	System time (seconds): 0.64
	Percent of CPU this job got: 99%
	Elapsed (wall clock) time (h:mm:ss or m:ss): 0:11.90
	Average shared text size (kbytes): 0
	Average unshared data size (kbytes): 0
	Average stack size (kbytes): 0
	Average total size (kbytes): 0
	Maximum resident set size (kbytes): 1602800
	Average resident set size (kbytes): 0
	Major (requiring I/O) page faults: 14
	Minor (reclaiming a frame) page faults: 774358
	Voluntary context switches: 4213
	Involuntary context switches: 3561
	Swaps: 0
	File system inputs: 0
	File system outputs: 120
	Socket messages sent: 0
	Socket messages received: 0
	Signals delivered: 0
	Page size (bytes): 4096
	Exit status: 0
	Command being timed: "timeout 600 java -Xmx64g -jar ./enhsp3.jar -o ./domain_with_failure.pddl -f ./problems/a27g7XOR-change-3-d7/problem34.pddl -h blcost -s WAStar -dap"
	User time (seconds): 11.28
	System time (seconds): 0.69
	Percent of CPU this job got: 99%
	Elapsed (wall clock) time (h:mm:ss or m:ss): 0:11.99
	Average shared text size (kbytes): 0
	Average unshared data size (kbytes): 0
	Average stack size (kbytes): 0
	Average total size (kbytes): 0
	Maximum resident set size (kbytes): 1611428
	Average resident set size (kbytes): 0
	Major (requiring I/O) page faults: 17
	Minor (reclaiming a frame) page faults: 777208
	Voluntary context switches: 4282
	Involuntary context switches: 3360
	Swaps: 0
	File system inputs: 0
	File system outputs: 136
	Socket messages sent: 0
	Socket messages received: 0
	Signals delivered: 0
	Page size (bytes): 4096
	Exit status: 0
	Command being timed: "timeout 600 java -Xmx64g -jar ./enhsp3.jar -o ./domain_with_failure.pddl -f ./problems/a27g7XOR-change-3-d7/problem35.pddl -h blcost -s WAStar -dap"
	User time (seconds): 11.65
	System time (seconds): 0.68
	Percent of CPU this job got: 99%
	Elapsed (wall clock) time (h:mm:ss or m:ss): 0:12.36
	Average shared text size (kbytes): 0
	Average unshared data size (kbytes): 0
	Average stack size (kbytes): 0
	Average total size (kbytes): 0
	Maximum resident set size (kbytes): 1651460
	Average resident set size (kbytes): 0
	Major (requiring I/O) page faults: 14
	Minor (reclaiming a frame) page faults: 799454
	Voluntary context switches: 4502
	Involuntary context switches: 3735
	Swaps: 0
	File system inputs: 0
	File system outputs: 120
	Socket messages sent: 0
	Socket messages received: 0
	Signals delivered: 0
	Page size (bytes): 4096
	Exit status: 0
	Command being timed: "timeout 600 java -Xmx64g -jar ./enhsp3.jar -o ./domain_with_failure.pddl -f ./problems/a27g7XOR-change-3-d7/problem36.pddl -h blcost -s WAStar -dap"
	User time (seconds): 11.44
	System time (seconds): 0.58
	Percent of CPU this job got: 99%
	Elapsed (wall clock) time (h:mm:ss or m:ss): 0:12.06
	Average shared text size (kbytes): 0
	Average unshared data size (kbytes): 0
	Average stack size (kbytes): 0
	Average total size (kbytes): 0
	Maximum resident set size (kbytes): 1612040
	Average resident set size (kbytes): 0
	Major (requiring I/O) page faults: 14
	Minor (reclaiming a frame) page faults: 721539
	Voluntary context switches: 4246
	Involuntary context switches: 3549
	Swaps: 0
	File system inputs: 0
	File system outputs: 120
	Socket messages sent: 0
	Socket messages received: 0
	Signals delivered: 0
	Page size (bytes): 4096
	Exit status: 0
	Command being timed: "timeout 600 java -Xmx64g -jar ./enhsp3.jar -o ./domain_with_failure.pddl -f ./problems/a27g7XOR-change-3-d7/problem37.pddl -h blcost -s WAStar -dap"
	User time (seconds): 11.27
	System time (seconds): 0.71
	Percent of CPU this job got: 99%
	Elapsed (wall clock) time (h:mm:ss or m:ss): 0:12.01
	Average shared text size (kbytes): 0
	Average unshared data size (kbytes): 0
	Average stack size (kbytes): 0
	Average total size (kbytes): 0
	Maximum resident set size (kbytes): 1607960
	Average resident set size (kbytes): 0
	Major (requiring I/O) page faults: 17
	Minor (reclaiming a frame) page faults: 776817
	Voluntary context switches: 4251
	Involuntary context switches: 3500
	Swaps: 0
	File system inputs: 0
	File system outputs: 144
	Socket messages sent: 0
	Socket messages received: 0
	Signals delivered: 0
	Page size (bytes): 4096
	Exit status: 0
	Command being timed: "timeout 600 java -Xmx64g -jar ./enhsp3.jar -o ./domain_with_failure.pddl -f ./problems/a27g7XOR-change-3-d7/problem38.pddl -h blcost -s WAStar -dap"
	User time (seconds): 11.78
	System time (seconds): 0.72
	Percent of CPU this job got: 99%
	Elapsed (wall clock) time (h:mm:ss or m:ss): 0:12.52
	Average shared text size (kbytes): 0
	Average unshared data size (kbytes): 0
	Average stack size (kbytes): 0
	Average total size (kbytes): 0
	Maximum resident set size (kbytes): 1646536
	Average resident set size (kbytes): 0
	Major (requiring I/O) page faults: 14
	Minor (reclaiming a frame) page faults: 779425
	Voluntary context switches: 4327
	Involuntary context switches: 3623
	Swaps: 0
	File system inputs: 0
	File system outputs: 112
	Socket messages sent: 0
	Socket messages received: 0
	Signals delivered: 0
	Page size (bytes): 4096
	Exit status: 0
	Command being timed: "timeout 600 java -Xmx64g -jar ./enhsp3.jar -o ./domain_with_failure.pddl -f ./problems/a27g7XOR-change-3-d7/problem39.pddl -h blcost -s WAStar -dap"
	User time (seconds): 11.58
	System time (seconds): 0.69
	Percent of CPU this job got: 99%
	Elapsed (wall clock) time (h:mm:ss or m:ss): 0:12.32
	Average shared text size (kbytes): 0
	Average unshared data size (kbytes): 0
	Average stack size (kbytes): 0
	Average total size (kbytes): 0
	Maximum resident set size (kbytes): 1653072
	Average resident set size (kbytes): 0
	Major (requiring I/O) page faults: 17
	Minor (reclaiming a frame) page faults: 802506
	Voluntary context switches: 4478
	Involuntary context switches: 3696
	Swaps: 0
	File system inputs: 0
	File system outputs: 152
	Socket messages sent: 0
	Socket messages received: 0
	Signals delivered: 0
	Page size (bytes): 4096
	Exit status: 0
	Command being timed: "timeout 600 java -Xmx64g -jar ./enhsp3.jar -o ./domain_with_failure.pddl -f ./problems/a27g7XOR-change-3-d7/problem40.pddl -h blcost -s WAStar -dap"
	User time (seconds): 11.58
	System time (seconds): 0.67
	Percent of CPU this job got: 99%
	Elapsed (wall clock) time (h:mm:ss or m:ss): 0:12.28
	Average shared text size (kbytes): 0
	Average unshared data size (kbytes): 0
	Average stack size (kbytes): 0
	Average total size (kbytes): 0
	Maximum resident set size (kbytes): 1645536
	Average resident set size (kbytes): 0
	Major (requiring I/O) page faults: 14
	Minor (reclaiming a frame) page faults: 800795
	Voluntary context switches: 4464
	Involuntary context switches: 3719
	Swaps: 0
	File system inputs: 0
	File system outputs: 112
	Socket messages sent: 0
	Socket messages received: 0
	Signals delivered: 0
	Page size (bytes): 4096
	Exit status: 0
	Command being timed: "timeout 600 java -Xmx64g -jar ./enhsp3.jar -o ./domain_with_failure.pddl -f ./problems/a27g7XOR-change-3-d7/problem41.pddl -h blcost -s WAStar -dap"
	User time (seconds): 11.84
	System time (seconds): 0.65
	Percent of CPU this job got: 99%
	Elapsed (wall clock) time (h:mm:ss or m:ss): 0:12.51
	Average shared text size (kbytes): 0
	Average unshared data size (kbytes): 0
	Average stack size (kbytes): 0
	Average total size (kbytes): 0
	Maximum resident set size (kbytes): 1645928
	Average resident set size (kbytes): 0
	Major (requiring I/O) page faults: 14
	Minor (reclaiming a frame) page faults: 797417
	Voluntary context switches: 4291
	Involuntary context switches: 3611
	Swaps: 0
	File system inputs: 0
	File system outputs: 120
	Socket messages sent: 0
	Socket messages received: 0
	Signals delivered: 0
	Page size (bytes): 4096
	Exit status: 0
	Command being timed: "timeout 600 java -Xmx64g -jar ./enhsp3.jar -o ./domain_with_failure.pddl -f ./problems/a27g7XOR-change-3-d7/problem42.pddl -h blcost -s WAStar -dap"
	User time (seconds): 11.21
	System time (seconds): 0.78
	Percent of CPU this job got: 99%
	Elapsed (wall clock) time (h:mm:ss or m:ss): 0:12.03
	Average shared text size (kbytes): 0
	Average unshared data size (kbytes): 0
	Average stack size (kbytes): 0
	Average total size (kbytes): 0
	Maximum resident set size (kbytes): 1670444
	Average resident set size (kbytes): 0
	Major (requiring I/O) page faults: 17
	Minor (reclaiming a frame) page faults: 785807
	Voluntary context switches: 4336
	Involuntary context switches: 3565
	Swaps: 0
	File system inputs: 0
	File system outputs: 144
	Socket messages sent: 0
	Socket messages received: 0
	Signals delivered: 0
	Page size (bytes): 4096
	Exit status: 0
	Command being timed: "timeout 600 java -Xmx64g -jar ./enhsp3.jar -o ./domain_with_failure.pddl -f ./problems/a27g7XOR-change-3-d7/problem43.pddl -h blcost -s WAStar -dap"
	User time (seconds): 12.58
	System time (seconds): 0.72
	Percent of CPU this job got: 99%
	Elapsed (wall clock) time (h:mm:ss or m:ss): 0:13.33
	Average shared text size (kbytes): 0
	Average unshared data size (kbytes): 0
	Average stack size (kbytes): 0
	Average total size (kbytes): 0
	Maximum resident set size (kbytes): 1725212
	Average resident set size (kbytes): 0
	Major (requiring I/O) page faults: 14
	Minor (reclaiming a frame) page faults: 834565
	Voluntary context switches: 4576
	Involuntary context switches: 3706
	Swaps: 0
	File system inputs: 0
	File system outputs: 120
	Socket messages sent: 0
	Socket messages received: 0
	Signals delivered: 0
	Page size (bytes): 4096
	Exit status: 0
	Command being timed: "timeout 600 java -Xmx64g -jar ./enhsp3.jar -o ./domain_with_failure.pddl -f ./problems/a27g7XOR-change-3-d7/problem44.pddl -h blcost -s WAStar -dap"
	User time (seconds): 11.58
	System time (seconds): 0.67
	Percent of CPU this job got: 99%
	Elapsed (wall clock) time (h:mm:ss or m:ss): 0:12.29
	Average shared text size (kbytes): 0
	Average unshared data size (kbytes): 0
	Average stack size (kbytes): 0
	Average total size (kbytes): 0
	Maximum resident set size (kbytes): 1647148
	Average resident set size (kbytes): 0
	Major (requiring I/O) page faults: 17
	Minor (reclaiming a frame) page faults: 801068
	Voluntary context switches: 4418
	Involuntary context switches: 3755
	Swaps: 0
	File system inputs: 0
	File system outputs: 136
	Socket messages sent: 0
	Socket messages received: 0
	Signals delivered: 0
	Page size (bytes): 4096
	Exit status: 0
	Command being timed: "timeout 600 java -Xmx64g -jar ./enhsp3.jar -o ./domain_with_failure.pddl -f ./problems/a27g7XOR-change-3-d7/problem45.pddl -h blcost -s WAStar -dap"
	User time (seconds): 12.08
	System time (seconds): 0.74
	Percent of CPU this job got: 99%
	Elapsed (wall clock) time (h:mm:ss or m:ss): 0:12.84
	Average shared text size (kbytes): 0
	Average unshared data size (kbytes): 0
	Average stack size (kbytes): 0
	Average total size (kbytes): 0
	Maximum resident set size (kbytes): 1808632
	Average resident set size (kbytes): 0
	Major (requiring I/O) page faults: 14
	Minor (reclaiming a frame) page faults: 851479
	Voluntary context switches: 4458
	Involuntary context switches: 3733
	Swaps: 0
	File system inputs: 0
	File system outputs: 128
	Socket messages sent: 0
	Socket messages received: 0
	Signals delivered: 0
	Page size (bytes): 4096
	Exit status: 0
	Command being timed: "timeout 600 java -Xmx64g -jar ./enhsp3.jar -o ./domain_with_failure.pddl -f ./problems/a27g7XOR-change-3-d7/problem46.pddl -h blcost -s WAStar -dap"
	User time (seconds): 12.17
	System time (seconds): 0.75
	Percent of CPU this job got: 99%
	Elapsed (wall clock) time (h:mm:ss or m:ss): 0:12.95
	Average shared text size (kbytes): 0
	Average unshared data size (kbytes): 0
	Average stack size (kbytes): 0
	Average total size (kbytes): 0
	Maximum resident set size (kbytes): 1814888
	Average resident set size (kbytes): 0
	Major (requiring I/O) page faults: 17
	Minor (reclaiming a frame) page faults: 852092
	Voluntary context switches: 4511
	Involuntary context switches: 3742
	Swaps: 0
	File system inputs: 0
	File system outputs: 136
	Socket messages sent: 0
	Socket messages received: 0
	Signals delivered: 0
	Page size (bytes): 4096
	Exit status: 0
	Command being timed: "timeout 600 java -Xmx64g -jar ./enhsp3.jar -o ./domain_with_failure.pddl -f ./problems/a27g7XOR-change-3-d7/problem47.pddl -h blcost -s WAStar -dap"
	User time (seconds): 12.35
	System time (seconds): 0.67
	Percent of CPU this job got: 99%
	Elapsed (wall clock) time (h:mm:ss or m:ss): 0:13.05
	Average shared text size (kbytes): 0
	Average unshared data size (kbytes): 0
	Average stack size (kbytes): 0
	Average total size (kbytes): 0
	Maximum resident set size (kbytes): 1742052
	Average resident set size (kbytes): 0
	Major (requiring I/O) page faults: 14
	Minor (reclaiming a frame) page faults: 837222
	Voluntary context switches: 4710
	Involuntary context switches: 3780
	Swaps: 0
	File system inputs: 0
	File system outputs: 120
	Socket messages sent: 0
	Socket messages received: 0
	Signals delivered: 0
	Page size (bytes): 4096
	Exit status: 0
	Command being timed: "timeout 600 java -Xmx64g -jar ./enhsp3.jar -o ./domain_with_failure.pddl -f ./problems/a27g7XOR-change-3-d7/problem48.pddl -h blcost -s WAStar -dap"
	User time (seconds): 11.60
	System time (seconds): 0.71
	Percent of CPU this job got: 99%
	Elapsed (wall clock) time (h:mm:ss or m:ss): 0:12.33
	Average shared text size (kbytes): 0
	Average unshared data size (kbytes): 0
	Average stack size (kbytes): 0
	Average total size (kbytes): 0
	Maximum resident set size (kbytes): 1653416
	Average resident set size (kbytes): 0
	Major (requiring I/O) page faults: 17
	Minor (reclaiming a frame) page faults: 804406
	Voluntary context switches: 4350
	Involuntary context switches: 3631
	Swaps: 0
	File system inputs: 0
	File system outputs: 144
	Socket messages sent: 0
	Socket messages received: 0
	Signals delivered: 0
	Page size (bytes): 4096
	Exit status: 0
	Command being timed: "timeout 600 java -Xmx64g -jar ./enhsp3.jar -o ./domain_with_failure.pddl -f ./problems/a27g7XOR-change-3-d7/problem49.pddl -h blcost -s WAStar -dap"
	User time (seconds): 11.35
	System time (seconds): 0.61
	Percent of CPU this job got: 99%
	Elapsed (wall clock) time (h:mm:ss or m:ss): 0:11.99
	Average shared text size (kbytes): 0
	Average unshared data size (kbytes): 0
	Average stack size (kbytes): 0
	Average total size (kbytes): 0
	Maximum resident set size (kbytes): 1611844
	Average resident set size (kbytes): 0
	Major (requiring I/O) page faults: 14
	Minor (reclaiming a frame) page faults: 776929
	Voluntary context switches: 4251
	Involuntary context switches: 3557
	Swaps: 0
	File system inputs: 0
	File system outputs: 120
	Socket messages sent: 0
	Socket messages received: 0
	Signals delivered: 0
	Page size (bytes): 4096
	Exit status: 0
	Command being timed: "timeout 600 java -Xmx64g -jar ./enhsp3.jar -o ./domain_with_failure.pddl -f ./problems/a27g7XOR-change-3-d7/problem50.pddl -h blcost -s WAStar -dap"
	User time (seconds): 11.59
	System time (seconds): 0.57
	Percent of CPU this job got: 99%
	Elapsed (wall clock) time (h:mm:ss or m:ss): 0:12.20
	Average shared text size (kbytes): 0
	Average unshared data size (kbytes): 0
	Average stack size (kbytes): 0
	Average total size (kbytes): 0
	Maximum resident set size (kbytes): 1612640
	Average resident set size (kbytes): 0
	Major (requiring I/O) page faults: 17
	Minor (reclaiming a frame) page faults: 765313
	Voluntary context switches: 4246
	Involuntary context switches: 3619
	Swaps: 0
	File system inputs: 0
	File system outputs: 136
	Socket messages sent: 0
	Socket messages received: 0
	Signals delivered: 0
	Page size (bytes): 4096
	Exit status: 0
	Command being timed: "timeout 600 java -Xmx64g -jar ./enhsp3.jar -o ./domain_with_failure.pddl -f ./problems/a27g7XOR-change-3-d7/problem51.pddl -h blcost -s WAStar -dap"
	User time (seconds): 12.12
	System time (seconds): 0.73
	Percent of CPU this job got: 99%
	Elapsed (wall clock) time (h:mm:ss or m:ss): 0:12.88
	Average shared text size (kbytes): 0
	Average unshared data size (kbytes): 0
	Average stack size (kbytes): 0
	Average total size (kbytes): 0
	Maximum resident set size (kbytes): 1737148
	Average resident set size (kbytes): 0
	Major (requiring I/O) page faults: 14
	Minor (reclaiming a frame) page faults: 837954
	Voluntary context switches: 4492
	Involuntary context switches: 3772
	Swaps: 0
	File system inputs: 0
	File system outputs: 128
	Socket messages sent: 0
	Socket messages received: 0
	Signals delivered: 0
	Page size (bytes): 4096
	Exit status: 0
	Command being timed: "timeout 600 java -Xmx64g -jar ./enhsp3.jar -o ./domain_with_failure.pddl -f ./problems/a27g7XOR-change-3-d7/problem52.pddl -h blcost -s WAStar -dap"
	User time (seconds): 11.12
	System time (seconds): 0.66
	Percent of CPU this job got: 99%
	Elapsed (wall clock) time (h:mm:ss or m:ss): 0:11.81
	Average shared text size (kbytes): 0
	Average unshared data size (kbytes): 0
	Average stack size (kbytes): 0
	Average total size (kbytes): 0
	Maximum resident set size (kbytes): 1609492
	Average resident set size (kbytes): 0
	Major (requiring I/O) page faults: 14
	Minor (reclaiming a frame) page faults: 778475
	Voluntary context switches: 4244
	Involuntary context switches: 3505
	Swaps: 0
	File system inputs: 0
	File system outputs: 112
	Socket messages sent: 0
	Socket messages received: 0
	Signals delivered: 0
	Page size (bytes): 4096
	Exit status: 0
	Command being timed: "timeout 600 java -Xmx64g -jar ./enhsp3.jar -o ./domain_with_failure.pddl -f ./problems/a27g7XOR-change-3-d7/problem53.pddl -h blcost -s WAStar -dap"
	User time (seconds): 11.41
	System time (seconds): 0.73
	Percent of CPU this job got: 99%
	Elapsed (wall clock) time (h:mm:ss or m:ss): 0:12.16
	Average shared text size (kbytes): 0
	Average unshared data size (kbytes): 0
	Average stack size (kbytes): 0
	Average total size (kbytes): 0
	Maximum resident set size (kbytes): 1638484
	Average resident set size (kbytes): 0
	Major (requiring I/O) page faults: 17
	Minor (reclaiming a frame) page faults: 785747
	Voluntary context switches: 4443
	Involuntary context switches: 3647
	Swaps: 0
	File system inputs: 0
	File system outputs: 152
	Socket messages sent: 0
	Socket messages received: 0
	Signals delivered: 0
	Page size (bytes): 4096
	Exit status: 0
	Command being timed: "timeout 600 java -Xmx64g -jar ./enhsp3.jar -o ./domain_with_failure.pddl -f ./problems/a27g7XOR-change-3-d7/problem54.pddl -h blcost -s WAStar -dap"
	User time (seconds): 11.50
	System time (seconds): 0.61
	Percent of CPU this job got: 99%
	Elapsed (wall clock) time (h:mm:ss or m:ss): 0:12.14
	Average shared text size (kbytes): 0
	Average unshared data size (kbytes): 0
	Average stack size (kbytes): 0
	Average total size (kbytes): 0
	Maximum resident set size (kbytes): 1613624
	Average resident set size (kbytes): 0
	Major (requiring I/O) page faults: 14
	Minor (reclaiming a frame) page faults: 777509
	Voluntary context switches: 4286
	Involuntary context switches: 3591
	Swaps: 0
	File system inputs: 0
	File system outputs: 128
	Socket messages sent: 0
	Socket messages received: 0
	Signals delivered: 0
	Page size (bytes): 4096
	Exit status: 0
	Command being timed: "timeout 600 java -Xmx64g -jar ./enhsp3.jar -o ./domain_with_failure.pddl -f ./problems/a27g7XOR-change-3-d7/problem55.pddl -h blcost -s WAStar -dap"
	User time (seconds): 11.67
	System time (seconds): 0.76
	Percent of CPU this job got: 99%
	Elapsed (wall clock) time (h:mm:ss or m:ss): 0:12.44
	Average shared text size (kbytes): 0
	Average unshared data size (kbytes): 0
	Average stack size (kbytes): 0
	Average total size (kbytes): 0
	Maximum resident set size (kbytes): 1642728
	Average resident set size (kbytes): 0
	Major (requiring I/O) page faults: 17
	Minor (reclaiming a frame) page faults: 800651
	Voluntary context switches: 4449
	Involuntary context switches: 3641
	Swaps: 0
	File system inputs: 0
	File system outputs: 152
	Socket messages sent: 0
	Socket messages received: 0
	Signals delivered: 0
	Page size (bytes): 4096
	Exit status: 0
	Command being timed: "timeout 600 java -Xmx64g -jar ./enhsp3.jar -o ./domain_with_failure.pddl -f ./problems/a27g7XOR-change-3-d7/problem56.pddl -h blcost -s WAStar -dap"
	User time (seconds): 12.04
	System time (seconds): 0.71
	Percent of CPU this job got: 99%
	Elapsed (wall clock) time (h:mm:ss or m:ss): 0:12.78
	Average shared text size (kbytes): 0
	Average unshared data size (kbytes): 0
	Average stack size (kbytes): 0
	Average total size (kbytes): 0
	Maximum resident set size (kbytes): 1808800
	Average resident set size (kbytes): 0
	Major (requiring I/O) page faults: 14
	Minor (reclaiming a frame) page faults: 850397
	Voluntary context switches: 4390
	Involuntary context switches: 3712
	Swaps: 0
	File system inputs: 0
	File system outputs: 136
	Socket messages sent: 0
	Socket messages received: 0
	Signals delivered: 0
	Page size (bytes): 4096
	Exit status: 0
	Command being timed: "timeout 600 java -Xmx64g -jar ./enhsp3.jar -o ./domain_with_failure.pddl -f ./problems/a27g7XOR-change-3-d7/problem57.pddl -h blcost -s WAStar -dap"
	User time (seconds): 11.38
	System time (seconds): 0.60
	Percent of CPU this job got: 99%
	Elapsed (wall clock) time (h:mm:ss or m:ss): 0:12.01
	Average shared text size (kbytes): 0
	Average unshared data size (kbytes): 0
	Average stack size (kbytes): 0
	Average total size (kbytes): 0
	Maximum resident set size (kbytes): 1614036
	Average resident set size (kbytes): 0
	Major (requiring I/O) page faults: 14
	Minor (reclaiming a frame) page faults: 722705
	Voluntary context switches: 4302
	Involuntary context switches: 3522
	Swaps: 0
	File system inputs: 0
	File system outputs: 128
	Socket messages sent: 0
	Socket messages received: 0
	Signals delivered: 0
	Page size (bytes): 4096
	Exit status: 0
	Command being timed: "timeout 600 java -Xmx64g -jar ./enhsp3.jar -o ./domain_with_failure.pddl -f ./problems/a27g7XOR-change-3-d7/problem58.pddl -h blcost -s WAStar -dap"
	User time (seconds): 11.65
	System time (seconds): 0.73
	Percent of CPU this job got: 99%
	Elapsed (wall clock) time (h:mm:ss or m:ss): 0:12.42
	Average shared text size (kbytes): 0
	Average unshared data size (kbytes): 0
	Average stack size (kbytes): 0
	Average total size (kbytes): 0
	Maximum resident set size (kbytes): 1647140
	Average resident set size (kbytes): 0
	Major (requiring I/O) page faults: 17
	Minor (reclaiming a frame) page faults: 799831
	Voluntary context switches: 4507
	Involuntary context switches: 3689
	Swaps: 0
	File system inputs: 0
	File system outputs: 160
	Socket messages sent: 0
	Socket messages received: 0
	Signals delivered: 0
	Page size (bytes): 4096
	Exit status: 0
	Command being timed: "timeout 600 java -Xmx64g -jar ./enhsp3.jar -o ./domain_with_failure.pddl -f ./problems/a27g7XOR-change-3-d7/problem59.pddl -h blcost -s WAStar -dap"
	User time (seconds): 11.67
	System time (seconds): 0.66
	Percent of CPU this job got: 99%
	Elapsed (wall clock) time (h:mm:ss or m:ss): 0:12.37
	Average shared text size (kbytes): 0
	Average unshared data size (kbytes): 0
	Average stack size (kbytes): 0
	Average total size (kbytes): 0
	Maximum resident set size (kbytes): 1649916
	Average resident set size (kbytes): 0
	Major (requiring I/O) page faults: 14
	Minor (reclaiming a frame) page faults: 802115
	Voluntary context switches: 4590
	Involuntary context switches: 3739
	Swaps: 0
	File system inputs: 0
	File system outputs: 128
	Socket messages sent: 0
	Socket messages received: 0
	Signals delivered: 0
	Page size (bytes): 4096
	Exit status: 0
	Command being timed: "timeout 600 java -Xmx64g -jar ./enhsp3.jar -o ./domain_with_failure.pddl -f ./problems/a27g7XOR-change-3-d7/problem60.pddl -h blcost -s WAStar -dap"
	User time (seconds): 11.32
	System time (seconds): 0.67
	Percent of CPU this job got: 99%
	Elapsed (wall clock) time (h:mm:ss or m:ss): 0:12.03
	Average shared text size (kbytes): 0
	Average unshared data size (kbytes): 0
	Average stack size (kbytes): 0
	Average total size (kbytes): 0
	Maximum resident set size (kbytes): 1613932
	Average resident set size (kbytes): 0
	Major (requiring I/O) page faults: 17
	Minor (reclaiming a frame) page faults: 725693
	Voluntary context switches: 4190
	Involuntary context switches: 3524
	Swaps: 0
	File system inputs: 0
	File system outputs: 152
	Socket messages sent: 0
	Socket messages received: 0
	Signals delivered: 0
	Page size (bytes): 4096
	Exit status: 0
	Command being timed: "timeout 600 java -Xmx64g -jar ./enhsp3.jar -o ./domain_with_failure.pddl -f ./problems/a27g7XOR-change-3-d7/problem61.pddl -h blcost -s WAStar -dap"
	User time (seconds): 11.60
	System time (seconds): 0.66
	Percent of CPU this job got: 99%
	Elapsed (wall clock) time (h:mm:ss or m:ss): 0:12.29
	Average shared text size (kbytes): 0
	Average unshared data size (kbytes): 0
	Average stack size (kbytes): 0
	Average total size (kbytes): 0
	Maximum resident set size (kbytes): 1645944
	Average resident set size (kbytes): 0
	Major (requiring I/O) page faults: 14
	Minor (reclaiming a frame) page faults: 787215
	Voluntary context switches: 4349
	Involuntary context switches: 3628
	Swaps: 0
	File system inputs: 0
	File system outputs: 120
	Socket messages sent: 0
	Socket messages received: 0
	Signals delivered: 0
	Page size (bytes): 4096
	Exit status: 0
	Command being timed: "timeout 600 java -Xmx64g -jar ./enhsp3.jar -o ./domain_with_failure.pddl -f ./problems/a27g7XOR-change-3-d7/problem62.pddl -h blcost -s WAStar -dap"
	User time (seconds): 11.21
	System time (seconds): 0.73
	Percent of CPU this job got: 99%
	Elapsed (wall clock) time (h:mm:ss or m:ss): 0:11.96
	Average shared text size (kbytes): 0
	Average unshared data size (kbytes): 0
	Average stack size (kbytes): 0
	Average total size (kbytes): 0
	Maximum resident set size (kbytes): 1608236
	Average resident set size (kbytes): 0
	Major (requiring I/O) page faults: 14
	Minor (reclaiming a frame) page faults: 777333
	Voluntary context switches: 4246
	Involuntary context switches: 3474
	Swaps: 0
	File system inputs: 0
	File system outputs: 128
	Socket messages sent: 0
	Socket messages received: 0
	Signals delivered: 0
	Page size (bytes): 4096
	Exit status: 0
	Command being timed: "timeout 600 java -Xmx64g -jar ./enhsp3.jar -o ./domain_with_failure.pddl -f ./problems/a27g7XOR-change-3-d7/problem63.pddl -h blcost -s WAStar -dap"
	User time (seconds): 11.41
	System time (seconds): 0.75
	Percent of CPU this job got: 99%
	Elapsed (wall clock) time (h:mm:ss or m:ss): 0:12.19
	Average shared text size (kbytes): 0
	Average unshared data size (kbytes): 0
	Average stack size (kbytes): 0
	Average total size (kbytes): 0
	Maximum resident set size (kbytes): 1655064
	Average resident set size (kbytes): 0
	Major (requiring I/O) page faults: 17
	Minor (reclaiming a frame) page faults: 802101
	Voluntary context switches: 4415
	Involuntary context switches: 3642
	Swaps: 0
	File system inputs: 0
	File system outputs: 144
	Socket messages sent: 0
	Socket messages received: 0
	Signals delivered: 0
	Page size (bytes): 4096
	Exit status: 0
	Command being timed: "timeout 600 java -Xmx64g -jar ./enhsp3.jar -o ./domain_with_failure.pddl -f ./problems/a27g7XOR-change-3-d7/problem64.pddl -h blcost -s WAStar -dap"
	User time (seconds): 11.51
	System time (seconds): 0.61
	Percent of CPU this job got: 99%
	Elapsed (wall clock) time (h:mm:ss or m:ss): 0:12.15
	Average shared text size (kbytes): 0
	Average unshared data size (kbytes): 0
	Average stack size (kbytes): 0
	Average total size (kbytes): 0
	Maximum resident set size (kbytes): 1616124
	Average resident set size (kbytes): 0
	Major (requiring I/O) page faults: 14
	Minor (reclaiming a frame) page faults: 770394
	Voluntary context switches: 4132
	Involuntary context switches: 3512
	Swaps: 0
	File system inputs: 0
	File system outputs: 120
	Socket messages sent: 0
	Socket messages received: 0
	Signals delivered: 0
	Page size (bytes): 4096
	Exit status: 0
	Command being timed: "timeout 600 java -Xmx64g -jar ./enhsp3.jar -o ./domain_with_failure.pddl -f ./problems/a27g7XOR-change-3-d7/problem65.pddl -h blcost -s WAStar -dap"
	User time (seconds): 11.60
	System time (seconds): 0.73
	Percent of CPU this job got: 99%
	Elapsed (wall clock) time (h:mm:ss or m:ss): 0:12.37
	Average shared text size (kbytes): 0
	Average unshared data size (kbytes): 0
	Average stack size (kbytes): 0
	Average total size (kbytes): 0
	Maximum resident set size (kbytes): 1653912
	Average resident set size (kbytes): 0
	Major (requiring I/O) page faults: 14
	Minor (reclaiming a frame) page faults: 802466
	Voluntary context switches: 4173
	Involuntary context switches: 3555
	Swaps: 0
	File system inputs: 0
	File system outputs: 128
	Socket messages sent: 0
	Socket messages received: 0
	Signals delivered: 0
	Page size (bytes): 4096
	Exit status: 0
	Command being timed: "timeout 600 java -Xmx64g -jar ./enhsp3.jar -o ./domain_with_failure.pddl -f ./problems/a27g7XOR-change-3-d7/problem66.pddl -h blcost -s WAStar -dap"
	User time (seconds): 11.19
	System time (seconds): 0.66
	Percent of CPU this job got: 99%
	Elapsed (wall clock) time (h:mm:ss or m:ss): 0:11.89
	Average shared text size (kbytes): 0
	Average unshared data size (kbytes): 0
	Average stack size (kbytes): 0
	Average total size (kbytes): 0
	Maximum resident set size (kbytes): 1608696
	Average resident set size (kbytes): 0
	Major (requiring I/O) page faults: 18
	Minor (reclaiming a frame) page faults: 776297
	Voluntary context switches: 4367
	Involuntary context switches: 3586
	Swaps: 0
	File system inputs: 0
	File system outputs: 152
	Socket messages sent: 0
	Socket messages received: 0
	Signals delivered: 0
	Page size (bytes): 4096
	Exit status: 0
	Command being timed: "timeout 600 java -Xmx64g -jar ./enhsp3.jar -o ./domain_with_failure.pddl -f ./problems/a27g7XOR-change-3-d7/problem67.pddl -h blcost -s WAStar -dap"
	User time (seconds): 11.19
	System time (seconds): 0.70
	Percent of CPU this job got: 99%
	Elapsed (wall clock) time (h:mm:ss or m:ss): 0:11.92
	Average shared text size (kbytes): 0
	Average unshared data size (kbytes): 0
	Average stack size (kbytes): 0
	Average total size (kbytes): 0
	Maximum resident set size (kbytes): 1598416
	Average resident set size (kbytes): 0
	Major (requiring I/O) page faults: 14
	Minor (reclaiming a frame) page faults: 773248
	Voluntary context switches: 4422
	Involuntary context switches: 3640
	Swaps: 0
	File system inputs: 0
	File system outputs: 136
	Socket messages sent: 0
	Socket messages received: 0
	Signals delivered: 0
	Page size (bytes): 4096
	Exit status: 0
	Command being timed: "timeout 600 java -Xmx64g -jar ./enhsp3.jar -o ./domain_with_failure.pddl -f ./problems/a27g7XOR-change-3-d7/problem68.pddl -h blcost -s WAStar -dap"
	User time (seconds): 11.18
	System time (seconds): 0.68
	Percent of CPU this job got: 99%
	Elapsed (wall clock) time (h:mm:ss or m:ss): 0:11.89
	Average shared text size (kbytes): 0
	Average unshared data size (kbytes): 0
	Average stack size (kbytes): 0
	Average total size (kbytes): 0
	Maximum resident set size (kbytes): 1612404
	Average resident set size (kbytes): 0
	Major (requiring I/O) page faults: 14
	Minor (reclaiming a frame) page faults: 777626
	Voluntary context switches: 4461
	Involuntary context switches: 3642
	Swaps: 0
	File system inputs: 0
	File system outputs: 120
	Socket messages sent: 0
	Socket messages received: 0
	Signals delivered: 0
	Page size (bytes): 4096
	Exit status: 0
	Command being timed: "timeout 600 java -Xmx64g -jar ./enhsp3.jar -o ./domain_with_failure.pddl -f ./problems/a27g7XOR-change-3-d7/problem69.pddl -h blcost -s WAStar -dap"
	User time (seconds): 12.42
	System time (seconds): 0.59
	Percent of CPU this job got: 99%
	Elapsed (wall clock) time (h:mm:ss or m:ss): 0:13.03
	Average shared text size (kbytes): 0
	Average unshared data size (kbytes): 0
	Average stack size (kbytes): 0
	Average total size (kbytes): 0
	Maximum resident set size (kbytes): 1644732
	Average resident set size (kbytes): 0
	Major (requiring I/O) page faults: 17
	Minor (reclaiming a frame) page faults: 796995
	Voluntary context switches: 4031
	Involuntary context switches: 3454
	Swaps: 0
	File system inputs: 0
	File system outputs: 152
	Socket messages sent: 0
	Socket messages received: 0
	Signals delivered: 0
	Page size (bytes): 4096
	Exit status: 0
	Command being timed: "timeout 600 java -Xmx64g -jar ./enhsp3.jar -o ./domain_with_failure.pddl -f ./problems/a27g7XOR-change-3-d7/problem70.pddl -h blcost -s WAStar -dap"
	User time (seconds): 11.57
	System time (seconds): 0.64
	Percent of CPU this job got: 99%
	Elapsed (wall clock) time (h:mm:ss or m:ss): 0:12.23
	Average shared text size (kbytes): 0
	Average unshared data size (kbytes): 0
	Average stack size (kbytes): 0
	Average total size (kbytes): 0
	Maximum resident set size (kbytes): 1646108
	Average resident set size (kbytes): 0
	Major (requiring I/O) page faults: 14
	Minor (reclaiming a frame) page faults: 796947
	Voluntary context switches: 4260
	Involuntary context switches: 3550
	Swaps: 0
	File system inputs: 0
	File system outputs: 128
	Socket messages sent: 0
	Socket messages received: 0
	Signals delivered: 0
	Page size (bytes): 4096
	Exit status: 0
	Command being timed: "timeout 600 java -Xmx64g -jar ./enhsp3.jar -o ./domain_with_failure.pddl -f ./problems/a27g7XOR-change-3-d7/problem71.pddl -h blcost -s WAStar -dap"
	User time (seconds): 11.32
	System time (seconds): 0.59
	Percent of CPU this job got: 99%
	Elapsed (wall clock) time (h:mm:ss or m:ss): 0:11.95
	Average shared text size (kbytes): 0
	Average unshared data size (kbytes): 0
	Average stack size (kbytes): 0
	Average total size (kbytes): 0
	Maximum resident set size (kbytes): 1613312
	Average resident set size (kbytes): 0
	Major (requiring I/O) page faults: 17
	Minor (reclaiming a frame) page faults: 777042
	Voluntary context switches: 4157
	Involuntary context switches: 3541
	Swaps: 0
	File system inputs: 0
	File system outputs: 152
	Socket messages sent: 0
	Socket messages received: 0
	Signals delivered: 0
	Page size (bytes): 4096
	Exit status: 0
	Command being timed: "timeout 600 java -Xmx64g -jar ./enhsp3.jar -o ./domain_with_failure.pddl -f ./problems/a27g7XOR-change-3-d7/problem72.pddl -h blcost -s WAStar -dap"
	User time (seconds): 12.01
	System time (seconds): 0.69
	Percent of CPU this job got: 99%
	Elapsed (wall clock) time (h:mm:ss or m:ss): 0:12.73
	Average shared text size (kbytes): 0
	Average unshared data size (kbytes): 0
	Average stack size (kbytes): 0
	Average total size (kbytes): 0
	Maximum resident set size (kbytes): 1811332
	Average resident set size (kbytes): 0
	Major (requiring I/O) page faults: 14
	Minor (reclaiming a frame) page faults: 819020
	Voluntary context switches: 4454
	Involuntary context switches: 3719
	Swaps: 0
	File system inputs: 0
	File system outputs: 120
	Socket messages sent: 0
	Socket messages received: 0
	Signals delivered: 0
	Page size (bytes): 4096
	Exit status: 0
	Command being timed: "timeout 600 java -Xmx64g -jar ./enhsp3.jar -o ./domain_with_failure.pddl -f ./problems/a27g7XOR-change-3-d7/problem73.pddl -h blcost -s WAStar -dap"
	User time (seconds): 12.36
	System time (seconds): 0.57
	Percent of CPU this job got: 99%
	Elapsed (wall clock) time (h:mm:ss or m:ss): 0:12.95
	Average shared text size (kbytes): 0
	Average unshared data size (kbytes): 0
	Average stack size (kbytes): 0
	Average total size (kbytes): 0
	Maximum resident set size (kbytes): 1645472
	Average resident set size (kbytes): 0
	Major (requiring I/O) page faults: 17
	Minor (reclaiming a frame) page faults: 734574
	Voluntary context switches: 4093
	Involuntary context switches: 3502
	Swaps: 0
	File system inputs: 0
	File system outputs: 152
	Socket messages sent: 0
	Socket messages received: 0
	Signals delivered: 0
	Page size (bytes): 4096
	Exit status: 0
	Command being timed: "timeout 600 java -Xmx64g -jar ./enhsp3.jar -o ./domain_with_failure.pddl -f ./problems/a27g7XOR-change-3-d7/problem74.pddl -h blcost -s WAStar -dap"
	User time (seconds): 11.94
	System time (seconds): 0.63
	Percent of CPU this job got: 99%
	Elapsed (wall clock) time (h:mm:ss or m:ss): 0:12.61
	Average shared text size (kbytes): 0
	Average unshared data size (kbytes): 0
	Average stack size (kbytes): 0
	Average total size (kbytes): 0
	Maximum resident set size (kbytes): 1644644
	Average resident set size (kbytes): 0
	Major (requiring I/O) page faults: 14
	Minor (reclaiming a frame) page faults: 798999
	Voluntary context switches: 4372
	Involuntary context switches: 3647
	Swaps: 0
	File system inputs: 0
	File system outputs: 128
	Socket messages sent: 0
	Socket messages received: 0
	Signals delivered: 0
	Page size (bytes): 4096
	Exit status: 0
	Command being timed: "timeout 600 java -Xmx64g -jar ./enhsp3.jar -o ./domain_with_failure.pddl -f ./problems/a27g7XOR-change-3-d7/problem75.pddl -h blcost -s WAStar -dap"
	User time (seconds): 12.11
	System time (seconds): 0.71
	Percent of CPU this job got: 99%
	Elapsed (wall clock) time (h:mm:ss or m:ss): 0:12.86
	Average shared text size (kbytes): 0
	Average unshared data size (kbytes): 0
	Average stack size (kbytes): 0
	Average total size (kbytes): 0
	Maximum resident set size (kbytes): 1737224
	Average resident set size (kbytes): 0
	Major (requiring I/O) page faults: 17
	Minor (reclaiming a frame) page faults: 801323
	Voluntary context switches: 4383
	Involuntary context switches: 3671
	Swaps: 0
	File system inputs: 0
	File system outputs: 160
	Socket messages sent: 0
	Socket messages received: 0
	Signals delivered: 0
	Page size (bytes): 4096
	Exit status: 0
	Command being timed: "timeout 600 java -Xmx64g -jar ./enhsp3.jar -o ./domain_with_failure.pddl -f ./problems/a27g7XOR-change-3-d7/problem76.pddl -h blcost -s WAStar -dap"
	User time (seconds): 12.04
	System time (seconds): 0.68
	Percent of CPU this job got: 99%
	Elapsed (wall clock) time (h:mm:ss or m:ss): 0:12.75
	Average shared text size (kbytes): 0
	Average unshared data size (kbytes): 0
	Average stack size (kbytes): 0
	Average total size (kbytes): 0
	Maximum resident set size (kbytes): 1804740
	Average resident set size (kbytes): 0
	Major (requiring I/O) page faults: 14
	Minor (reclaiming a frame) page faults: 851114
	Voluntary context switches: 4376
	Involuntary context switches: 3684
	Swaps: 0
	File system inputs: 0
	File system outputs: 120
	Socket messages sent: 0
	Socket messages received: 0
	Signals delivered: 0
	Page size (bytes): 4096
	Exit status: 0
	Command being timed: "timeout 600 java -Xmx64g -jar ./enhsp3.jar -o ./domain_with_failure.pddl -f ./problems/a27g7XOR-change-3-d7/problem77.pddl -h blcost -s WAStar -dap"
	User time (seconds): 11.34
	System time (seconds): 0.72
	Percent of CPU this job got: 99%
	Elapsed (wall clock) time (h:mm:ss or m:ss): 0:12.10
	Average shared text size (kbytes): 0
	Average unshared data size (kbytes): 0
	Average stack size (kbytes): 0
	Average total size (kbytes): 0
	Maximum resident set size (kbytes): 1665816
	Average resident set size (kbytes): 0
	Major (requiring I/O) page faults: 17
	Minor (reclaiming a frame) page faults: 803918
	Voluntary context switches: 4389
	Involuntary context switches: 3579
	Swaps: 0
	File system inputs: 0
	File system outputs: 144
	Socket messages sent: 0
	Socket messages received: 0
	Signals delivered: 0
	Page size (bytes): 4096
	Exit status: 0
	Command being timed: "timeout 600 java -Xmx64g -jar ./enhsp3.jar -o ./domain_with_failure.pddl -f ./problems/a27g7XOR-change-3-d7/problem78.pddl -h blcost -s WAStar -dap"
	User time (seconds): 12.31
	System time (seconds): 0.81
	Percent of CPU this job got: 99%
	Elapsed (wall clock) time (h:mm:ss or m:ss): 0:13.15
	Average shared text size (kbytes): 0
	Average unshared data size (kbytes): 0
	Average stack size (kbytes): 0
	Average total size (kbytes): 0
	Maximum resident set size (kbytes): 1738620
	Average resident set size (kbytes): 0
	Major (requiring I/O) page faults: 14
	Minor (reclaiming a frame) page faults: 837277
	Voluntary context switches: 4374
	Involuntary context switches: 3736
	Swaps: 0
	File system inputs: 0
	File system outputs: 120
	Socket messages sent: 0
	Socket messages received: 0
	Signals delivered: 0
	Page size (bytes): 4096
	Exit status: 0
	Command being timed: "timeout 600 java -Xmx64g -jar ./enhsp3.jar -o ./domain_with_failure.pddl -f ./problems/a27g7XOR-change-3-d7/problem79.pddl -h blcost -s WAStar -dap"
	User time (seconds): 11.17
	System time (seconds): 0.65
	Percent of CPU this job got: 99%
	Elapsed (wall clock) time (h:mm:ss or m:ss): 0:11.85
	Average shared text size (kbytes): 0
	Average unshared data size (kbytes): 0
	Average stack size (kbytes): 0
	Average total size (kbytes): 0
	Maximum resident set size (kbytes): 1615188
	Average resident set size (kbytes): 0
	Major (requiring I/O) page faults: 14
	Minor (reclaiming a frame) page faults: 778330
	Voluntary context switches: 4232
	Involuntary context switches: 3475
	Swaps: 0
	File system inputs: 0
	File system outputs: 120
	Socket messages sent: 0
	Socket messages received: 0
	Signals delivered: 0
	Page size (bytes): 4096
	Exit status: 0
	Command being timed: "timeout 600 java -Xmx64g -jar ./enhsp3.jar -o ./domain_with_failure.pddl -f ./problems/a27g7XOR-change-3-d7/problem80.pddl -h blcost -s WAStar -dap"
	User time (seconds): 11.59
	System time (seconds): 0.67
	Percent of CPU this job got: 99%
	Elapsed (wall clock) time (h:mm:ss or m:ss): 0:12.30
	Average shared text size (kbytes): 0
	Average unshared data size (kbytes): 0
	Average stack size (kbytes): 0
	Average total size (kbytes): 0
	Maximum resident set size (kbytes): 1652328
	Average resident set size (kbytes): 0
	Major (requiring I/O) page faults: 17
	Minor (reclaiming a frame) page faults: 800873
	Voluntary context switches: 4489
	Involuntary context switches: 3703
	Swaps: 0
	File system inputs: 0
	File system outputs: 136
	Socket messages sent: 0
	Socket messages received: 0
	Signals delivered: 0
	Page size (bytes): 4096
	Exit status: 0
	Command being timed: "timeout 600 java -Xmx64g -jar ./enhsp3.jar -o ./domain_with_failure.pddl -f ./problems/a27g7XOR-change-3-d7/problem81.pddl -h blcost -s WAStar -dap"
	User time (seconds): 11.48
	System time (seconds): 0.79
	Percent of CPU this job got: 99%
	Elapsed (wall clock) time (h:mm:ss or m:ss): 0:12.30
	Average shared text size (kbytes): 0
	Average unshared data size (kbytes): 0
	Average stack size (kbytes): 0
	Average total size (kbytes): 0
	Maximum resident set size (kbytes): 1656576
	Average resident set size (kbytes): 0
	Major (requiring I/O) page faults: 14
	Minor (reclaiming a frame) page faults: 778609
	Voluntary context switches: 4463
	Involuntary context switches: 3693
	Swaps: 0
	File system inputs: 0
	File system outputs: 128
	Socket messages sent: 0
	Socket messages received: 0
	Signals delivered: 0
	Page size (bytes): 4096
	Exit status: 0
	Command being timed: "timeout 600 java -Xmx64g -jar ./enhsp3.jar -o ./domain_with_failure.pddl -f ./problems/a27g7XOR-change-3-d7/problem82.pddl -h blcost -s WAStar -dap"
	User time (seconds): 11.36
	System time (seconds): 0.63
	Percent of CPU this job got: 99%
	Elapsed (wall clock) time (h:mm:ss or m:ss): 0:12.03
	Average shared text size (kbytes): 0
	Average unshared data size (kbytes): 0
	Average stack size (kbytes): 0
	Average total size (kbytes): 0
	Maximum resident set size (kbytes): 1612196
	Average resident set size (kbytes): 0
	Major (requiring I/O) page faults: 17
	Minor (reclaiming a frame) page faults: 766871
	Voluntary context switches: 4332
	Involuntary context switches: 3598
	Swaps: 0
	File system inputs: 0
	File system outputs: 136
	Socket messages sent: 0
	Socket messages received: 0
	Signals delivered: 0
	Page size (bytes): 4096
	Exit status: 0
	Command being timed: "timeout 600 java -Xmx64g -jar ./enhsp3.jar -o ./domain_with_failure.pddl -f ./problems/a27g7XOR-change-3-d7/problem83.pddl -h blcost -s WAStar -dap"
	User time (seconds): 11.25
	System time (seconds): 0.65
	Percent of CPU this job got: 99%
	Elapsed (wall clock) time (h:mm:ss or m:ss): 0:11.93
	Average shared text size (kbytes): 0
	Average unshared data size (kbytes): 0
	Average stack size (kbytes): 0
	Average total size (kbytes): 0
	Maximum resident set size (kbytes): 1601192
	Average resident set size (kbytes): 0
	Major (requiring I/O) page faults: 14
	Minor (reclaiming a frame) page faults: 773740
	Voluntary context switches: 4366
	Involuntary context switches: 3578
	Swaps: 0
	File system inputs: 0
	File system outputs: 112
	Socket messages sent: 0
	Socket messages received: 0
	Signals delivered: 0
	Page size (bytes): 4096
	Exit status: 0
	Command being timed: "timeout 600 java -Xmx64g -jar ./enhsp3.jar -o ./domain_with_failure.pddl -f ./problems/a27g7XOR-change-3-d7/problem84.pddl -h blcost -s WAStar -dap"
	User time (seconds): 11.59
	System time (seconds): 0.74
	Percent of CPU this job got: 99%
	Elapsed (wall clock) time (h:mm:ss or m:ss): 0:12.36
	Average shared text size (kbytes): 0
	Average unshared data size (kbytes): 0
	Average stack size (kbytes): 0
	Average total size (kbytes): 0
	Maximum resident set size (kbytes): 1655684
	Average resident set size (kbytes): 0
	Major (requiring I/O) page faults: 14
	Minor (reclaiming a frame) page faults: 803008
	Voluntary context switches: 4363
	Involuntary context switches: 3677
	Swaps: 0
	File system inputs: 0
	File system outputs: 128
	Socket messages sent: 0
	Socket messages received: 0
	Signals delivered: 0
	Page size (bytes): 4096
	Exit status: 0
	Command being timed: "timeout 600 java -Xmx64g -jar ./enhsp3.jar -o ./domain_with_failure.pddl -f ./problems/a27g7XOR-change-3-d7/problem85.pddl -h blcost -s WAStar -dap"
	User time (seconds): 11.23
	System time (seconds): 0.63
	Percent of CPU this job got: 99%
	Elapsed (wall clock) time (h:mm:ss or m:ss): 0:11.91
	Average shared text size (kbytes): 0
	Average unshared data size (kbytes): 0
	Average stack size (kbytes): 0
	Average total size (kbytes): 0
	Maximum resident set size (kbytes): 1609720
	Average resident set size (kbytes): 0
	Major (requiring I/O) page faults: 17
	Minor (reclaiming a frame) page faults: 777643
	Voluntary context switches: 4202
	Involuntary context switches: 3542
	Swaps: 0
	File system inputs: 0
	File system outputs: 136
	Socket messages sent: 0
	Socket messages received: 0
	Signals delivered: 0
	Page size (bytes): 4096
	Exit status: 0
	Command being timed: "timeout 600 java -Xmx64g -jar ./enhsp3.jar -o ./domain_with_failure.pddl -f ./problems/a27g7XOR-change-3-d7/problem86.pddl -h blcost -s WAStar -dap"
	User time (seconds): 11.32
	System time (seconds): 0.67
	Percent of CPU this job got: 99%
	Elapsed (wall clock) time (h:mm:ss or m:ss): 0:12.01
	Average shared text size (kbytes): 0
	Average unshared data size (kbytes): 0
	Average stack size (kbytes): 0
	Average total size (kbytes): 0
	Maximum resident set size (kbytes): 1610120
	Average resident set size (kbytes): 0
	Major (requiring I/O) page faults: 14
	Minor (reclaiming a frame) page faults: 776946
	Voluntary context switches: 4198
	Involuntary context switches: 3537
	Swaps: 0
	File system inputs: 0
	File system outputs: 120
	Socket messages sent: 0
	Socket messages received: 0
	Signals delivered: 0
	Page size (bytes): 4096
	Exit status: 0
	Command being timed: "timeout 600 java -Xmx64g -jar ./enhsp3.jar -o ./domain_with_failure.pddl -f ./problems/a27g7XOR-change-3-d7/problem87.pddl -h blcost -s WAStar -dap"
	User time (seconds): 11.59
	System time (seconds): 0.74
	Percent of CPU this job got: 99%
	Elapsed (wall clock) time (h:mm:ss or m:ss): 0:12.34
	Average shared text size (kbytes): 0
	Average unshared data size (kbytes): 0
	Average stack size (kbytes): 0
	Average total size (kbytes): 0
	Maximum resident set size (kbytes): 1645500
	Average resident set size (kbytes): 0
	Major (requiring I/O) page faults: 14
	Minor (reclaiming a frame) page faults: 799488
	Voluntary context switches: 4236
	Involuntary context switches: 3557
	Swaps: 0
	File system inputs: 0
	File system outputs: 120
	Socket messages sent: 0
	Socket messages received: 0
	Signals delivered: 0
	Page size (bytes): 4096
	Exit status: 0
	Command being timed: "timeout 600 java -Xmx64g -jar ./enhsp3.jar -o ./domain_with_failure.pddl -f ./problems/a27g7XOR-change-3-d7/problem88.pddl -h blcost -s WAStar -dap"
	User time (seconds): 11.36
	System time (seconds): 0.71
	Percent of CPU this job got: 99%
	Elapsed (wall clock) time (h:mm:ss or m:ss): 0:12.11
	Average shared text size (kbytes): 0
	Average unshared data size (kbytes): 0
	Average stack size (kbytes): 0
	Average total size (kbytes): 0
	Maximum resident set size (kbytes): 1611632
	Average resident set size (kbytes): 0
	Major (requiring I/O) page faults: 17
	Minor (reclaiming a frame) page faults: 777526
	Voluntary context switches: 4192
	Involuntary context switches: 3554
	Swaps: 0
	File system inputs: 0
	File system outputs: 144
	Socket messages sent: 0
	Socket messages received: 0
	Signals delivered: 0
	Page size (bytes): 4096
	Exit status: 0
	Command being timed: "timeout 600 java -Xmx64g -jar ./enhsp3.jar -o ./domain_with_failure.pddl -f ./problems/a27g7XOR-change-3-d7/problem89.pddl -h blcost -s WAStar -dap"
	User time (seconds): 11.55
	System time (seconds): 0.73
	Percent of CPU this job got: 99%
	Elapsed (wall clock) time (h:mm:ss or m:ss): 0:12.31
	Average shared text size (kbytes): 0
	Average unshared data size (kbytes): 0
	Average stack size (kbytes): 0
	Average total size (kbytes): 0
	Maximum resident set size (kbytes): 1660424
	Average resident set size (kbytes): 0
	Major (requiring I/O) page faults: 14
	Minor (reclaiming a frame) page faults: 802993
	Voluntary context switches: 4249
	Involuntary context switches: 3548
	Swaps: 0
	File system inputs: 0
	File system outputs: 120
	Socket messages sent: 0
	Socket messages received: 0
	Signals delivered: 0
	Page size (bytes): 4096
	Exit status: 0
	Command being timed: "timeout 600 java -Xmx64g -jar ./enhsp3.jar -o ./domain_with_failure.pddl -f ./problems/a27g7XOR-change-3-d7/problem90.pddl -h blcost -s WAStar -dap"
	User time (seconds): 11.23
	System time (seconds): 0.61
	Percent of CPU this job got: 99%
	Elapsed (wall clock) time (h:mm:ss or m:ss): 0:11.87
	Average shared text size (kbytes): 0
	Average unshared data size (kbytes): 0
	Average stack size (kbytes): 0
	Average total size (kbytes): 0
	Maximum resident set size (kbytes): 1611204
	Average resident set size (kbytes): 0
	Major (requiring I/O) page faults: 17
	Minor (reclaiming a frame) page faults: 776793
	Voluntary context switches: 4271
	Involuntary context switches: 3543
	Swaps: 0
	File system inputs: 0
	File system outputs: 144
	Socket messages sent: 0
	Socket messages received: 0
	Signals delivered: 0
	Page size (bytes): 4096
	Exit status: 0
	Command being timed: "timeout 600 java -Xmx64g -jar ./enhsp3.jar -o ./domain_with_failure.pddl -f ./problems/a27g7XOR-change-3-d7/problem91.pddl -h blcost -s WAStar -dap"
	User time (seconds): 12.60
	System time (seconds): 0.63
	Percent of CPU this job got: 99%
	Elapsed (wall clock) time (h:mm:ss or m:ss): 0:13.26
	Average shared text size (kbytes): 0
	Average unshared data size (kbytes): 0
	Average stack size (kbytes): 0
	Average total size (kbytes): 0
	Maximum resident set size (kbytes): 1726208
	Average resident set size (kbytes): 0
	Major (requiring I/O) page faults: 14
	Minor (reclaiming a frame) page faults: 804131
	Voluntary context switches: 4486
	Involuntary context switches: 3702
	Swaps: 0
	File system inputs: 0
	File system outputs: 112
	Socket messages sent: 0
	Socket messages received: 0
	Signals delivered: 0
	Page size (bytes): 4096
	Exit status: 0
	Command being timed: "timeout 600 java -Xmx64g -jar ./enhsp3.jar -o ./domain_with_failure.pddl -f ./problems/a27g7XOR-change-3-d7/problem92.pddl -h blcost -s WAStar -dap"
	User time (seconds): 11.72
	System time (seconds): 0.73
	Percent of CPU this job got: 99%
	Elapsed (wall clock) time (h:mm:ss or m:ss): 0:12.49
	Average shared text size (kbytes): 0
	Average unshared data size (kbytes): 0
	Average stack size (kbytes): 0
	Average total size (kbytes): 0
	Maximum resident set size (kbytes): 1661896
	Average resident set size (kbytes): 0
	Major (requiring I/O) page faults: 17
	Minor (reclaiming a frame) page faults: 803269
	Voluntary context switches: 4470
	Involuntary context switches: 3599
	Swaps: 0
	File system inputs: 0
	File system outputs: 152
	Socket messages sent: 0
	Socket messages received: 0
	Signals delivered: 0
	Page size (bytes): 4096
	Exit status: 0
	Command being timed: "timeout 600 java -Xmx64g -jar ./enhsp3.jar -o ./domain_with_failure.pddl -f ./problems/a27g7XOR-change-3-d7/problem93.pddl -h blcost -s WAStar -dap"
	User time (seconds): 11.13
	System time (seconds): 0.64
	Percent of CPU this job got: 99%
	Elapsed (wall clock) time (h:mm:ss or m:ss): 0:11.81
	Average shared text size (kbytes): 0
	Average unshared data size (kbytes): 0
	Average stack size (kbytes): 0
	Average total size (kbytes): 0
	Maximum resident set size (kbytes): 1596092
	Average resident set size (kbytes): 0
	Major (requiring I/O) page faults: 14
	Minor (reclaiming a frame) page faults: 762590
	Voluntary context switches: 4542
	Involuntary context switches: 3594
	Swaps: 0
	File system inputs: 0
	File system outputs: 120
	Socket messages sent: 0
	Socket messages received: 0
	Signals delivered: 0
	Page size (bytes): 4096
	Exit status: 0
	Command being timed: "timeout 600 java -Xmx64g -jar ./enhsp3.jar -o ./domain_with_failure.pddl -f ./problems/a27g7XOR-change-3-d7/problem94.pddl -h blcost -s WAStar -dap"
	User time (seconds): 11.39
	System time (seconds): 0.72
	Percent of CPU this job got: 99%
	Elapsed (wall clock) time (h:mm:ss or m:ss): 0:12.14
	Average shared text size (kbytes): 0
	Average unshared data size (kbytes): 0
	Average stack size (kbytes): 0
	Average total size (kbytes): 0
	Maximum resident set size (kbytes): 1658812
	Average resident set size (kbytes): 0
	Major (requiring I/O) page faults: 14
	Minor (reclaiming a frame) page faults: 804132
	Voluntary context switches: 4191
	Involuntary context switches: 3484
	Swaps: 0
	File system inputs: 0
	File system outputs: 120
	Socket messages sent: 0
	Socket messages received: 0
	Signals delivered: 0
	Page size (bytes): 4096
	Exit status: 0
	Command being timed: "timeout 600 java -Xmx64g -jar ./enhsp3.jar -o ./domain_with_failure.pddl -f ./problems/a27g7XOR-change-3-d7/problem95.pddl -h blcost -s WAStar -dap"
	User time (seconds): 11.65
	System time (seconds): 0.68
	Percent of CPU this job got: 99%
	Elapsed (wall clock) time (h:mm:ss or m:ss): 0:12.36
	Average shared text size (kbytes): 0
	Average unshared data size (kbytes): 0
	Average stack size (kbytes): 0
	Average total size (kbytes): 0
	Maximum resident set size (kbytes): 1647640
	Average resident set size (kbytes): 0
	Major (requiring I/O) page faults: 17
	Minor (reclaiming a frame) page faults: 799342
	Voluntary context switches: 4402
	Involuntary context switches: 3586
	Swaps: 0
	File system inputs: 0
	File system outputs: 136
	Socket messages sent: 0
	Socket messages received: 0
	Signals delivered: 0
	Page size (bytes): 4096
	Exit status: 0
	Command being timed: "timeout 600 java -Xmx64g -jar ./enhsp3.jar -o ./domain_with_failure.pddl -f ./problems/a27g7XOR-change-3-d7/problem96.pddl -h blcost -s WAStar -dap"
	User time (seconds): 11.20
	System time (seconds): 0.69
	Percent of CPU this job got: 99%
	Elapsed (wall clock) time (h:mm:ss or m:ss): 0:11.92
	Average shared text size (kbytes): 0
	Average unshared data size (kbytes): 0
	Average stack size (kbytes): 0
	Average total size (kbytes): 0
	Maximum resident set size (kbytes): 1611100
	Average resident set size (kbytes): 0
	Major (requiring I/O) page faults: 14
	Minor (reclaiming a frame) page faults: 778275
	Voluntary context switches: 4221
	Involuntary context switches: 3511
	Swaps: 0
	File system inputs: 0
	File system outputs: 120
	Socket messages sent: 0
	Socket messages received: 0
	Signals delivered: 0
	Page size (bytes): 4096
	Exit status: 0
	Command being timed: "timeout 600 java -Xmx64g -jar ./enhsp3.jar -o ./domain_with_failure.pddl -f ./problems/a27g7XOR-change-3-d7/problem97.pddl -h blcost -s WAStar -dap"
	User time (seconds): 11.63
	System time (seconds): 0.71
	Percent of CPU this job got: 99%
	Elapsed (wall clock) time (h:mm:ss or m:ss): 0:12.38
	Average shared text size (kbytes): 0
	Average unshared data size (kbytes): 0
	Average stack size (kbytes): 0
	Average total size (kbytes): 0
	Maximum resident set size (kbytes): 1654116
	Average resident set size (kbytes): 0
	Major (requiring I/O) page faults: 14
	Minor (reclaiming a frame) page faults: 783431
	Voluntary context switches: 4290
	Involuntary context switches: 3603
	Swaps: 0
	File system inputs: 0
	File system outputs: 112
	Socket messages sent: 0
	Socket messages received: 0
	Signals delivered: 0
	Page size (bytes): 4096
	Exit status: 0
	Command being timed: "timeout 600 java -Xmx64g -jar ./enhsp3.jar -o ./domain_with_failure.pddl -f ./problems/a27g7XOR-change-3-d7/problem98.pddl -h blcost -s WAStar -dap"
	User time (seconds): 12.28
	System time (seconds): 0.81
	Percent of CPU this job got: 99%
	Elapsed (wall clock) time (h:mm:ss or m:ss): 0:13.13
	Average shared text size (kbytes): 0
	Average unshared data size (kbytes): 0
	Average stack size (kbytes): 0
	Average total size (kbytes): 0
	Maximum resident set size (kbytes): 1741516
	Average resident set size (kbytes): 0
	Major (requiring I/O) page faults: 17
	Minor (reclaiming a frame) page faults: 838430
	Voluntary context switches: 4499
	Involuntary context switches: 3829
	Swaps: 0
	File system inputs: 0
	File system outputs: 136
	Socket messages sent: 0
	Socket messages received: 0
	Signals delivered: 0
	Page size (bytes): 4096
	Exit status: 0
	Command being timed: "timeout 600 java -Xmx64g -jar ./enhsp3.jar -o ./domain_with_failure.pddl -f ./problems/a27g7XOR-change-3-d7/problem99.pddl -h blcost -s WAStar -dap"
	User time (seconds): 11.11
	System time (seconds): 0.69
	Percent of CPU this job got: 99%
	Elapsed (wall clock) time (h:mm:ss or m:ss): 0:11.83
	Average shared text size (kbytes): 0
	Average unshared data size (kbytes): 0
	Average stack size (kbytes): 0
	Average total size (kbytes): 0
	Maximum resident set size (kbytes): 1602552
	Average resident set size (kbytes): 0
	Major (requiring I/O) page faults: 14
	Minor (reclaiming a frame) page faults: 775486
	Voluntary context switches: 4371
	Involuntary context switches: 3579
	Swaps: 0
	File system inputs: 0
	File system outputs: 120
	Socket messages sent: 0
	Socket messages received: 0
	Signals delivered: 0
	Page size (bytes): 4096
	Exit status: 0
	Command being timed: "timeout 600 java -Xmx64g -jar ./enhsp3.jar -o ./domain_with_failure.pddl -f ./problems/a27g7XOR-change-3-d7/problem100.pddl -h blcost -s WAStar -dap"
	User time (seconds): 12.04
	System time (seconds): 0.67
	Percent of CPU this job got: 99%
	Elapsed (wall clock) time (h:mm:ss or m:ss): 0:12.75
	Average shared text size (kbytes): 0
	Average unshared data size (kbytes): 0
	Average stack size (kbytes): 0
	Average total size (kbytes): 0
	Maximum resident set size (kbytes): 1656800
	Average resident set size (kbytes): 0
	Major (requiring I/O) page faults: 17
	Minor (reclaiming a frame) page faults: 804404
	Voluntary context switches: 4247
	Involuntary context switches: 3591
	Swaps: 0
	File system inputs: 0
	File system outputs: 136
	Socket messages sent: 0
	Socket messages received: 0
	Signals delivered: 0
	Page size (bytes): 4096
	Exit status: 0
