/usr/bin/time -v timeout 600 java -Xmx64g -jar ./enhsp3.jar -o ./domain_with_failure.pddl -f ./problems/a20g6-d1/problem1.pddl -h blcost -s WAStar
Domain parsed
Problem parsed
Grounding..
Unsolvable Problem
/usr/bin/time -v timeout 600 java -Xmx64g -jar ./enhsp3.jar -o ./domain_with_failure.pddl -f ./problems/a20g6-d1/problem2.pddl -h blcost -s WAStar
Domain parsed
Problem parsed
Grounding..
Unsolvable Problem
/usr/bin/time -v timeout 600 java -Xmx64g -jar ./enhsp3.jar -o ./domain_with_failure.pddl -f ./problems/a20g6-d1/problem3.pddl -h blcost -s WAStar
Domain parsed
Problem parsed
Grounding..
Unsolvable Problem
/usr/bin/time -v timeout 600 java -Xmx64g -jar ./enhsp3.jar -o ./domain_with_failure.pddl -f ./problems/a20g6-d1/problem4.pddl -h blcost -s WAStar
Domain parsed
Problem parsed
Grounding..
Unsolvable Problem
/usr/bin/time -v timeout 600 java -Xmx64g -jar ./enhsp3.jar -o ./domain_with_failure.pddl -f ./problems/a20g6-d1/problem5.pddl -h blcost -s WAStar
Domain parsed
Problem parsed
Grounding..
Unsolvable Problem
/usr/bin/time -v timeout 600 java -Xmx64g -jar ./enhsp3.jar -o ./domain_with_failure.pddl -f ./problems/a20g6-d1/problem6.pddl -h blcost -s WAStar
Domain parsed
Problem parsed
Grounding..
Unsolvable Problem
/usr/bin/time -v timeout 600 java -Xmx64g -jar ./enhsp3.jar -o ./domain_with_failure.pddl -f ./problems/a20g6-d1/problem7.pddl -h blcost -s WAStar
Domain parsed
Problem parsed
Grounding..
Unsolvable Problem
/usr/bin/time -v timeout 600 java -Xmx64g -jar ./enhsp3.jar -o ./domain_with_failure.pddl -f ./problems/a20g6-d1/problem8.pddl -h blcost -s WAStar
Domain parsed
Problem parsed
Grounding..
Unsolvable Problem
/usr/bin/time -v timeout 600 java -Xmx64g -jar ./enhsp3.jar -o ./domain_with_failure.pddl -f ./problems/a20g6-d1/problem9.pddl -h blcost -s WAStar
Domain parsed
Problem parsed
Grounding..
Unsolvable Problem
/usr/bin/time -v timeout 600 java -Xmx64g -jar ./enhsp3.jar -o ./domain_with_failure.pddl -f ./problems/a20g6-d1/problem10.pddl -h blcost -s WAStar
Domain parsed
Problem parsed
Grounding..
Unsolvable Problem
/usr/bin/time -v timeout 600 java -Xmx64g -jar ./enhsp3.jar -o ./domain_with_failure.pddl -f ./problems/a20g6-d1/problem11.pddl -h blcost -s WAStar
Domain parsed
Problem parsed
Grounding..
Unsolvable Problem
/usr/bin/time -v timeout 600 java -Xmx64g -jar ./enhsp3.jar -o ./domain_with_failure.pddl -f ./problems/a20g6-d1/problem12.pddl -h blcost -s WAStar
Domain parsed
Problem parsed
Grounding..
Unsolvable Problem
/usr/bin/time -v timeout 600 java -Xmx64g -jar ./enhsp3.jar -o ./domain_with_failure.pddl -f ./problems/a20g6-d1/problem13.pddl -h blcost -s WAStar
Domain parsed
Problem parsed
Grounding..
Unsolvable Problem
/usr/bin/time -v timeout 600 java -Xmx64g -jar ./enhsp3.jar -o ./domain_with_failure.pddl -f ./problems/a20g6-d1/problem14.pddl -h blcost -s WAStar
Domain parsed
Problem parsed
Grounding..
Unsolvable Problem
/usr/bin/time -v timeout 600 java -Xmx64g -jar ./enhsp3.jar -o ./domain_with_failure.pddl -f ./problems/a20g6-d1/problem15.pddl -h blcost -s WAStar
Domain parsed
Problem parsed
Grounding..
Unsolvable Problem
/usr/bin/time -v timeout 600 java -Xmx64g -jar ./enhsp3.jar -o ./domain_with_failure.pddl -f ./problems/a20g6-d1/problem16.pddl -h blcost -s WAStar
Domain parsed
Problem parsed
Grounding..
Unsolvable Problem
/usr/bin/time -v timeout 600 java -Xmx64g -jar ./enhsp3.jar -o ./domain_with_failure.pddl -f ./problems/a20g6-d1/problem17.pddl -h blcost -s WAStar
Domain parsed
Problem parsed
Grounding..
Unsolvable Problem
/usr/bin/time -v timeout 600 java -Xmx64g -jar ./enhsp3.jar -o ./domain_with_failure.pddl -f ./problems/a20g6-d1/problem18.pddl -h blcost -s WAStar
Domain parsed
Problem parsed
Grounding..
Unsolvable Problem
/usr/bin/time -v timeout 600 java -Xmx64g -jar ./enhsp3.jar -o ./domain_with_failure.pddl -f ./problems/a20g6-d1/problem19.pddl -h blcost -s WAStar
Domain parsed
Problem parsed
Grounding..
Unsolvable Problem
/usr/bin/time -v timeout 600 java -Xmx64g -jar ./enhsp3.jar -o ./domain_with_failure.pddl -f ./problems/a20g6-d1/problem20.pddl -h blcost -s WAStar
Domain parsed
Problem parsed
Grounding..
Unsolvable Problem
/usr/bin/time -v timeout 600 java -Xmx64g -jar ./enhsp3.jar -o ./domain_with_failure.pddl -f ./problems/a20g6-d1/problem21.pddl -h blcost -s WAStar
Domain parsed
Problem parsed
Grounding..
Unsolvable Problem
/usr/bin/time -v timeout 600 java -Xmx64g -jar ./enhsp3.jar -o ./domain_with_failure.pddl -f ./problems/a20g6-d1/problem22.pddl -h blcost -s WAStar
Domain parsed
Problem parsed
Grounding..
Unsolvable Problem
/usr/bin/time -v timeout 600 java -Xmx64g -jar ./enhsp3.jar -o ./domain_with_failure.pddl -f ./problems/a20g6-d1/problem23.pddl -h blcost -s WAStar
Domain parsed
Problem parsed
Grounding..
Unsolvable Problem
/usr/bin/time -v timeout 600 java -Xmx64g -jar ./enhsp3.jar -o ./domain_with_failure.pddl -f ./problems/a20g6-d1/problem24.pddl -h blcost -s WAStar
Domain parsed
Problem parsed
Grounding..
Unsolvable Problem
/usr/bin/time -v timeout 600 java -Xmx64g -jar ./enhsp3.jar -o ./domain_with_failure.pddl -f ./problems/a20g6-d1/problem25.pddl -h blcost -s WAStar
Domain parsed
Problem parsed
Grounding..
Unsolvable Problem
/usr/bin/time -v timeout 600 java -Xmx64g -jar ./enhsp3.jar -o ./domain_with_failure.pddl -f ./problems/a20g6-d1/problem26.pddl -h blcost -s WAStar
Domain parsed
Problem parsed
Grounding..
Unsolvable Problem
/usr/bin/time -v timeout 600 java -Xmx64g -jar ./enhsp3.jar -o ./domain_with_failure.pddl -f ./problems/a20g6-d1/problem27.pddl -h blcost -s WAStar
Domain parsed
Problem parsed
Grounding..
Unsolvable Problem
/usr/bin/time -v timeout 600 java -Xmx64g -jar ./enhsp3.jar -o ./domain_with_failure.pddl -f ./problems/a20g6-d1/problem28.pddl -h blcost -s WAStar
Domain parsed
Problem parsed
Grounding..
Unsolvable Problem
/usr/bin/time -v timeout 600 java -Xmx64g -jar ./enhsp3.jar -o ./domain_with_failure.pddl -f ./problems/a20g6-d1/problem29.pddl -h blcost -s WAStar
Domain parsed
Problem parsed
Grounding..
Unsolvable Problem
/usr/bin/time -v timeout 600 java -Xmx64g -jar ./enhsp3.jar -o ./domain_with_failure.pddl -f ./problems/a20g6-d1/problem30.pddl -h blcost -s WAStar
Domain parsed
Problem parsed
Grounding..
Unsolvable Problem
/usr/bin/time -v timeout 600 java -Xmx64g -jar ./enhsp3.jar -o ./domain_with_failure.pddl -f ./problems/a20g6-d1/problem31.pddl -h blcost -s WAStar
Domain parsed
Problem parsed
Grounding..
Unsolvable Problem
/usr/bin/time -v timeout 600 java -Xmx64g -jar ./enhsp3.jar -o ./domain_with_failure.pddl -f ./problems/a20g6-d1/problem32.pddl -h blcost -s WAStar
Domain parsed
Problem parsed
Grounding..
Unsolvable Problem
/usr/bin/time -v timeout 600 java -Xmx64g -jar ./enhsp3.jar -o ./domain_with_failure.pddl -f ./problems/a20g6-d1/problem33.pddl -h blcost -s WAStar
Domain parsed
Problem parsed
Grounding..
Unsolvable Problem
/usr/bin/time -v timeout 600 java -Xmx64g -jar ./enhsp3.jar -o ./domain_with_failure.pddl -f ./problems/a20g6-d1/problem34.pddl -h blcost -s WAStar
Domain parsed
Problem parsed
Grounding..
Unsolvable Problem
/usr/bin/time -v timeout 600 java -Xmx64g -jar ./enhsp3.jar -o ./domain_with_failure.pddl -f ./problems/a20g6-d1/problem35.pddl -h blcost -s WAStar
Domain parsed
Problem parsed
Grounding..
Unsolvable Problem
/usr/bin/time -v timeout 600 java -Xmx64g -jar ./enhsp3.jar -o ./domain_with_failure.pddl -f ./problems/a20g6-d1/problem36.pddl -h blcost -s WAStar
Domain parsed
Problem parsed
Grounding..
Unsolvable Problem
/usr/bin/time -v timeout 600 java -Xmx64g -jar ./enhsp3.jar -o ./domain_with_failure.pddl -f ./problems/a20g6-d1/problem37.pddl -h blcost -s WAStar
Domain parsed
Problem parsed
Grounding..
Unsolvable Problem
/usr/bin/time -v timeout 600 java -Xmx64g -jar ./enhsp3.jar -o ./domain_with_failure.pddl -f ./problems/a20g6-d1/problem38.pddl -h blcost -s WAStar
Domain parsed
Problem parsed
Grounding..
Unsolvable Problem
/usr/bin/time -v timeout 600 java -Xmx64g -jar ./enhsp3.jar -o ./domain_with_failure.pddl -f ./problems/a20g6-d1/problem39.pddl -h blcost -s WAStar
Domain parsed
Problem parsed
Grounding..
Unsolvable Problem
/usr/bin/time -v timeout 600 java -Xmx64g -jar ./enhsp3.jar -o ./domain_with_failure.pddl -f ./problems/a20g6-d1/problem40.pddl -h blcost -s WAStar
Domain parsed
Problem parsed
Grounding..
Unsolvable Problem
/usr/bin/time -v timeout 600 java -Xmx64g -jar ./enhsp3.jar -o ./domain_with_failure.pddl -f ./problems/a20g6-d1/problem41.pddl -h blcost -s WAStar
Domain parsed
Problem parsed
Grounding..
Unsolvable Problem
/usr/bin/time -v timeout 600 java -Xmx64g -jar ./enhsp3.jar -o ./domain_with_failure.pddl -f ./problems/a20g6-d1/problem42.pddl -h blcost -s WAStar
Domain parsed
Problem parsed
Grounding..
Unsolvable Problem
/usr/bin/time -v timeout 600 java -Xmx64g -jar ./enhsp3.jar -o ./domain_with_failure.pddl -f ./problems/a20g6-d1/problem43.pddl -h blcost -s WAStar
Domain parsed
Problem parsed
Grounding..
Unsolvable Problem
/usr/bin/time -v timeout 600 java -Xmx64g -jar ./enhsp3.jar -o ./domain_with_failure.pddl -f ./problems/a20g6-d1/problem44.pddl -h blcost -s WAStar
Domain parsed
Problem parsed
Grounding..
Unsolvable Problem
/usr/bin/time -v timeout 600 java -Xmx64g -jar ./enhsp3.jar -o ./domain_with_failure.pddl -f ./problems/a20g6-d1/problem45.pddl -h blcost -s WAStar
Domain parsed
Problem parsed
Grounding..
Unsolvable Problem
/usr/bin/time -v timeout 600 java -Xmx64g -jar ./enhsp3.jar -o ./domain_with_failure.pddl -f ./problems/a20g6-d1/problem46.pddl -h blcost -s WAStar
Domain parsed
Problem parsed
Grounding..
Unsolvable Problem
/usr/bin/time -v timeout 600 java -Xmx64g -jar ./enhsp3.jar -o ./domain_with_failure.pddl -f ./problems/a20g6-d1/problem47.pddl -h blcost -s WAStar
Domain parsed
Problem parsed
Grounding..
Unsolvable Problem
/usr/bin/time -v timeout 600 java -Xmx64g -jar ./enhsp3.jar -o ./domain_with_failure.pddl -f ./problems/a20g6-d1/problem48.pddl -h blcost -s WAStar
Domain parsed
Problem parsed
Grounding..
Unsolvable Problem
/usr/bin/time -v timeout 600 java -Xmx64g -jar ./enhsp3.jar -o ./domain_with_failure.pddl -f ./problems/a20g6-d1/problem49.pddl -h blcost -s WAStar
Domain parsed
Problem parsed
Grounding..
Unsolvable Problem
/usr/bin/time -v timeout 600 java -Xmx64g -jar ./enhsp3.jar -o ./domain_with_failure.pddl -f ./problems/a20g6-d1/problem50.pddl -h blcost -s WAStar
Domain parsed
Problem parsed
Grounding..
Unsolvable Problem
/usr/bin/time -v timeout 600 java -Xmx64g -jar ./enhsp3.jar -o ./domain_with_failure.pddl -f ./problems/a20g6-d1/problem51.pddl -h blcost -s WAStar
Domain parsed
Problem parsed
Grounding..
Unsolvable Problem
/usr/bin/time -v timeout 600 java -Xmx64g -jar ./enhsp3.jar -o ./domain_with_failure.pddl -f ./problems/a20g6-d1/problem52.pddl -h blcost -s WAStar
Domain parsed
Problem parsed
Grounding..
Unsolvable Problem
/usr/bin/time -v timeout 600 java -Xmx64g -jar ./enhsp3.jar -o ./domain_with_failure.pddl -f ./problems/a20g6-d1/problem53.pddl -h blcost -s WAStar
Domain parsed
Problem parsed
Grounding..
Unsolvable Problem
/usr/bin/time -v timeout 600 java -Xmx64g -jar ./enhsp3.jar -o ./domain_with_failure.pddl -f ./problems/a20g6-d1/problem54.pddl -h blcost -s WAStar
Domain parsed
Problem parsed
Grounding..
Unsolvable Problem
/usr/bin/time -v timeout 600 java -Xmx64g -jar ./enhsp3.jar -o ./domain_with_failure.pddl -f ./problems/a20g6-d1/problem55.pddl -h blcost -s WAStar
Domain parsed
Problem parsed
Grounding..
Unsolvable Problem
/usr/bin/time -v timeout 600 java -Xmx64g -jar ./enhsp3.jar -o ./domain_with_failure.pddl -f ./problems/a20g6-d1/problem56.pddl -h blcost -s WAStar
Domain parsed
Problem parsed
Grounding..
Unsolvable Problem
/usr/bin/time -v timeout 600 java -Xmx64g -jar ./enhsp3.jar -o ./domain_with_failure.pddl -f ./problems/a20g6-d1/problem57.pddl -h blcost -s WAStar
Domain parsed
Problem parsed
Grounding..
Unsolvable Problem
/usr/bin/time -v timeout 600 java -Xmx64g -jar ./enhsp3.jar -o ./domain_with_failure.pddl -f ./problems/a20g6-d1/problem58.pddl -h blcost -s WAStar
Domain parsed
Problem parsed
Grounding..
Unsolvable Problem
/usr/bin/time -v timeout 600 java -Xmx64g -jar ./enhsp3.jar -o ./domain_with_failure.pddl -f ./problems/a20g6-d1/problem59.pddl -h blcost -s WAStar
Domain parsed
Problem parsed
Grounding..
Unsolvable Problem
/usr/bin/time -v timeout 600 java -Xmx64g -jar ./enhsp3.jar -o ./domain_with_failure.pddl -f ./problems/a20g6-d1/problem60.pddl -h blcost -s WAStar
Domain parsed
Problem parsed
Grounding..
Unsolvable Problem
/usr/bin/time -v timeout 600 java -Xmx64g -jar ./enhsp3.jar -o ./domain_with_failure.pddl -f ./problems/a20g6-d1/problem61.pddl -h blcost -s WAStar
Domain parsed
Problem parsed
Grounding..
Unsolvable Problem
/usr/bin/time -v timeout 600 java -Xmx64g -jar ./enhsp3.jar -o ./domain_with_failure.pddl -f ./problems/a20g6-d1/problem62.pddl -h blcost -s WAStar
Domain parsed
Problem parsed
Grounding..
Unsolvable Problem
/usr/bin/time -v timeout 600 java -Xmx64g -jar ./enhsp3.jar -o ./domain_with_failure.pddl -f ./problems/a20g6-d1/problem63.pddl -h blcost -s WAStar
Domain parsed
Problem parsed
Grounding..
Unsolvable Problem
/usr/bin/time -v timeout 600 java -Xmx64g -jar ./enhsp3.jar -o ./domain_with_failure.pddl -f ./problems/a20g6-d1/problem64.pddl -h blcost -s WAStar
Domain parsed
Problem parsed
Grounding..
Unsolvable Problem
/usr/bin/time -v timeout 600 java -Xmx64g -jar ./enhsp3.jar -o ./domain_with_failure.pddl -f ./problems/a20g6-d1/problem65.pddl -h blcost -s WAStar
Domain parsed
Problem parsed
Grounding..
Unsolvable Problem
/usr/bin/time -v timeout 600 java -Xmx64g -jar ./enhsp3.jar -o ./domain_with_failure.pddl -f ./problems/a20g6-d1/problem66.pddl -h blcost -s WAStar
Domain parsed
Problem parsed
Grounding..
Unsolvable Problem
/usr/bin/time -v timeout 600 java -Xmx64g -jar ./enhsp3.jar -o ./domain_with_failure.pddl -f ./problems/a20g6-d1/problem67.pddl -h blcost -s WAStar
Domain parsed
Problem parsed
Grounding..
Unsolvable Problem
/usr/bin/time -v timeout 600 java -Xmx64g -jar ./enhsp3.jar -o ./domain_with_failure.pddl -f ./problems/a20g6-d1/problem68.pddl -h blcost -s WAStar
Domain parsed
Problem parsed
Grounding..
Unsolvable Problem
/usr/bin/time -v timeout 600 java -Xmx64g -jar ./enhsp3.jar -o ./domain_with_failure.pddl -f ./problems/a20g6-d1/problem69.pddl -h blcost -s WAStar
Domain parsed
Problem parsed
Grounding..
Unsolvable Problem
/usr/bin/time -v timeout 600 java -Xmx64g -jar ./enhsp3.jar -o ./domain_with_failure.pddl -f ./problems/a20g6-d1/problem70.pddl -h blcost -s WAStar
Domain parsed
Problem parsed
Grounding..
Unsolvable Problem
/usr/bin/time -v timeout 600 java -Xmx64g -jar ./enhsp3.jar -o ./domain_with_failure.pddl -f ./problems/a20g6-d1/problem71.pddl -h blcost -s WAStar
Domain parsed
Problem parsed
Grounding..
Unsolvable Problem
/usr/bin/time -v timeout 600 java -Xmx64g -jar ./enhsp3.jar -o ./domain_with_failure.pddl -f ./problems/a20g6-d1/problem72.pddl -h blcost -s WAStar
Domain parsed
Problem parsed
Grounding..
Unsolvable Problem
/usr/bin/time -v timeout 600 java -Xmx64g -jar ./enhsp3.jar -o ./domain_with_failure.pddl -f ./problems/a20g6-d1/problem73.pddl -h blcost -s WAStar
Domain parsed
Problem parsed
Grounding..
Unsolvable Problem
/usr/bin/time -v timeout 600 java -Xmx64g -jar ./enhsp3.jar -o ./domain_with_failure.pddl -f ./problems/a20g6-d1/problem74.pddl -h blcost -s WAStar
Domain parsed
Problem parsed
Grounding..
Unsolvable Problem
/usr/bin/time -v timeout 600 java -Xmx64g -jar ./enhsp3.jar -o ./domain_with_failure.pddl -f ./problems/a20g6-d1/problem75.pddl -h blcost -s WAStar
Domain parsed
Problem parsed
Grounding..
Unsolvable Problem
/usr/bin/time -v timeout 600 java -Xmx64g -jar ./enhsp3.jar -o ./domain_with_failure.pddl -f ./problems/a20g6-d1/problem76.pddl -h blcost -s WAStar
Domain parsed
Problem parsed
Grounding..
Unsolvable Problem
/usr/bin/time -v timeout 600 java -Xmx64g -jar ./enhsp3.jar -o ./domain_with_failure.pddl -f ./problems/a20g6-d1/problem77.pddl -h blcost -s WAStar
Domain parsed
Problem parsed
Grounding..
Unsolvable Problem
/usr/bin/time -v timeout 600 java -Xmx64g -jar ./enhsp3.jar -o ./domain_with_failure.pddl -f ./problems/a20g6-d1/problem78.pddl -h blcost -s WAStar
Domain parsed
Problem parsed
Grounding..
Unsolvable Problem
/usr/bin/time -v timeout 600 java -Xmx64g -jar ./enhsp3.jar -o ./domain_with_failure.pddl -f ./problems/a20g6-d1/problem79.pddl -h blcost -s WAStar
Domain parsed
Problem parsed
Grounding..
Unsolvable Problem
/usr/bin/time -v timeout 600 java -Xmx64g -jar ./enhsp3.jar -o ./domain_with_failure.pddl -f ./problems/a20g6-d1/problem80.pddl -h blcost -s WAStar
Domain parsed
Problem parsed
Grounding..
Unsolvable Problem
/usr/bin/time -v timeout 600 java -Xmx64g -jar ./enhsp3.jar -o ./domain_with_failure.pddl -f ./problems/a20g6-d1/problem81.pddl -h blcost -s WAStar
Domain parsed
Problem parsed
Grounding..
Unsolvable Problem
/usr/bin/time -v timeout 600 java -Xmx64g -jar ./enhsp3.jar -o ./domain_with_failure.pddl -f ./problems/a20g6-d1/problem82.pddl -h blcost -s WAStar
Domain parsed
Problem parsed
Grounding..
Unsolvable Problem
/usr/bin/time -v timeout 600 java -Xmx64g -jar ./enhsp3.jar -o ./domain_with_failure.pddl -f ./problems/a20g6-d1/problem83.pddl -h blcost -s WAStar
Domain parsed
Problem parsed
Grounding..
Unsolvable Problem
/usr/bin/time -v timeout 600 java -Xmx64g -jar ./enhsp3.jar -o ./domain_with_failure.pddl -f ./problems/a20g6-d1/problem84.pddl -h blcost -s WAStar
Domain parsed
Problem parsed
Grounding..
Unsolvable Problem
/usr/bin/time -v timeout 600 java -Xmx64g -jar ./enhsp3.jar -o ./domain_with_failure.pddl -f ./problems/a20g6-d1/problem85.pddl -h blcost -s WAStar
Domain parsed
Problem parsed
Grounding..
Unsolvable Problem
/usr/bin/time -v timeout 600 java -Xmx64g -jar ./enhsp3.jar -o ./domain_with_failure.pddl -f ./problems/a20g6-d1/problem86.pddl -h blcost -s WAStar
Domain parsed
Problem parsed
Grounding..
Unsolvable Problem
/usr/bin/time -v timeout 600 java -Xmx64g -jar ./enhsp3.jar -o ./domain_with_failure.pddl -f ./problems/a20g6-d1/problem87.pddl -h blcost -s WAStar
Domain parsed
Problem parsed
Grounding..
Unsolvable Problem
/usr/bin/time -v timeout 600 java -Xmx64g -jar ./enhsp3.jar -o ./domain_with_failure.pddl -f ./problems/a20g6-d1/problem88.pddl -h blcost -s WAStar
Domain parsed
Problem parsed
Grounding..
Unsolvable Problem
/usr/bin/time -v timeout 600 java -Xmx64g -jar ./enhsp3.jar -o ./domain_with_failure.pddl -f ./problems/a20g6-d1/problem89.pddl -h blcost -s WAStar
Domain parsed
Problem parsed
Grounding..
Unsolvable Problem
/usr/bin/time -v timeout 600 java -Xmx64g -jar ./enhsp3.jar -o ./domain_with_failure.pddl -f ./problems/a20g6-d1/problem90.pddl -h blcost -s WAStar
Domain parsed
Problem parsed
Grounding..
Unsolvable Problem
/usr/bin/time -v timeout 600 java -Xmx64g -jar ./enhsp3.jar -o ./domain_with_failure.pddl -f ./problems/a20g6-d1/problem91.pddl -h blcost -s WAStar
Domain parsed
Problem parsed
Grounding..
Unsolvable Problem
/usr/bin/time -v timeout 600 java -Xmx64g -jar ./enhsp3.jar -o ./domain_with_failure.pddl -f ./problems/a20g6-d1/problem92.pddl -h blcost -s WAStar
Domain parsed
Problem parsed
Grounding..
Unsolvable Problem
/usr/bin/time -v timeout 600 java -Xmx64g -jar ./enhsp3.jar -o ./domain_with_failure.pddl -f ./problems/a20g6-d1/problem93.pddl -h blcost -s WAStar
Domain parsed
Problem parsed
Grounding..
Unsolvable Problem
/usr/bin/time -v timeout 600 java -Xmx64g -jar ./enhsp3.jar -o ./domain_with_failure.pddl -f ./problems/a20g6-d1/problem94.pddl -h blcost -s WAStar
Domain parsed
Problem parsed
Grounding..
Unsolvable Problem
/usr/bin/time -v timeout 600 java -Xmx64g -jar ./enhsp3.jar -o ./domain_with_failure.pddl -f ./problems/a20g6-d1/problem95.pddl -h blcost -s WAStar
Domain parsed
Problem parsed
Grounding..
Unsolvable Problem
/usr/bin/time -v timeout 600 java -Xmx64g -jar ./enhsp3.jar -o ./domain_with_failure.pddl -f ./problems/a20g6-d1/problem96.pddl -h blcost -s WAStar
Domain parsed
Problem parsed
Grounding..
Unsolvable Problem
/usr/bin/time -v timeout 600 java -Xmx64g -jar ./enhsp3.jar -o ./domain_with_failure.pddl -f ./problems/a20g6-d1/problem97.pddl -h blcost -s WAStar
Domain parsed
Problem parsed
Grounding..
Unsolvable Problem
/usr/bin/time -v timeout 600 java -Xmx64g -jar ./enhsp3.jar -o ./domain_with_failure.pddl -f ./problems/a20g6-d1/problem98.pddl -h blcost -s WAStar
Domain parsed
Problem parsed
Grounding..
Unsolvable Problem
/usr/bin/time -v timeout 600 java -Xmx64g -jar ./enhsp3.jar -o ./domain_with_failure.pddl -f ./problems/a20g6-d1/problem99.pddl -h blcost -s WAStar
Domain parsed
Problem parsed
Grounding..
Unsolvable Problem
/usr/bin/time -v timeout 600 java -Xmx64g -jar ./enhsp3.jar -o ./domain_with_failure.pddl -f ./problems/a20g6-d1/problem100.pddl -h blcost -s WAStar
Domain parsed
Problem parsed
Grounding..
Unsolvable Problem
