Loading openjdk/17.0.8.1_1
  Loading requirement: glibc/2.35-aocc-3.2.0-wetwhfr
    gcc-runtime/12.1.0-gcc-12.1.0-uotjsm3 glibc/2.35-aocc-3.2.0-dkzxmta
	Command being timed: "timeout 600 java -Xmx64g -jar ./enhsp3.jar -o ./domain_with_failure.pddl -f ./problems/a42g11XOR-change-5-d7/problem1.pddl -h blcost -s WAStar -dap"
	User time (seconds): 25.59
	System time (seconds): 1.20
	Percent of CPU this job got: 99%
	Elapsed (wall clock) time (h:mm:ss or m:ss): 0:26.83
	Average shared text size (kbytes): 0
	Average unshared data size (kbytes): 0
	Average stack size (kbytes): 0
	Average total size (kbytes): 0
	Maximum resident set size (kbytes): 3239032
	Average resident set size (kbytes): 0
	Major (requiring I/O) page faults: 23
	Minor (reclaiming a frame) page faults: 1558099
	Voluntary context switches: 5499
	Involuntary context switches: 4270
	Swaps: 0
	File system inputs: 8192
	File system outputs: 192
	Socket messages sent: 0
	Socket messages received: 0
	Signals delivered: 0
	Page size (bytes): 4096
	Exit status: 0
	Command being timed: "timeout 600 java -Xmx64g -jar ./enhsp3.jar -o ./domain_with_failure.pddl -f ./problems/a42g11XOR-change-5-d7/problem2.pddl -h blcost -s WAStar -dap"
	User time (seconds): 25.17
	System time (seconds): 1.21
	Percent of CPU this job got: 99%
	Elapsed (wall clock) time (h:mm:ss or m:ss): 0:26.42
	Average shared text size (kbytes): 0
	Average unshared data size (kbytes): 0
	Average stack size (kbytes): 0
	Average total size (kbytes): 0
	Maximum resident set size (kbytes): 3208116
	Average resident set size (kbytes): 0
	Major (requiring I/O) page faults: 23
	Minor (reclaiming a frame) page faults: 1552775
	Voluntary context switches: 5139
	Involuntary context switches: 4198
	Swaps: 0
	File system inputs: 0
	File system outputs: 200
	Socket messages sent: 0
	Socket messages received: 0
	Signals delivered: 0
	Page size (bytes): 4096
	Exit status: 0
	Command being timed: "timeout 600 java -Xmx64g -jar ./enhsp3.jar -o ./domain_with_failure.pddl -f ./problems/a42g11XOR-change-5-d7/problem3.pddl -h blcost -s WAStar -dap"
	User time (seconds): 25.09
	System time (seconds): 1.36
	Percent of CPU this job got: 99%
	Elapsed (wall clock) time (h:mm:ss or m:ss): 0:26.48
	Average shared text size (kbytes): 0
	Average unshared data size (kbytes): 0
	Average stack size (kbytes): 0
	Average total size (kbytes): 0
	Maximum resident set size (kbytes): 3204208
	Average resident set size (kbytes): 0
	Major (requiring I/O) page faults: 23
	Minor (reclaiming a frame) page faults: 1553326
	Voluntary context switches: 5195
	Involuntary context switches: 4297
	Swaps: 0
	File system inputs: 0
	File system outputs: 192
	Socket messages sent: 0
	Socket messages received: 0
	Signals delivered: 0
	Page size (bytes): 4096
	Exit status: 0
	Command being timed: "timeout 600 java -Xmx64g -jar ./enhsp3.jar -o ./domain_with_failure.pddl -f ./problems/a42g11XOR-change-5-d7/problem4.pddl -h blcost -s WAStar -dap"
	User time (seconds): 25.57
	System time (seconds): 1.23
	Percent of CPU this job got: 99%
	Elapsed (wall clock) time (h:mm:ss or m:ss): 0:26.84
	Average shared text size (kbytes): 0
	Average unshared data size (kbytes): 0
	Average stack size (kbytes): 0
	Average total size (kbytes): 0
	Maximum resident set size (kbytes): 3237132
	Average resident set size (kbytes): 0
	Major (requiring I/O) page faults: 23
	Minor (reclaiming a frame) page faults: 1470477
	Voluntary context switches: 5333
	Involuntary context switches: 4162
	Swaps: 0
	File system inputs: 0
	File system outputs: 208
	Socket messages sent: 0
	Socket messages received: 0
	Signals delivered: 0
	Page size (bytes): 4096
	Exit status: 0
	Command being timed: "timeout 600 java -Xmx64g -jar ./enhsp3.jar -o ./domain_with_failure.pddl -f ./problems/a42g11XOR-change-5-d7/problem5.pddl -h blcost -s WAStar -dap"
	User time (seconds): 23.30
	System time (seconds): 1.15
	Percent of CPU this job got: 99%
	Elapsed (wall clock) time (h:mm:ss or m:ss): 0:24.48
	Average shared text size (kbytes): 0
	Average unshared data size (kbytes): 0
	Average stack size (kbytes): 0
	Average total size (kbytes): 0
	Maximum resident set size (kbytes): 3104732
	Average resident set size (kbytes): 0
	Major (requiring I/O) page faults: 23
	Minor (reclaiming a frame) page faults: 1434512
	Voluntary context switches: 4978
	Involuntary context switches: 3987
	Swaps: 0
	File system inputs: 0
	File system outputs: 200
	Socket messages sent: 0
	Socket messages received: 0
	Signals delivered: 0
	Page size (bytes): 4096
	Exit status: 0
	Command being timed: "timeout 600 java -Xmx64g -jar ./enhsp3.jar -o ./domain_with_failure.pddl -f ./problems/a42g11XOR-change-5-d7/problem6.pddl -h blcost -s WAStar -dap"
	User time (seconds): 23.14
	System time (seconds): 1.23
	Percent of CPU this job got: 99%
	Elapsed (wall clock) time (h:mm:ss or m:ss): 0:24.40
	Average shared text size (kbytes): 0
	Average unshared data size (kbytes): 0
	Average stack size (kbytes): 0
	Average total size (kbytes): 0
	Maximum resident set size (kbytes): 3105492
	Average resident set size (kbytes): 0
	Major (requiring I/O) page faults: 23
	Minor (reclaiming a frame) page faults: 1365118
	Voluntary context switches: 4952
	Involuntary context switches: 4034
	Swaps: 0
	File system inputs: 0
	File system outputs: 208
	Socket messages sent: 0
	Socket messages received: 0
	Signals delivered: 0
	Page size (bytes): 4096
	Exit status: 0
	Command being timed: "timeout 600 java -Xmx64g -jar ./enhsp3.jar -o ./domain_with_failure.pddl -f ./problems/a42g11XOR-change-5-d7/problem7.pddl -h blcost -s WAStar -dap"
	User time (seconds): 26.58
	System time (seconds): 1.47
	Percent of CPU this job got: 99%
	Elapsed (wall clock) time (h:mm:ss or m:ss): 0:28.09
	Average shared text size (kbytes): 0
	Average unshared data size (kbytes): 0
	Average stack size (kbytes): 0
	Average total size (kbytes): 0
	Maximum resident set size (kbytes): 3817180
	Average resident set size (kbytes): 0
	Major (requiring I/O) page faults: 23
	Minor (reclaiming a frame) page faults: 1662042
	Voluntary context switches: 4876
	Involuntary context switches: 4085
	Swaps: 0
	File system inputs: 0
	File system outputs: 200
	Socket messages sent: 0
	Socket messages received: 0
	Signals delivered: 0
	Page size (bytes): 4096
	Exit status: 0
	Command being timed: "timeout 600 java -Xmx64g -jar ./enhsp3.jar -o ./domain_with_failure.pddl -f ./problems/a42g11XOR-change-5-d7/problem8.pddl -h blcost -s WAStar -dap"
	User time (seconds): 25.73
	System time (seconds): 1.21
	Percent of CPU this job got: 99%
	Elapsed (wall clock) time (h:mm:ss or m:ss): 0:26.97
	Average shared text size (kbytes): 0
	Average unshared data size (kbytes): 0
	Average stack size (kbytes): 0
	Average total size (kbytes): 0
	Maximum resident set size (kbytes): 3237684
	Average resident set size (kbytes): 0
	Major (requiring I/O) page faults: 26
	Minor (reclaiming a frame) page faults: 1346060
	Voluntary context switches: 5028
	Involuntary context switches: 4113
	Swaps: 0
	File system inputs: 0
	File system outputs: 224
	Socket messages sent: 0
	Socket messages received: 0
	Signals delivered: 0
	Page size (bytes): 4096
	Exit status: 0
	Command being timed: "timeout 600 java -Xmx64g -jar ./enhsp3.jar -o ./domain_with_failure.pddl -f ./problems/a42g11XOR-change-5-d7/problem9.pddl -h blcost -s WAStar -dap"
	User time (seconds): 23.17
	System time (seconds): 1.33
	Percent of CPU this job got: 99%
	Elapsed (wall clock) time (h:mm:ss or m:ss): 0:24.54
	Average shared text size (kbytes): 0
	Average unshared data size (kbytes): 0
	Average stack size (kbytes): 0
	Average total size (kbytes): 0
	Maximum resident set size (kbytes): 3107672
	Average resident set size (kbytes): 0
	Major (requiring I/O) page faults: 20
	Minor (reclaiming a frame) page faults: 1427398
	Voluntary context switches: 5139
	Involuntary context switches: 3951
	Swaps: 0
	File system inputs: 0
	File system outputs: 160
	Socket messages sent: 0
	Socket messages received: 0
	Signals delivered: 0
	Page size (bytes): 4096
	Exit status: 0
	Command being timed: "timeout 600 java -Xmx64g -jar ./enhsp3.jar -o ./domain_with_failure.pddl -f ./problems/a42g11XOR-change-5-d7/problem10.pddl -h blcost -s WAStar -dap"
	User time (seconds): 26.25
	System time (seconds): 1.25
	Percent of CPU this job got: 99%
	Elapsed (wall clock) time (h:mm:ss or m:ss): 0:27.55
	Average shared text size (kbytes): 0
	Average unshared data size (kbytes): 0
	Average stack size (kbytes): 0
	Average total size (kbytes): 0
	Maximum resident set size (kbytes): 3258700
	Average resident set size (kbytes): 0
	Major (requiring I/O) page faults: 26
	Minor (reclaiming a frame) page faults: 1477111
	Voluntary context switches: 4844
	Involuntary context switches: 4091
	Swaps: 0
	File system inputs: 0
	File system outputs: 224
	Socket messages sent: 0
	Socket messages received: 0
	Signals delivered: 0
	Page size (bytes): 4096
	Exit status: 0
	Command being timed: "timeout 600 java -Xmx64g -jar ./enhsp3.jar -o ./domain_with_failure.pddl -f ./problems/a42g11XOR-change-5-d7/problem11.pddl -h blcost -s WAStar -dap"
	User time (seconds): 25.93
	System time (seconds): 1.30
	Percent of CPU this job got: 99%
	Elapsed (wall clock) time (h:mm:ss or m:ss): 0:27.29
	Average shared text size (kbytes): 0
	Average unshared data size (kbytes): 0
	Average stack size (kbytes): 0
	Average total size (kbytes): 0
	Maximum resident set size (kbytes): 3261868
	Average resident set size (kbytes): 0
	Major (requiring I/O) page faults: 23
	Minor (reclaiming a frame) page faults: 1478746
	Voluntary context switches: 4792
	Involuntary context switches: 4071
	Swaps: 0
	File system inputs: 0
	File system outputs: 192
	Socket messages sent: 0
	Socket messages received: 0
	Signals delivered: 0
	Page size (bytes): 4096
	Exit status: 0
	Command being timed: "timeout 600 java -Xmx64g -jar ./enhsp3.jar -o ./domain_with_failure.pddl -f ./problems/a42g11XOR-change-5-d7/problem12.pddl -h blcost -s WAStar -dap"
	User time (seconds): 23.45
	System time (seconds): 1.22
	Percent of CPU this job got: 99%
	Elapsed (wall clock) time (h:mm:ss or m:ss): 0:24.73
	Average shared text size (kbytes): 0
	Average unshared data size (kbytes): 0
	Average stack size (kbytes): 0
	Average total size (kbytes): 0
	Maximum resident set size (kbytes): 3112996
	Average resident set size (kbytes): 0
	Major (requiring I/O) page faults: 26
	Minor (reclaiming a frame) page faults: 1437925
	Voluntary context switches: 4960
	Involuntary context switches: 4461
	Swaps: 0
	File system inputs: 0
	File system outputs: 184
	Socket messages sent: 0
	Socket messages received: 0
	Signals delivered: 0
	Page size (bytes): 4096
	Exit status: 0
	Command being timed: "timeout 600 java -Xmx64g -jar ./enhsp3.jar -o ./domain_with_failure.pddl -f ./problems/a42g11XOR-change-5-d7/problem13.pddl -h blcost -s WAStar -dap"
	User time (seconds): 23.49
	System time (seconds): 1.14
	Percent of CPU this job got: 99%
	Elapsed (wall clock) time (h:mm:ss or m:ss): 0:24.68
	Average shared text size (kbytes): 0
	Average unshared data size (kbytes): 0
	Average stack size (kbytes): 0
	Average total size (kbytes): 0
	Maximum resident set size (kbytes): 3104056
	Average resident set size (kbytes): 0
	Major (requiring I/O) page faults: 23
	Minor (reclaiming a frame) page faults: 1427517
	Voluntary context switches: 4831
	Involuntary context switches: 4263
	Swaps: 0
	File system inputs: 0
	File system outputs: 200
	Socket messages sent: 0
	Socket messages received: 0
	Signals delivered: 0
	Page size (bytes): 4096
	Exit status: 0
	Command being timed: "timeout 600 java -Xmx64g -jar ./enhsp3.jar -o ./domain_with_failure.pddl -f ./problems/a42g11XOR-change-5-d7/problem14.pddl -h blcost -s WAStar -dap"
	User time (seconds): 23.81
	System time (seconds): 1.13
	Percent of CPU this job got: 99%
	Elapsed (wall clock) time (h:mm:ss or m:ss): 0:24.98
	Average shared text size (kbytes): 0
	Average unshared data size (kbytes): 0
	Average stack size (kbytes): 0
	Average total size (kbytes): 0
	Maximum resident set size (kbytes): 3107176
	Average resident set size (kbytes): 0
	Major (requiring I/O) page faults: 23
	Minor (reclaiming a frame) page faults: 1313811
	Voluntary context switches: 4750
	Involuntary context switches: 3965
	Swaps: 0
	File system inputs: 0
	File system outputs: 200
	Socket messages sent: 0
	Socket messages received: 0
	Signals delivered: 0
	Page size (bytes): 4096
	Exit status: 0
	Command being timed: "timeout 600 java -Xmx64g -jar ./enhsp3.jar -o ./domain_with_failure.pddl -f ./problems/a42g11XOR-change-5-d7/problem15.pddl -h blcost -s WAStar -dap"
	User time (seconds): 23.53
	System time (seconds): 1.29
	Percent of CPU this job got: 99%
	Elapsed (wall clock) time (h:mm:ss or m:ss): 0:24.86
	Average shared text size (kbytes): 0
	Average unshared data size (kbytes): 0
	Average stack size (kbytes): 0
	Average total size (kbytes): 0
	Maximum resident set size (kbytes): 3106592
	Average resident set size (kbytes): 0
	Major (requiring I/O) page faults: 20
	Minor (reclaiming a frame) page faults: 1428149
	Voluntary context switches: 5025
	Involuntary context switches: 4103
	Swaps: 0
	File system inputs: 0
	File system outputs: 176
	Socket messages sent: 0
	Socket messages received: 0
	Signals delivered: 0
	Page size (bytes): 4096
	Exit status: 0
	Command being timed: "timeout 600 java -Xmx64g -jar ./enhsp3.jar -o ./domain_with_failure.pddl -f ./problems/a42g11XOR-change-5-d7/problem16.pddl -h blcost -s WAStar -dap"
	User time (seconds): 28.41
	System time (seconds): 1.38
	Percent of CPU this job got: 99%
	Elapsed (wall clock) time (h:mm:ss or m:ss): 0:29.83
	Average shared text size (kbytes): 0
	Average unshared data size (kbytes): 0
	Average stack size (kbytes): 0
	Average total size (kbytes): 0
	Maximum resident set size (kbytes): 3725224
	Average resident set size (kbytes): 0
	Major (requiring I/O) page faults: 23
	Minor (reclaiming a frame) page faults: 1562688
	Voluntary context switches: 5380
	Involuntary context switches: 4449
	Swaps: 0
	File system inputs: 0
	File system outputs: 200
	Socket messages sent: 0
	Socket messages received: 0
	Signals delivered: 0
	Page size (bytes): 4096
	Exit status: 0
	Command being timed: "timeout 600 java -Xmx64g -jar ./enhsp3.jar -o ./domain_with_failure.pddl -f ./problems/a42g11XOR-change-5-d7/problem17.pddl -h blcost -s WAStar -dap"
	User time (seconds): 23.61
	System time (seconds): 1.15
	Percent of CPU this job got: 99%
	Elapsed (wall clock) time (h:mm:ss or m:ss): 0:24.81
	Average shared text size (kbytes): 0
	Average unshared data size (kbytes): 0
	Average stack size (kbytes): 0
	Average total size (kbytes): 0
	Maximum resident set size (kbytes): 3108640
	Average resident set size (kbytes): 0
	Major (requiring I/O) page faults: 23
	Minor (reclaiming a frame) page faults: 1437012
	Voluntary context switches: 4769
	Involuntary context switches: 4116
	Swaps: 0
	File system inputs: 0
	File system outputs: 192
	Socket messages sent: 0
	Socket messages received: 0
	Signals delivered: 0
	Page size (bytes): 4096
	Exit status: 0
	Command being timed: "timeout 600 java -Xmx64g -jar ./enhsp3.jar -o ./domain_with_failure.pddl -f ./problems/a42g11XOR-change-5-d7/problem18.pddl -h blcost -s WAStar -dap"
	User time (seconds): 26.46
	System time (seconds): 1.42
	Percent of CPU this job got: 99%
	Elapsed (wall clock) time (h:mm:ss or m:ss): 0:27.93
	Average shared text size (kbytes): 0
	Average unshared data size (kbytes): 0
	Average stack size (kbytes): 0
	Average total size (kbytes): 0
	Maximum resident set size (kbytes): 3259936
	Average resident set size (kbytes): 0
	Major (requiring I/O) page faults: 26
	Minor (reclaiming a frame) page faults: 1606740
	Voluntary context switches: 4942
	Involuntary context switches: 4439
	Swaps: 0
	File system inputs: 0
	File system outputs: 216
	Socket messages sent: 0
	Socket messages received: 0
	Signals delivered: 0
	Page size (bytes): 4096
	Exit status: 0
	Command being timed: "timeout 600 java -Xmx64g -jar ./enhsp3.jar -o ./domain_with_failure.pddl -f ./problems/a42g11XOR-change-5-d7/problem19.pddl -h blcost -s WAStar -dap"
	User time (seconds): 24.84
	System time (seconds): 1.31
	Percent of CPU this job got: 99%
	Elapsed (wall clock) time (h:mm:ss or m:ss): 0:26.19
	Average shared text size (kbytes): 0
	Average unshared data size (kbytes): 0
	Average stack size (kbytes): 0
	Average total size (kbytes): 0
	Maximum resident set size (kbytes): 3207236
	Average resident set size (kbytes): 0
	Major (requiring I/O) page faults: 23
	Minor (reclaiming a frame) page faults: 1556147
	Voluntary context switches: 5270
	Involuntary context switches: 4103
	Swaps: 0
	File system inputs: 0
	File system outputs: 192
	Socket messages sent: 0
	Socket messages received: 0
	Signals delivered: 0
	Page size (bytes): 4096
	Exit status: 0
	Command being timed: "timeout 600 java -Xmx64g -jar ./enhsp3.jar -o ./domain_with_failure.pddl -f ./problems/a42g11XOR-change-5-d7/problem20.pddl -h blcost -s WAStar -dap"
	User time (seconds): 23.19
	System time (seconds): 1.20
	Percent of CPU this job got: 99%
	Elapsed (wall clock) time (h:mm:ss or m:ss): 0:24.42
	Average shared text size (kbytes): 0
	Average unshared data size (kbytes): 0
	Average stack size (kbytes): 0
	Average total size (kbytes): 0
	Maximum resident set size (kbytes): 3103732
	Average resident set size (kbytes): 0
	Major (requiring I/O) page faults: 23
	Minor (reclaiming a frame) page faults: 1426368
	Voluntary context switches: 4964
	Involuntary context switches: 3846
	Swaps: 0
	File system inputs: 0
	File system outputs: 184
	Socket messages sent: 0
	Socket messages received: 0
	Signals delivered: 0
	Page size (bytes): 4096
	Exit status: 0
	Command being timed: "timeout 600 java -Xmx64g -jar ./enhsp3.jar -o ./domain_with_failure.pddl -f ./problems/a42g11XOR-change-5-d7/problem21.pddl -h blcost -s WAStar -dap"
	User time (seconds): 26.91
	System time (seconds): 1.38
	Percent of CPU this job got: 99%
	Elapsed (wall clock) time (h:mm:ss or m:ss): 0:28.33
	Average shared text size (kbytes): 0
	Average unshared data size (kbytes): 0
	Average stack size (kbytes): 0
	Average total size (kbytes): 0
	Maximum resident set size (kbytes): 3834052
	Average resident set size (kbytes): 0
	Major (requiring I/O) page faults: 23
	Minor (reclaiming a frame) page faults: 1641184
	Voluntary context switches: 4874
	Involuntary context switches: 4246
	Swaps: 0
	File system inputs: 0
	File system outputs: 200
	Socket messages sent: 0
	Socket messages received: 0
	Signals delivered: 0
	Page size (bytes): 4096
	Exit status: 0
	Command being timed: "timeout 600 java -Xmx64g -jar ./enhsp3.jar -o ./domain_with_failure.pddl -f ./problems/a42g11XOR-change-5-d7/problem22.pddl -h blcost -s WAStar -dap"
	User time (seconds): 23.57
	System time (seconds): 1.30
	Percent of CPU this job got: 99%
	Elapsed (wall clock) time (h:mm:ss or m:ss): 0:24.90
	Average shared text size (kbytes): 0
	Average unshared data size (kbytes): 0
	Average stack size (kbytes): 0
	Average total size (kbytes): 0
	Maximum resident set size (kbytes): 3107912
	Average resident set size (kbytes): 0
	Major (requiring I/O) page faults: 23
	Minor (reclaiming a frame) page faults: 1432634
	Voluntary context switches: 4724
	Involuntary context switches: 4080
	Swaps: 0
	File system inputs: 0
	File system outputs: 192
	Socket messages sent: 0
	Socket messages received: 0
	Signals delivered: 0
	Page size (bytes): 4096
	Exit status: 0
	Command being timed: "timeout 600 java -Xmx64g -jar ./enhsp3.jar -o ./domain_with_failure.pddl -f ./problems/a42g11XOR-change-5-d7/problem23.pddl -h blcost -s WAStar -dap"
	User time (seconds): 25.97
	System time (seconds): 1.35
	Percent of CPU this job got: 99%
	Elapsed (wall clock) time (h:mm:ss or m:ss): 0:27.35
	Average shared text size (kbytes): 0
	Average unshared data size (kbytes): 0
	Average stack size (kbytes): 0
	Average total size (kbytes): 0
	Maximum resident set size (kbytes): 3257476
	Average resident set size (kbytes): 0
	Major (requiring I/O) page faults: 23
	Minor (reclaiming a frame) page faults: 1477152
	Voluntary context switches: 4913
	Involuntary context switches: 4243
	Swaps: 0
	File system inputs: 0
	File system outputs: 200
	Socket messages sent: 0
	Socket messages received: 0
	Signals delivered: 0
	Page size (bytes): 4096
	Exit status: 0
	Command being timed: "timeout 600 java -Xmx64g -jar ./enhsp3.jar -o ./domain_with_failure.pddl -f ./problems/a42g11XOR-change-5-d7/problem24.pddl -h blcost -s WAStar -dap"
	User time (seconds): 23.33
	System time (seconds): 1.05
	Percent of CPU this job got: 99%
	Elapsed (wall clock) time (h:mm:ss or m:ss): 0:24.41
	Average shared text size (kbytes): 0
	Average unshared data size (kbytes): 0
	Average stack size (kbytes): 0
	Average total size (kbytes): 0
	Maximum resident set size (kbytes): 3105436
	Average resident set size (kbytes): 0
	Major (requiring I/O) page faults: 23
	Minor (reclaiming a frame) page faults: 1307414
	Voluntary context switches: 4858
	Involuntary context switches: 3878
	Swaps: 0
	File system inputs: 0
	File system outputs: 200
	Socket messages sent: 0
	Socket messages received: 0
	Signals delivered: 0
	Page size (bytes): 4096
	Exit status: 0
	Command being timed: "timeout 600 java -Xmx64g -jar ./enhsp3.jar -o ./domain_with_failure.pddl -f ./problems/a42g11XOR-change-5-d7/problem25.pddl -h blcost -s WAStar -dap"
	User time (seconds): 23.18
	System time (seconds): 1.21
	Percent of CPU this job got: 99%
	Elapsed (wall clock) time (h:mm:ss or m:ss): 0:24.43
	Average shared text size (kbytes): 0
	Average unshared data size (kbytes): 0
	Average stack size (kbytes): 0
	Average total size (kbytes): 0
	Maximum resident set size (kbytes): 3104844
	Average resident set size (kbytes): 0
	Major (requiring I/O) page faults: 23
	Minor (reclaiming a frame) page faults: 1425972
	Voluntary context switches: 5025
	Involuntary context switches: 3980
	Swaps: 0
	File system inputs: 0
	File system outputs: 200
	Socket messages sent: 0
	Socket messages received: 0
	Signals delivered: 0
	Page size (bytes): 4096
	Exit status: 0
	Command being timed: "timeout 600 java -Xmx64g -jar ./enhsp3.jar -o ./domain_with_failure.pddl -f ./problems/a42g11XOR-change-5-d7/problem26.pddl -h blcost -s WAStar -dap"
	User time (seconds): 23.26
	System time (seconds): 1.28
	Percent of CPU this job got: 99%
	Elapsed (wall clock) time (h:mm:ss or m:ss): 0:24.58
	Average shared text size (kbytes): 0
	Average unshared data size (kbytes): 0
	Average stack size (kbytes): 0
	Average total size (kbytes): 0
	Maximum resident set size (kbytes): 3106060
	Average resident set size (kbytes): 0
	Major (requiring I/O) page faults: 23
	Minor (reclaiming a frame) page faults: 1427504
	Voluntary context switches: 4935
	Involuntary context switches: 4096
	Swaps: 0
	File system inputs: 0
	File system outputs: 200
	Socket messages sent: 0
	Socket messages received: 0
	Signals delivered: 0
	Page size (bytes): 4096
	Exit status: 0
	Command being timed: "timeout 600 java -Xmx64g -jar ./enhsp3.jar -o ./domain_with_failure.pddl -f ./problems/a42g11XOR-change-5-d7/problem27.pddl -h blcost -s WAStar -dap"
	User time (seconds): 23.55
	System time (seconds): 1.22
	Percent of CPU this job got: 99%
	Elapsed (wall clock) time (h:mm:ss or m:ss): 0:24.81
	Average shared text size (kbytes): 0
	Average unshared data size (kbytes): 0
	Average stack size (kbytes): 0
	Average total size (kbytes): 0
	Maximum resident set size (kbytes): 3107112
	Average resident set size (kbytes): 0
	Major (requiring I/O) page faults: 20
	Minor (reclaiming a frame) page faults: 1310520
	Voluntary context switches: 4859
	Involuntary context switches: 4175
	Swaps: 0
	File system inputs: 0
	File system outputs: 184
	Socket messages sent: 0
	Socket messages received: 0
	Signals delivered: 0
	Page size (bytes): 4096
	Exit status: 0
	Command being timed: "timeout 600 java -Xmx64g -jar ./enhsp3.jar -o ./domain_with_failure.pddl -f ./problems/a42g11XOR-change-5-d7/problem28.pddl -h blcost -s WAStar -dap"
	User time (seconds): 25.56
	System time (seconds): 1.35
	Percent of CPU this job got: 99%
	Elapsed (wall clock) time (h:mm:ss or m:ss): 0:26.96
	Average shared text size (kbytes): 0
	Average unshared data size (kbytes): 0
	Average stack size (kbytes): 0
	Average total size (kbytes): 0
	Maximum resident set size (kbytes): 3232368
	Average resident set size (kbytes): 0
	Major (requiring I/O) page faults: 26
	Minor (reclaiming a frame) page faults: 1596358
	Voluntary context switches: 4814
	Involuntary context switches: 4237
	Swaps: 0
	File system inputs: 0
	File system outputs: 224
	Socket messages sent: 0
	Socket messages received: 0
	Signals delivered: 0
	Page size (bytes): 4096
	Exit status: 0
	Command being timed: "timeout 600 java -Xmx64g -jar ./enhsp3.jar -o ./domain_with_failure.pddl -f ./problems/a42g11XOR-change-5-d7/problem29.pddl -h blcost -s WAStar -dap"
	User time (seconds): 23.26
	System time (seconds): 1.23
	Percent of CPU this job got: 99%
	Elapsed (wall clock) time (h:mm:ss or m:ss): 0:24.54
	Average shared text size (kbytes): 0
	Average unshared data size (kbytes): 0
	Average stack size (kbytes): 0
	Average total size (kbytes): 0
	Maximum resident set size (kbytes): 3106488
	Average resident set size (kbytes): 0
	Major (requiring I/O) page faults: 23
	Minor (reclaiming a frame) page faults: 1431321
	Voluntary context switches: 5086
	Involuntary context switches: 4068
	Swaps: 0
	File system inputs: 0
	File system outputs: 200
	Socket messages sent: 0
	Socket messages received: 0
	Signals delivered: 0
	Page size (bytes): 4096
	Exit status: 0
	Command being timed: "timeout 600 java -Xmx64g -jar ./enhsp3.jar -o ./domain_with_failure.pddl -f ./problems/a42g11XOR-change-5-d7/problem30.pddl -h blcost -s WAStar -dap"
	User time (seconds): 26.22
	System time (seconds): 1.32
	Percent of CPU this job got: 99%
	Elapsed (wall clock) time (h:mm:ss or m:ss): 0:27.60
	Average shared text size (kbytes): 0
	Average unshared data size (kbytes): 0
	Average stack size (kbytes): 0
	Average total size (kbytes): 0
	Maximum resident set size (kbytes): 3253948
	Average resident set size (kbytes): 0
	Major (requiring I/O) page faults: 23
	Minor (reclaiming a frame) page faults: 1474979
	Voluntary context switches: 4960
	Involuntary context switches: 4529
	Swaps: 0
	File system inputs: 0
	File system outputs: 192
	Socket messages sent: 0
	Socket messages received: 0
	Signals delivered: 0
	Page size (bytes): 4096
	Exit status: 0
	Command being timed: "timeout 600 java -Xmx64g -jar ./enhsp3.jar -o ./domain_with_failure.pddl -f ./problems/a42g11XOR-change-5-d7/problem31.pddl -h blcost -s WAStar -dap"
	User time (seconds): 26.29
	System time (seconds): 1.32
	Percent of CPU this job got: 99%
	Elapsed (wall clock) time (h:mm:ss or m:ss): 0:27.65
	Average shared text size (kbytes): 0
	Average unshared data size (kbytes): 0
	Average stack size (kbytes): 0
	Average total size (kbytes): 0
	Maximum resident set size (kbytes): 3253976
	Average resident set size (kbytes): 0
	Major (requiring I/O) page faults: 23
	Minor (reclaiming a frame) page faults: 1379011
	Voluntary context switches: 5065
	Involuntary context switches: 4494
	Swaps: 0
	File system inputs: 0
	File system outputs: 208
	Socket messages sent: 0
	Socket messages received: 0
	Signals delivered: 0
	Page size (bytes): 4096
	Exit status: 0
	Command being timed: "timeout 600 java -Xmx64g -jar ./enhsp3.jar -o ./domain_with_failure.pddl -f ./problems/a42g11XOR-change-5-d7/problem32.pddl -h blcost -s WAStar -dap"
	User time (seconds): 23.08
	System time (seconds): 1.13
	Percent of CPU this job got: 99%
	Elapsed (wall clock) time (h:mm:ss or m:ss): 0:24.25
	Average shared text size (kbytes): 0
	Average unshared data size (kbytes): 0
	Average stack size (kbytes): 0
	Average total size (kbytes): 0
	Maximum resident set size (kbytes): 3104052
	Average resident set size (kbytes): 0
	Major (requiring I/O) page faults: 23
	Minor (reclaiming a frame) page faults: 1361872
	Voluntary context switches: 4974
	Involuntary context switches: 4083
	Swaps: 0
	File system inputs: 0
	File system outputs: 192
	Socket messages sent: 0
	Socket messages received: 0
	Signals delivered: 0
	Page size (bytes): 4096
	Exit status: 0
	Command being timed: "timeout 600 java -Xmx64g -jar ./enhsp3.jar -o ./domain_with_failure.pddl -f ./problems/a42g11XOR-change-5-d7/problem33.pddl -h blcost -s WAStar -dap"
	User time (seconds): 23.08
	System time (seconds): 1.25
	Percent of CPU this job got: 99%
	Elapsed (wall clock) time (h:mm:ss or m:ss): 0:24.37
	Average shared text size (kbytes): 0
	Average unshared data size (kbytes): 0
	Average stack size (kbytes): 0
	Average total size (kbytes): 0
	Maximum resident set size (kbytes): 3103624
	Average resident set size (kbytes): 0
	Major (requiring I/O) page faults: 23
	Minor (reclaiming a frame) page faults: 1424235
	Voluntary context switches: 5013
	Involuntary context switches: 4074
	Swaps: 0
	File system inputs: 0
	File system outputs: 200
	Socket messages sent: 0
	Socket messages received: 0
	Signals delivered: 0
	Page size (bytes): 4096
	Exit status: 0
	Command being timed: "timeout 600 java -Xmx64g -jar ./enhsp3.jar -o ./domain_with_failure.pddl -f ./problems/a42g11XOR-change-5-d7/problem34.pddl -h blcost -s WAStar -dap"
	User time (seconds): 26.98
	System time (seconds): 1.52
	Percent of CPU this job got: 99%
	Elapsed (wall clock) time (h:mm:ss or m:ss): 0:28.55
	Average shared text size (kbytes): 0
	Average unshared data size (kbytes): 0
	Average stack size (kbytes): 0
	Average total size (kbytes): 0
	Maximum resident set size (kbytes): 3811672
	Average resident set size (kbytes): 0
	Major (requiring I/O) page faults: 23
	Minor (reclaiming a frame) page faults: 1801628
	Voluntary context switches: 5017
	Involuntary context switches: 4242
	Swaps: 0
	File system inputs: 0
	File system outputs: 200
	Socket messages sent: 0
	Socket messages received: 0
	Signals delivered: 0
	Page size (bytes): 4096
	Exit status: 0
	Command being timed: "timeout 600 java -Xmx64g -jar ./enhsp3.jar -o ./domain_with_failure.pddl -f ./problems/a42g11XOR-change-5-d7/problem35.pddl -h blcost -s WAStar -dap"
	User time (seconds): 23.02
	System time (seconds): 1.16
	Percent of CPU this job got: 99%
	Elapsed (wall clock) time (h:mm:ss or m:ss): 0:24.21
	Average shared text size (kbytes): 0
	Average unshared data size (kbytes): 0
	Average stack size (kbytes): 0
	Average total size (kbytes): 0
	Maximum resident set size (kbytes): 3104504
	Average resident set size (kbytes): 0
	Major (requiring I/O) page faults: 23
	Minor (reclaiming a frame) page faults: 1425161
	Voluntary context switches: 5131
	Involuntary context switches: 4102
	Swaps: 0
	File system inputs: 0
	File system outputs: 200
	Socket messages sent: 0
	Socket messages received: 0
	Signals delivered: 0
	Page size (bytes): 4096
	Exit status: 0
	Command being timed: "timeout 600 java -Xmx64g -jar ./enhsp3.jar -o ./domain_with_failure.pddl -f ./problems/a42g11XOR-change-5-d7/problem36.pddl -h blcost -s WAStar -dap"
	User time (seconds): 26.85
	System time (seconds): 1.30
	Percent of CPU this job got: 99%
	Elapsed (wall clock) time (h:mm:ss or m:ss): 0:28.19
	Average shared text size (kbytes): 0
	Average unshared data size (kbytes): 0
	Average stack size (kbytes): 0
	Average total size (kbytes): 0
	Maximum resident set size (kbytes): 3815820
	Average resident set size (kbytes): 0
	Major (requiring I/O) page faults: 26
	Minor (reclaiming a frame) page faults: 1662885
	Voluntary context switches: 5003
	Involuntary context switches: 4152
	Swaps: 0
	File system inputs: 0
	File system outputs: 224
	Socket messages sent: 0
	Socket messages received: 0
	Signals delivered: 0
	Page size (bytes): 4096
	Exit status: 0
	Command being timed: "timeout 600 java -Xmx64g -jar ./enhsp3.jar -o ./domain_with_failure.pddl -f ./problems/a42g11XOR-change-5-d7/problem37.pddl -h blcost -s WAStar -dap"
	User time (seconds): 26.25
	System time (seconds): 1.47
	Percent of CPU this job got: 99%
	Elapsed (wall clock) time (h:mm:ss or m:ss): 0:27.77
	Average shared text size (kbytes): 0
	Average unshared data size (kbytes): 0
	Average stack size (kbytes): 0
	Average total size (kbytes): 0
	Maximum resident set size (kbytes): 3823260
	Average resident set size (kbytes): 0
	Major (requiring I/O) page faults: 23
	Minor (reclaiming a frame) page faults: 1599837
	Voluntary context switches: 4956
	Involuntary context switches: 4260
	Swaps: 0
	File system inputs: 0
	File system outputs: 208
	Socket messages sent: 0
	Socket messages received: 0
	Signals delivered: 0
	Page size (bytes): 4096
	Exit status: 0
	Command being timed: "timeout 600 java -Xmx64g -jar ./enhsp3.jar -o ./domain_with_failure.pddl -f ./problems/a42g11XOR-change-5-d7/problem38.pddl -h blcost -s WAStar -dap"
	User time (seconds): 23.75
	System time (seconds): 1.11
	Percent of CPU this job got: 99%
	Elapsed (wall clock) time (h:mm:ss or m:ss): 0:24.90
	Average shared text size (kbytes): 0
	Average unshared data size (kbytes): 0
	Average stack size (kbytes): 0
	Average total size (kbytes): 0
	Maximum resident set size (kbytes): 3104772
	Average resident set size (kbytes): 0
	Major (requiring I/O) page faults: 23
	Minor (reclaiming a frame) page faults: 1315953
	Voluntary context switches: 4713
	Involuntary context switches: 4064
	Swaps: 0
	File system inputs: 0
	File system outputs: 200
	Socket messages sent: 0
	Socket messages received: 0
	Signals delivered: 0
	Page size (bytes): 4096
	Exit status: 0
	Command being timed: "timeout 600 java -Xmx64g -jar ./enhsp3.jar -o ./domain_with_failure.pddl -f ./problems/a42g11XOR-change-5-d7/problem39.pddl -h blcost -s WAStar -dap"
	User time (seconds): 23.18
	System time (seconds): 1.14
	Percent of CPU this job got: 99%
	Elapsed (wall clock) time (h:mm:ss or m:ss): 0:24.35
	Average shared text size (kbytes): 0
	Average unshared data size (kbytes): 0
	Average stack size (kbytes): 0
	Average total size (kbytes): 0
	Maximum resident set size (kbytes): 3102904
	Average resident set size (kbytes): 0
	Major (requiring I/O) page faults: 23
	Minor (reclaiming a frame) page faults: 1362600
	Voluntary context switches: 4854
	Involuntary context switches: 3922
	Swaps: 0
	File system inputs: 0
	File system outputs: 200
	Socket messages sent: 0
	Socket messages received: 0
	Signals delivered: 0
	Page size (bytes): 4096
	Exit status: 0
	Command being timed: "timeout 600 java -Xmx64g -jar ./enhsp3.jar -o ./domain_with_failure.pddl -f ./problems/a42g11XOR-change-5-d7/problem40.pddl -h blcost -s WAStar -dap"
	User time (seconds): 23.78
	System time (seconds): 1.15
	Percent of CPU this job got: 99%
	Elapsed (wall clock) time (h:mm:ss or m:ss): 0:24.96
	Average shared text size (kbytes): 0
	Average unshared data size (kbytes): 0
	Average stack size (kbytes): 0
	Average total size (kbytes): 0
	Maximum resident set size (kbytes): 3107496
	Average resident set size (kbytes): 0
	Major (requiring I/O) page faults: 23
	Minor (reclaiming a frame) page faults: 1359915
	Voluntary context switches: 4715
	Involuntary context switches: 4063
	Swaps: 0
	File system inputs: 0
	File system outputs: 200
	Socket messages sent: 0
	Socket messages received: 0
	Signals delivered: 0
	Page size (bytes): 4096
	Exit status: 0
	Command being timed: "timeout 600 java -Xmx64g -jar ./enhsp3.jar -o ./domain_with_failure.pddl -f ./problems/a42g11XOR-change-5-d7/problem41.pddl -h blcost -s WAStar -dap"
	User time (seconds): 23.17
	System time (seconds): 1.26
	Percent of CPU this job got: 99%
	Elapsed (wall clock) time (h:mm:ss or m:ss): 0:24.47
	Average shared text size (kbytes): 0
	Average unshared data size (kbytes): 0
	Average stack size (kbytes): 0
	Average total size (kbytes): 0
	Maximum resident set size (kbytes): 3106180
	Average resident set size (kbytes): 0
	Major (requiring I/O) page faults: 20
	Minor (reclaiming a frame) page faults: 1427403
	Voluntary context switches: 5192
	Involuntary context switches: 4149
	Swaps: 0
	File system inputs: 0
	File system outputs: 176
	Socket messages sent: 0
	Socket messages received: 0
	Signals delivered: 0
	Page size (bytes): 4096
	Exit status: 0
	Command being timed: "timeout 600 java -Xmx64g -jar ./enhsp3.jar -o ./domain_with_failure.pddl -f ./problems/a42g11XOR-change-5-d7/problem42.pddl -h blcost -s WAStar -dap"
	User time (seconds): 25.60
	System time (seconds): 1.29
	Percent of CPU this job got: 99%
	Elapsed (wall clock) time (h:mm:ss or m:ss): 0:26.93
	Average shared text size (kbytes): 0
	Average unshared data size (kbytes): 0
	Average stack size (kbytes): 0
	Average total size (kbytes): 0
	Maximum resident set size (kbytes): 3223580
	Average resident set size (kbytes): 0
	Major (requiring I/O) page faults: 26
	Minor (reclaiming a frame) page faults: 1459712
	Voluntary context switches: 4852
	Involuntary context switches: 4116
	Swaps: 0
	File system inputs: 0
	File system outputs: 224
	Socket messages sent: 0
	Socket messages received: 0
	Signals delivered: 0
	Page size (bytes): 4096
	Exit status: 0
	Command being timed: "timeout 600 java -Xmx64g -jar ./enhsp3.jar -o ./domain_with_failure.pddl -f ./problems/a42g11XOR-change-5-d7/problem43.pddl -h blcost -s WAStar -dap"
	User time (seconds): 25.02
	System time (seconds): 1.24
	Percent of CPU this job got: 99%
	Elapsed (wall clock) time (h:mm:ss or m:ss): 0:26.30
	Average shared text size (kbytes): 0
	Average unshared data size (kbytes): 0
	Average stack size (kbytes): 0
	Average total size (kbytes): 0
	Maximum resident set size (kbytes): 3206724
	Average resident set size (kbytes): 0
	Major (requiring I/O) page faults: 23
	Minor (reclaiming a frame) page faults: 1391952
	Voluntary context switches: 4888
	Involuntary context switches: 4051
	Swaps: 0
	File system inputs: 0
	File system outputs: 200
	Socket messages sent: 0
	Socket messages received: 0
	Signals delivered: 0
	Page size (bytes): 4096
	Exit status: 0
	Command being timed: "timeout 600 java -Xmx64g -jar ./enhsp3.jar -o ./domain_with_failure.pddl -f ./problems/a42g11XOR-change-5-d7/problem44.pddl -h blcost -s WAStar -dap"
	User time (seconds): 23.39
	System time (seconds): 1.29
	Percent of CPU this job got: 99%
	Elapsed (wall clock) time (h:mm:ss or m:ss): 0:24.71
	Average shared text size (kbytes): 0
	Average unshared data size (kbytes): 0
	Average stack size (kbytes): 0
	Average total size (kbytes): 0
	Maximum resident set size (kbytes): 3106200
	Average resident set size (kbytes): 0
	Major (requiring I/O) page faults: 23
	Minor (reclaiming a frame) page faults: 1432068
	Voluntary context switches: 4902
	Involuntary context switches: 4010
	Swaps: 0
	File system inputs: 0
	File system outputs: 200
	Socket messages sent: 0
	Socket messages received: 0
	Signals delivered: 0
	Page size (bytes): 4096
	Exit status: 0
	Command being timed: "timeout 600 java -Xmx64g -jar ./enhsp3.jar -o ./domain_with_failure.pddl -f ./problems/a42g11XOR-change-5-d7/problem45.pddl -h blcost -s WAStar -dap"
	User time (seconds): 23.31
	System time (seconds): 1.31
	Percent of CPU this job got: 99%
	Elapsed (wall clock) time (h:mm:ss or m:ss): 0:24.67
	Average shared text size (kbytes): 0
	Average unshared data size (kbytes): 0
	Average stack size (kbytes): 0
	Average total size (kbytes): 0
	Maximum resident set size (kbytes): 3107528
	Average resident set size (kbytes): 0
	Major (requiring I/O) page faults: 20
	Minor (reclaiming a frame) page faults: 1428277
	Voluntary context switches: 4669
	Involuntary context switches: 3950
	Swaps: 0
	File system inputs: 0
	File system outputs: 176
	Socket messages sent: 0
	Socket messages received: 0
	Signals delivered: 0
	Page size (bytes): 4096
	Exit status: 0
	Command being timed: "timeout 600 java -Xmx64g -jar ./enhsp3.jar -o ./domain_with_failure.pddl -f ./problems/a42g11XOR-change-5-d7/problem46.pddl -h blcost -s WAStar -dap"
	User time (seconds): 29.61
	System time (seconds): 1.41
	Percent of CPU this job got: 99%
	Elapsed (wall clock) time (h:mm:ss or m:ss): 0:31.07
	Average shared text size (kbytes): 0
	Average unshared data size (kbytes): 0
	Average stack size (kbytes): 0
	Average total size (kbytes): 0
	Maximum resident set size (kbytes): 3889668
	Average resident set size (kbytes): 0
	Major (requiring I/O) page faults: 26
	Minor (reclaiming a frame) page faults: 1664828
	Voluntary context switches: 5159
	Involuntary context switches: 4598
	Swaps: 0
	File system inputs: 0
	File system outputs: 224
	Socket messages sent: 0
	Socket messages received: 0
	Signals delivered: 0
	Page size (bytes): 4096
	Exit status: 0
	Command being timed: "timeout 600 java -Xmx64g -jar ./enhsp3.jar -o ./domain_with_failure.pddl -f ./problems/a42g11XOR-change-5-d7/problem47.pddl -h blcost -s WAStar -dap"
	User time (seconds): 23.53
	System time (seconds): 1.21
	Percent of CPU this job got: 99%
	Elapsed (wall clock) time (h:mm:ss or m:ss): 0:24.79
	Average shared text size (kbytes): 0
	Average unshared data size (kbytes): 0
	Average stack size (kbytes): 0
	Average total size (kbytes): 0
	Maximum resident set size (kbytes): 3107056
	Average resident set size (kbytes): 0
	Major (requiring I/O) page faults: 23
	Minor (reclaiming a frame) page faults: 1546769
	Voluntary context switches: 4689
	Involuntary context switches: 3912
	Swaps: 0
	File system inputs: 0
	File system outputs: 208
	Socket messages sent: 0
	Socket messages received: 0
	Signals delivered: 0
	Page size (bytes): 4096
	Exit status: 0
	Command being timed: "timeout 600 java -Xmx64g -jar ./enhsp3.jar -o ./domain_with_failure.pddl -f ./problems/a42g11XOR-change-5-d7/problem48.pddl -h blcost -s WAStar -dap"
	User time (seconds): 26.48
	System time (seconds): 1.46
	Percent of CPU this job got: 99%
	Elapsed (wall clock) time (h:mm:ss or m:ss): 0:27.97
	Average shared text size (kbytes): 0
	Average unshared data size (kbytes): 0
	Average stack size (kbytes): 0
	Average total size (kbytes): 0
	Maximum resident set size (kbytes): 3778160
	Average resident set size (kbytes): 0
	Major (requiring I/O) page faults: 26
	Minor (reclaiming a frame) page faults: 1586641
	Voluntary context switches: 4778
	Involuntary context switches: 4115
	Swaps: 0
	File system inputs: 0
	File system outputs: 224
	Socket messages sent: 0
	Socket messages received: 0
	Signals delivered: 0
	Page size (bytes): 4096
	Exit status: 0
	Command being timed: "timeout 600 java -Xmx64g -jar ./enhsp3.jar -o ./domain_with_failure.pddl -f ./problems/a42g11XOR-change-5-d7/problem49.pddl -h blcost -s WAStar -dap"
	User time (seconds): 26.69
	System time (seconds): 1.34
	Percent of CPU this job got: 99%
	Elapsed (wall clock) time (h:mm:ss or m:ss): 0:28.07
	Average shared text size (kbytes): 0
	Average unshared data size (kbytes): 0
	Average stack size (kbytes): 0
	Average total size (kbytes): 0
	Maximum resident set size (kbytes): 3258596
	Average resident set size (kbytes): 0
	Major (requiring I/O) page faults: 23
	Minor (reclaiming a frame) page faults: 1398856
	Voluntary context switches: 4914
	Involuntary context switches: 4505
	Swaps: 0
	File system inputs: 0
	File system outputs: 208
	Socket messages sent: 0
	Socket messages received: 0
	Signals delivered: 0
	Page size (bytes): 4096
	Exit status: 0
	Command being timed: "timeout 600 java -Xmx64g -jar ./enhsp3.jar -o ./domain_with_failure.pddl -f ./problems/a42g11XOR-change-5-d7/problem50.pddl -h blcost -s WAStar -dap"
	User time (seconds): 26.29
	System time (seconds): 1.34
	Percent of CPU this job got: 99%
	Elapsed (wall clock) time (h:mm:ss or m:ss): 0:27.67
	Average shared text size (kbytes): 0
	Average unshared data size (kbytes): 0
	Average stack size (kbytes): 0
	Average total size (kbytes): 0
	Maximum resident set size (kbytes): 3252936
	Average resident set size (kbytes): 0
	Major (requiring I/O) page faults: 26
	Minor (reclaiming a frame) page faults: 1656436
	Voluntary context switches: 4984
	Involuntary context switches: 4493
	Swaps: 0
	File system inputs: 0
	File system outputs: 224
	Socket messages sent: 0
	Socket messages received: 0
	Signals delivered: 0
	Page size (bytes): 4096
	Exit status: 0
	Command being timed: "timeout 600 java -Xmx64g -jar ./enhsp3.jar -o ./domain_with_failure.pddl -f ./problems/a42g11XOR-change-5-d7/problem51.pddl -h blcost -s WAStar -dap"
	User time (seconds): 23.56
	System time (seconds): 1.12
	Percent of CPU this job got: 99%
	Elapsed (wall clock) time (h:mm:ss or m:ss): 0:24.72
	Average shared text size (kbytes): 0
	Average unshared data size (kbytes): 0
	Average stack size (kbytes): 0
	Average total size (kbytes): 0
	Maximum resident set size (kbytes): 3106852
	Average resident set size (kbytes): 0
	Major (requiring I/O) page faults: 20
	Minor (reclaiming a frame) page faults: 1439935
	Voluntary context switches: 4928
	Involuntary context switches: 4044
	Swaps: 0
	File system inputs: 0
	File system outputs: 184
	Socket messages sent: 0
	Socket messages received: 0
	Signals delivered: 0
	Page size (bytes): 4096
	Exit status: 0
	Command being timed: "timeout 600 java -Xmx64g -jar ./enhsp3.jar -o ./domain_with_failure.pddl -f ./problems/a42g11XOR-change-5-d7/problem52.pddl -h blcost -s WAStar -dap"
	User time (seconds): 24.86
	System time (seconds): 1.31
	Percent of CPU this job got: 99%
	Elapsed (wall clock) time (h:mm:ss or m:ss): 0:26.21
	Average shared text size (kbytes): 0
	Average unshared data size (kbytes): 0
	Average stack size (kbytes): 0
	Average total size (kbytes): 0
	Maximum resident set size (kbytes): 3206920
	Average resident set size (kbytes): 0
	Major (requiring I/O) page faults: 26
	Minor (reclaiming a frame) page faults: 1555760
	Voluntary context switches: 5254
	Involuntary context switches: 4271
	Swaps: 0
	File system inputs: 0
	File system outputs: 216
	Socket messages sent: 0
	Socket messages received: 0
	Signals delivered: 0
	Page size (bytes): 4096
	Exit status: 0
	Command being timed: "timeout 600 java -Xmx64g -jar ./enhsp3.jar -o ./domain_with_failure.pddl -f ./problems/a42g11XOR-change-5-d7/problem53.pddl -h blcost -s WAStar -dap"
	User time (seconds): 23.48
	System time (seconds): 1.17
	Percent of CPU this job got: 99%
	Elapsed (wall clock) time (h:mm:ss or m:ss): 0:24.68
	Average shared text size (kbytes): 0
	Average unshared data size (kbytes): 0
	Average stack size (kbytes): 0
	Average total size (kbytes): 0
	Maximum resident set size (kbytes): 3106800
	Average resident set size (kbytes): 0
	Major (requiring I/O) page faults: 20
	Minor (reclaiming a frame) page faults: 1360362
	Voluntary context switches: 4780
	Involuntary context switches: 3998
	Swaps: 0
	File system inputs: 0
	File system outputs: 176
	Socket messages sent: 0
	Socket messages received: 0
	Signals delivered: 0
	Page size (bytes): 4096
	Exit status: 0
	Command being timed: "timeout 600 java -Xmx64g -jar ./enhsp3.jar -o ./domain_with_failure.pddl -f ./problems/a42g11XOR-change-5-d7/problem54.pddl -h blcost -s WAStar -dap"
	User time (seconds): 25.76
	System time (seconds): 1.21
	Percent of CPU this job got: 99%
	Elapsed (wall clock) time (h:mm:ss or m:ss): 0:27.01
	Average shared text size (kbytes): 0
	Average unshared data size (kbytes): 0
	Average stack size (kbytes): 0
	Average total size (kbytes): 0
	Maximum resident set size (kbytes): 3202196
	Average resident set size (kbytes): 0
	Major (requiring I/O) page faults: 26
	Minor (reclaiming a frame) page faults: 1553324
	Voluntary context switches: 5050
	Involuntary context switches: 4432
	Swaps: 0
	File system inputs: 0
	File system outputs: 224
	Socket messages sent: 0
	Socket messages received: 0
	Signals delivered: 0
	Page size (bytes): 4096
	Exit status: 0
	Command being timed: "timeout 600 java -Xmx64g -jar ./enhsp3.jar -o ./domain_with_failure.pddl -f ./problems/a42g11XOR-change-5-d7/problem55.pddl -h blcost -s WAStar -dap"
	User time (seconds): 23.63
	System time (seconds): 1.19
	Percent of CPU this job got: 99%
	Elapsed (wall clock) time (h:mm:ss or m:ss): 0:24.86
	Average shared text size (kbytes): 0
	Average unshared data size (kbytes): 0
	Average stack size (kbytes): 0
	Average total size (kbytes): 0
	Maximum resident set size (kbytes): 3107952
	Average resident set size (kbytes): 0
	Major (requiring I/O) page faults: 23
	Minor (reclaiming a frame) page faults: 1434696
	Voluntary context switches: 4918
	Involuntary context switches: 4017
	Swaps: 0
	File system inputs: 0
	File system outputs: 192
	Socket messages sent: 0
	Socket messages received: 0
	Signals delivered: 0
	Page size (bytes): 4096
	Exit status: 0
	Command being timed: "timeout 600 java -Xmx64g -jar ./enhsp3.jar -o ./domain_with_failure.pddl -f ./problems/a42g11XOR-change-5-d7/problem56.pddl -h blcost -s WAStar -dap"
	User time (seconds): 24.04
	System time (seconds): 1.27
	Percent of CPU this job got: 99%
	Elapsed (wall clock) time (h:mm:ss or m:ss): 0:25.35
	Average shared text size (kbytes): 0
	Average unshared data size (kbytes): 0
	Average stack size (kbytes): 0
	Average total size (kbytes): 0
	Maximum resident set size (kbytes): 3105120
	Average resident set size (kbytes): 0
	Major (requiring I/O) page faults: 20
	Minor (reclaiming a frame) page faults: 1436413
	Voluntary context switches: 4733
	Involuntary context switches: 4099
	Swaps: 0
	File system inputs: 0
	File system outputs: 176
	Socket messages sent: 0
	Socket messages received: 0
	Signals delivered: 0
	Page size (bytes): 4096
	Exit status: 0
	Command being timed: "timeout 600 java -Xmx64g -jar ./enhsp3.jar -o ./domain_with_failure.pddl -f ./problems/a42g11XOR-change-5-d7/problem57.pddl -h blcost -s WAStar -dap"
	User time (seconds): 24.02
	System time (seconds): 1.27
	Percent of CPU this job got: 99%
	Elapsed (wall clock) time (h:mm:ss or m:ss): 0:25.32
	Average shared text size (kbytes): 0
	Average unshared data size (kbytes): 0
	Average stack size (kbytes): 0
	Average total size (kbytes): 0
	Maximum resident set size (kbytes): 3398036
	Average resident set size (kbytes): 0
	Major (requiring I/O) page faults: 20
	Minor (reclaiming a frame) page faults: 1509018
	Voluntary context switches: 4737
	Involuntary context switches: 4015
	Swaps: 0
	File system inputs: 0
	File system outputs: 184
	Socket messages sent: 0
	Socket messages received: 0
	Signals delivered: 0
	Page size (bytes): 4096
	Exit status: 0
	Command being timed: "timeout 600 java -Xmx64g -jar ./enhsp3.jar -o ./domain_with_failure.pddl -f ./problems/a42g11XOR-change-5-d7/problem58.pddl -h blcost -s WAStar -dap"
	User time (seconds): 23.64
	System time (seconds): 1.32
	Percent of CPU this job got: 99%
	Elapsed (wall clock) time (h:mm:ss or m:ss): 0:24.99
	Average shared text size (kbytes): 0
	Average unshared data size (kbytes): 0
	Average stack size (kbytes): 0
	Average total size (kbytes): 0
	Maximum resident set size (kbytes): 3108756
	Average resident set size (kbytes): 0
	Major (requiring I/O) page faults: 23
	Minor (reclaiming a frame) page faults: 1435616
	Voluntary context switches: 5098
	Involuntary context switches: 4158
	Swaps: 0
	File system inputs: 0
	File system outputs: 192
	Socket messages sent: 0
	Socket messages received: 0
	Signals delivered: 0
	Page size (bytes): 4096
	Exit status: 0
	Command being timed: "timeout 600 java -Xmx64g -jar ./enhsp3.jar -o ./domain_with_failure.pddl -f ./problems/a42g11XOR-change-5-d7/problem59.pddl -h blcost -s WAStar -dap"
	User time (seconds): 23.46
	System time (seconds): 1.31
	Percent of CPU this job got: 99%
	Elapsed (wall clock) time (h:mm:ss or m:ss): 0:24.82
	Average shared text size (kbytes): 0
	Average unshared data size (kbytes): 0
	Average stack size (kbytes): 0
	Average total size (kbytes): 0
	Maximum resident set size (kbytes): 3108012
	Average resident set size (kbytes): 0
	Major (requiring I/O) page faults: 23
	Minor (reclaiming a frame) page faults: 1435100
	Voluntary context switches: 4744
	Involuntary context switches: 4054
	Swaps: 0
	File system inputs: 0
	File system outputs: 208
	Socket messages sent: 0
	Socket messages received: 0
	Signals delivered: 0
	Page size (bytes): 4096
	Exit status: 0
	Command being timed: "timeout 600 java -Xmx64g -jar ./enhsp3.jar -o ./domain_with_failure.pddl -f ./problems/a42g11XOR-change-5-d7/problem60.pddl -h blcost -s WAStar -dap"
	User time (seconds): 26.60
	System time (seconds): 1.21
	Percent of CPU this job got: 99%
	Elapsed (wall clock) time (h:mm:ss or m:ss): 0:27.85
	Average shared text size (kbytes): 0
	Average unshared data size (kbytes): 0
	Average stack size (kbytes): 0
	Average total size (kbytes): 0
	Maximum resident set size (kbytes): 3255008
	Average resident set size (kbytes): 0
	Major (requiring I/O) page faults: 26
	Minor (reclaiming a frame) page faults: 1475761
	Voluntary context switches: 5038
	Involuntary context switches: 4431
	Swaps: 0
	File system inputs: 0
	File system outputs: 232
	Socket messages sent: 0
	Socket messages received: 0
	Signals delivered: 0
	Page size (bytes): 4096
	Exit status: 0
	Command being timed: "timeout 600 java -Xmx64g -jar ./enhsp3.jar -o ./domain_with_failure.pddl -f ./problems/a42g11XOR-change-5-d7/problem61.pddl -h blcost -s WAStar -dap"
	User time (seconds): 24.24
	System time (seconds): 1.33
	Percent of CPU this job got: 99%
	Elapsed (wall clock) time (h:mm:ss or m:ss): 0:25.60
	Average shared text size (kbytes): 0
	Average unshared data size (kbytes): 0
	Average stack size (kbytes): 0
	Average total size (kbytes): 0
	Maximum resident set size (kbytes): 3396784
	Average resident set size (kbytes): 0
	Major (requiring I/O) page faults: 23
	Minor (reclaiming a frame) page faults: 1508585
	Voluntary context switches: 4763
	Involuntary context switches: 3964
	Swaps: 0
	File system inputs: 0
	File system outputs: 192
	Socket messages sent: 0
	Socket messages received: 0
	Signals delivered: 0
	Page size (bytes): 4096
	Exit status: 0
	Command being timed: "timeout 600 java -Xmx64g -jar ./enhsp3.jar -o ./domain_with_failure.pddl -f ./problems/a42g11XOR-change-5-d7/problem62.pddl -h blcost -s WAStar -dap"
	User time (seconds): 24.18
	System time (seconds): 1.24
	Percent of CPU this job got: 99%
	Elapsed (wall clock) time (h:mm:ss or m:ss): 0:25.45
	Average shared text size (kbytes): 0
	Average unshared data size (kbytes): 0
	Average stack size (kbytes): 0
	Average total size (kbytes): 0
	Maximum resident set size (kbytes): 3104804
	Average resident set size (kbytes): 0
	Major (requiring I/O) page faults: 23
	Minor (reclaiming a frame) page faults: 1460178
	Voluntary context switches: 4710
	Involuntary context switches: 4093
	Swaps: 0
	File system inputs: 0
	File system outputs: 192
	Socket messages sent: 0
	Socket messages received: 0
	Signals delivered: 0
	Page size (bytes): 4096
	Exit status: 0
	Command being timed: "timeout 600 java -Xmx64g -jar ./enhsp3.jar -o ./domain_with_failure.pddl -f ./problems/a42g11XOR-change-5-d7/problem63.pddl -h blcost -s WAStar -dap"
	User time (seconds): 26.52
	System time (seconds): 1.39
	Percent of CPU this job got: 99%
	Elapsed (wall clock) time (h:mm:ss or m:ss): 0:27.95
	Average shared text size (kbytes): 0
	Average unshared data size (kbytes): 0
	Average stack size (kbytes): 0
	Average total size (kbytes): 0
	Maximum resident set size (kbytes): 3831592
	Average resident set size (kbytes): 0
	Major (requiring I/O) page faults: 23
	Minor (reclaiming a frame) page faults: 1602667
	Voluntary context switches: 5102
	Involuntary context switches: 4189
	Swaps: 0
	File system inputs: 0
	File system outputs: 184
	Socket messages sent: 0
	Socket messages received: 0
	Signals delivered: 0
	Page size (bytes): 4096
	Exit status: 0
	Command being timed: "timeout 600 java -Xmx64g -jar ./enhsp3.jar -o ./domain_with_failure.pddl -f ./problems/a42g11XOR-change-5-d7/problem64.pddl -h blcost -s WAStar -dap"
	User time (seconds): 25.51
	System time (seconds): 1.35
	Percent of CPU this job got: 99%
	Elapsed (wall clock) time (h:mm:ss or m:ss): 0:26.92
	Average shared text size (kbytes): 0
	Average unshared data size (kbytes): 0
	Average stack size (kbytes): 0
	Average total size (kbytes): 0
	Maximum resident set size (kbytes): 3224440
	Average resident set size (kbytes): 0
	Major (requiring I/O) page faults: 23
	Minor (reclaiming a frame) page faults: 1575316
	Voluntary context switches: 4897
	Involuntary context switches: 4250
	Swaps: 0
	File system inputs: 0
	File system outputs: 200
	Socket messages sent: 0
	Socket messages received: 0
	Signals delivered: 0
	Page size (bytes): 4096
	Exit status: 0
	Command being timed: "timeout 600 java -Xmx64g -jar ./enhsp3.jar -o ./domain_with_failure.pddl -f ./problems/a42g11XOR-change-5-d7/problem65.pddl -h blcost -s WAStar -dap"
	User time (seconds): 23.89
	System time (seconds): 1.27
	Percent of CPU this job got: 99%
	Elapsed (wall clock) time (h:mm:ss or m:ss): 0:25.20
	Average shared text size (kbytes): 0
	Average unshared data size (kbytes): 0
	Average stack size (kbytes): 0
	Average total size (kbytes): 0
	Maximum resident set size (kbytes): 3123704
	Average resident set size (kbytes): 0
	Major (requiring I/O) page faults: 23
	Minor (reclaiming a frame) page faults: 1509533
	Voluntary context switches: 4815
	Involuntary context switches: 3935
	Swaps: 0
	File system inputs: 0
	File system outputs: 184
	Socket messages sent: 0
	Socket messages received: 0
	Signals delivered: 0
	Page size (bytes): 4096
	Exit status: 0
	Command being timed: "timeout 600 java -Xmx64g -jar ./enhsp3.jar -o ./domain_with_failure.pddl -f ./problems/a42g11XOR-change-5-d7/problem66.pddl -h blcost -s WAStar -dap"
	User time (seconds): 26.93
	System time (seconds): 1.31
	Percent of CPU this job got: 99%
	Elapsed (wall clock) time (h:mm:ss or m:ss): 0:28.29
	Average shared text size (kbytes): 0
	Average unshared data size (kbytes): 0
	Average stack size (kbytes): 0
	Average total size (kbytes): 0
	Maximum resident set size (kbytes): 3256488
	Average resident set size (kbytes): 0
	Major (requiring I/O) page faults: 26
	Minor (reclaiming a frame) page faults: 1477203
	Voluntary context switches: 5111
	Involuntary context switches: 4537
	Swaps: 0
	File system inputs: 0
	File system outputs: 224
	Socket messages sent: 0
	Socket messages received: 0
	Signals delivered: 0
	Page size (bytes): 4096
	Exit status: 0
	Command being timed: "timeout 600 java -Xmx64g -jar ./enhsp3.jar -o ./domain_with_failure.pddl -f ./problems/a42g11XOR-change-5-d7/problem67.pddl -h blcost -s WAStar -dap"
	User time (seconds): 25.69
	System time (seconds): 1.28
	Percent of CPU this job got: 99%
	Elapsed (wall clock) time (h:mm:ss or m:ss): 0:27.02
	Average shared text size (kbytes): 0
	Average unshared data size (kbytes): 0
	Average stack size (kbytes): 0
	Average total size (kbytes): 0
	Maximum resident set size (kbytes): 3214188
	Average resident set size (kbytes): 0
	Major (requiring I/O) page faults: 23
	Minor (reclaiming a frame) page faults: 1370523
	Voluntary context switches: 4899
	Involuntary context switches: 4356
	Swaps: 0
	File system inputs: 0
	File system outputs: 184
	Socket messages sent: 0
	Socket messages received: 0
	Signals delivered: 0
	Page size (bytes): 4096
	Exit status: 0
	Command being timed: "timeout 600 java -Xmx64g -jar ./enhsp3.jar -o ./domain_with_failure.pddl -f ./problems/a42g11XOR-change-5-d7/problem68.pddl -h blcost -s WAStar -dap"
	User time (seconds): 27.87
	System time (seconds): 1.35
	Percent of CPU this job got: 99%
	Elapsed (wall clock) time (h:mm:ss or m:ss): 0:29.26
	Average shared text size (kbytes): 0
	Average unshared data size (kbytes): 0
	Average stack size (kbytes): 0
	Average total size (kbytes): 0
	Maximum resident set size (kbytes): 3832624
	Average resident set size (kbytes): 0
	Major (requiring I/O) page faults: 26
	Minor (reclaiming a frame) page faults: 1606064
	Voluntary context switches: 4985
	Involuntary context switches: 4362
	Swaps: 0
	File system inputs: 0
	File system outputs: 216
	Socket messages sent: 0
	Socket messages received: 0
	Signals delivered: 0
	Page size (bytes): 4096
	Exit status: 0
	Command being timed: "timeout 600 java -Xmx64g -jar ./enhsp3.jar -o ./domain_with_failure.pddl -f ./problems/a42g11XOR-change-5-d7/problem69.pddl -h blcost -s WAStar -dap"
	User time (seconds): 27.04
	System time (seconds): 1.41
	Percent of CPU this job got: 99%
	Elapsed (wall clock) time (h:mm:ss or m:ss): 0:28.51
	Average shared text size (kbytes): 0
	Average unshared data size (kbytes): 0
	Average stack size (kbytes): 0
	Average total size (kbytes): 0
	Maximum resident set size (kbytes): 3824732
	Average resident set size (kbytes): 0
	Major (requiring I/O) page faults: 23
	Minor (reclaiming a frame) page faults: 1576198
	Voluntary context switches: 4988
	Involuntary context switches: 4281
	Swaps: 0
	File system inputs: 0
	File system outputs: 192
	Socket messages sent: 0
	Socket messages received: 0
	Signals delivered: 0
	Page size (bytes): 4096
	Exit status: 0
	Command being timed: "timeout 600 java -Xmx64g -jar ./enhsp3.jar -o ./domain_with_failure.pddl -f ./problems/a42g11XOR-change-5-d7/problem70.pddl -h blcost -s WAStar -dap"
	User time (seconds): 23.78
	System time (seconds): 1.21
	Percent of CPU this job got: 99%
	Elapsed (wall clock) time (h:mm:ss or m:ss): 0:25.03
	Average shared text size (kbytes): 0
	Average unshared data size (kbytes): 0
	Average stack size (kbytes): 0
	Average total size (kbytes): 0
	Maximum resident set size (kbytes): 3107876
	Average resident set size (kbytes): 0
	Major (requiring I/O) page faults: 23
	Minor (reclaiming a frame) page faults: 1308195
	Voluntary context switches: 5134
	Involuntary context switches: 4222
	Swaps: 0
	File system inputs: 0
	File system outputs: 200
	Socket messages sent: 0
	Socket messages received: 0
	Signals delivered: 0
	Page size (bytes): 4096
	Exit status: 0
	Command being timed: "timeout 600 java -Xmx64g -jar ./enhsp3.jar -o ./domain_with_failure.pddl -f ./problems/a42g11XOR-change-5-d7/problem71.pddl -h blcost -s WAStar -dap"
	User time (seconds): 25.84
	System time (seconds): 1.26
	Percent of CPU this job got: 99%
	Elapsed (wall clock) time (h:mm:ss or m:ss): 0:27.13
	Average shared text size (kbytes): 0
	Average unshared data size (kbytes): 0
	Average stack size (kbytes): 0
	Average total size (kbytes): 0
	Maximum resident set size (kbytes): 3210088
	Average resident set size (kbytes): 0
	Major (requiring I/O) page faults: 26
	Minor (reclaiming a frame) page faults: 1568163
	Voluntary context switches: 5018
	Involuntary context switches: 4061
	Swaps: 0
	File system inputs: 0
	File system outputs: 208
	Socket messages sent: 0
	Socket messages received: 0
	Signals delivered: 0
	Page size (bytes): 4096
	Exit status: 0
	Command being timed: "timeout 600 java -Xmx64g -jar ./enhsp3.jar -o ./domain_with_failure.pddl -f ./problems/a42g11XOR-change-5-d7/problem72.pddl -h blcost -s WAStar -dap"
	User time (seconds): 26.45
	System time (seconds): 1.23
	Percent of CPU this job got: 99%
	Elapsed (wall clock) time (h:mm:ss or m:ss): 0:27.72
	Average shared text size (kbytes): 0
	Average unshared data size (kbytes): 0
	Average stack size (kbytes): 0
	Average total size (kbytes): 0
	Maximum resident set size (kbytes): 3261424
	Average resident set size (kbytes): 0
	Major (requiring I/O) page faults: 23
	Minor (reclaiming a frame) page faults: 1418716
	Voluntary context switches: 4895
	Involuntary context switches: 4406
	Swaps: 0
	File system inputs: 0
	File system outputs: 200
	Socket messages sent: 0
	Socket messages received: 0
	Signals delivered: 0
	Page size (bytes): 4096
	Exit status: 0
	Command being timed: "timeout 600 java -Xmx64g -jar ./enhsp3.jar -o ./domain_with_failure.pddl -f ./problems/a42g11XOR-change-5-d7/problem73.pddl -h blcost -s WAStar -dap"
	User time (seconds): 23.58
	System time (seconds): 1.02
	Percent of CPU this job got: 99%
	Elapsed (wall clock) time (h:mm:ss or m:ss): 0:24.64
	Average shared text size (kbytes): 0
	Average unshared data size (kbytes): 0
	Average stack size (kbytes): 0
	Average total size (kbytes): 0
	Maximum resident set size (kbytes): 3105992
	Average resident set size (kbytes): 0
	Major (requiring I/O) page faults: 23
	Minor (reclaiming a frame) page faults: 1316016
	Voluntary context switches: 4907
	Involuntary context switches: 4189
	Swaps: 0
	File system inputs: 0
	File system outputs: 192
	Socket messages sent: 0
	Socket messages received: 0
	Signals delivered: 0
	Page size (bytes): 4096
	Exit status: 0
	Command being timed: "timeout 600 java -Xmx64g -jar ./enhsp3.jar -o ./domain_with_failure.pddl -f ./problems/a42g11XOR-change-5-d7/problem74.pddl -h blcost -s WAStar -dap"
	User time (seconds): 25.50
	System time (seconds): 1.20
	Percent of CPU this job got: 99%
	Elapsed (wall clock) time (h:mm:ss or m:ss): 0:26.74
	Average shared text size (kbytes): 0
	Average unshared data size (kbytes): 0
	Average stack size (kbytes): 0
	Average total size (kbytes): 0
	Maximum resident set size (kbytes): 3222964
	Average resident set size (kbytes): 0
	Major (requiring I/O) page faults: 23
	Minor (reclaiming a frame) page faults: 1394858
	Voluntary context switches: 4957
	Involuntary context switches: 4089
	Swaps: 0
	File system inputs: 0
	File system outputs: 192
	Socket messages sent: 0
	Socket messages received: 0
	Signals delivered: 0
	Page size (bytes): 4096
	Exit status: 0
	Command being timed: "timeout 600 java -Xmx64g -jar ./enhsp3.jar -o ./domain_with_failure.pddl -f ./problems/a42g11XOR-change-5-d7/problem75.pddl -h blcost -s WAStar -dap"
	User time (seconds): 25.34
	System time (seconds): 1.17
	Percent of CPU this job got: 99%
	Elapsed (wall clock) time (h:mm:ss or m:ss): 0:26.56
	Average shared text size (kbytes): 0
	Average unshared data size (kbytes): 0
	Average stack size (kbytes): 0
	Average total size (kbytes): 0
	Maximum resident set size (kbytes): 3252732
	Average resident set size (kbytes): 0
	Major (requiring I/O) page faults: 23
	Minor (reclaiming a frame) page faults: 1469503
	Voluntary context switches: 5012
	Involuntary context switches: 3982
	Swaps: 0
	File system inputs: 0
	File system outputs: 192
	Socket messages sent: 0
	Socket messages received: 0
	Signals delivered: 0
	Page size (bytes): 4096
	Exit status: 0
	Command being timed: "timeout 600 java -Xmx64g -jar ./enhsp3.jar -o ./domain_with_failure.pddl -f ./problems/a42g11XOR-change-5-d7/problem76.pddl -h blcost -s WAStar -dap"
	User time (seconds): 25.34
	System time (seconds): 1.40
	Percent of CPU this job got: 99%
	Elapsed (wall clock) time (h:mm:ss or m:ss): 0:26.79
	Average shared text size (kbytes): 0
	Average unshared data size (kbytes): 0
	Average stack size (kbytes): 0
	Average total size (kbytes): 0
	Maximum resident set size (kbytes): 3233364
	Average resident set size (kbytes): 0
	Major (requiring I/O) page faults: 23
	Minor (reclaiming a frame) page faults: 1651332
	Voluntary context switches: 5297
	Involuntary context switches: 4169
	Swaps: 0
	File system inputs: 0
	File system outputs: 192
	Socket messages sent: 0
	Socket messages received: 0
	Signals delivered: 0
	Page size (bytes): 4096
	Exit status: 0
	Command being timed: "timeout 600 java -Xmx64g -jar ./enhsp3.jar -o ./domain_with_failure.pddl -f ./problems/a42g11XOR-change-5-d7/problem77.pddl -h blcost -s WAStar -dap"
	User time (seconds): 26.96
	System time (seconds): 1.56
	Percent of CPU this job got: 99%
	Elapsed (wall clock) time (h:mm:ss or m:ss): 0:28.56
	Average shared text size (kbytes): 0
	Average unshared data size (kbytes): 0
	Average stack size (kbytes): 0
	Average total size (kbytes): 0
	Maximum resident set size (kbytes): 4208744
	Average resident set size (kbytes): 0
	Major (requiring I/O) page faults: 26
	Minor (reclaiming a frame) page faults: 1715222
	Voluntary context switches: 4964
	Involuntary context switches: 4097
	Swaps: 0
	File system inputs: 0
	File system outputs: 216
	Socket messages sent: 0
	Socket messages received: 0
	Signals delivered: 0
	Page size (bytes): 4096
	Exit status: 0
	Command being timed: "timeout 600 java -Xmx64g -jar ./enhsp3.jar -o ./domain_with_failure.pddl -f ./problems/a42g11XOR-change-5-d7/problem78.pddl -h blcost -s WAStar -dap"
	User time (seconds): 23.01
	System time (seconds): 1.11
	Percent of CPU this job got: 99%
	Elapsed (wall clock) time (h:mm:ss or m:ss): 0:24.15
	Average shared text size (kbytes): 0
	Average unshared data size (kbytes): 0
	Average stack size (kbytes): 0
	Average total size (kbytes): 0
	Maximum resident set size (kbytes): 3101748
	Average resident set size (kbytes): 0
	Major (requiring I/O) page faults: 23
	Minor (reclaiming a frame) page faults: 1313603
	Voluntary context switches: 4996
	Involuntary context switches: 4037
	Swaps: 0
	File system inputs: 0
	File system outputs: 184
	Socket messages sent: 0
	Socket messages received: 0
	Signals delivered: 0
	Page size (bytes): 4096
	Exit status: 0
	Command being timed: "timeout 600 java -Xmx64g -jar ./enhsp3.jar -o ./domain_with_failure.pddl -f ./problems/a42g11XOR-change-5-d7/problem79.pddl -h blcost -s WAStar -dap"
	User time (seconds): 25.92
	System time (seconds): 1.23
	Percent of CPU this job got: 99%
	Elapsed (wall clock) time (h:mm:ss or m:ss): 0:27.21
	Average shared text size (kbytes): 0
	Average unshared data size (kbytes): 0
	Average stack size (kbytes): 0
	Average total size (kbytes): 0
	Maximum resident set size (kbytes): 3253288
	Average resident set size (kbytes): 0
	Major (requiring I/O) page faults: 23
	Minor (reclaiming a frame) page faults: 1385005
	Voluntary context switches: 5029
	Involuntary context switches: 4432
	Swaps: 0
	File system inputs: 0
	File system outputs: 200
	Socket messages sent: 0
	Socket messages received: 0
	Signals delivered: 0
	Page size (bytes): 4096
	Exit status: 0
	Command being timed: "timeout 600 java -Xmx64g -jar ./enhsp3.jar -o ./domain_with_failure.pddl -f ./problems/a42g11XOR-change-5-d7/problem80.pddl -h blcost -s WAStar -dap"
	User time (seconds): 23.57
	System time (seconds): 1.13
	Percent of CPU this job got: 99%
	Elapsed (wall clock) time (h:mm:ss or m:ss): 0:24.73
	Average shared text size (kbytes): 0
	Average unshared data size (kbytes): 0
	Average stack size (kbytes): 0
	Average total size (kbytes): 0
	Maximum resident set size (kbytes): 3108188
	Average resident set size (kbytes): 0
	Major (requiring I/O) page faults: 23
	Minor (reclaiming a frame) page faults: 1314316
	Voluntary context switches: 5092
	Involuntary context switches: 4137
	Swaps: 0
	File system inputs: 0
	File system outputs: 184
	Socket messages sent: 0
	Socket messages received: 0
	Signals delivered: 0
	Page size (bytes): 4096
	Exit status: 0
	Command being timed: "timeout 600 java -Xmx64g -jar ./enhsp3.jar -o ./domain_with_failure.pddl -f ./problems/a42g11XOR-change-5-d7/problem81.pddl -h blcost -s WAStar -dap"
	User time (seconds): 25.26
	System time (seconds): 1.17
	Percent of CPU this job got: 99%
	Elapsed (wall clock) time (h:mm:ss or m:ss): 0:26.48
	Average shared text size (kbytes): 0
	Average unshared data size (kbytes): 0
	Average stack size (kbytes): 0
	Average total size (kbytes): 0
	Maximum resident set size (kbytes): 3208336
	Average resident set size (kbytes): 0
	Major (requiring I/O) page faults: 23
	Minor (reclaiming a frame) page faults: 1395320
	Voluntary context switches: 5432
	Involuntary context switches: 4254
	Swaps: 0
	File system inputs: 0
	File system outputs: 192
	Socket messages sent: 0
	Socket messages received: 0
	Signals delivered: 0
	Page size (bytes): 4096
	Exit status: 0
	Command being timed: "timeout 600 java -Xmx64g -jar ./enhsp3.jar -o ./domain_with_failure.pddl -f ./problems/a42g11XOR-change-5-d7/problem82.pddl -h blcost -s WAStar -dap"
	User time (seconds): 27.72
	System time (seconds): 1.37
	Percent of CPU this job got: 99%
	Elapsed (wall clock) time (h:mm:ss or m:ss): 0:29.14
	Average shared text size (kbytes): 0
	Average unshared data size (kbytes): 0
	Average stack size (kbytes): 0
	Average total size (kbytes): 0
	Maximum resident set size (kbytes): 3692096
	Average resident set size (kbytes): 0
	Major (requiring I/O) page faults: 26
	Minor (reclaiming a frame) page faults: 1635487
	Voluntary context switches: 5124
	Involuntary context switches: 4458
	Swaps: 0
	File system inputs: 0
	File system outputs: 216
	Socket messages sent: 0
	Socket messages received: 0
	Signals delivered: 0
	Page size (bytes): 4096
	Exit status: 0
	Command being timed: "timeout 600 java -Xmx64g -jar ./enhsp3.jar -o ./domain_with_failure.pddl -f ./problems/a42g11XOR-change-5-d7/problem83.pddl -h blcost -s WAStar -dap"
	User time (seconds): 23.70
	System time (seconds): 1.15
	Percent of CPU this job got: 99%
	Elapsed (wall clock) time (h:mm:ss or m:ss): 0:24.89
	Average shared text size (kbytes): 0
	Average unshared data size (kbytes): 0
	Average stack size (kbytes): 0
	Average total size (kbytes): 0
	Maximum resident set size (kbytes): 3102380
	Average resident set size (kbytes): 0
	Major (requiring I/O) page faults: 23
	Minor (reclaiming a frame) page faults: 1365383
	Voluntary context switches: 5011
	Involuntary context switches: 3962
	Swaps: 0
	File system inputs: 0
	File system outputs: 200
	Socket messages sent: 0
	Socket messages received: 0
	Signals delivered: 0
	Page size (bytes): 4096
	Exit status: 0
	Command being timed: "timeout 600 java -Xmx64g -jar ./enhsp3.jar -o ./domain_with_failure.pddl -f ./problems/a42g11XOR-change-5-d7/problem84.pddl -h blcost -s WAStar -dap"
	User time (seconds): 26.63
	System time (seconds): 1.37
	Percent of CPU this job got: 99%
	Elapsed (wall clock) time (h:mm:ss or m:ss): 0:28.05
	Average shared text size (kbytes): 0
	Average unshared data size (kbytes): 0
	Average stack size (kbytes): 0
	Average total size (kbytes): 0
	Maximum resident set size (kbytes): 3818116
	Average resident set size (kbytes): 0
	Major (requiring I/O) page faults: 23
	Minor (reclaiming a frame) page faults: 1540076
	Voluntary context switches: 5066
	Involuntary context switches: 3944
	Swaps: 0
	File system inputs: 0
	File system outputs: 184
	Socket messages sent: 0
	Socket messages received: 0
	Signals delivered: 0
	Page size (bytes): 4096
	Exit status: 0
	Command being timed: "timeout 600 java -Xmx64g -jar ./enhsp3.jar -o ./domain_with_failure.pddl -f ./problems/a42g11XOR-change-5-d7/problem85.pddl -h blcost -s WAStar -dap"
	User time (seconds): 23.78
	System time (seconds): 1.16
	Percent of CPU this job got: 99%
	Elapsed (wall clock) time (h:mm:ss or m:ss): 0:24.98
	Average shared text size (kbytes): 0
	Average unshared data size (kbytes): 0
	Average stack size (kbytes): 0
	Average total size (kbytes): 0
	Maximum resident set size (kbytes): 3103984
	Average resident set size (kbytes): 0
	Major (requiring I/O) page faults: 23
	Minor (reclaiming a frame) page faults: 1435484
	Voluntary context switches: 5198
	Involuntary context switches: 4058
	Swaps: 0
	File system inputs: 0
	File system outputs: 200
	Socket messages sent: 0
	Socket messages received: 0
	Signals delivered: 0
	Page size (bytes): 4096
	Exit status: 0
	Command being timed: "timeout 600 java -Xmx64g -jar ./enhsp3.jar -o ./domain_with_failure.pddl -f ./problems/a42g11XOR-change-5-d7/problem86.pddl -h blcost -s WAStar -dap"
	User time (seconds): 23.84
	System time (seconds): 1.16
	Percent of CPU this job got: 99%
	Elapsed (wall clock) time (h:mm:ss or m:ss): 0:25.04
	Average shared text size (kbytes): 0
	Average unshared data size (kbytes): 0
	Average stack size (kbytes): 0
	Average total size (kbytes): 0
	Maximum resident set size (kbytes): 3106388
	Average resident set size (kbytes): 0
	Major (requiring I/O) page faults: 23
	Minor (reclaiming a frame) page faults: 1433462
	Voluntary context switches: 5074
	Involuntary context switches: 3950
	Swaps: 0
	File system inputs: 0
	File system outputs: 184
	Socket messages sent: 0
	Socket messages received: 0
	Signals delivered: 0
	Page size (bytes): 4096
	Exit status: 0
	Command being timed: "timeout 600 java -Xmx64g -jar ./enhsp3.jar -o ./domain_with_failure.pddl -f ./problems/a42g11XOR-change-5-d7/problem87.pddl -h blcost -s WAStar -dap"
	User time (seconds): 26.93
	System time (seconds): 1.32
	Percent of CPU this job got: 99%
	Elapsed (wall clock) time (h:mm:ss or m:ss): 0:28.29
	Average shared text size (kbytes): 0
	Average unshared data size (kbytes): 0
	Average stack size (kbytes): 0
	Average total size (kbytes): 0
	Maximum resident set size (kbytes): 3821164
	Average resident set size (kbytes): 0
	Major (requiring I/O) page faults: 23
	Minor (reclaiming a frame) page faults: 1638625
	Voluntary context switches: 5148
	Involuntary context switches: 4275
	Swaps: 0
	File system inputs: 0
	File system outputs: 192
	Socket messages sent: 0
	Socket messages received: 0
	Signals delivered: 0
	Page size (bytes): 4096
	Exit status: 0
	Command being timed: "timeout 600 java -Xmx64g -jar ./enhsp3.jar -o ./domain_with_failure.pddl -f ./problems/a42g11XOR-change-5-d7/problem88.pddl -h blcost -s WAStar -dap"
	User time (seconds): 24.11
	System time (seconds): 1.12
	Percent of CPU this job got: 99%
	Elapsed (wall clock) time (h:mm:ss or m:ss): 0:25.26
	Average shared text size (kbytes): 0
	Average unshared data size (kbytes): 0
	Average stack size (kbytes): 0
	Average total size (kbytes): 0
	Maximum resident set size (kbytes): 3107632
	Average resident set size (kbytes): 0
	Major (requiring I/O) page faults: 23
	Minor (reclaiming a frame) page faults: 1308801
	Voluntary context switches: 4870
	Involuntary context switches: 3952
	Swaps: 0
	File system inputs: 0
	File system outputs: 192
	Socket messages sent: 0
	Socket messages received: 0
	Signals delivered: 0
	Page size (bytes): 4096
	Exit status: 0
	Command being timed: "timeout 600 java -Xmx64g -jar ./enhsp3.jar -o ./domain_with_failure.pddl -f ./problems/a42g11XOR-change-5-d7/problem89.pddl -h blcost -s WAStar -dap"
	User time (seconds): 27.58
	System time (seconds): 1.63
	Percent of CPU this job got: 99%
	Elapsed (wall clock) time (h:mm:ss or m:ss): 0:29.25
	Average shared text size (kbytes): 0
	Average unshared data size (kbytes): 0
	Average stack size (kbytes): 0
	Average total size (kbytes): 0
	Maximum resident set size (kbytes): 4229176
	Average resident set size (kbytes): 0
	Major (requiring I/O) page faults: 26
	Minor (reclaiming a frame) page faults: 1945158
	Voluntary context switches: 4938
	Involuntary context switches: 4173
	Swaps: 0
	File system inputs: 0
	File system outputs: 216
	Socket messages sent: 0
	Socket messages received: 0
	Signals delivered: 0
	Page size (bytes): 4096
	Exit status: 0
	Command being timed: "timeout 600 java -Xmx64g -jar ./enhsp3.jar -o ./domain_with_failure.pddl -f ./problems/a42g11XOR-change-5-d7/problem90.pddl -h blcost -s WAStar -dap"
	User time (seconds): 25.90
	System time (seconds): 1.18
	Percent of CPU this job got: 99%
	Elapsed (wall clock) time (h:mm:ss or m:ss): 0:27.11
	Average shared text size (kbytes): 0
	Average unshared data size (kbytes): 0
	Average stack size (kbytes): 0
	Average total size (kbytes): 0
	Maximum resident set size (kbytes): 3251004
	Average resident set size (kbytes): 0
	Major (requiring I/O) page faults: 11
	Minor (reclaiming a frame) page faults: 1470754
	Voluntary context switches: 4923
	Involuntary context switches: 3942
	Swaps: 0
	File system inputs: 0
	File system outputs: 88
	Socket messages sent: 0
	Socket messages received: 0
	Signals delivered: 0
	Page size (bytes): 4096
	Exit status: 0
	Command being timed: "timeout 600 java -Xmx64g -jar ./enhsp3.jar -o ./domain_with_failure.pddl -f ./problems/a42g11XOR-change-5-d7/problem91.pddl -h blcost -s WAStar -dap"
	User time (seconds): 27.04
	System time (seconds): 1.41
	Percent of CPU this job got: 99%
	Elapsed (wall clock) time (h:mm:ss or m:ss): 0:28.49
	Average shared text size (kbytes): 0
	Average unshared data size (kbytes): 0
	Average stack size (kbytes): 0
	Average total size (kbytes): 0
	Maximum resident set size (kbytes): 3739776
	Average resident set size (kbytes): 0
	Major (requiring I/O) page faults: 8
	Minor (reclaiming a frame) page faults: 1651163
	Voluntary context switches: 5063
	Involuntary context switches: 4018
	Swaps: 0
	File system inputs: 0
	File system outputs: 80
	Socket messages sent: 0
	Socket messages received: 0
	Signals delivered: 0
	Page size (bytes): 4096
	Exit status: 0
	Command being timed: "timeout 600 java -Xmx64g -jar ./enhsp3.jar -o ./domain_with_failure.pddl -f ./problems/a42g11XOR-change-5-d7/problem92.pddl -h blcost -s WAStar -dap"
	User time (seconds): 23.60
	System time (seconds): 1.24
	Percent of CPU this job got: 99%
	Elapsed (wall clock) time (h:mm:ss or m:ss): 0:24.89
	Average shared text size (kbytes): 0
	Average unshared data size (kbytes): 0
	Average stack size (kbytes): 0
	Average total size (kbytes): 0
	Maximum resident set size (kbytes): 3107204
	Average resident set size (kbytes): 0
	Major (requiring I/O) page faults: 8
	Minor (reclaiming a frame) page faults: 1434445
	Voluntary context switches: 4777
	Involuntary context switches: 4128
	Swaps: 0
	File system inputs: 0
	File system outputs: 64
	Socket messages sent: 0
	Socket messages received: 0
	Signals delivered: 0
	Page size (bytes): 4096
	Exit status: 0
	Command being timed: "timeout 600 java -Xmx64g -jar ./enhsp3.jar -o ./domain_with_failure.pddl -f ./problems/a42g11XOR-change-5-d7/problem93.pddl -h blcost -s WAStar -dap"
	User time (seconds): 27.41
	System time (seconds): 1.55
	Percent of CPU this job got: 99%
	Elapsed (wall clock) time (h:mm:ss or m:ss): 0:29.00
	Average shared text size (kbytes): 0
	Average unshared data size (kbytes): 0
	Average stack size (kbytes): 0
	Average total size (kbytes): 0
	Maximum resident set size (kbytes): 4211952
	Average resident set size (kbytes): 0
	Major (requiring I/O) page faults: 8
	Minor (reclaiming a frame) page faults: 1943388
	Voluntary context switches: 4980
	Involuntary context switches: 4049
	Swaps: 0
	File system inputs: 0
	File system outputs: 72
	Socket messages sent: 0
	Socket messages received: 0
	Signals delivered: 0
	Page size (bytes): 4096
	Exit status: 0
	Command being timed: "timeout 600 java -Xmx64g -jar ./enhsp3.jar -o ./domain_with_failure.pddl -f ./problems/a42g11XOR-change-5-d7/problem94.pddl -h blcost -s WAStar -dap"
	User time (seconds): 23.48
	System time (seconds): 1.21
	Percent of CPU this job got: 99%
	Elapsed (wall clock) time (h:mm:ss or m:ss): 0:24.73
	Average shared text size (kbytes): 0
	Average unshared data size (kbytes): 0
	Average stack size (kbytes): 0
	Average total size (kbytes): 0
	Maximum resident set size (kbytes): 3107388
	Average resident set size (kbytes): 0
	Major (requiring I/O) page faults: 8
	Minor (reclaiming a frame) page faults: 1435723
	Voluntary context switches: 4960
	Involuntary context switches: 4027
	Swaps: 0
	File system inputs: 0
	File system outputs: 72
	Socket messages sent: 0
	Socket messages received: 0
	Signals delivered: 0
	Page size (bytes): 4096
	Exit status: 0
	Command being timed: "timeout 600 java -Xmx64g -jar ./enhsp3.jar -o ./domain_with_failure.pddl -f ./problems/a42g11XOR-change-5-d7/problem95.pddl -h blcost -s WAStar -dap"
	User time (seconds): 28.87
	System time (seconds): 1.36
	Percent of CPU this job got: 99%
	Elapsed (wall clock) time (h:mm:ss or m:ss): 0:30.28
	Average shared text size (kbytes): 0
	Average unshared data size (kbytes): 0
	Average stack size (kbytes): 0
	Average total size (kbytes): 0
	Maximum resident set size (kbytes): 3737120
	Average resident set size (kbytes): 0
	Major (requiring I/O) page faults: 8
	Minor (reclaiming a frame) page faults: 1499813
	Voluntary context switches: 5036
	Involuntary context switches: 4372
	Swaps: 0
	File system inputs: 0
	File system outputs: 72
	Socket messages sent: 0
	Socket messages received: 0
	Signals delivered: 0
	Page size (bytes): 4096
	Exit status: 0
	Command being timed: "timeout 600 java -Xmx64g -jar ./enhsp3.jar -o ./domain_with_failure.pddl -f ./problems/a42g11XOR-change-5-d7/problem96.pddl -h blcost -s WAStar -dap"
	User time (seconds): 23.17
	System time (seconds): 1.21
	Percent of CPU this job got: 99%
	Elapsed (wall clock) time (h:mm:ss or m:ss): 0:24.42
	Average shared text size (kbytes): 0
	Average unshared data size (kbytes): 0
	Average stack size (kbytes): 0
	Average total size (kbytes): 0
	Maximum resident set size (kbytes): 3107064
	Average resident set size (kbytes): 0
	Major (requiring I/O) page faults: 8
	Minor (reclaiming a frame) page faults: 1433549
	Voluntary context switches: 5015
	Involuntary context switches: 4091
	Swaps: 0
	File system inputs: 0
	File system outputs: 64
	Socket messages sent: 0
	Socket messages received: 0
	Signals delivered: 0
	Page size (bytes): 4096
	Exit status: 0
	Command being timed: "timeout 600 java -Xmx64g -jar ./enhsp3.jar -o ./domain_with_failure.pddl -f ./problems/a42g11XOR-change-5-d7/problem97.pddl -h blcost -s WAStar -dap"
	User time (seconds): 23.47
	System time (seconds): 1.15
	Percent of CPU this job got: 99%
	Elapsed (wall clock) time (h:mm:ss or m:ss): 0:24.66
	Average shared text size (kbytes): 0
	Average unshared data size (kbytes): 0
	Average stack size (kbytes): 0
	Average total size (kbytes): 0
	Maximum resident set size (kbytes): 3103720
	Average resident set size (kbytes): 0
	Major (requiring I/O) page faults: 8
	Minor (reclaiming a frame) page faults: 1433018
	Voluntary context switches: 5121
	Involuntary context switches: 4142
	Swaps: 0
	File system inputs: 0
	File system outputs: 80
	Socket messages sent: 0
	Socket messages received: 0
	Signals delivered: 0
	Page size (bytes): 4096
	Exit status: 0
	Command being timed: "timeout 600 java -Xmx64g -jar ./enhsp3.jar -o ./domain_with_failure.pddl -f ./problems/a42g11XOR-change-5-d7/problem98.pddl -h blcost -s WAStar -dap"
	User time (seconds): 29.76
	System time (seconds): 1.60
	Percent of CPU this job got: 99%
	Elapsed (wall clock) time (h:mm:ss or m:ss): 0:31.41
	Average shared text size (kbytes): 0
	Average unshared data size (kbytes): 0
	Average stack size (kbytes): 0
	Average total size (kbytes): 0
	Maximum resident set size (kbytes): 3884012
	Average resident set size (kbytes): 0
	Major (requiring I/O) page faults: 8
	Minor (reclaiming a frame) page faults: 1995490
	Voluntary context switches: 5040
	Involuntary context switches: 4351
	Swaps: 0
	File system inputs: 0
	File system outputs: 72
	Socket messages sent: 0
	Socket messages received: 0
	Signals delivered: 0
	Page size (bytes): 4096
	Exit status: 0
	Command being timed: "timeout 600 java -Xmx64g -jar ./enhsp3.jar -o ./domain_with_failure.pddl -f ./problems/a42g11XOR-change-5-d7/problem99.pddl -h blcost -s WAStar -dap"
	User time (seconds): 28.62
	System time (seconds): 1.32
	Percent of CPU this job got: 99%
	Elapsed (wall clock) time (h:mm:ss or m:ss): 0:29.98
	Average shared text size (kbytes): 0
	Average unshared data size (kbytes): 0
	Average stack size (kbytes): 0
	Average total size (kbytes): 0
	Maximum resident set size (kbytes): 3722992
	Average resident set size (kbytes): 0
	Major (requiring I/O) page faults: 8
	Minor (reclaiming a frame) page faults: 1606154
	Voluntary context switches: 5136
	Involuntary context switches: 4501
	Swaps: 0
	File system inputs: 0
	File system outputs: 64
	Socket messages sent: 0
	Socket messages received: 0
	Signals delivered: 0
	Page size (bytes): 4096
	Exit status: 0
	Command being timed: "timeout 600 java -Xmx64g -jar ./enhsp3.jar -o ./domain_with_failure.pddl -f ./problems/a42g11XOR-change-5-d7/problem100.pddl -h blcost -s WAStar -dap"
	User time (seconds): 23.88
	System time (seconds): 1.18
	Percent of CPU this job got: 99%
	Elapsed (wall clock) time (h:mm:ss or m:ss): 0:25.09
	Average shared text size (kbytes): 0
	Average unshared data size (kbytes): 0
	Average stack size (kbytes): 0
	Average total size (kbytes): 0
	Maximum resident set size (kbytes): 3107392
	Average resident set size (kbytes): 0
	Major (requiring I/O) page faults: 8
	Minor (reclaiming a frame) page faults: 1435069
	Voluntary context switches: 4769
	Involuntary context switches: 4017
	Swaps: 0
	File system inputs: 0
	File system outputs: 64
	Socket messages sent: 0
	Socket messages received: 0
	Signals delivered: 0
	Page size (bytes): 4096
	Exit status: 0
